[ 2016-06-25T10:54:35+08:00 ] ::1 /thinkphp/Public/Home/images/stage-tab-icons.png
ERR: 无法加载模块:Public

[ 2016-06-25T10:54:35+08:00 ] ::1 /thinkphp/Public/Uploads/1
ERR: 无法加载模块:Public

[ 2016-06-25T10:55:07+08:00 ] ::1 /thinkphp/Public/Home/index-all-min.css
ERR: 无法加载模块:Public

[ 2016-06-25T10:55:21+08:00 ] ::1 /thinkphp/Public/Uploads/1
ERR: 无法加载模块:Public

[ 2016-06-25T10:55:25+08:00 ] ::1 /thinkphp/Public/Home/index-all-min.css
ERR: 无法加载模块:Public

[ 2016-06-25T10:55:28+08:00 ] ::1 /thinkphp/Public/Uploads/2016-06-22/1466601841_1251025957.jpg
ERR: 无法加载模块:Public

[ 2016-06-25T10:55:40+08:00 ] ::1 /thinkphp/Public/Uploads/1
ERR: 无法加载模块:Public

[ 2016-06-25T10:55:42+08:00 ] ::1 /thinkphp/Public/Home/index-all-min.css
ERR: 无法加载模块:Public

[ 2016-06-25T11:50:58+08:00 ] ::1 /thinkphp/Public/Home/index-all-min.css
ERR: 无法加载模块:Public

[ 2016-06-25T11:51:15+08:00 ] ::1 /thinkphp/Public/Home/index-all-min.css
ERR: 无法加载模块:Public

[ 2016-06-25T11:54:29+08:00 ] ::1 /thinkphp/Public/Home/index-all-min.css
ERR: 无法加载模块:Public

[ 2016-06-25T12:04:35+08:00 ] ::1 /thinkphp/Public/Home/index-all-min.css
ERR: 无法加载模块:Public

[ 2016-06-25T12:05:42+08:00 ] ::1 /thinkphp/Public/Home/index-all-min.css
ERR: 无法加载模块:Public

[ 2016-06-25T12:06:22+08:00 ] ::1 /thinkphp/Public/Home/index-all-min.css
ERR: 无法加载模块:Public

[ 2016-06-25T12:06:57+08:00 ] ::1 /thinkphp/Public/Home/index-all-min.css
ERR: 无法加载模块:Public

[ 2016-06-25T12:15:40+08:00 ] ::1 /thinkphp/Public/Home/index-all-min.css
ERR: 无法加载模块:Public

[ 2016-06-25T12:19:12+08:00 ] ::1 /thinkphp/Public/Home/index-all-min.css
ERR: 无法加载模块:Public

[ 2016-06-25T12:19:15+08:00 ] ::1 /thinkphp/Public/Home/index-all-min.css
ERR: 无法加载模块:Public

[ 2016-06-25T12:19:39+08:00 ] ::1 /thinkphp/Public/Home/index-all-min.css
ERR: 无法加载模块:Public

[ 2016-06-25T14:59:08+08:00 ] ::1 /thinkphp/Public/Uploads/1
ERR: 无法加载模块:Public

[ 2016-06-25T14:59:08+08:00 ] ::1 /thinkphp/Public/Home/images/stage-tab-icons.png
ERR: 无法加载模块:Public

[ 2016-06-25T14:59:16+08:00 ] ::1 /thinkphp/Public/Home/index-all-min.css
ERR: 无法加载模块:Public

[ 2016-06-25T20:43:08+08:00 ] ::1 /thinkphp/Public/Uploads/1
ERR: 无法加载模块:Public

[ 2016-06-25T20:43:08+08:00 ] ::1 /thinkphp/Public/Home/images/stage-tab-icons.png
ERR: 无法加载模块:Public

[ 2016-06-25T21:59:57+08:00 ] ::1 /thinkphp/Public/Uploads/men_tiny.gif
ERR: 无法加载模块:Public

[ 2016-06-25T22:01:13+08:00 ] ::1 /thinkphp/Public/Uploads/men_tiny.gif
ERR: 无法加载模块:Public

[ 2016-06-25T22:01:16+08:00 ] ::1 /thinkphp/Public/Uploads/men_tiny.gif
ERR: 无法加载模块:Public

[ 2016-06-25T22:02:21+08:00 ] ::1 /thinkphp/Public/Uploads/men_tiny.gif
ERR: 无法加载模块:Public

[ 2016-06-25T22:03:14+08:00 ] ::1 /thinkphp/Public/Uploads/men_tiny.gif
ERR: 无法加载模块:Public

[ 2016-06-25T22:03:28+08:00 ] ::1 /thinkphp/Public/Uploads/men_tiny.gif
ERR: 无法加载模块:Public

[ 2016-06-25T22:05:01+08:00 ] ::1 /thinkphp/Public/men_tiny.gif
ERR: 无法加载模块:Public

[ 2016-06-25T22:05:01+08:00 ] ::1 /thinkphp/Public/Home/images/stage-tab-icons.png
ERR: 无法加载模块:Public

[ 2016-06-25T22:05:01+08:00 ] ::1 /thinkphp/Public/Uploads/1
ERR: 无法加载模块:Public

[ 2016-06-25T22:05:06+08:00 ] ::1 /thinkphp/Public/Uploads/men_tiny.gif
ERR: 无法加载模块:Public

[ 2016-06-25T22:06:17+08:00 ] ::1 /thinkphp/Public/Uploads/men_tiny.gif
ERR: 无法加载模块:Public

[ 2016-06-25T22:06:45+08:00 ] ::1 /thinkphp/Public/Uploads/men_tiny.gif
ERR: 无法加载模块:Public

[ 2016-06-25T22:07:32+08:00 ] ::1 /thinkphp/Public/Uploads/men_tiny.gif
ERR: 无法加载模块:Public

[ 2016-06-25T22:07:50+08:00 ] ::1 /thinkphp/Public/Uploads/men_tiny.gif
ERR: 无法加载模块:Public

[ 2016-06-25T22:07:54+08:00 ] ::1 /thinkphp/Public/Uploads/men_tiny.gif
ERR: 无法加载模块:Public

[ 2016-06-25T22:08:25+08:00 ] ::1 /thinkphp/Public/Uploads/men_tiny.gif
ERR: 无法加载模块:Public

[ 2016-06-25T22:16:40+08:00 ] ::1 /thinkphp/Public/Uploads/2016-06-22/1466601841_1251025957.jpg
ERR: 无法加载模块:Public

[ 2016-06-25T22:16:49+08:00 ] ::1 /thinkphp/Public/Uploads/2016-06-22/1466601841_1251025957.jpg
ERR: 无法加载模块:Public

