[ 2016-07-06T01:17:19+08:00 ] ::1 /thinkphp/Index/reseting/email/psmingyu@vip.qq.com/psw/a123456789
ERR: 无法加载模块:Index

[ 2016-07-06T01:24:24+08:00 ] ::1 /thinkphp/Public/Admin/images/favicon.ico
ERR: 无法加载模块:Public

[ 2016-07-06T01:34:26+08:00 ] ::1 /thinkphp/Public/Home/image/favicon-rr.ico
ERR: 无法加载模块:Public

[ 2016-07-06T01:36:30+08:00 ] ::1 /thinkphp/Public/Home/image/favicon-rr.ico
ERR: 无法加载模块:Public

[ 2016-07-06T09:03:22+08:00 ] ::1 /thinkphp/Public/Home/image/favicon-rr.ico
ERR: 无法加载模块:Public

[ 2016-07-06T09:04:21+08:00 ] 172.16.5.194 /thinkphp/Public/Home/image/favicon-rr.ico
ERR: 无法加载模块:Public

[ 2016-07-06T09:05:14+08:00 ] 172.16.5.194 /thinkphp/Public/Home/image/favicon-rr.ico
ERR: 无法加载模块:Public

[ 2016-07-06T09:05:14+08:00 ] 172.16.5.194 /thinkphp/Public/Home/image/favicon-rr.ico
ERR: 无法加载模块:Public

[ 2016-07-06T09:06:07+08:00 ] 172.16.5.194 /thinkphp/Public/Home/image/favicon-rr.ico
ERR: 无法加载模块:Public

[ 2016-07-06T09:06:19+08:00 ] 172.16.5.194 /thinkphp/Public/Home/image/favicon-rr.ico
ERR: 无法加载模块:Public

[ 2016-07-06T09:06:20+08:00 ] 172.16.5.194 /thinkphp/Public/Home/image/favicon-rr.ico
ERR: 无法加载模块:Public

[ 2016-07-06T09:29:17+08:00 ] 172.16.5.136 /thinkphp/Public/Home/image/favicon-rr.ico
ERR: 无法加载模块:Public

[ 2016-07-06T09:29:47+08:00 ] ::1 /thinkphp/Public/Uploads/1
ERR: 无法加载模块:Public

[ 2016-07-06T09:30:35+08:00 ] 172.16.5.136 /thinkphp/Public/Uploads/1
ERR: 无法加载模块:Public

[ 2016-07-06T09:31:22+08:00 ] 172.16.5.136 /thinkphp/Public/Uploads/1
ERR: 无法加载模块:Public

[ 2016-07-06T09:32:57+08:00 ] 172.16.5.136 /thinkphp/Public/Uploads/1
ERR: 无法加载模块:Public

[ 2016-07-06T09:33:32+08:00 ] 172.16.5.136 /thinkphp/Public/Uploads/1
ERR: 无法加载模块:Public

[ 2016-07-06T09:33:37+08:00 ] 172.16.5.194 /thinkphp/Public/Uploads/1
ERR: 无法加载模块:Public

[ 2016-07-06T09:33:44+08:00 ] ::1 /thinkphp/Public/Uploads/1
ERR: 无法加载模块:Public

[ 2016-07-06T09:33:44+08:00 ] ::1 /thinkphp/Public/Uploads/1
ERR: 无法加载模块:Public

[ 2016-07-06T09:33:51+08:00 ] ::1 /thinkphp/Public/Uploads/1
ERR: 无法加载模块:Public

[ 2016-07-06T09:33:52+08:00 ] ::1 /thinkphp/Public/Uploads/1
ERR: 无法加载模块:Public

[ 2016-07-06T09:33:54+08:00 ] 172.16.5.136 /thinkphp/Public/Uploads/1
ERR: 无法加载模块:Public

[ 2016-07-06T09:34:11+08:00 ] 172.16.5.136 /thinkphp/Public/Uploads/1
ERR: 无法加载模块:Public

[ 2016-07-06T09:34:57+08:00 ] 172.16.5.136 /thinkphp/Public/Uploads/1
ERR: 无法加载模块:Public

[ 2016-07-06T09:35:00+08:00 ] 172.16.5.136 /thinkphp/Public/images/vip/small.png
ERR: 无法加载模块:Public

[ 2016-07-06T09:35:01+08:00 ] ::1 /thinkphp/Public/Uploads/1
ERR: 无法加载模块:Public

[ 2016-07-06T09:35:18+08:00 ] 172.16.5.136 /thinkphp/Public/Uploads/1
ERR: 无法加载模块:Public

[ 2016-07-06T09:35:28+08:00 ] 172.16.5.136 /thinkphp/Public/Uploads/1
ERR: 无法加载模块:Public

[ 2016-07-06T09:35:36+08:00 ] ::1 /thinkphp/Public/Uploads/1
ERR: 无法加载模块:Public

[ 2016-07-06T09:35:36+08:00 ] ::1 /thinkphp/Public/Uploads/1
ERR: 无法加载模块:Public

[ 2016-07-06T09:35:59+08:00 ] 172.16.5.136 /thinkphp/Public/Uploads/1
ERR: 无法加载模块:Public

[ 2016-07-06T09:36:28+08:00 ] ::1 /thinkphp/Public/Uploads/1
ERR: 无法加载模块:Public

[ 2016-07-06T09:36:30+08:00 ] 172.16.5.136 /thinkphp/Public/Uploads/1
ERR: 无法加载模块:Public

[ 2016-07-06T09:36:30+08:00 ] 172.16.5.136 /thinkphp/Public/Uploads/1
ERR: 无法加载模块:Public

[ 2016-07-06T09:36:35+08:00 ] ::1 /thinkphp/Public/Uploads/1
ERR: 无法加载模块:Public

[ 2016-07-06T09:36:36+08:00 ] ::1 /thinkphp/Public/Uploads/1
ERR: 无法加载模块:Public

[ 2016-07-06T09:36:51+08:00 ] ::1 /thinkphp/Public/Uploads/1
ERR: 无法加载模块:Public

[ 2016-07-06T09:39:27+08:00 ] 172.16.5.136 /thinkphp/Public/Uploads/1
ERR: 无法加载模块:Public

[ 2016-07-06T09:41:32+08:00 ] 172.16.5.100 /thinkphp/Public/Home/image/favicon-rr.ico
ERR: 无法加载模块:Public

[ 2016-07-06T09:43:10+08:00 ] 172.16.5.100 /thinkphp/Public/Uploads/1
ERR: 无法加载模块:Public

[ 2016-07-06T09:45:11+08:00 ] 172.16.5.100 /thinkphp/Public/Uploads/1
ERR: 无法加载模块:Public

[ 2016-07-06T09:45:38+08:00 ] 172.16.5.136 /thinkphp/Public/Uploads/1
ERR: 无法加载模块:Public

[ 2016-07-06T09:45:46+08:00 ] 172.16.5.100 /thinkphp/Public/Uploads/1
ERR: 无法加载模块:Public

[ 2016-07-06T09:46:35+08:00 ] 172.16.5.100 /thinkphp/Public/Uploads/1
ERR: 无法加载模块:Public

[ 2016-07-06T09:46:39+08:00 ] 172.16.5.100 /thinkphp/Public/images/vip/small.png
ERR: 无法加载模块:Public

[ 2016-07-06T09:46:50+08:00 ] 172.16.5.100 /thinkphp/Public/Uploads/1
ERR: 无法加载模块:Public

[ 2016-07-06T09:47:25+08:00 ] 172.16.5.136 /thinkphp/Public/Uploads/1
ERR: 无法加载模块:Public

[ 2016-07-06T09:47:47+08:00 ] 172.16.5.100 /thinkphp/Public/Uploads/1
ERR: 无法加载模块:Public

[ 2016-07-06T09:48:45+08:00 ] 172.16.5.100 /thinkphp/Public/Uploads/1
ERR: 无法加载模块:Public

[ 2016-07-06T09:48:45+08:00 ] 172.16.5.100 /thinkphp/Public/Uploads/1
ERR: 无法加载模块:Public

[ 2016-07-06T09:49:17+08:00 ] 172.16.5.100 /thinkphp/Public/Uploads/1
ERR: 无法加载模块:Public

[ 2016-07-06T09:49:17+08:00 ] 172.16.5.100 /thinkphp/Public/Uploads/1
ERR: 无法加载模块:Public

[ 2016-07-06T09:49:21+08:00 ] 172.16.5.100 /thinkphp/Public/Uploads/1
ERR: 无法加载模块:Public

[ 2016-07-06T09:49:27+08:00 ] 172.16.5.100 /thinkphp/Public/Uploads/1
ERR: 无法加载模块:Public

[ 2016-07-06T09:49:27+08:00 ] 172.16.5.100 /thinkphp/Public/Uploads/1
ERR: 无法加载模块:Public

[ 2016-07-06T09:49:31+08:00 ] 172.16.5.100 /thinkphp/Public/Uploads/1
ERR: 无法加载模块:Public

[ 2016-07-06T09:50:37+08:00 ] 172.16.5.100 /thinkphp/Public/Uploads/1
ERR: 无法加载模块:Public

[ 2016-07-06T09:51:38+08:00 ] 172.16.5.100 /thinkphp/Public/Uploads/1
ERR: 无法加载模块:Public

[ 2016-07-06T09:52:02+08:00 ] 172.16.5.100 /thinkphp/Public/Uploads/1
ERR: 无法加载模块:Public

[ 2016-07-06T09:52:02+08:00 ] 172.16.5.100 /thinkphp/Public/Uploads/1
ERR: 无法加载模块:Public

[ 2016-07-06T09:53:11+08:00 ] 172.16.5.100 /thinkphp/Public/Uploads/1
ERR: 无法加载模块:Public

[ 2016-07-06T09:53:40+08:00 ] 172.16.5.100 /thinkphp/Public/Uploads/1
ERR: 无法加载模块:Public

[ 2016-07-06T09:54:19+08:00 ] 172.16.5.100 /thinkphp/Public/Uploads/1
ERR: 无法加载模块:Public

[ 2016-07-06T09:55:40+08:00 ] 172.16.5.100 /thinkphp/Public/Uploads/1
ERR: 无法加载模块:Public

[ 2016-07-06T09:56:49+08:00 ] 172.16.5.100 /thinkphp/Public/Admin/images/favicon.ico
ERR: 无法加载模块:Public

[ 2016-07-06T09:56:49+08:00 ] 172.16.5.100 /thinkphp/Public/Admin/images/favicon.ico
ERR: 无法加载模块:Public

[ 2016-07-06T10:07:14+08:00 ] ::1 /thinkphp/Public/Home/image/favicon-rr.ico
ERR: 无法加载模块:Public

[ 2016-07-06T10:10:13+08:00 ] ::1 /thinkphp/Public/Uploads/1
ERR: 无法加载模块:Public

[ 2016-07-06T10:10:21+08:00 ] ::1 /thinkphp/Public/images/vip/small.png
ERR: 无法加载模块:Public

[ 2016-07-06T10:10:30+08:00 ] ::1 /thinkphp/Public/Uploads/1
ERR: 无法加载模块:Public

[ 2016-07-06T10:13:20+08:00 ] ::1 /thinkphp/Public/Uploads/1
ERR: 无法加载模块:Public

[ 2016-07-06T10:13:46+08:00 ] ::1 /thinkphp/Public/Uploads/1
ERR: 无法加载模块:Public

[ 2016-07-06T10:17:30+08:00 ] ::1 /thinkphp/Public/Uploads/1
ERR: 无法加载模块:Public

[ 2016-07-06T10:18:00+08:00 ] ::1 /thinkphp/Public/Uploads/1
ERR: 无法加载模块:Public

[ 2016-07-06T10:19:30+08:00 ] ::1 /thinkphp/Public/Uploads/1
ERR: 无法加载模块:Public

[ 2016-07-06T10:19:30+08:00 ] ::1 /thinkphp/Public/Uploads/1
ERR: 无法加载模块:Public

[ 2016-07-06T10:34:11+08:00 ] 172.16.5.194 /thinkphp/Public/images/vip/small.png
ERR: 无法加载模块:Public

[ 2016-07-06T10:34:39+08:00 ] 172.16.5.194 /thinkphp/Public/Uploads/1
ERR: 无法加载模块:Public

[ 2016-07-06T10:34:46+08:00 ] 172.16.5.194 /thinkphp/Public/Uploads/1
ERR: 无法加载模块:Public

[ 2016-07-06T10:34:54+08:00 ] 172.16.5.194 /thinkphp/Public/Uploads/1
ERR: 无法加载模块:Public

[ 2016-07-06T10:37:23+08:00 ] ::1 /thinkphp/Public/Uploads/1
ERR: 无法加载模块:Public

[ 2016-07-06T10:38:01+08:00 ] ::1 /thinkphp/Public/Uploads/1
ERR: 无法加载模块:Public

[ 2016-07-06T10:38:38+08:00 ] ::1 /thinkphp/Public/Uploads/1
ERR: 无法加载模块:Public

[ 2016-07-06T10:38:38+08:00 ] ::1 /thinkphp/Public/Uploads/1
ERR: 无法加载模块:Public

[ 2016-07-06T10:40:15+08:00 ] ::1 /thinkphp/Public/Uploads/1
ERR: 无法加载模块:Public

[ 2016-07-06T10:40:15+08:00 ] ::1 /thinkphp/Public/Uploads/1
ERR: 无法加载模块:Public

[ 2016-07-06T10:40:33+08:00 ] ::1 /thinkphp/Public/Uploads/1
ERR: 无法加载模块:Public

[ 2016-07-06T10:40:33+08:00 ] ::1 /thinkphp/Public/Uploads/1
ERR: 无法加载模块:Public

[ 2016-07-06T10:51:01+08:00 ] ::1 /thinkphp/Public/Uploads/1
ERR: 无法加载模块:Public

[ 2016-07-06T10:51:14+08:00 ] ::1 /thinkphp/Public/Uploads/1
ERR: 无法加载模块:Public

[ 2016-07-06T11:07:26+08:00 ] ::1 /thinkphp/Public/Uploads/1
ERR: 无法加载模块:Public

[ 2016-07-06T11:09:17+08:00 ] ::1 /thinkphp/Public/Uploads/1
ERR: 无法加载模块:Public

[ 2016-07-06T11:09:17+08:00 ] ::1 /thinkphp/Public/Uploads/1
ERR: 无法加载模块:Public

[ 2016-07-06T11:26:07+08:00 ] 172.16.5.136 /thinkphp/Public/Uploads/1
ERR: 无法加载模块:Public

[ 2016-07-06T11:26:07+08:00 ] 172.16.5.136 /thinkphp/Public/Uploads/1
ERR: 无法加载模块:Public

[ 2016-07-06T13:40:54+08:00 ] ::1 /thinkphp/Public/Uploads/1
ERR: 无法加载模块:Public

[ 2016-07-06T13:42:59+08:00 ] ::1 /thinkphp/Public/Uploads/1
ERR: 无法加载模块:Public

[ 2016-07-06T13:43:37+08:00 ] ::1 /thinkphp/Public/Uploads/1
ERR: 无法加载模块:Public

[ 2016-07-06T13:44:15+08:00 ] ::1 /thinkphp/Public/Uploads/1
ERR: 无法加载模块:Public

[ 2016-07-06T13:44:49+08:00 ] ::1 /thinkphp/Public/Uploads/1
ERR: 无法加载模块:Public

[ 2016-07-06T13:45:35+08:00 ] ::1 /thinkphp/Public/Uploads/1
ERR: 无法加载模块:Public

[ 2016-07-06T13:47:07+08:00 ] ::1 /thinkphp/Public/Uploads/1
ERR: 无法加载模块:Public

[ 2016-07-06T13:47:50+08:00 ] ::1 /thinkphp/Public/Uploads/1
ERR: 无法加载模块:Public

[ 2016-07-06T13:47:51+08:00 ] ::1 /thinkphp/Public/Uploads/1
ERR: 无法加载模块:Public

[ 2016-07-06T13:48:07+08:00 ] ::1 /thinkphp/Public/Uploads/1
ERR: 无法加载模块:Public

[ 2016-07-06T13:48:07+08:00 ] ::1 /thinkphp/Public/Uploads/1
ERR: 无法加载模块:Public

[ 2016-07-06T13:49:03+08:00 ] ::1 /thinkphp/Public/Uploads/1
ERR: 无法加载模块:Public

[ 2016-07-06T13:49:03+08:00 ] ::1 /thinkphp/Public/Uploads/1
ERR: 无法加载模块:Public

[ 2016-07-06T13:49:40+08:00 ] ::1 /thinkphp/Public/Uploads/1
ERR: 无法加载模块:Public

[ 2016-07-06T13:49:40+08:00 ] ::1 /thinkphp/Public/Uploads/1
ERR: 无法加载模块:Public

[ 2016-07-06T13:50:12+08:00 ] ::1 /thinkphp/Public/Uploads/1
ERR: 无法加载模块:Public

[ 2016-07-06T13:51:25+08:00 ] ::1 /thinkphp/Public/Uploads/1
ERR: 无法加载模块:Public

[ 2016-07-06T13:51:28+08:00 ] ::1 /thinkphp/Public/Fs/uploadify.swf?preventswfcaching=1467784285563
ERR: 无法加载模块:Public

[ 2016-07-06T13:53:11+08:00 ] ::1 /thinkphp/Public/Uploads/1
ERR: 无法加载模块:Public

[ 2016-07-06T13:53:12+08:00 ] ::1 /thinkphp/Public/Fs/uploadify.swf?preventswfcaching=1467784391572
ERR: 无法加载模块:Public

[ 2016-07-06T13:54:20+08:00 ] ::1 /thinkphp/Public/Uploads/1
ERR: 无法加载模块:Public

[ 2016-07-06T13:57:21+08:00 ] ::1 /thinkphp/Public/Uploads/1
ERR: 无法加载模块:Public

[ 2016-07-06T13:57:21+08:00 ] ::1 /thinkphp/Public/Uploads/1
ERR: 无法加载模块:Public

[ 2016-07-06T13:57:32+08:00 ] ::1 /thinkphp/Public/Home/img/uploadify-cancel.png
ERR: 无法加载模块:Public

[ 2016-07-06T14:03:18+08:00 ] ::1 /thinkphp/Public/Uploads/1
ERR: 无法加载模块:Public

[ 2016-07-06T14:03:18+08:00 ] ::1 /thinkphp/Public/Uploads/1
ERR: 无法加载模块:Public

[ 2016-07-06T14:04:46+08:00 ] ::1 /thinkphp/Public/Uploads/1
ERR: 无法加载模块:Public

[ 2016-07-06T14:06:57+08:00 ] ::1 /thinkphp/Public/Uploads/1
ERR: 无法加载模块:Public

[ 2016-07-06T14:08:21+08:00 ] ::1 /thinkphp/Public/Uploads/1
ERR: 无法加载模块:Public

[ 2016-07-06T14:08:21+08:00 ] ::1 /thinkphp/Public/Uploads/1
ERR: 无法加载模块:Public

[ 2016-07-06T14:09:49+08:00 ] ::1 /thinkphp/Public/Uploads/1
ERR: 无法加载模块:Public

[ 2016-07-06T14:12:05+08:00 ] ::1 /thinkphp/Public/Uploads/1
ERR: 无法加载模块:Public

[ 2016-07-06T14:12:46+08:00 ] ::1 /thinkphp/Public/Uploads/1
ERR: 无法加载模块:Public

[ 2016-07-06T14:12:46+08:00 ] ::1 /thinkphp/Public/Uploads/1
ERR: 无法加载模块:Public

[ 2016-07-06T14:13:13+08:00 ] ::1 /thinkphp/Public/Uploads/1
ERR: 无法加载模块:Public

[ 2016-07-06T14:14:44+08:00 ] ::1 /thinkphp/Public/Uploads/1
ERR: 无法加载模块:Public

[ 2016-07-06T14:14:44+08:00 ] ::1 /thinkphp/Public/Uploads/1
ERR: 无法加载模块:Public

[ 2016-07-06T14:16:20+08:00 ] ::1 /thinkphp/Public/Uploads/1
ERR: 无法加载模块:Public

[ 2016-07-06T14:16:21+08:00 ] ::1 /thinkphp/Public/Uploads/1
ERR: 无法加载模块:Public

[ 2016-07-06T14:16:55+08:00 ] ::1 /thinkphp/Public/Uploads/1
ERR: 无法加载模块:Public

[ 2016-07-06T14:18:31+08:00 ] ::1 /thinkphp/Public/Uploads/1
ERR: 无法加载模块:Public

[ 2016-07-06T14:18:31+08:00 ] ::1 /thinkphp/Public/Uploads/1
ERR: 无法加载模块:Public

[ 2016-07-06T14:20:02+08:00 ] ::1 /thinkphp/Public/Uploads/1
ERR: 无法加载模块:Public

[ 2016-07-06T14:20:02+08:00 ] ::1 /thinkphp/Public/Uploads/1
ERR: 无法加载模块:Public

[ 2016-07-06T14:20:41+08:00 ] ::1 /thinkphp/Public/Uploads/1
ERR: 无法加载模块:Public

[ 2016-07-06T14:23:02+08:00 ] ::1 /thinkphp/Public/Uploads/1
ERR: 无法加载模块:Public

[ 2016-07-06T14:23:17+08:00 ] ::1 /thinkphp/Public/Uploads/1
ERR: 无法加载模块:Public

[ 2016-07-06T14:23:17+08:00 ] ::1 /thinkphp/Public/Uploads/1
ERR: 无法加载模块:Public

[ 2016-07-06T14:25:55+08:00 ] ::1 /thinkphp/Public/Uploads/1
ERR: 无法加载模块:Public

[ 2016-07-06T14:25:55+08:00 ] ::1 /thinkphp/Public/Uploads/1
ERR: 无法加载模块:Public

[ 2016-07-06T14:26:26+08:00 ] ::1 /thinkphp/Public/Uploads/1
ERR: 无法加载模块:Public

[ 2016-07-06T14:27:22+08:00 ] ::1 /thinkphp/Public/Uploads/1
ERR: 无法加载模块:Public

[ 2016-07-06T14:28:46+08:00 ] ::1 /thinkphp/Public/Uploads/1
ERR: 无法加载模块:Public

[ 2016-07-06T14:29:41+08:00 ] ::1 /thinkphp/Public/Uploads/1
ERR: 无法加载模块:Public

[ 2016-07-06T14:31:43+08:00 ] ::1 /thinkphp/Public/Uploads/1
ERR: 无法加载模块:Public

[ 2016-07-06T14:31:49+08:00 ] ::1 /thinkphp/Public/Uploads/img/1467786586489.jpg0.0430s%20ShowPageTrace
ERR: 无法加载模块:Public

[ 2016-07-06T14:32:14+08:00 ] ::1 /thinkphp/Public/Uploads/1
ERR: 无法加载模块:Public

[ 2016-07-06T14:32:28+08:00 ] ::1 /thinkphp/Public/Uploads/1
ERR: 无法加载模块:Public

[ 2016-07-06T14:32:28+08:00 ] ::1 /thinkphp/Public/Uploads/1
ERR: 无法加载模块:Public

[ 2016-07-06T14:34:15+08:00 ] ::1 /thinkphp/Public/Uploads/1
ERR: 无法加载模块:Public

[ 2016-07-06T14:38:23+08:00 ] ::1 /thinkphp/Public/Uploads/1
ERR: 无法加载模块:Public

[ 2016-07-06T14:38:23+08:00 ] ::1 /thinkphp/Public/Uploads/1
ERR: 无法加载模块:Public

[ 2016-07-06T14:47:06+08:00 ] ::1 /thinkphp/Public/Uploads/1
ERR: 无法加载模块:Public

[ 2016-07-06T14:47:06+08:00 ] ::1 /thinkphp/Public/Uploads/1
ERR: 无法加载模块:Public

[ 2016-07-06T14:50:48+08:00 ] ::1 /thinkphp/Public/Uploads/1
ERR: 无法加载模块:Public

[ 2016-07-06T14:50:48+08:00 ] ::1 /thinkphp/Public/Uploads/1
ERR: 无法加载模块:Public

[ 2016-07-06T14:54:23+08:00 ] ::1 /thinkphp/Public/Uploads/1
ERR: 无法加载模块:Public

[ 2016-07-06T14:54:23+08:00 ] ::1 /thinkphp/Public/Uploads/1
ERR: 无法加载模块:Public

[ 2016-07-06T14:56:30+08:00 ] ::1 /thinkphp/Public/Uploads/1
ERR: 无法加载模块:Public

[ 2016-07-06T14:56:30+08:00 ] ::1 /thinkphp/Public/Uploads/1
ERR: 无法加载模块:Public

[ 2016-07-06T15:02:43+08:00 ] ::1 /thinkphp/Public/Uploads/1
ERR: 无法加载模块:Public

[ 2016-07-06T15:02:43+08:00 ] ::1 /thinkphp/Public/Uploads/1
ERR: 无法加载模块:Public

[ 2016-07-06T15:08:35+08:00 ] ::1 /thinkphp/Public/Uploads/1
ERR: 无法加载模块:Public

[ 2016-07-06T15:09:01+08:00 ] ::1 /thinkphp/Public/Home/img/uploadify-cancel.png
ERR: 无法加载模块:Public

[ 2016-07-06T15:12:07+08:00 ] ::1 /thinkphp/Public/Uploads/1
ERR: 无法加载模块:Public

[ 2016-07-06T15:13:43+08:00 ] ::1 /thinkphp/Public/Uploads/1
ERR: 无法加载模块:Public

[ 2016-07-06T15:13:43+08:00 ] ::1 /thinkphp/Public/Uploads/1
ERR: 无法加载模块:Public

[ 2016-07-06T15:15:33+08:00 ] ::1 /thinkphp/Public/Uploads/1
ERR: 无法加载模块:Public

[ 2016-07-06T15:15:33+08:00 ] ::1 /thinkphp/Public/Uploads/1
ERR: 无法加载模块:Public

[ 2016-07-06T15:18:10+08:00 ] ::1 /thinkphp/Public/Uploads/1
ERR: 无法加载模块:Public

[ 2016-07-06T15:18:11+08:00 ] ::1 /thinkphp/Public/Uploads/1
ERR: 无法加载模块:Public

[ 2016-07-06T15:20:58+08:00 ] ::1 /thinkphp/Public/Uploads/1
ERR: 无法加载模块:Public

[ 2016-07-06T15:20:58+08:00 ] ::1 /thinkphp/Public/Uploads/1
ERR: 无法加载模块:Public

[ 2016-07-06T15:21:02+08:00 ] ::1 /thinkphp/Public/uploadify.swf?preventswfcaching=1467789658949
ERR: 无法加载模块:Public

[ 2016-07-06T15:21:37+08:00 ] ::1 /thinkphp/Public/Uploads/1
ERR: 无法加载模块:Public

[ 2016-07-06T15:21:37+08:00 ] ::1 /thinkphp/Public/Uploads/1
ERR: 无法加载模块:Public

[ 2016-07-06T15:21:39+08:00 ] ::1 /thinkphp/Public/uploadify.swf?preventswfcaching=1467789697559
ERR: 无法加载模块:Public

[ 2016-07-06T15:22:09+08:00 ] ::1 /thinkphp/Public/Uploads/1
ERR: 无法加载模块:Public

[ 2016-07-06T15:22:09+08:00 ] ::1 /thinkphp/Public/Uploads/1
ERR: 无法加载模块:Public

[ 2016-07-06T15:25:37+08:00 ] ::1 /thinkphp/Public/Uploads/1
ERR: 无法加载模块:Public

[ 2016-07-06T15:25:37+08:00 ] ::1 /thinkphp/Public/Uploads/1
ERR: 无法加载模块:Public

[ 2016-07-06T15:32:42+08:00 ] ::1 /thinkphp/Public/Uploads/1
ERR: 无法加载模块:Public

[ 2016-07-06T15:33:55+08:00 ] ::1 /thinkphp/Public/Uploads/1
ERR: 无法加载模块:Public

[ 2016-07-06T15:33:56+08:00 ] ::1 /thinkphp/Public/Uploads/1
ERR: 无法加载模块:Public

[ 2016-07-06T15:35:51+08:00 ] ::1 /thinkphp/Public/Uploads/1
ERR: 无法加载模块:Public

[ 2016-07-06T15:35:51+08:00 ] ::1 /thinkphp/Public/Uploads/1
ERR: 无法加载模块:Public

[ 2016-07-06T15:36:43+08:00 ] ::1 /thinkphp/Public/Uploads/1
ERR: 无法加载模块:Public

[ 2016-07-06T15:36:43+08:00 ] ::1 /thinkphp/Public/Uploads/1
ERR: 无法加载模块:Public

[ 2016-07-06T15:36:57+08:00 ] ::1 /thinkphp/Public/Uploads/1
ERR: 无法加载模块:Public

[ 2016-07-06T15:36:57+08:00 ] ::1 /thinkphp/Public/Uploads/1
ERR: 无法加载模块:Public

[ 2016-07-06T15:40:15+08:00 ] ::1 /thinkphp/Public/Uploads/1
ERR: 无法加载模块:Public

[ 2016-07-06T15:40:16+08:00 ] ::1 /thinkphp/Public/Uploads/1
ERR: 无法加载模块:Public

[ 2016-07-06T15:41:46+08:00 ] ::1 /thinkphp/Public/Uploads/1
ERR: 无法加载模块:Public

[ 2016-07-06T15:41:46+08:00 ] ::1 /thinkphp/Public/Uploads/1
ERR: 无法加载模块:Public

[ 2016-07-06T15:42:59+08:00 ] ::1 /thinkphp/Public/Uploads/1
ERR: 无法加载模块:Public

[ 2016-07-06T15:42:59+08:00 ] ::1 /thinkphp/Public/Uploads/1
ERR: 无法加载模块:Public

[ 2016-07-06T15:44:07+08:00 ] ::1 /thinkphp/Public/Uploads/1
ERR: 无法加载模块:Public

[ 2016-07-06T15:46:53+08:00 ] ::1 /thinkphp/Public/Uploads/1
ERR: 无法加载模块:Public

[ 2016-07-06T15:46:53+08:00 ] ::1 /thinkphp/Public/Uploads/1
ERR: 无法加载模块:Public

[ 2016-07-06T15:47:04+08:00 ] ::1 /thinkphp/Public/Uploads/1
ERR: 无法加载模块:Public

[ 2016-07-06T15:48:28+08:00 ] ::1 /thinkphp/Public/Uploads/1
ERR: 无法加载模块:Public

[ 2016-07-06T15:48:28+08:00 ] ::1 /thinkphp/Public/Uploads/1
ERR: 无法加载模块:Public

[ 2016-07-06T15:48:33+08:00 ] ::1 /thinkphp/Uploads/img/1467791312758.jpg
ERR: 无法加载模块:Uploads

[ 2016-07-06T15:49:59+08:00 ] ::1 /thinkphp/Public/Uploads/1
ERR: 无法加载模块:Public

[ 2016-07-06T15:50:04+08:00 ] ::1 /thinkphp/Uploads/02.jpg
ERR: 无法加载模块:Uploads

[ 2016-07-06T15:50:33+08:00 ] ::1 /thinkphp/Public/Uploads/1
ERR: 无法加载模块:Public

[ 2016-07-06T15:50:34+08:00 ] ::1 /thinkphp/Public/Uploads/1
ERR: 无法加载模块:Public

[ 2016-07-06T15:51:39+08:00 ] ::1 /thinkphp/Uploads/img/146779149964.jpg
ERR: 无法加载模块:Uploads

[ 2016-07-06T15:51:46+08:00 ] ::1 /thinkphp/Public/Uploads/1
ERR: 无法加载模块:Public

[ 2016-07-06T15:52:32+08:00 ] ::1 /thinkphp/Uploads/img/1467791552339.jpg
ERR: 无法加载模块:Uploads

[ 2016-07-06T15:54:17+08:00 ] ::1 /thinkphp/Public/Uploads/1
ERR: 无法加载模块:Public

[ 2016-07-06T15:54:17+08:00 ] ::1 /thinkphp/Public/Uploads/1
ERR: 无法加载模块:Public

[ 2016-07-06T15:55:23+08:00 ] ::1 /thinkphp/Public/Uploads/1
ERR: 无法加载模块:Public

[ 2016-07-06T15:55:23+08:00 ] ::1 /thinkphp/Public/Uploads/1
ERR: 无法加载模块:Public

[ 2016-07-06T15:55:36+08:00 ] ::1 /thinkphp/Public/Uploads/1
ERR: 无法加载模块:Public

[ 2016-07-06T15:55:36+08:00 ] ::1 /thinkphp/Public/Uploads/1
ERR: 无法加载模块:Public

[ 2016-07-06T15:56:41+08:00 ] ::1 /thinkphp/Public/Uploads/1
ERR: 无法加载模块:Public

[ 2016-07-06T15:56:41+08:00 ] ::1 /thinkphp/Public/Uploads/1
ERR: 无法加载模块:Public

[ 2016-07-06T15:57:33+08:00 ] ::1 /thinkphp/Public/Uploads/1
ERR: 无法加载模块:Public

[ 2016-07-06T15:57:33+08:00 ] ::1 /thinkphp/Public/Uploads/1
ERR: 无法加载模块:Public

[ 2016-07-06T16:01:55+08:00 ] ::1 /thinkphp/Public/Uploads/1
ERR: 无法加载模块:Public

[ 2016-07-06T16:01:55+08:00 ] ::1 /thinkphp/Public/Uploads/1
ERR: 无法加载模块:Public

[ 2016-07-06T16:02:27+08:00 ] ::1 /thinkphp/Public/Uploads/1
ERR: 无法加载模块:Public

[ 2016-07-06T16:02:27+08:00 ] ::1 /thinkphp/Public/Uploads/1
ERR: 无法加载模块:Public

[ 2016-07-06T16:04:42+08:00 ] ::1 /thinkphp/Public/Uploads/1
ERR: 无法加载模块:Public

[ 2016-07-06T16:04:43+08:00 ] ::1 /thinkphp/Public/Uploads/1
ERR: 无法加载模块:Public

[ 2016-07-06T16:05:56+08:00 ] ::1 /thinkphp/Public/Uploads/1
ERR: 无法加载模块:Public

[ 2016-07-06T16:05:56+08:00 ] ::1 /thinkphp/Public/Uploads/1
ERR: 无法加载模块:Public

[ 2016-07-06T16:07:26+08:00 ] ::1 /thinkphp/Public/Uploads/1
ERR: 无法加载模块:Public

[ 2016-07-06T16:07:26+08:00 ] ::1 /thinkphp/Public/Uploads/1
ERR: 无法加载模块:Public

[ 2016-07-06T16:09:15+08:00 ] ::1 /thinkphp/Public/Uploads/1
ERR: 无法加载模块:Public

[ 2016-07-06T16:11:25+08:00 ] ::1 /thinkphp/Public/Uploads/1
ERR: 无法加载模块:Public

[ 2016-07-06T16:17:05+08:00 ] ::1 /thinkphp/Public/Uploads/1
ERR: 无法加载模块:Public

[ 2016-07-06T16:17:05+08:00 ] ::1 /thinkphp/Public/Uploads/1
ERR: 无法加载模块:Public

[ 2016-07-06T16:17:16+08:00 ] ::1 /thinkphp/Public/Uploads/1
ERR: 无法加载模块:Public

[ 2016-07-06T16:20:45+08:00 ] ::1 /thinkphp/Public/Uploads/1
ERR: 无法加载模块:Public

[ 2016-07-06T16:20:45+08:00 ] ::1 /thinkphp/Public/Uploads/1
ERR: 无法加载模块:Public

[ 2016-07-06T16:21:23+08:00 ] ::1 /thinkphp/Public/Uploads/1
ERR: 无法加载模块:Public

[ 2016-07-06T16:21:23+08:00 ] ::1 /thinkphp/Public/Uploads/1
ERR: 无法加载模块:Public

[ 2016-07-06T16:23:16+08:00 ] ::1 /thinkphp/Public/Uploads/1
ERR: 无法加载模块:Public

[ 2016-07-06T16:23:21+08:00 ] ::1 /thinkphp/Public/Uploads/img/%7Bdata%7D
ERR: 无法加载模块:Public

[ 2016-07-06T16:23:57+08:00 ] ::1 /thinkphp/Public/Uploads/1
ERR: 无法加载模块:Public

[ 2016-07-06T16:23:57+08:00 ] ::1 /thinkphp/Public/Uploads/1
ERR: 无法加载模块:Public

[ 2016-07-06T16:24:57+08:00 ] ::1 /thinkphp/Public/Uploads/1
ERR: 无法加载模块:Public

[ 2016-07-06T16:24:57+08:00 ] ::1 /thinkphp/Public/Uploads/1
ERR: 无法加载模块:Public

[ 2016-07-06T16:26:43+08:00 ] ::1 /thinkphp/Public/Uploads/1
ERR: 无法加载模块:Public

[ 2016-07-06T16:26:43+08:00 ] ::1 /thinkphp/Public/Uploads/1
ERR: 无法加载模块:Public

[ 2016-07-06T16:47:54+08:00 ] ::1 /thinkphp/Public/Uploads/1
ERR: 无法加载模块:Public

[ 2016-07-06T16:47:54+08:00 ] ::1 /thinkphp/Public/Uploads/1
ERR: 无法加载模块:Public

[ 2016-07-06T16:50:19+08:00 ] ::1 /thinkphp/Public/Uploads/1
ERR: 无法加载模块:Public

[ 2016-07-06T16:50:19+08:00 ] ::1 /thinkphp/Public/Uploads/1
ERR: 无法加载模块:Public

[ 2016-07-06T16:50:47+08:00 ] ::1 /thinkphp/Public/Uploads/1
ERR: 无法加载模块:Public

[ 2016-07-06T16:52:06+08:00 ] ::1 /thinkphp/Public/Uploads/1
ERR: 无法加载模块:Public

[ 2016-07-06T16:54:36+08:00 ] ::1 /thinkphp/Public/Uploads/1
ERR: 无法加载模块:Public

[ 2016-07-06T17:04:43+08:00 ] ::1 /thinkphp/Public/Uploads/1
ERR: 无法加载模块:Public

[ 2016-07-06T17:05:26+08:00 ] ::1 /thinkphp/Public/Uploads/1
ERR: 无法加载模块:Public

[ 2016-07-06T17:05:26+08:00 ] ::1 /thinkphp/Public/Uploads/1
ERR: 无法加载模块:Public

[ 2016-07-06T17:06:25+08:00 ] ::1 /thinkphp/Public/Uploads/1
ERR: 无法加载模块:Public

[ 2016-07-06T17:06:25+08:00 ] ::1 /thinkphp/Public/Uploads/1
ERR: 无法加载模块:Public

[ 2016-07-06T17:06:46+08:00 ] ::1 /thinkphp/Public/Uploads/1
ERR: 无法加载模块:Public

[ 2016-07-06T17:07:04+08:00 ] ::1 /thinkphp/Public/Uploads/1
ERR: 无法加载模块:Public

[ 2016-07-06T17:07:04+08:00 ] ::1 /thinkphp/Public/Uploads/1
ERR: 无法加载模块:Public

[ 2016-07-06T17:07:36+08:00 ] ::1 /thinkphp/Public/Uploads/1
ERR: 无法加载模块:Public

[ 2016-07-06T17:07:40+08:00 ] ::1 /thinkphp/Public/Uploads/1
ERR: 无法加载模块:Public

[ 2016-07-06T17:07:40+08:00 ] ::1 /thinkphp/Public/Uploads/1
ERR: 无法加载模块:Public

[ 2016-07-06T17:08:19+08:00 ] ::1 /thinkphp/Public/Uploads/1
ERR: 无法加载模块:Public

[ 2016-07-06T17:08:48+08:00 ] ::1 /thinkphp/Public/Uploads/1
ERR: 无法加载模块:Public

[ 2016-07-06T17:10:01+08:00 ] ::1 /thinkphp/Public/Uploads/1
ERR: 无法加载模块:Public

[ 2016-07-06T17:11:09+08:00 ] ::1 /thinkphp/Public/Uploads/1
ERR: 无法加载模块:Public

[ 2016-07-06T17:13:54+08:00 ] ::1 /thinkphp/Public/Uploads/1
ERR: 无法加载模块:Public

[ 2016-07-06T17:14:03+08:00 ] ::1 /thinkphp/Public/Uploads/1
ERR: 无法加载模块:Public

[ 2016-07-06T17:14:12+08:00 ] ::1 /thinkphp/Public/Uploads/1
ERR: 无法加载模块:Public

[ 2016-07-06T17:14:45+08:00 ] ::1 /thinkphp/Public/Uploads/1
ERR: 无法加载模块:Public

[ 2016-07-06T17:16:45+08:00 ] ::1 /thinkphp/Public/Uploads/1
ERR: 无法加载模块:Public

[ 2016-07-06T17:16:46+08:00 ] ::1 /thinkphp/Public/Uploads/1
ERR: 无法加载模块:Public

[ 2016-07-06T17:17:04+08:00 ] ::1 /thinkphp/Public/Uploads/1
ERR: 无法加载模块:Public

[ 2016-07-06T17:17:04+08:00 ] ::1 /thinkphp/Public/Uploads/1
ERR: 无法加载模块:Public

[ 2016-07-06T17:17:21+08:00 ] ::1 /thinkphp/Public/Uploads/1
ERR: 无法加载模块:Public

[ 2016-07-06T17:17:21+08:00 ] ::1 /thinkphp/Public/Uploads/1
ERR: 无法加载模块:Public

[ 2016-07-06T17:17:47+08:00 ] ::1 /thinkphp/Public/Uploads/1
ERR: 无法加载模块:Public

[ 2016-07-06T17:18:07+08:00 ] ::1 /thinkphp/Public/Uploads/1
ERR: 无法加载模块:Public

[ 2016-07-06T17:18:07+08:00 ] ::1 /thinkphp/Public/Uploads/1
ERR: 无法加载模块:Public

[ 2016-07-06T17:18:22+08:00 ] ::1 /thinkphp/Public/Uploads/1
ERR: 无法加载模块:Public

[ 2016-07-06T17:18:37+08:00 ] ::1 /thinkphp/Public/Uploads/1
ERR: 无法加载模块:Public

[ 2016-07-06T17:18:37+08:00 ] ::1 /thinkphp/Public/Uploads/1
ERR: 无法加载模块:Public

[ 2016-07-06T17:19:01+08:00 ] ::1 /thinkphp/Public/Uploads/1
ERR: 无法加载模块:Public

[ 2016-07-06T17:19:19+08:00 ] ::1 /thinkphp/Public/Uploads/1
ERR: 无法加载模块:Public

[ 2016-07-06T17:19:39+08:00 ] ::1 /thinkphp/Public/Uploads/1
ERR: 无法加载模块:Public

[ 2016-07-06T17:19:39+08:00 ] ::1 /thinkphp/Public/Uploads/1
ERR: 无法加载模块:Public

[ 2016-07-06T17:19:54+08:00 ] ::1 /thinkphp/Public/Uploads/1
ERR: 无法加载模块:Public

[ 2016-07-06T17:19:54+08:00 ] ::1 /thinkphp/Public/Uploads/1
ERR: 无法加载模块:Public

[ 2016-07-06T17:21:15+08:00 ] ::1 /thinkphp/Public/Uploads/1
ERR: 无法加载模块:Public

[ 2016-07-06T17:21:15+08:00 ] ::1 /thinkphp/Public/Uploads/1
ERR: 无法加载模块:Public

[ 2016-07-06T17:22:12+08:00 ] ::1 /thinkphp/Public/Uploads/1
ERR: 无法加载模块:Public

[ 2016-07-06T17:22:24+08:00 ] ::1 /thinkphp/Public/Uploads/1
ERR: 无法加载模块:Public

[ 2016-07-06T17:22:25+08:00 ] ::1 /thinkphp/Public/Uploads/1
ERR: 无法加载模块:Public

[ 2016-07-06T17:22:50+08:00 ] ::1 /thinkphp/Public/Uploads/1
ERR: 无法加载模块:Public

[ 2016-07-06T17:34:16+08:00 ] ::1 /thinkphp/Public/Uploads/1
ERR: 无法加载模块:Public

[ 2016-07-06T17:36:22+08:00 ] ::1 /thinkphp/Public/Uploads/1
ERR: 无法加载模块:Public

[ 2016-07-06T17:36:59+08:00 ] ::1 /thinkphp/Public/Uploads/1
ERR: 无法加载模块:Public

[ 2016-07-06T17:37:27+08:00 ] ::1 /thinkphp/Public/Uploads/1
ERR: 无法加载模块:Public

[ 2016-07-06T17:38:16+08:00 ] ::1 /thinkphp/Public/Uploads/1
ERR: 无法加载模块:Public

[ 2016-07-06T17:39:06+08:00 ] ::1 /thinkphp/Public/Uploads/1
ERR: 无法加载模块:Public

[ 2016-07-06T17:40:14+08:00 ] ::1 /thinkphp/Public/Uploads/1
ERR: 无法加载模块:Public

[ 2016-07-06T17:44:54+08:00 ] ::1 /thinkphp/Public/Uploads/1
ERR: 无法加载模块:Public

[ 2016-07-06T17:45:11+08:00 ] ::1 /thinkphp/Public/Uploads/1
ERR: 无法加载模块:Public

[ 2016-07-06T17:59:25+08:00 ] ::1 /thinkphp/Public/Uploads/1467799017555.jpg
ERR: 无法加载模块:Public

[ 2016-07-06T17:59:25+08:00 ] ::1 /thinkphp/Public/Uploads/1467799017461.jpg
ERR: 无法加载模块:Public

[ 2016-07-06T17:59:25+08:00 ] ::1 /thinkphp/Public/Uploads/1467799017661.jpg
ERR: 无法加载模块:Public

[ 2016-07-06T17:59:29+08:00 ] ::1 /thinkphp/Public/Uploads/1467799017555.jpg
ERR: 无法加载模块:Public

[ 2016-07-06T17:59:31+08:00 ] ::1 /thinkphp/Public/Uploads/1467799017461.jpg
ERR: 无法加载模块:Public

[ 2016-07-06T17:59:33+08:00 ] ::1 /thinkphp/Public/Uploads/1467799017661.jpg
ERR: 无法加载模块:Public

[ 2016-07-06T17:59:39+08:00 ] ::1 /thinkphp/Public/Uploads/1467799017555.jpg
ERR: 无法加载模块:Public

[ 2016-07-06T17:59:41+08:00 ] ::1 /thinkphp/Public/Uploads/1467799017461.jpg
ERR: 无法加载模块:Public

[ 2016-07-06T17:59:43+08:00 ] ::1 /thinkphp/Public/Uploads/1467799017661.jpg
ERR: 无法加载模块:Public

[ 2016-07-06T17:59:49+08:00 ] ::1 /thinkphp/Public/Uploads/1467799017555.jpg
ERR: 无法加载模块:Public

[ 2016-07-06T17:59:51+08:00 ] ::1 /thinkphp/Public/Uploads/1467799017461.jpg
ERR: 无法加载模块:Public

[ 2016-07-06T17:59:53+08:00 ] ::1 /thinkphp/Public/Uploads/1467799017661.jpg
ERR: 无法加载模块:Public

[ 2016-07-06T17:59:59+08:00 ] ::1 /thinkphp/Public/Uploads/1467799017555.jpg
ERR: 无法加载模块:Public

[ 2016-07-06T18:00:01+08:00 ] ::1 /thinkphp/Public/Uploads/1467799017461.jpg
ERR: 无法加载模块:Public

[ 2016-07-06T18:00:03+08:00 ] ::1 /thinkphp/Public/Uploads/1467799017661.jpg
ERR: 无法加载模块:Public

[ 2016-07-06T18:00:09+08:00 ] ::1 /thinkphp/Public/Uploads/1467799017555.jpg
ERR: 无法加载模块:Public

[ 2016-07-06T18:00:11+08:00 ] ::1 /thinkphp/Public/Uploads/1467799017461.jpg
ERR: 无法加载模块:Public

[ 2016-07-06T18:00:13+08:00 ] ::1 /thinkphp/Public/Uploads/1467799017661.jpg
ERR: 无法加载模块:Public

[ 2016-07-06T18:00:19+08:00 ] ::1 /thinkphp/Public/Uploads/1467799017555.jpg
ERR: 无法加载模块:Public

[ 2016-07-06T18:00:21+08:00 ] ::1 /thinkphp/Public/Uploads/1467799017461.jpg
ERR: 无法加载模块:Public

[ 2016-07-06T18:00:23+08:00 ] ::1 /thinkphp/Public/Uploads/1467799017661.jpg
ERR: 无法加载模块:Public

[ 2016-07-06T18:00:29+08:00 ] ::1 /thinkphp/Public/Uploads/1467799017555.jpg
ERR: 无法加载模块:Public

[ 2016-07-06T18:00:31+08:00 ] ::1 /thinkphp/Public/Uploads/1467799017461.jpg
ERR: 无法加载模块:Public

[ 2016-07-06T18:00:33+08:00 ] ::1 /thinkphp/Public/Uploads/1467799017661.jpg
ERR: 无法加载模块:Public

[ 2016-07-06T18:00:39+08:00 ] ::1 /thinkphp/Public/Uploads/1467799017555.jpg
ERR: 无法加载模块:Public

[ 2016-07-06T18:00:41+08:00 ] ::1 /thinkphp/Public/Uploads/1467799017461.jpg
ERR: 无法加载模块:Public

[ 2016-07-06T18:00:43+08:00 ] ::1 /thinkphp/Public/Uploads/1467799017661.jpg
ERR: 无法加载模块:Public

[ 2016-07-06T18:00:45+08:00 ] ::1 /thinkphp/Public/Uploads/1467799017555.jpg
ERR: 无法加载模块:Public

[ 2016-07-06T18:00:45+08:00 ] ::1 /thinkphp/Public/Uploads/1467799017661.jpg
ERR: 无法加载模块:Public

[ 2016-07-06T18:00:45+08:00 ] ::1 /thinkphp/Public/Uploads/img/2016-07-04/577a8418c718c.jpg
ERR: 无法加载模块:Public

[ 2016-07-06T18:00:45+08:00 ] ::1 /thinkphp/Public/Uploads/1467799017461.jpg
ERR: 无法加载模块:Public

[ 2016-07-06T18:00:49+08:00 ] ::1 /thinkphp/Public/Uploads/1467799017555.jpg
ERR: 无法加载模块:Public

[ 2016-07-06T18:00:51+08:00 ] ::1 /thinkphp/Public/Uploads/1467799017461.jpg
ERR: 无法加载模块:Public

[ 2016-07-06T18:00:53+08:00 ] ::1 /thinkphp/Public/Uploads/1467799017661.jpg
ERR: 无法加载模块:Public

[ 2016-07-06T18:00:59+08:00 ] ::1 /thinkphp/Public/Uploads/1467799017555.jpg
ERR: 无法加载模块:Public

[ 2016-07-06T18:01:01+08:00 ] ::1 /thinkphp/Public/Uploads/1467799017461.jpg
ERR: 无法加载模块:Public

[ 2016-07-06T18:01:03+08:00 ] ::1 /thinkphp/Public/Uploads/1467799017661.jpg
ERR: 无法加载模块:Public

[ 2016-07-06T18:01:09+08:00 ] ::1 /thinkphp/Public/Uploads/1467799017555.jpg
ERR: 无法加载模块:Public

[ 2016-07-06T18:01:11+08:00 ] ::1 /thinkphp/Public/Uploads/1467799017461.jpg
ERR: 无法加载模块:Public

[ 2016-07-06T18:01:13+08:00 ] ::1 /thinkphp/Public/Uploads/1467799017661.jpg
ERR: 无法加载模块:Public

[ 2016-07-06T18:01:15+08:00 ] ::1 /thinkphp/Public/Uploads/1467799017661.jpg
ERR: 无法加载模块:Public

[ 2016-07-06T18:01:15+08:00 ] ::1 /thinkphp/Public/Uploads/1467799017461.jpg
ERR: 无法加载模块:Public

[ 2016-07-06T18:01:15+08:00 ] ::1 /thinkphp/Public/Uploads/1467799017555.jpg
ERR: 无法加载模块:Public

[ 2016-07-06T18:01:17+08:00 ] ::1 /thinkphp/Public/Uploads/1467799017555.jpg
ERR: 无法加载模块:Public

[ 2016-07-06T18:01:19+08:00 ] ::1 /thinkphp/Public/Uploads/1467799017461.jpg
ERR: 无法加载模块:Public

[ 2016-07-06T18:01:21+08:00 ] ::1 /thinkphp/Public/Uploads/1467799017661.jpg
ERR: 无法加载模块:Public

[ 2016-07-06T18:01:25+08:00 ] ::1 /thinkphp/Public/Uploads/1467799017555.jpg
ERR: 无法加载模块:Public

[ 2016-07-06T18:01:27+08:00 ] ::1 /thinkphp/Public/Uploads/1467799017461.jpg
ERR: 无法加载模块:Public

[ 2016-07-06T18:01:29+08:00 ] ::1 /thinkphp/Public/Uploads/1467799017661.jpg
ERR: 无法加载模块:Public

[ 2016-07-06T18:01:33+08:00 ] ::1 /thinkphp/Public/Uploads/1467799017555.jpg
ERR: 无法加载模块:Public

[ 2016-07-06T18:01:35+08:00 ] ::1 /thinkphp/Public/Uploads/1467799017461.jpg
ERR: 无法加载模块:Public

[ 2016-07-06T18:01:38+08:00 ] ::1 /thinkphp/Public/Uploads/1467799017661.jpg
ERR: 无法加载模块:Public

[ 2016-07-06T18:01:41+08:00 ] ::1 /thinkphp/Public/Uploads/1467799017555.jpg
ERR: 无法加载模块:Public

[ 2016-07-06T18:01:43+08:00 ] ::1 /thinkphp/Public/Uploads/1467799017461.jpg
ERR: 无法加载模块:Public

[ 2016-07-06T18:01:45+08:00 ] ::1 /thinkphp/Public/Uploads/1467799017661.jpg
ERR: 无法加载模块:Public

[ 2016-07-06T18:01:49+08:00 ] ::1 /thinkphp/Public/Uploads/1467799017555.jpg
ERR: 无法加载模块:Public

[ 2016-07-06T18:01:50+08:00 ] ::1 /thinkphp/Public/Uploads/1467799017555.jpg
ERR: 无法加载模块:Public

[ 2016-07-06T18:01:50+08:00 ] ::1 /thinkphp/Public/Uploads/2016-07-05/1467701748_1331561977.jpg
ERR: 无法加载模块:Public

[ 2016-07-06T18:01:50+08:00 ] ::1 /thinkphp/Public/Uploads/1467799017661.jpg
ERR: 无法加载模块:Public

[ 2016-07-06T18:01:50+08:00 ] ::1 /thinkphp/Public/Uploads/1467799017461.jpg
ERR: 无法加载模块:Public

[ 2016-07-06T18:01:52+08:00 ] ::1 /thinkphp/Public/Uploads/1467799017555.jpg
ERR: 无法加载模块:Public

[ 2016-07-06T18:01:54+08:00 ] ::1 /thinkphp/Public/Uploads/1467799017461.jpg
ERR: 无法加载模块:Public

[ 2016-07-06T18:01:56+08:00 ] ::1 /thinkphp/Public/Uploads/1467799017661.jpg
ERR: 无法加载模块:Public

[ 2016-07-06T18:02:00+08:00 ] ::1 /thinkphp/Public/Uploads/1467799017555.jpg
ERR: 无法加载模块:Public

[ 2016-07-06T18:02:02+08:00 ] ::1 /thinkphp/Public/Uploads/1467799017461.jpg
ERR: 无法加载模块:Public

[ 2016-07-06T18:02:04+08:00 ] ::1 /thinkphp/Public/Uploads/1467799017661.jpg
ERR: 无法加载模块:Public

[ 2016-07-06T18:02:04+08:00 ] ::1 /thinkphp/Public/Uploads/1467799017555.jpg
ERR: 无法加载模块:Public

[ 2016-07-06T18:02:08+08:00 ] ::1 /thinkphp/Public/Uploads/1467799017555.jpg
ERR: 无法加载模块:Public

[ 2016-07-06T18:02:08+08:00 ] ::1 /thinkphp/Public/Uploads/1467799017461.jpg
ERR: 无法加载模块:Public

[ 2016-07-06T18:02:10+08:00 ] ::1 /thinkphp/Public/Uploads/1467799017461.jpg
ERR: 无法加载模块:Public

[ 2016-07-06T18:02:12+08:00 ] ::1 /thinkphp/Public/Uploads/1467799017661.jpg
ERR: 无法加载模块:Public

[ 2016-07-06T18:02:16+08:00 ] ::1 /thinkphp/Public/Uploads/1467799017555.jpg
ERR: 无法加载模块:Public

[ 2016-07-06T18:02:18+08:00 ] ::1 /thinkphp/Public/Uploads/1467799017461.jpg
ERR: 无法加载模块:Public

[ 2016-07-06T18:02:20+08:00 ] ::1 /thinkphp/Public/Uploads/1467799017661.jpg
ERR: 无法加载模块:Public

[ 2016-07-06T18:02:24+08:00 ] ::1 /thinkphp/Public/Uploads/1467799017555.jpg
ERR: 无法加载模块:Public

[ 2016-07-06T18:02:26+08:00 ] ::1 /thinkphp/Public/Uploads/1467799017461.jpg
ERR: 无法加载模块:Public

[ 2016-07-06T18:02:28+08:00 ] ::1 /thinkphp/Public/Uploads/1467799017661.jpg
ERR: 无法加载模块:Public

[ 2016-07-06T18:02:32+08:00 ] ::1 /thinkphp/Public/Uploads/1467799017555.jpg
ERR: 无法加载模块:Public

[ 2016-07-06T18:02:34+08:00 ] ::1 /thinkphp/Public/Uploads/1467799017461.jpg
ERR: 无法加载模块:Public

[ 2016-07-06T18:02:36+08:00 ] ::1 /thinkphp/Public/Uploads/1467799017661.jpg
ERR: 无法加载模块:Public

[ 2016-07-06T18:02:40+08:00 ] ::1 /thinkphp/Public/Uploads/1467799017555.jpg
ERR: 无法加载模块:Public

[ 2016-07-06T18:02:42+08:00 ] ::1 /thinkphp/Public/Uploads/1467799017461.jpg
ERR: 无法加载模块:Public

[ 2016-07-06T18:02:44+08:00 ] ::1 /thinkphp/Public/Uploads/1467799017661.jpg
ERR: 无法加载模块:Public

[ 2016-07-06T18:02:48+08:00 ] ::1 /thinkphp/Public/Uploads/1467799017555.jpg
ERR: 无法加载模块:Public

[ 2016-07-06T18:02:50+08:00 ] ::1 /thinkphp/Public/Uploads/1467799017461.jpg
ERR: 无法加载模块:Public

[ 2016-07-06T18:02:52+08:00 ] ::1 /thinkphp/Public/Uploads/1467799017661.jpg
ERR: 无法加载模块:Public

[ 2016-07-06T18:02:53+08:00 ] ::1 /thinkphp/Public/Uploads/2016-07-05/1467701748_1331561977.jpg
ERR: 无法加载模块:Public

[ 2016-07-06T18:02:54+08:00 ] ::1 /thinkphp/Public/Uploads/1467799017461.jpg
ERR: 无法加载模块:Public

[ 2016-07-06T18:02:56+08:00 ] ::1 /thinkphp/Public/Uploads/1467799017661.jpg
ERR: 无法加载模块:Public

[ 2016-07-06T18:03:01+08:00 ] ::1 /thinkphp/Public/Uploads/2016-07-05/1467701748_1331561977.jpg
ERR: 无法加载模块:Public

[ 2016-07-06T18:04:25+08:00 ] ::1 /thinkphp/Public/Uploads/2016-07-05/1467701748_1331561977.jpg
ERR: 无法加载模块:Public

[ 2016-07-06T18:05:59+08:00 ] ::1 /thinkphp/Public/Uploads/2016-07-05/1467701748_1331561977.jpg
ERR: 无法加载模块:Public

[ 2016-07-06T18:05:59+08:00 ] ::1 /thinkphp/Public/Uploads/1467799017661.jpg
ERR: 无法加载模块:Public

[ 2016-07-06T18:06:59+08:00 ] ::1 /thinkphp/Public/Uploads/2016-07-05/1467701748_1331561977.jpg
ERR: 无法加载模块:Public

[ 2016-07-06T18:06:59+08:00 ] ::1 /thinkphp/Public/Uploads/1467799017661.jpg
ERR: 无法加载模块:Public

[ 2016-07-06T18:10:14+08:00 ] ::1 /thinkphp/Public/Uploads/1467799017661.jpg
ERR: 无法加载模块:Public

[ 2016-07-06T18:10:14+08:00 ] ::1 /thinkphp/Public/Uploads/2016-07-05/1467701748_1331561977.jpg
ERR: 无法加载模块:Public

[ 2016-07-06T18:10:14+08:00 ] ::1 /thinkphp/Public/Uploads/1467799017661.jpg
ERR: 无法加载模块:Public

[ 2016-07-06T18:10:14+08:00 ] ::1 /thinkphp/Public/Uploads/2016-07-05/1467701748_1331561977.jpg
ERR: 无法加载模块:Public

[ 2016-07-06T18:11:32+08:00 ] ::1 /thinkphp/Public/Uploads/2016-07-05/1467701748_1331561977.jpg
ERR: 无法加载模块:Public

[ 2016-07-06T18:11:33+08:00 ] ::1 /thinkphp/Public/Uploads/1
ERR: 无法加载模块:Public

[ 2016-07-06T18:11:34+08:00 ] ::1 /thinkphp/Public/Uploads/1
ERR: 无法加载模块:Public

[ 2016-07-06T18:11:38+08:00 ] ::1 /thinkphp/Public/Uploads/2016-07-05/1467701748_1331561977.jpg
ERR: 无法加载模块:Public

[ 2016-07-06T18:11:38+08:00 ] ::1 /thinkphp/Public/Uploads/1467799017661.jpg
ERR: 无法加载模块:Public

[ 2016-07-06T18:11:54+08:00 ] ::1 /thinkphp/Public/Uploads/2016-07-05/1467701748_1331561977.jpg
ERR: 无法加载模块:Public

[ 2016-07-06T18:12:14+08:00 ] ::1 /thinkphp/Public/Uploads/1467799017661.jpg
ERR: 无法加载模块:Public

[ 2016-07-06T18:14:15+08:00 ] ::1 /thinkphp/Public/Uploads/1467799017661.jpg
ERR: 无法加载模块:Public

[ 2016-07-06T18:14:15+08:00 ] ::1 /thinkphp/Public/Uploads/1467799017661.jpg
ERR: 无法加载模块:Public

[ 2016-07-06T18:15:29+08:00 ] ::1 /thinkphp/Public/Uploads/1467799017661.jpg
ERR: 无法加载模块:Public

[ 2016-07-06T18:15:29+08:00 ] ::1 /thinkphp/Public/Uploads/1467799017661.jpg
ERR: 无法加载模块:Public

[ 2016-07-06T18:26:46+08:00 ] ::1 /thinkphp/Public/Home/img/uploadify-cancel.png
ERR: 无法加载模块:Public

[ 2016-07-06T18:48:13+08:00 ] ::1 /thinkphp/Public/Uploads/1
ERR: 无法加载模块:Public

[ 2016-07-06T18:48:14+08:00 ] ::1 /thinkphp/Public/Uploads/1
ERR: 无法加载模块:Public

[ 2016-07-06T18:48:15+08:00 ] ::1 /thinkphp/Public/Uploads/2016-07-06/1467771103_1040773809.png
ERR: 无法加载模块:Public

[ 2016-07-06T18:48:57+08:00 ] ::1 /thinkphp/Public/Uploads/1
ERR: 无法加载模块:Public

[ 2016-07-06T18:48:57+08:00 ] ::1 /thinkphp/Public/Uploads/2016-07-05/1467699981_729843550.png
ERR: 无法加载模块:Public

[ 2016-07-06T18:48:57+08:00 ] ::1 /thinkphp/Public/Uploads/2016-07-05/1467699566_267072746.gif
ERR: 无法加载模块:Public

[ 2016-07-06T18:48:57+08:00 ] ::1 /thinkphp/Public/Uploads/2016-07-05/1467699981_729843550.png
ERR: 无法加载模块:Public

[ 2016-07-06T18:48:57+08:00 ] ::1 /thinkphp/Public/Uploads/2016-07-05/1467699566_267072746.gif
ERR: 无法加载模块:Public

[ 2016-07-06T18:48:57+08:00 ] ::1 /thinkphp/Public/Uploads/1
ERR: 无法加载模块:Public

[ 2016-07-06T18:48:58+08:00 ] ::1 /thinkphp/Public/Uploads/2016-07-06/1467771103_1040773809.png
ERR: 无法加载模块:Public

[ 2016-07-06T18:49:21+08:00 ] ::1 /thinkphp/Public/Uploads/1467801623910.jpg
ERR: 无法加载模块:Public

[ 2016-07-06T18:49:23+08:00 ] ::1 /thinkphp/Public/Uploads/1467801623910.jpg
ERR: 无法加载模块:Public

[ 2016-07-06T18:49:27+08:00 ] ::1 /thinkphp/Public/Uploads/1467801623910.jpg
ERR: 无法加载模块:Public

[ 2016-07-06T18:49:31+08:00 ] ::1 /thinkphp/Public/Uploads/1467801623910.jpg
ERR: 无法加载模块:Public

[ 2016-07-06T18:49:35+08:00 ] ::1 /thinkphp/Public/Uploads/1467801623910.jpg
ERR: 无法加载模块:Public

[ 2016-07-06T18:49:39+08:00 ] ::1 /thinkphp/Public/Uploads/1467801623910.jpg
ERR: 无法加载模块:Public

[ 2016-07-06T18:49:43+08:00 ] ::1 /thinkphp/Public/Uploads/1467801623910.jpg
ERR: 无法加载模块:Public

[ 2016-07-06T18:49:47+08:00 ] ::1 /thinkphp/Public/Uploads/1467801623910.jpg
ERR: 无法加载模块:Public

[ 2016-07-06T18:49:51+08:00 ] ::1 /thinkphp/Public/Uploads/1467801623910.jpg
ERR: 无法加载模块:Public

[ 2016-07-06T18:49:55+08:00 ] ::1 /thinkphp/Public/Uploads/1467801623910.jpg
ERR: 无法加载模块:Public

[ 2016-07-06T18:49:59+08:00 ] ::1 /thinkphp/Public/Uploads/1467801623910.jpg
ERR: 无法加载模块:Public

[ 2016-07-06T18:50:03+08:00 ] ::1 /thinkphp/Public/Uploads/1467801623910.jpg
ERR: 无法加载模块:Public

[ 2016-07-06T18:50:07+08:00 ] ::1 /thinkphp/Public/Uploads/1467801623910.jpg
ERR: 无法加载模块:Public

[ 2016-07-06T18:50:09+08:00 ] ::1 /thinkphp/Public/Uploads/1467801623910.jpg
ERR: 无法加载模块:Public

[ 2016-07-06T18:50:11+08:00 ] ::1 /thinkphp/Public/Uploads/1467801623910.jpg
ERR: 无法加载模块:Public

[ 2016-07-06T18:50:13+08:00 ] ::1 /thinkphp/Public/Uploads/1467801623910.jpg
ERR: 无法加载模块:Public

[ 2016-07-06T18:50:15+08:00 ] ::1 /thinkphp/Public/Uploads/1467801623910.jpg
ERR: 无法加载模块:Public

[ 2016-07-06T18:50:19+08:00 ] ::1 /thinkphp/Public/Uploads/1467801623910.jpg
ERR: 无法加载模块:Public

[ 2016-07-06T18:50:23+08:00 ] ::1 /thinkphp/Public/Uploads/1467801623910.jpg
ERR: 无法加载模块:Public

[ 2016-07-06T18:50:27+08:00 ] ::1 /thinkphp/Public/Uploads/1467801623910.jpg
ERR: 无法加载模块:Public

[ 2016-07-06T18:50:31+08:00 ] ::1 /thinkphp/Public/Uploads/1467801623910.jpg
ERR: 无法加载模块:Public

[ 2016-07-06T18:50:35+08:00 ] ::1 /thinkphp/Public/Uploads/1467801623910.jpg
ERR: 无法加载模块:Public

[ 2016-07-06T18:50:39+08:00 ] ::1 /thinkphp/Public/Uploads/1467801623910.jpg
ERR: 无法加载模块:Public

[ 2016-07-06T18:50:44+08:00 ] ::1 /thinkphp/Public/Uploads/1467801623910.jpg
ERR: 无法加载模块:Public

[ 2016-07-06T18:50:48+08:00 ] ::1 /thinkphp/Public/Uploads/1467801623910.jpg
ERR: 无法加载模块:Public

[ 2016-07-06T18:50:52+08:00 ] ::1 /thinkphp/Public/Uploads/1467801623910.jpg
ERR: 无法加载模块:Public

[ 2016-07-06T18:50:56+08:00 ] ::1 /thinkphp/Public/Uploads/1467801623910.jpg
ERR: 无法加载模块:Public

[ 2016-07-06T18:51:00+08:00 ] ::1 /thinkphp/Public/Uploads/1467801623910.jpg
ERR: 无法加载模块:Public

[ 2016-07-06T18:51:04+08:00 ] ::1 /thinkphp/Public/Uploads/1467801623910.jpg
ERR: 无法加载模块:Public

[ 2016-07-06T18:51:08+08:00 ] ::1 /thinkphp/Public/Uploads/1467801623910.jpg
ERR: 无法加载模块:Public

[ 2016-07-06T18:51:12+08:00 ] ::1 /thinkphp/Public/Uploads/1467801623910.jpg
ERR: 无法加载模块:Public

[ 2016-07-06T18:51:16+08:00 ] ::1 /thinkphp/Public/Uploads/1467801623910.jpg
ERR: 无法加载模块:Public

[ 2016-07-06T18:51:20+08:00 ] ::1 /thinkphp/Public/Uploads/1467801623910.jpg
ERR: 无法加载模块:Public

[ 2016-07-06T18:51:24+08:00 ] ::1 /thinkphp/Public/Uploads/1467801623910.jpg
ERR: 无法加载模块:Public

[ 2016-07-06T18:51:28+08:00 ] ::1 /thinkphp/Public/Uploads/1467801623910.jpg
ERR: 无法加载模块:Public

[ 2016-07-06T18:51:32+08:00 ] ::1 /thinkphp/Public/Uploads/1467801623910.jpg
ERR: 无法加载模块:Public

[ 2016-07-06T18:51:36+08:00 ] ::1 /thinkphp/Public/Uploads/1467801623910.jpg
ERR: 无法加载模块:Public

[ 2016-07-06T18:51:42+08:00 ] ::1 /thinkphp/Public/Uploads/1467801623910.jpg
ERR: 无法加载模块:Public

[ 2016-07-06T18:51:46+08:00 ] ::1 /thinkphp/Public/Uploads/1467801623910.jpg
ERR: 无法加载模块:Public

[ 2016-07-06T18:51:50+08:00 ] ::1 /thinkphp/Public/Uploads/1467801623910.jpg
ERR: 无法加载模块:Public

[ 2016-07-06T18:51:54+08:00 ] ::1 /thinkphp/Public/Uploads/1467801623910.jpg
ERR: 无法加载模块:Public

[ 2016-07-06T18:53:30+08:00 ] ::1 /thinkphp/Public/Uploads/1467801930139.jpg
ERR: 无法加载模块:Public

[ 2016-07-06T18:53:32+08:00 ] ::1 /thinkphp/Public/Uploads/1467801930873.jpg
ERR: 无法加载模块:Public

[ 2016-07-06T18:53:38+08:00 ] ::1 /thinkphp/Public/Uploads/1467801623910.jpg
ERR: 无法加载模块:Public

[ 2016-07-06T19:15:07+08:00 ] ::1 /thinkphp/Public/Home/image/favicon-rr.ico
ERR: 无法加载模块:Public

[ 2016-07-06T20:57:42+08:00 ] ::1 /thinkphp/Public/Uploads/1
ERR: 无法加载模块:Public

[ 2016-07-06T20:57:44+08:00 ] ::1 /thinkphp/Public/Uploads/2016-07-06/1467771103_1040773809.png
ERR: 无法加载模块:Public

[ 2016-07-06T20:59:18+08:00 ] ::1 /thinkphp/Public/Uploads/1
ERR: 无法加载模块:Public

[ 2016-07-06T20:59:18+08:00 ] ::1 /thinkphp/Public/Uploads/1
ERR: 无法加载模块:Public

[ 2016-07-06T20:59:19+08:00 ] ::1 /thinkphp/Public/Uploads/2016-07-06/1467771103_1040773809.png
ERR: 无法加载模块:Public

[ 2016-07-06T21:02:47+08:00 ] ::1 /thinkphp/Public/Admin/images/favicon.ico
ERR: 无法加载模块:Public

[ 2016-07-06T21:06:10+08:00 ] ::1 /thinkphp/Public/Uploads/1
ERR: 无法加载模块:Public

[ 2016-07-06T21:06:10+08:00 ] ::1 /thinkphp/Public/Uploads/1
ERR: 无法加载模块:Public

[ 2016-07-06T21:06:12+08:00 ] ::1 /thinkphp/Public/Uploads/2016-07-06/1467771103_1040773809.png
ERR: 无法加载模块:Public

[ 2016-07-06T21:06:41+08:00 ] ::1 /thinkphp/Public/Uploads/1
ERR: 无法加载模块:Public

[ 2016-07-06T21:06:41+08:00 ] ::1 /thinkphp/Public/Uploads/1
ERR: 无法加载模块:Public

[ 2016-07-06T21:06:42+08:00 ] ::1 /thinkphp/Public/Uploads/2016-07-06/1467771103_1040773809.png
ERR: 无法加载模块:Public

[ 2016-07-06T21:28:50+08:00 ] ::1 /thinkphp/Public/Uploads/2016-07-05/1467701748_1331561977.jpg
ERR: 无法加载模块:Public

[ 2016-07-06T21:28:55+08:00 ] ::1 /thinkphp/Public/Uploads/2016-07-06/1467771103_1040773809.png
ERR: 无法加载模块:Public

[ 2016-07-06T21:29:45+08:00 ] ::1 /thinkphp/Public/Uploads/2016-07-05/1467701748_1331561977.jpg
ERR: 无法加载模块:Public

[ 2016-07-06T21:30:43+08:00 ] ::1 /thinkphp/Public/Home/img/uploadify-cancel.png
ERR: 无法加载模块:Public

[ 2016-07-06T21:31:52+08:00 ] ::1 /thinkphp/Public/Uploads/2016-07-06/1467771103_1040773809.png
ERR: 无法加载模块:Public

