[ 2016-06-28T14:23:32+08:00 ] ::1 /thinkphp/Public/Admin/images/favicon.ico
ERR: 无法加载模块:Public

[ 2016-06-28T14:31:26+08:00 ] ::1 /thinkphp/Public/Uploads/1
ERR: 无法加载模块:Public

[ 2016-06-28T14:31:27+08:00 ] ::1 /thinkphp/Public/Uploads/1
ERR: 无法加载模块:Public

[ 2016-06-28T14:32:40+08:00 ] ::1 /thinkphp/Public/Uploads/1
ERR: 无法加载模块:Public

[ 2016-06-28T14:32:41+08:00 ] ::1 /thinkphp/Public/Uploads/1
ERR: 无法加载模块:Public

[ 2016-06-28T14:32:56+08:00 ] ::1 /thinkphp/Public/Uploads/1
ERR: 无法加载模块:Public

[ 2016-06-28T14:32:56+08:00 ] ::1 /thinkphp/Public/Uploads/1
ERR: 无法加载模块:Public

[ 2016-06-28T14:33:02+08:00 ] ::1 /thinkphp/Public/Uploads/1
ERR: 无法加载模块:Public

[ 2016-06-28T14:33:10+08:00 ] ::1 /thinkphp/Public/Uploads/1
ERR: 无法加载模块:Public

[ 2016-06-28T14:33:10+08:00 ] ::1 /thinkphp/Public/Uploads/1
ERR: 无法加载模块:Public

[ 2016-06-28T14:33:18+08:00 ] ::1 /thinkphp/Public/Uploads/1
ERR: 无法加载模块:Public

[ 2016-06-28T14:38:30+08:00 ] ::1 /thinkphp/Public/Uploads/1
ERR: 无法加载模块:Public

[ 2016-06-28T14:38:31+08:00 ] ::1 /thinkphp/Public/Uploads/1
ERR: 无法加载模块:Public

[ 2016-06-28T14:41:18+08:00 ] ::1 /thinkphp/Public/Uploads/1
ERR: 无法加载模块:Public

[ 2016-06-28T14:41:18+08:00 ] ::1 /thinkphp/Public/Uploads/1
ERR: 无法加载模块:Public

[ 2016-06-28T14:41:38+08:00 ] ::1 /thinkphp/Public/Uploads/1
ERR: 无法加载模块:Public

[ 2016-06-28T14:41:39+08:00 ] ::1 /thinkphp/Public/Uploads/1
ERR: 无法加载模块:Public

[ 2016-06-28T14:42:36+08:00 ] ::1 /thinkphp/Public/Uploads/1
ERR: 无法加载模块:Public

[ 2016-06-28T14:43:02+08:00 ] ::1 /thinkphp/Public/Uploads/1
ERR: 无法加载模块:Public

[ 2016-06-28T14:43:29+08:00 ] ::1 /thinkphp/Public/Uploads/1
ERR: 无法加载模块:Public

[ 2016-06-28T14:47:36+08:00 ] ::1 /thinkphp/Public/Uploads/1
ERR: 无法加载模块:Public

[ 2016-06-28T14:52:13+08:00 ] ::1 /thinkphp/Public/Uploads/1
ERR: 无法加载模块:Public

[ 2016-06-28T14:52:13+08:00 ] ::1 /thinkphp/Public/Uploads/1
ERR: 无法加载模块:Public

[ 2016-06-28T15:09:43+08:00 ] ::1 /thinkphp/Public/Uploads/1
ERR: 无法加载模块:Public

[ 2016-06-28T15:09:44+08:00 ] ::1 /thinkphp/Public/Uploads/1
ERR: 无法加载模块:Public

[ 2016-06-28T17:43:43+08:00 ] ::1 /thinkphp/Public/Uploads/1
ERR: 无法加载模块:Public

[ 2016-06-28T17:48:21+08:00 ] ::1 /thinkphp/Public/Uploads/1
ERR: 无法加载模块:Public

[ 2016-06-28T17:48:21+08:00 ] ::1 /thinkphp/Public/Uploads/1
ERR: 无法加载模块:Public

[ 2016-06-28T17:49:46+08:00 ] ::1 /thinkphp/Public/Uploads/1
ERR: 无法加载模块:Public

[ 2016-06-28T18:07:54+08:00 ] ::1 /thinkphp/Public/Uploads/1
ERR: 无法加载模块:Public

[ 2016-06-28T18:07:55+08:00 ] ::1 /thinkphp/Public/Uploads/1
ERR: 无法加载模块:Public

[ 2016-06-28T18:09:12+08:00 ] ::1 /thinkphp/Public/Uploads/1
ERR: 无法加载模块:Public

[ 2016-06-28T18:09:39+08:00 ] ::1 /thinkphp/Public/Uploads/1
ERR: 无法加载模块:Public

[ 2016-06-28T18:09:41+08:00 ] ::1 /thinkphp/Public/Uploads/1
ERR: 无法加载模块:Public

[ 2016-06-28T18:10:27+08:00 ] ::1 /thinkphp/Public/Uploads/1
ERR: 无法加载模块:Public

[ 2016-06-28T18:10:52+08:00 ] ::1 /thinkphp/Public/Uploads/1
ERR: 无法加载模块:Public

[ 2016-06-28T18:10:52+08:00 ] ::1 /thinkphp/Public/Uploads/1
ERR: 无法加载模块:Public

[ 2016-06-28T18:11:08+08:00 ] ::1 /thinkphp/Public/Uploads/1
ERR: 无法加载模块:Public

[ 2016-06-28T18:11:26+08:00 ] ::1 /thinkphp/Public/Uploads/1
ERR: 无法加载模块:Public

[ 2016-06-28T18:11:46+08:00 ] ::1 /thinkphp/Public/Uploads/1
ERR: 无法加载模块:Public

[ 2016-06-28T18:12:11+08:00 ] ::1 /thinkphp/Public/Uploads/1
ERR: 无法加载模块:Public

[ 2016-06-28T18:12:11+08:00 ] ::1 /thinkphp/Public/Uploads/1
ERR: 无法加载模块:Public

[ 2016-06-28T18:13:44+08:00 ] ::1 /thinkphp/Public/Uploads/1
ERR: 无法加载模块:Public

[ 2016-06-28T18:14:05+08:00 ] ::1 /thinkphp/Public/Uploads/1
ERR: 无法加载模块:Public

[ 2016-06-28T18:14:05+08:00 ] ::1 /thinkphp/Public/Uploads/1
ERR: 无法加载模块:Public

[ 2016-06-28T18:15:45+08:00 ] ::1 /thinkphp/Public/Uploads/1
ERR: 无法加载模块:Public

[ 2016-06-28T18:15:46+08:00 ] ::1 /thinkphp/Public/Uploads/1
ERR: 无法加载模块:Public

[ 2016-06-28T18:18:35+08:00 ] ::1 /thinkphp/Public/Uploads/1
ERR: 无法加载模块:Public

[ 2016-06-28T18:18:35+08:00 ] ::1 /thinkphp/Public/Uploads/1
ERR: 无法加载模块:Public

[ 2016-06-28T18:20:08+08:00 ] ::1 /thinkphp/Public/Uploads/1
ERR: 无法加载模块:Public

[ 2016-06-28T18:20:41+08:00 ] ::1 /thinkphp/Public/Uploads/1
ERR: 无法加载模块:Public

[ 2016-06-28T18:20:41+08:00 ] ::1 /thinkphp/Public/Uploads/1
ERR: 无法加载模块:Public

[ 2016-06-28T18:20:58+08:00 ] ::1 /thinkphp/Public/Uploads/1
ERR: 无法加载模块:Public

[ 2016-06-28T18:20:58+08:00 ] ::1 /thinkphp/Public/Uploads/1
ERR: 无法加载模块:Public

[ 2016-06-28T18:21:28+08:00 ] ::1 /thinkphp/Public/Uploads/1
ERR: 无法加载模块:Public

[ 2016-06-28T18:21:28+08:00 ] ::1 /thinkphp/Public/Uploads/1
ERR: 无法加载模块:Public

[ 2016-06-28T18:22:07+08:00 ] ::1 /thinkphp/Public/Uploads/1
ERR: 无法加载模块:Public

[ 2016-06-28T18:22:41+08:00 ] ::1 /thinkphp/Public/Uploads/1
ERR: 无法加载模块:Public

[ 2016-06-28T18:23:19+08:00 ] ::1 /thinkphp/Public/Uploads/1
ERR: 无法加载模块:Public

[ 2016-06-28T18:23:35+08:00 ] ::1 /thinkphp/Public/Uploads/1
ERR: 无法加载模块:Public

[ 2016-06-28T18:23:35+08:00 ] ::1 /thinkphp/Public/Uploads/1
ERR: 无法加载模块:Public

[ 2016-06-28T18:23:52+08:00 ] ::1 /thinkphp/Public/Uploads/1
ERR: 无法加载模块:Public

[ 2016-06-28T18:23:52+08:00 ] ::1 /thinkphp/Public/Uploads/1
ERR: 无法加载模块:Public

[ 2016-06-28T18:27:27+08:00 ] ::1 /thinkphp/Public/Uploads/1
ERR: 无法加载模块:Public

[ 2016-06-28T18:28:37+08:00 ] ::1 /thinkphp/Public/Uploads/1
ERR: 无法加载模块:Public

[ 2016-06-28T19:20:08+08:00 ] ::1 /thinkphp/Public/Uploads/1
ERR: 无法加载模块:Public

[ 2016-06-28T19:21:19+08:00 ] ::1 /thinkphp/Public/Uploads/1
ERR: 无法加载模块:Public

[ 2016-06-28T19:48:15+08:00 ] ::1 /thinkphp/Public/Uploads/1
ERR: 无法加载模块:Public

[ 2016-06-28T20:08:49+08:00 ] ::1 /thinkphp/Public/Uploads/1
ERR: 无法加载模块:Public

[ 2016-06-28T20:09:23+08:00 ] ::1 /thinkphp/Public/Uploads/1
ERR: 无法加载模块:Public

[ 2016-06-28T20:09:23+08:00 ] ::1 /thinkphp/Public/Uploads/1
ERR: 无法加载模块:Public

[ 2016-06-28T21:02:00+08:00 ] ::1 /thinkphp/Public/Uploads/1
ERR: 无法加载模块:Public

[ 2016-06-28T21:02:00+08:00 ] ::1 /thinkphp/Public/Uploads/1
ERR: 无法加载模块:Public

[ 2016-06-28T21:02:31+08:00 ] ::1 /thinkphp/Public/Uploads/1
ERR: 无法加载模块:Public

[ 2016-06-28T21:02:32+08:00 ] ::1 /thinkphp/Public/Uploads/1
ERR: 无法加载模块:Public

[ 2016-06-28T21:02:51+08:00 ] ::1 /thinkphp/Public/Uploads/1
ERR: 无法加载模块:Public

[ 2016-06-28T21:02:51+08:00 ] ::1 /thinkphp/Public/Uploads/1
ERR: 无法加载模块:Public

[ 2016-06-28T21:02:55+08:00 ] ::1 /thinkphp/Public/Home/css/vip_index.16031.css
ERR: 无法加载模块:Public

[ 2016-06-28T21:02:56+08:00 ] ::1 /thinkphp/Public/Home/js/base-all.js
ERR: 无法加载模块:Public

[ 2016-06-28T21:02:56+08:00 ] ::1 /thinkphp/Public/Home/css/global-all-min.css
ERR: 无法加载模块:Public

[ 2016-06-28T21:02:56+08:00 ] ::1 /thinkphp/Public/Home/js/expressions.js
ERR: 无法加载模块:Public

[ 2016-06-28T21:02:56+08:00 ] ::1 /thinkphp/Public/Home/css/paynew.15955.css
ERR: 无法加载模块:Public

[ 2016-06-28T21:02:56+08:00 ] ::1 /thinkphp/Public/Home/css/pay-all-min.css
ERR: 无法加载模块:Public

[ 2016-06-28T21:02:56+08:00 ] ::1 /thinkphp/Public/Home/js/beacon.js
ERR: 无法加载模块:Public

[ 2016-06-28T21:02:56+08:00 ] ::1 /thinkphp/Public/Home/css/vip-pay-update.15345.css
ERR: 无法加载模块:Public

[ 2016-06-28T21:02:56+08:00 ] ::1 /thinkphp/Public/Home/js/portal.15968.js
ERR: 无法加载模块:Public

[ 2016-06-28T21:02:56+08:00 ] ::1 /thinkphp/Public/Home/js/xn.pay.16381.js
ERR: 无法加载模块:Public

[ 2016-06-28T21:02:56+08:00 ] ::1 /thinkphp/Public/Home/js/common.11300.js
ERR: 无法加载模块:Public

[ 2016-06-28T21:02:56+08:00 ] ::1 /thinkphp/Public/Home/images/vip/logo.png
ERR: 无法加载模块:Public

[ 2016-06-28T21:02:56+08:00 ] ::1 /thinkphp/Public/Home/images/vip/paytitle.jpg
ERR: 无法加载模块:Public

[ 2016-06-28T21:02:56+08:00 ] ::1 /thinkphp/Public/Home/images/vip/c_2.jpg
ERR: 无法加载模块:Public

[ 2016-06-28T21:02:56+08:00 ] ::1 /thinkphp/Public/Home/images/vip/back-tip.png
ERR: 无法加载模块:Public

[ 2016-06-28T21:02:56+08:00 ] ::1 /thinkphp/Public/Home/images/vip/c_3.jpg
ERR: 无法加载模块:Public

[ 2016-06-28T21:02:56+08:00 ] ::1 /thinkphp/Public/Home/images/vip/bljubao.gif
ERR: 无法加载模块:Public

[ 2016-06-28T21:02:57+08:00 ] ::1 /thinkphp/Public/Home/images/vip/back-tip.png
ERR: 无法加载模块:Public

[ 2016-06-28T21:02:58+08:00 ] ::1 /thinkphp/Public/Home/images/vip/bljubao.gif
ERR: 无法加载模块:Public

[ 2016-06-28T21:02:58+08:00 ] ::1 /thinkphp/Public/Home/images/vip/c_3.jpg
ERR: 无法加载模块:Public

[ 2016-06-28T21:02:58+08:00 ] ::1 /thinkphp/Public/Home/images/vip/c_2.jpg
ERR: 无法加载模块:Public

[ 2016-06-28T21:06:50+08:00 ] ::1 /thinkphp/Public/Home/css/vip-pay-update.15345.css
ERR: 无法加载模块:Public

[ 2016-06-28T21:06:50+08:00 ] ::1 /thinkphp/Public/Home/js/common.11300.js
ERR: 无法加载模块:Public

[ 2016-06-28T21:06:50+08:00 ] ::1 /thinkphp/Public/Home/css/paynew.15955.css
ERR: 无法加载模块:Public

[ 2016-06-28T21:06:50+08:00 ] ::1 /thinkphp/Public/Home/js/xn.pay.16381.js
ERR: 无法加载模块:Public

[ 2016-06-28T21:06:50+08:00 ] ::1 /thinkphp/Public/Home/js/beacon.js
ERR: 无法加载模块:Public

[ 2016-06-28T21:06:50+08:00 ] ::1 /thinkphp/Public/Home/js/portal.15968.js
ERR: 无法加载模块:Public

[ 2016-06-28T21:06:50+08:00 ] ::1 /thinkphp/Public/Home/images/vip/bljubao.gif
ERR: 无法加载模块:Public

[ 2016-06-28T21:06:50+08:00 ] ::1 /thinkphp/Public/Home/images/vip/paytitle.jpg
ERR: 无法加载模块:Public

[ 2016-06-28T21:06:50+08:00 ] ::1 /thinkphp/Public/Home/images/vip/logo.png
ERR: 无法加载模块:Public

[ 2016-06-28T21:06:50+08:00 ] ::1 /thinkphp/Public/Home/images/vip/c_3.jpg
ERR: 无法加载模块:Public

[ 2016-06-28T21:06:50+08:00 ] ::1 /thinkphp/Public/Home/images/vip/c_2.jpg
ERR: 无法加载模块:Public

[ 2016-06-28T21:06:50+08:00 ] ::1 /thinkphp/Public/Home/images/vip/back-tip.png
ERR: 无法加载模块:Public

[ 2016-06-28T21:06:52+08:00 ] ::1 /thinkphp/Public/Home/images/vip/bljubao.gif
ERR: 无法加载模块:Public

[ 2016-06-28T21:06:52+08:00 ] ::1 /thinkphp/Public/Home/images/vip/c_3.jpg
ERR: 无法加载模块:Public

[ 2016-06-28T21:06:52+08:00 ] ::1 /thinkphp/Public/Home/images/vip/back-tip.png
ERR: 无法加载模块:Public

[ 2016-06-28T21:06:52+08:00 ] ::1 /thinkphp/Public/Home/images/vip/c_2.jpg
ERR: 无法加载模块:Public

[ 2016-06-28T21:12:14+08:00 ] ::1 /thinkphp/Public/Home/css/paynew.15955.css
ERR: 无法加载模块:Public

[ 2016-06-28T21:12:14+08:00 ] ::1 /thinkphp/Public/Home/images/vip/logo.png
ERR: 无法加载模块:Public

[ 2016-06-28T21:12:14+08:00 ] ::1 /thinkphp/Public/Home/css/vip-pay-update.15345.css
ERR: 无法加载模块:Public

[ 2016-06-28T21:12:14+08:00 ] ::1 /thinkphp/Public/Home/images/vip/c_2.jpg
ERR: 无法加载模块:Public

[ 2016-06-28T21:12:14+08:00 ] ::1 /thinkphp/Public/Home/images/vip/bljubao.gif
ERR: 无法加载模块:Public

[ 2016-06-28T21:12:14+08:00 ] ::1 /thinkphp/Public/Home/images/vip/paytitle.jpg
ERR: 无法加载模块:Public

[ 2016-06-28T21:12:14+08:00 ] ::1 /thinkphp/Public/Home/images/vip/c_3.jpg
ERR: 无法加载模块:Public

[ 2016-06-28T21:12:14+08:00 ] ::1 /thinkphp/Public/Home/images/vip/back-tip.png
ERR: 无法加载模块:Public

[ 2016-06-28T21:12:15+08:00 ] ::1 /thinkphp/Public/Home/images/vip/c_2.jpg
ERR: 无法加载模块:Public

[ 2016-06-28T21:12:15+08:00 ] ::1 /thinkphp/Public/Home/images/vip/back-tip.png
ERR: 无法加载模块:Public

[ 2016-06-28T21:12:15+08:00 ] ::1 /thinkphp/Public/Home/images/vip/c_3.jpg
ERR: 无法加载模块:Public

[ 2016-06-28T21:12:15+08:00 ] ::1 /thinkphp/Public/Home/images/vip/bljubao.gif
ERR: 无法加载模块:Public

[ 2016-06-28T21:19:45+08:00 ] ::1 /thinkphp/Public/Uploads/1
ERR: 无法加载模块:Public

[ 2016-06-28T21:19:46+08:00 ] ::1 /thinkphp/Public/Uploads/1
ERR: 无法加载模块:Public

[ 2016-06-28T21:19:52+08:00 ] ::1 /thinkphp/Public/Home/css/paynew.15955.css
ERR: 无法加载模块:Public

[ 2016-06-28T21:19:52+08:00 ] ::1 /thinkphp/Public/Home/images/vip/bljubao.gif
ERR: 无法加载模块:Public

[ 2016-06-28T21:19:52+08:00 ] ::1 /thinkphp/Public/Home/images/vip/c_2.jpg
ERR: 无法加载模块:Public

[ 2016-06-28T21:19:52+08:00 ] ::1 /thinkphp/Public/Home/images/vip/logo.png
ERR: 无法加载模块:Public

[ 2016-06-28T21:19:52+08:00 ] ::1 /thinkphp/Public/Home/images/vip/paytitle.jpg
ERR: 无法加载模块:Public

[ 2016-06-28T21:19:52+08:00 ] ::1 /thinkphp/Public/Home/images/vip/c_3.jpg
ERR: 无法加载模块:Public

[ 2016-06-28T21:19:52+08:00 ] ::1 /thinkphp/Public/Home/images/vip/back-tip.png
ERR: 无法加载模块:Public

[ 2016-06-28T21:19:57+08:00 ] ::1 /thinkphp/Public/Home/js/expressions.js
ERR: 无法加载模块:Public

[ 2016-06-28T21:19:57+08:00 ] ::1 /thinkphp/Public/Home/js/base-all.js
ERR: 无法加载模块:Public

[ 2016-06-28T21:19:57+08:00 ] ::1 /thinkphp/Public/Home/js/beacon.js
ERR: 无法加载模块:Public

[ 2016-06-28T21:19:57+08:00 ] ::1 /thinkphp/Public/Home/css/paynew.15955.css
ERR: 无法加载模块:Public

[ 2016-06-28T21:19:57+08:00 ] ::1 /thinkphp/Public/Home/js/xn.pay.16381.js
ERR: 无法加载模块:Public

[ 2016-06-28T21:19:57+08:00 ] ::1 /thinkphp/Public/Home/js/portal.15968.js
ERR: 无法加载模块:Public

[ 2016-06-28T21:19:57+08:00 ] ::1 /thinkphp/Public/Home/images/vip/bljubao.gif
ERR: 无法加载模块:Public

[ 2016-06-28T21:19:57+08:00 ] ::1 /thinkphp/Public/Home/images/vip/logo.png
ERR: 无法加载模块:Public

[ 2016-06-28T21:19:57+08:00 ] ::1 /thinkphp/Public/Home/images/vip/paytitle.jpg
ERR: 无法加载模块:Public

[ 2016-06-28T21:19:57+08:00 ] ::1 /thinkphp/Public/Home/images/vip/c_2.jpg
ERR: 无法加载模块:Public

[ 2016-06-28T21:19:57+08:00 ] ::1 /thinkphp/Public/Home/js/common.11300.js
ERR: 无法加载模块:Public

[ 2016-06-28T21:19:58+08:00 ] ::1 /thinkphp/Public/Home/images/vip/c_3.jpg
ERR: 无法加载模块:Public

[ 2016-06-28T21:19:58+08:00 ] ::1 /thinkphp/Public/Home/images/vip/back-tip.png
ERR: 无法加载模块:Public

[ 2016-06-28T21:21:04+08:00 ] ::1 /thinkphp/Public/Home/css/paynew.15955.css
ERR: 无法加载模块:Public

[ 2016-06-28T21:21:04+08:00 ] ::1 /thinkphp/Public/Home/images/vip/logo.png
ERR: 无法加载模块:Public

[ 2016-06-28T21:21:04+08:00 ] ::1 /thinkphp/Public/Home/images/vip/bljubao.gif
ERR: 无法加载模块:Public

[ 2016-06-28T21:21:04+08:00 ] ::1 /thinkphp/Public/Home/images/vip/c_2.jpg
ERR: 无法加载模块:Public

[ 2016-06-28T21:21:04+08:00 ] ::1 /thinkphp/Public/Home/images/vip/back-tip.png
ERR: 无法加载模块:Public

[ 2016-06-28T21:21:04+08:00 ] ::1 /thinkphp/Public/Home/images/vip/paytitle.jpg
ERR: 无法加载模块:Public

[ 2016-06-28T21:21:04+08:00 ] ::1 /thinkphp/Public/Home/images/vip/c_3.jpg
ERR: 无法加载模块:Public

[ 2016-06-28T21:23:35+08:00 ] ::1 /thinkphp/Public/Home/images/vip/paytitle.jpg
ERR: 无法加载模块:Public

[ 2016-06-28T21:23:35+08:00 ] ::1 /thinkphp/Public/Home/images/vip/c_3.jpg
ERR: 无法加载模块:Public

[ 2016-06-28T21:23:35+08:00 ] ::1 /thinkphp/Public/Home/images/vip/logo.png
ERR: 无法加载模块:Public

[ 2016-06-28T21:23:35+08:00 ] ::1 /thinkphp/Public/Home/images/vip/c_2.jpg
ERR: 无法加载模块:Public

[ 2016-06-28T21:23:35+08:00 ] ::1 /thinkphp/Public/Home/images/vip/back-tip.png
ERR: 无法加载模块:Public

[ 2016-06-28T21:23:35+08:00 ] ::1 /thinkphp/Public/Home/images/vip/bljubao.gif
ERR: 无法加载模块:Public

[ 2016-06-28T21:23:36+08:00 ] ::1 /thinkphp/Public/Home/images/vip/small.png
ERR: 无法加载模块:Public

[ 2016-06-28T21:23:36+08:00 ] ::1 /thinkphp/Public/Home/images/vip/pay_way.png
ERR: 无法加载模块:Public

[ 2016-06-28T21:23:36+08:00 ] ::1 /thinkphp/Public/images/vip/small.png
ERR: 无法加载模块:Public

[ 2016-06-28T22:01:42+08:00 ] ::1 /thinkphp/Public/Admin/images/favicon.ico
ERR: 无法加载模块:Public

[ 2016-06-28T23:33:04+08:00 ] ::1 /thinkphp/Public/Uploads/1
ERR: 无法加载模块:Public

[ 2016-06-28T23:33:05+08:00 ] ::1 /thinkphp/Public/Uploads/1
ERR: 无法加载模块:Public

