[ 2016-06-21T00:36:41+08:00 ] ::1 /thinkphp/Public/Home/images/stage-tab-icons.png
ERR: 无法加载模块:Public

[ 2016-06-21T01:25:11+08:00 ] ::1 /thinkphp/Public/Home/image/favicon-rr.ico
ERR: 无法加载模块:Public

[ 2016-06-21T01:26:34+08:00 ] ::1 /thinkphp/Public/Home/images/stage-tab-icons.png
ERR: 无法加载模块:Public

[ 2016-06-21T01:41:14+08:00 ] ::1 /thinkphp/Public/Home/image/favicon-rr.ico
ERR: 无法加载模块:Public

[ 2016-06-21T01:41:38+08:00 ] ::1 /thinkphp/Public/Home/images/stage-tab-icons.png
ERR: 无法加载模块:Public

[ 2016-06-21T02:24:22+08:00 ] ::1 /thinkphp/Public/Home/images/stage-tab-icons.png
ERR: 无法加载模块:Public

[ 2016-06-21T09:38:05+08:00 ] ::1 /thinkphp/Public/Home/images/stage-tab-icons.png
ERR: 无法加载模块:Public

[ 2016-06-21T13:11:12+08:00 ] ::1 /thinkphp/Public/Home/images/stage-tab-icons.png
ERR: 无法加载模块:Public

[ 2016-06-21T13:42:24+08:00 ] ::1 /thinkphp/Public/Home/images/stage-tab-icons.png
ERR: 无法加载模块:Public

[ 2016-06-21T13:48:43+08:00 ] ::1 /thinkphp/Public/Home/images/stage-tab-icons.png
ERR: 无法加载模块:Public

[ 2016-06-21T13:53:27+08:00 ] ::1 /thinkphp/Public/Home/images/stage-tab-icons.png
ERR: 无法加载模块:Public

[ 2016-06-21T15:21:03+08:00 ] ::1 /thinkphp/Public/Home/images/stage-tab-icons.png
ERR: 无法加载模块:Public

[ 2016-06-21T20:21:03+08:00 ] ::1 /thinkphp/Public/Home/images/stage-tab-icons.png
ERR: 无法加载模块:Public

[ 2016-06-21T20:29:26+08:00 ] ::1 /thinkphp/Public/Home/Uploads/2016-06-21/1466505418_1210720015.jpg
ERR: 无法加载模块:Public

[ 2016-06-21T21:59:22+08:00 ] ::1 /thinkphp/Public/Uploads/dele.jpg
ERR: 无法加载模块:Public

[ 2016-06-21T23:29:20+08:00 ] ::1 /thinkphp/Public/Home/images/stage-tab-icons.png
ERR: 无法加载模块:Public

[ 2016-06-21T23:50:35+08:00 ] ::1 /thinkphp/Public/Home/images/stage-tab-icons.png
ERR: 无法加载模块:Public

