[ 2017-03-01T16:00:59+08:00 ] ::1 /my/ThinkPHPkj/
INFO: [ app_begin ] --START--
INFO: Run Behavior\ReadHtmlCache [ RunTime:0.001000s ]
INFO: [ app_begin ] --END-- [ RunTime:0.002000s ]
INFO: [ view_parse ] --START--
INFO: [ template_filter ] --START--
INFO: Run Behavior\ContentReplace [ RunTime:0.000000s ]
INFO: [ template_filter ] --END-- [ RunTime:0.000000s ]
INFO: Run Behavior\ParseTemplate [ RunTime:0.016001s ]
INFO: [ view_parse ] --END-- [ RunTime:0.016001s ]
INFO: [ view_filter ] --START--
INFO: Run Behavior\WriteHtmlCache [ RunTime:0.001000s ]
INFO: [ view_filter ] --END-- [ RunTime:0.001000s ]
INFO: [ app_end ] --START--
INFO: Run Behavior\ShowPageTrace [ RunTime:0.001000s ]
INFO: [ app_end ] --END-- [ RunTime:0.001000s ]

[ 2017-03-01T16:00:59+08:00 ] ::1 /my/ThinkPHPkj/index.php/Home/Index/verify_c.html
INFO: [ app_begin ] --START--
INFO: Run Behavior\ReadHtmlCache [ RunTime:0.000000s ]
INFO: [ app_begin ] --END-- [ RunTime:0.001000s ]
INFO: [ app_end ] --START--
INFO: Run Behavior\ShowPageTrace [ RunTime:0.001000s ]
INFO: [ app_end ] --END-- [ RunTime:0.001000s ]

[ 2017-03-01T16:07:11+08:00 ] ::1 /my/ThinkPHPkj/
INFO: [ app_begin ] --START--
INFO: Run Behavior\ReadHtmlCache [ RunTime:0.000000s ]
INFO: [ app_begin ] --END-- [ RunTime:0.001000s ]
INFO: [ view_parse ] --START--
INFO: [ template_filter ] --START--
INFO: Run Behavior\ContentReplace [ RunTime:0.000000s ]
INFO: [ template_filter ] --END-- [ RunTime:0.000000s ]
INFO: Run Behavior\ParseTemplate [ RunTime:0.013001s ]
INFO: [ view_parse ] --END-- [ RunTime:0.014001s ]
INFO: [ view_filter ] --START--
INFO: Run Behavior\WriteHtmlCache [ RunTime:0.000000s ]
INFO: [ view_filter ] --END-- [ RunTime:0.000000s ]
INFO: [ app_end ] --START--
INFO: Run Behavior\ShowPageTrace [ RunTime:0.001000s ]
INFO: [ app_end ] --END-- [ RunTime:0.001000s ]

[ 2017-03-01T16:07:11+08:00 ] ::1 /my/ThinkPHPkj/index.php/Home/Index/verify_c.html
INFO: [ app_begin ] --START--
INFO: Run Behavior\ReadHtmlCache [ RunTime:0.001000s ]
INFO: [ app_begin ] --END-- [ RunTime:0.002000s ]
INFO: [ app_end ] --START--
INFO: Run Behavior\ShowPageTrace [ RunTime:0.001000s ]
INFO: [ app_end ] --END-- [ RunTime:0.001000s ]

[ 2017-03-01T16:10:28+08:00 ] ::1 /my/ThinkPHPkj/
INFO: [ app_begin ] --START--
INFO: Run Behavior\ReadHtmlCache [ RunTime:0.000000s ]
INFO: [ app_begin ] --END-- [ RunTime:0.000000s ]
INFO: [ view_parse ] --START--
INFO: [ template_filter ] --START--
INFO: Run Behavior\ContentReplace [ RunTime:0.000000s ]
INFO: [ template_filter ] --END-- [ RunTime:0.000000s ]
INFO: Run Behavior\ParseTemplate [ RunTime:0.005001s ]
INFO: [ view_parse ] --END-- [ RunTime:0.005001s ]
INFO: [ view_filter ] --START--
INFO: Run Behavior\WriteHtmlCache [ RunTime:0.000000s ]
INFO: [ view_filter ] --END-- [ RunTime:0.000000s ]
INFO: [ app_end ] --START--
INFO: Run Behavior\ShowPageTrace [ RunTime:0.001000s ]
INFO: [ app_end ] --END-- [ RunTime:0.001000s ]

[ 2017-03-01T16:10:59+08:00 ] ::1 /my/ThinkPHPkj/
INFO: [ app_begin ] --START--
INFO: Run Behavior\ReadHtmlCache [ RunTime:0.000000s ]
INFO: [ app_begin ] --END-- [ RunTime:0.000000s ]
INFO: [ view_parse ] --START--
INFO: [ template_filter ] --START--
INFO: Run Behavior\ContentReplace [ RunTime:0.000000s ]
INFO: [ template_filter ] --END-- [ RunTime:0.000000s ]
INFO: Run Behavior\ParseTemplate [ RunTime:0.004001s ]
INFO: [ view_parse ] --END-- [ RunTime:0.004001s ]
INFO: [ view_filter ] --START--
INFO: Run Behavior\WriteHtmlCache [ RunTime:0.000000s ]
INFO: [ view_filter ] --END-- [ RunTime:0.000000s ]
INFO: [ app_end ] --START--
INFO: Run Behavior\ShowPageTrace [ RunTime:0.000000s ]
INFO: [ app_end ] --END-- [ RunTime:0.000000s ]

[ 2017-03-01T16:11:04+08:00 ] ::1 /my/ThinkPHPkj/index.php/Home/Index/login
INFO: [ app_begin ] --START--
INFO: Run Behavior\ReadHtmlCache [ RunTime:0.000000s ]
INFO: [ app_begin ] --END-- [ RunTime:0.000000s ]

[ 2017-03-01T16:11:47+08:00 ] ::1 /my/ThinkPHPkj/
INFO: [ app_begin ] --START--
INFO: Run Behavior\ReadHtmlCache [ RunTime:0.000000s ]
INFO: [ app_begin ] --END-- [ RunTime:0.000000s ]
INFO: [ view_parse ] --START--
INFO: [ template_filter ] --START--
INFO: Run Behavior\ContentReplace [ RunTime:0.000000s ]
INFO: [ template_filter ] --END-- [ RunTime:0.000000s ]
INFO: Run Behavior\ParseTemplate [ RunTime:0.003001s ]
INFO: [ view_parse ] --END-- [ RunTime:0.004001s ]
INFO: [ view_filter ] --START--
INFO: Run Behavior\WriteHtmlCache [ RunTime:0.000000s ]
INFO: [ view_filter ] --END-- [ RunTime:0.000000s ]
INFO: [ app_end ] --START--
INFO: Run Behavior\ShowPageTrace [ RunTime:0.000000s ]
INFO: [ app_end ] --END-- [ RunTime:0.000000s ]

[ 2017-03-01T16:11:48+08:00 ] ::1 /my/ThinkPHPkj/
INFO: [ app_begin ] --START--
INFO: Run Behavior\ReadHtmlCache [ RunTime:0.000000s ]
INFO: [ app_begin ] --END-- [ RunTime:0.001000s ]
INFO: [ view_parse ] --START--
INFO: [ template_filter ] --START--
INFO: Run Behavior\ContentReplace [ RunTime:0.000000s ]
INFO: [ template_filter ] --END-- [ RunTime:0.000000s ]
INFO: Run Behavior\ParseTemplate [ RunTime:0.003000s ]
INFO: [ view_parse ] --END-- [ RunTime:0.004000s ]
INFO: [ view_filter ] --START--
INFO: Run Behavior\WriteHtmlCache [ RunTime:0.000000s ]
INFO: [ view_filter ] --END-- [ RunTime:0.000000s ]
INFO: [ app_end ] --START--
INFO: Run Behavior\ShowPageTrace [ RunTime:0.000000s ]
INFO: [ app_end ] --END-- [ RunTime:0.000000s ]

[ 2017-03-01T16:11:49+08:00 ] ::1 /my/ThinkPHPkj/index.php/Home/Index/login
INFO: [ app_begin ] --START--
INFO: Run Behavior\ReadHtmlCache [ RunTime:0.000000s ]
INFO: [ app_begin ] --END-- [ RunTime:0.000000s ]

[ 2017-03-01T16:11:57+08:00 ] ::1 /my/ThinkPHPkj/
INFO: [ app_begin ] --START--
INFO: Run Behavior\ReadHtmlCache [ RunTime:0.000000s ]
INFO: [ app_begin ] --END-- [ RunTime:0.000000s ]
INFO: [ view_parse ] --START--
INFO: [ template_filter ] --START--
INFO: Run Behavior\ContentReplace [ RunTime:0.000000s ]
INFO: [ template_filter ] --END-- [ RunTime:0.000000s ]
INFO: Run Behavior\ParseTemplate [ RunTime:0.004000s ]
INFO: [ view_parse ] --END-- [ RunTime:0.004000s ]
INFO: [ view_filter ] --START--
INFO: Run Behavior\WriteHtmlCache [ RunTime:0.000000s ]
INFO: [ view_filter ] --END-- [ RunTime:0.001000s ]
INFO: [ app_end ] --START--
INFO: Run Behavior\ShowPageTrace [ RunTime:0.000000s ]
INFO: [ app_end ] --END-- [ RunTime:0.000000s ]

[ 2017-03-01T16:18:19+08:00 ] ::1 /my/ThinkPHPkj/index.php/Home/Index/login
ERR: Access denied for user ''@'localhost' (using password: NO)

[ 2017-03-01T16:19:05+08:00 ] ::1 /my/ThinkPHPkj/index.php/Home/Index/login
INFO: [ app_begin ] --START--
INFO: Run Behavior\ReadHtmlCache [ RunTime:0.001000s ]
INFO: [ app_begin ] --END-- [ RunTime:0.002000s ]
NOTIC: [2] mysql_connect() [<a href='function.mysql-connect'>function.mysql-connect</a>]: Access denied for user ''@'localhost' (using password: NO) D:\phpStudy\WWW\my\ThinkPHPkj\ThinkPHP\Library\Think\Db\Driver\Mysql.class.php 第 52 行.
ERR: Access denied for user ''@'localhost' (using password: NO)

[ 2017-03-01T16:29:03+08:00 ] ::1 /my/ThinkPHPkj/index.php/Home/Homepage/CSS_URLxinyun.css
ERR: 非法操作:css_urlxinyun.css

[ 2017-03-01T16:29:03+08:00 ] ::1 /my/ThinkPHPkj/index.php/Home/Homepage/JS_URLjquery.easing.min.js
ERR: 非法操作:js_urljquery.easing.min.js

[ 2017-03-01T16:29:03+08:00 ] ::1 /my/ThinkPHPkj/index.php/Home/Homepage/JS_URLjquery-1.11.2.min.js
ERR: 非法操作:js_urljquery-1.11.2.min.js

[ 2017-03-01T16:29:04+08:00 ] ::1 /my/ThinkPHPkj/index.php/Home/Homepage/JS_URLjQueryRotate.2.2.js
ERR: 非法操作:js_urljqueryrotate.2.2.js

[ 2017-03-01T16:29:04+08:00 ] ::1 /my/ThinkPHPkj/index.php/Home/Homepage/JS_URLjquery.easing.min.js
ERR: 非法操作:js_urljquery.easing.min.js

[ 2017-03-01T16:30:36+08:00 ] ::1 /my/ThinkPHPkj/index.php/Home/Homepage/CSS_URLxinyun.css
ERR: 非法操作:css_urlxinyun.css

[ 2017-03-01T16:30:36+08:00 ] ::1 /my/ThinkPHPkj/index.php/Home/Homepage/JS_URLjQueryRotate.2.2.js
ERR: 非法操作:js_urljqueryrotate.2.2.js

[ 2017-03-01T16:30:36+08:00 ] ::1 /my/ThinkPHPkj/index.php/Home/Homepage/JS_URLjquery.easing.min.js
ERR: 非法操作:js_urljquery.easing.min.js

[ 2017-03-01T16:30:37+08:00 ] ::1 /my/ThinkPHPkj/index.php/Home/Homepage/JS_URLjquery-1.11.2.min.js
ERR: 非法操作:js_urljquery-1.11.2.min.js

[ 2017-03-01T16:30:37+08:00 ] ::1 /my/ThinkPHPkj/index.php/Home/Homepage/JS_URLjQueryRotate.2.2.js
ERR: 非法操作:js_urljqueryrotate.2.2.js

[ 2017-03-01T16:30:37+08:00 ] ::1 /my/ThinkPHPkj/index.php/Home/Homepage/JS_URLjquery.easing.min.js
ERR: 非法操作:js_urljquery.easing.min.js

[ 2017-03-01T16:31:15+08:00 ] ::1 /my/ThinkPHPkj/index.php/Home/Homepage/CSS_URLxinyun.css
ERR: 非法操作:css_urlxinyun.css

[ 2017-03-01T16:31:15+08:00 ] ::1 /my/ThinkPHPkj/index.php/Home/Homepage/JS_URLjQueryRotate.2.2.js
ERR: 非法操作:js_urljqueryrotate.2.2.js

[ 2017-03-01T16:31:15+08:00 ] ::1 /my/ThinkPHPkj/index.php/Home/Homepage/JS_URLjquery.easing.min.js
ERR: 非法操作:js_urljquery.easing.min.js

[ 2017-03-01T16:31:16+08:00 ] ::1 /my/ThinkPHPkj/index.php/Home/Homepage/JS_URLjquery-1.11.2.min.js
ERR: 非法操作:js_urljquery-1.11.2.min.js

[ 2017-03-01T16:31:16+08:00 ] ::1 /my/ThinkPHPkj/index.php/Home/Homepage/JS_URLjQueryRotate.2.2.js
ERR: 非法操作:js_urljqueryrotate.2.2.js

[ 2017-03-01T16:31:16+08:00 ] ::1 /my/ThinkPHPkj/index.php/Home/Homepage/JS_URLjquery.easing.min.js
ERR: 非法操作:js_urljquery.easing.min.js

[ 2017-03-01T16:31:16+08:00 ] ::1 /my/ThinkPHPkj/index.php/Home/Homepage/CSS_URLxinyun.css
ERR: 非法操作:css_urlxinyun.css

[ 2017-03-01T16:31:16+08:00 ] ::1 /my/ThinkPHPkj/index.php/Home/Homepage/JS_URLjQueryRotate.2.2.js
ERR: 非法操作:js_urljqueryrotate.2.2.js

[ 2017-03-01T16:31:16+08:00 ] ::1 /my/ThinkPHPkj/index.php/Home/Homepage/JS_URLjquery.easing.min.js
ERR: 非法操作:js_urljquery.easing.min.js

[ 2017-03-01T16:31:17+08:00 ] ::1 /my/ThinkPHPkj/index.php/Home/Homepage/JS_URLjquery-1.11.2.min.js
ERR: 非法操作:js_urljquery-1.11.2.min.js

[ 2017-03-01T16:31:17+08:00 ] ::1 /my/ThinkPHPkj/index.php/Home/Homepage/JS_URLjQueryRotate.2.2.js
ERR: 非法操作:js_urljqueryrotate.2.2.js

[ 2017-03-01T16:31:17+08:00 ] ::1 /my/ThinkPHPkj/index.php/Home/Homepage/JS_URLjquery.easing.min.js
ERR: 非法操作:js_urljquery.easing.min.js

[ 2017-03-01T16:33:21+08:00 ] ::1 /my/ThinkPHPkj/index.php/Home/Homepage/CSS_URLxinyun.css
ERR: 非法操作:css_urlxinyun.css

[ 2017-03-01T16:33:21+08:00 ] ::1 /my/ThinkPHPkj/index.php/Home/Homepage/JS_URLjQueryRotate.2.2.js
ERR: 非法操作:js_urljqueryrotate.2.2.js

[ 2017-03-01T16:33:22+08:00 ] ::1 /my/ThinkPHPkj/index.php/Home/Homepage/__PUBLIC__jquery-1.11.2.min.js
ERR: 非法操作:__public__jquery-1.11.2.min.js

[ 2017-03-01T16:33:22+08:00 ] ::1 /my/ThinkPHPkj/index.php/Home/Homepage/JS_URLjquery.easing.min.js
ERR: 非法操作:js_urljquery.easing.min.js

[ 2017-03-01T16:33:22+08:00 ] ::1 /my/ThinkPHPkj/index.php/Home/Homepage/JS_URLjQueryRotate.2.2.js
ERR: 非法操作:js_urljqueryrotate.2.2.js

[ 2017-03-01T16:33:22+08:00 ] ::1 /my/ThinkPHPkj/index.php/Home/Homepage/JS_URLjquery.easing.min.js
ERR: 非法操作:js_urljquery.easing.min.js

[ 2017-03-01T16:34:01+08:00 ] ::1 /my/ThinkPHPkj/index.php/Home/Homepage/js/jquery-1.11.2.min.js
ERR: 非法操作:js

[ 2017-03-01T16:34:01+08:00 ] ::1 /my/ThinkPHPkj/index.php/Home/Homepage/CSS_URLxinyun.css
ERR: 非法操作:css_urlxinyun.css

[ 2017-03-01T16:34:01+08:00 ] ::1 /my/ThinkPHPkj/index.php/Home/Homepage/js/jQueryRotate.2.2.js
ERR: 非法操作:js

[ 2017-03-01T16:34:01+08:00 ] ::1 /my/ThinkPHPkj/index.php/Home/Homepage/js/jquery.easing.min.js
ERR: 非法操作:js

[ 2017-03-01T16:35:02+08:00 ] ::1 /my/ThinkPHPkj/index.php/Home/Homepage/CSS_URLxinyun.css
ERR: 非法操作:css_urlxinyun.css

[ 2017-03-01T16:35:02+08:00 ] ::1 /my/ThinkPHPkj/index.php/Home/Homepage/js/jquery-1.11.2.min.js
ERR: 非法操作:js

[ 2017-03-01T16:35:02+08:00 ] ::1 /my/ThinkPHPkj/index.php/Home/Homepage/js/jQueryRotate.2.2.js
ERR: 非法操作:js

[ 2017-03-01T16:35:03+08:00 ] ::1 /my/ThinkPHPkj/index.php/Home/Homepage/js/jquery.easing.min.js
ERR: 非法操作:js

[ 2017-03-01T16:35:03+08:00 ] ::1 /my/ThinkPHPkj/index.php/Home/Homepage/CSS_URLxinyun.css
ERR: 非法操作:css_urlxinyun.css

[ 2017-03-01T16:35:03+08:00 ] ::1 /my/ThinkPHPkj/index.php/Home/Homepage/js/jquery-1.11.2.min.js
ERR: 非法操作:js

[ 2017-03-01T16:35:03+08:00 ] ::1 /my/ThinkPHPkj/index.php/Home/Homepage/js/jQueryRotate.2.2.js
ERR: 非法操作:js

[ 2017-03-01T16:35:03+08:00 ] ::1 /my/ThinkPHPkj/index.php/Home/Homepage/js/jquery.easing.min.js
ERR: 非法操作:js

[ 2017-03-01T16:35:04+08:00 ] ::1 /my/ThinkPHPkj/index.php/Home/Homepage/js/jquery-1.11.2.min.js
ERR: 非法操作:js

[ 2017-03-01T16:35:04+08:00 ] ::1 /my/ThinkPHPkj/index.php/Home/Homepage/CSS_URLxinyun.css
ERR: 非法操作:css_urlxinyun.css

[ 2017-03-01T16:35:04+08:00 ] ::1 /my/ThinkPHPkj/index.php/Home/Homepage/js/jQueryRotate.2.2.js
ERR: 非法操作:js

[ 2017-03-01T16:35:04+08:00 ] ::1 /my/ThinkPHPkj/index.php/Home/Homepage/js/jquery.easing.min.js
ERR: 非法操作:js

[ 2017-03-01T16:35:38+08:00 ] ::1 /my/ThinkPHPkj/index.php/Home/Homepage/CSS_URLxinyun.css
ERR: 非法操作:css_urlxinyun.css

[ 2017-03-01T16:35:38+08:00 ] ::1 /my/ThinkPHPkj/index.php/Home/Homepage/js/jquery.easing.min.js
ERR: 非法操作:js

[ 2017-03-01T16:35:38+08:00 ] ::1 /my/ThinkPHPkj/index.php/Home/Homepage/js/jQueryRotate.2.2.js
ERR: 非法操作:js

[ 2017-03-01T16:35:39+08:00 ] ::1 /my/ThinkPHPkj/index.php/Home/Homepage/CSS_URLxinyun.css
ERR: 非法操作:css_urlxinyun.css

[ 2017-03-01T16:35:39+08:00 ] ::1 /my/ThinkPHPkj/index.php/Home/Homepage/js/jQueryRotate.2.2.js
ERR: 非法操作:js

[ 2017-03-01T16:35:39+08:00 ] ::1 /my/ThinkPHPkj/index.php/Home/Homepage/CSS_URLxinyun.css
ERR: 非法操作:css_urlxinyun.css

[ 2017-03-01T16:35:39+08:00 ] ::1 /my/ThinkPHPkj/index.php/Home/Homepage/js/jQueryRotate.2.2.js
ERR: 非法操作:js

[ 2017-03-01T16:35:39+08:00 ] ::1 /my/ThinkPHPkj/index.php/Home/Homepage/CSS_URLxinyun.css
ERR: 非法操作:css_urlxinyun.css

[ 2017-03-01T16:35:39+08:00 ] ::1 /my/ThinkPHPkj/index.php/Home/Homepage/js/jQueryRotate.2.2.js
ERR: 非法操作:js

[ 2017-03-01T16:35:39+08:00 ] ::1 /my/ThinkPHPkj/index.php/Home/Homepage/js/jquery.easing.min.js
ERR: 非法操作:js

[ 2017-03-01T16:35:39+08:00 ] ::1 /my/ThinkPHPkj/index.php/Home/Homepage/js/jquery-1.11.2.min.js
ERR: 非法操作:js

[ 2017-03-01T16:35:40+08:00 ] ::1 /my/ThinkPHPkj/index.php/Home/Homepage/js/jquery-1.11.2.min.js
ERR: 非法操作:js

[ 2017-03-01T16:35:40+08:00 ] ::1 /my/ThinkPHPkj/index.php/Home/Homepage/js/jquery.easing.min.js
ERR: 非法操作:js

[ 2017-03-01T16:35:40+08:00 ] ::1 /my/ThinkPHPkj/index.php/Home/Homepage/js/jquery-1.11.2.min.js
ERR: 非法操作:js

[ 2017-03-01T16:35:40+08:00 ] ::1 /my/ThinkPHPkj/index.php/Home/Homepage/js/jquery.easing.min.js
ERR: 非法操作:js

[ 2017-03-01T16:35:40+08:00 ] ::1 /my/ThinkPHPkj/index.php/Home/Homepage/js/jquery-1.11.2.min.js
ERR: 非法操作:js

[ 2017-03-01T16:35:40+08:00 ] ::1 /my/ThinkPHPkj/index.php/Home/Homepage/js/jQueryRotate.2.2.js
ERR: 非法操作:js

[ 2017-03-01T16:35:40+08:00 ] ::1 /my/ThinkPHPkj/index.php/Home/Homepage/js/jquery.easing.min.js
ERR: 非法操作:js

[ 2017-03-01T16:35:54+08:00 ] ::1 /my/ThinkPHPkj/index.php/Home/Homepage/CSS_URLxinyun.css
ERR: 非法操作:css_urlxinyun.css

[ 2017-03-01T16:35:54+08:00 ] ::1 /my/ThinkPHPkj/index.php/Home/Homepage/js/jquery-1.11.2.min.js
ERR: 非法操作:js

[ 2017-03-01T16:35:54+08:00 ] ::1 /my/ThinkPHPkj/index.php/Home/Homepage/js/jQueryRotate.2.2.js
ERR: 非法操作:js

[ 2017-03-01T16:35:54+08:00 ] ::1 /my/ThinkPHPkj/index.php/Home/Homepage/js/jquery.easing.min.js
ERR: 非法操作:js

[ 2017-03-01T16:35:55+08:00 ] ::1 /my/ThinkPHPkj/index.php/Home/Homepage/CSS_URLxinyun.css
ERR: 非法操作:css_urlxinyun.css

[ 2017-03-01T16:35:55+08:00 ] ::1 /my/ThinkPHPkj/index.php/Home/Homepage/js/jquery-1.11.2.min.js
ERR: 非法操作:js

[ 2017-03-01T16:35:55+08:00 ] ::1 /my/ThinkPHPkj/index.php/Home/Homepage/js/jQueryRotate.2.2.js
ERR: 非法操作:js

[ 2017-03-01T16:35:55+08:00 ] ::1 /my/ThinkPHPkj/index.php/Home/Homepage/js/jquery.easing.min.js
ERR: 非法操作:js

[ 2017-03-01T16:35:55+08:00 ] ::1 /my/ThinkPHPkj/index.php/Home/Homepage/CSS_URLxinyun.css
ERR: 非法操作:css_urlxinyun.css

[ 2017-03-01T16:35:55+08:00 ] ::1 /my/ThinkPHPkj/index.php/Home/Homepage/js/jquery-1.11.2.min.js
ERR: 非法操作:js

[ 2017-03-01T16:35:55+08:00 ] ::1 /my/ThinkPHPkj/index.php/Home/Homepage/js/jQueryRotate.2.2.js
ERR: 非法操作:js

[ 2017-03-01T16:35:55+08:00 ] ::1 /my/ThinkPHPkj/index.php/Home/Homepage/js/jquery.easing.min.js
ERR: 非法操作:js

[ 2017-03-01T16:35:55+08:00 ] ::1 /my/ThinkPHPkj/index.php/Home/Homepage/js/jquery-1.11.2.min.js
ERR: 非法操作:js

[ 2017-03-01T16:35:55+08:00 ] ::1 /my/ThinkPHPkj/index.php/Home/Homepage/CSS_URLxinyun.css
ERR: 非法操作:css_urlxinyun.css

[ 2017-03-01T16:35:55+08:00 ] ::1 /my/ThinkPHPkj/index.php/Home/Homepage/js/jquery.easing.min.js
ERR: 非法操作:js

[ 2017-03-01T16:35:55+08:00 ] ::1 /my/ThinkPHPkj/index.php/Home/Homepage/js/jQueryRotate.2.2.js
ERR: 非法操作:js

[ 2017-03-01T16:35:56+08:00 ] ::1 /my/ThinkPHPkj/index.php/Home/Homepage/js/jquery.easing.min.js
ERR: 非法操作:js

[ 2017-03-01T16:35:56+08:00 ] ::1 /my/ThinkPHPkj/index.php/Home/Homepage/js/jquery-1.11.2.min.js
ERR: 非法操作:js

[ 2017-03-01T16:35:56+08:00 ] ::1 /my/ThinkPHPkj/index.php/Home/Homepage/CSS_URLxinyun.css
ERR: 非法操作:css_urlxinyun.css

[ 2017-03-01T16:35:56+08:00 ] ::1 /my/ThinkPHPkj/index.php/Home/Homepage/js/jQueryRotate.2.2.js
ERR: 非法操作:js

[ 2017-03-01T16:35:56+08:00 ] ::1 /my/ThinkPHPkj/index.php/Home/Homepage/js/jquery.easing.min.js
ERR: 非法操作:js

[ 2017-03-01T16:35:57+08:00 ] ::1 /my/ThinkPHPkj/index.php/Home/Homepage/js/jquery-1.11.2.min.js
ERR: 非法操作:js

[ 2017-03-01T16:35:57+08:00 ] ::1 /my/ThinkPHPkj/index.php/Home/Homepage/CSS_URLxinyun.css
ERR: 非法操作:css_urlxinyun.css

[ 2017-03-01T16:35:57+08:00 ] ::1 /my/ThinkPHPkj/index.php/Home/Homepage/js/jQueryRotate.2.2.js
ERR: 非法操作:js

[ 2017-03-01T16:35:57+08:00 ] ::1 /my/ThinkPHPkj/index.php/Home/Homepage/js/jquery.easing.min.js
ERR: 非法操作:js

[ 2017-03-01T16:35:57+08:00 ] ::1 /my/ThinkPHPkj/index.php/Home/Homepage/CSS_URLxinyun.css
ERR: 非法操作:css_urlxinyun.css

[ 2017-03-01T16:35:57+08:00 ] ::1 /my/ThinkPHPkj/index.php/Home/Homepage/js/jquery-1.11.2.min.js
ERR: 非法操作:js

[ 2017-03-01T16:35:57+08:00 ] ::1 /my/ThinkPHPkj/index.php/Home/Homepage/js/jquery.easing.min.js
ERR: 非法操作:js

[ 2017-03-01T16:35:57+08:00 ] ::1 /my/ThinkPHPkj/index.php/Home/Homepage/js/jQueryRotate.2.2.js
ERR: 非法操作:js

[ 2017-03-01T16:35:57+08:00 ] ::1 /my/ThinkPHPkj/index.php/Home/Homepage/js/jquery.easing.min.js
ERR: 非法操作:js

[ 2017-03-01T16:35:57+08:00 ] ::1 /my/ThinkPHPkj/index.php/Home/Homepage/js/jquery-1.11.2.min.js
ERR: 非法操作:js

[ 2017-03-01T16:35:57+08:00 ] ::1 /my/ThinkPHPkj/index.php/Home/Homepage/CSS_URLxinyun.css
ERR: 非法操作:css_urlxinyun.css

[ 2017-03-01T16:35:57+08:00 ] ::1 /my/ThinkPHPkj/index.php/Home/Homepage/js/jquery.easing.min.js
ERR: 非法操作:js

[ 2017-03-01T16:35:57+08:00 ] ::1 /my/ThinkPHPkj/index.php/Home/Homepage/js/jQueryRotate.2.2.js
ERR: 非法操作:js

[ 2017-03-01T16:35:57+08:00 ] ::1 /my/ThinkPHPkj/index.php/Home/Homepage/js/jquery.easing.min.js
ERR: 非法操作:js

[ 2017-03-01T16:35:58+08:00 ] ::1 /my/ThinkPHPkj/index.php/Home/Homepage/js/jquery-1.11.2.min.js
ERR: 非法操作:js

[ 2017-03-01T16:35:58+08:00 ] ::1 /my/ThinkPHPkj/index.php/Home/Homepage/CSS_URLxinyun.css
ERR: 非法操作:css_urlxinyun.css

[ 2017-03-01T16:35:58+08:00 ] ::1 /my/ThinkPHPkj/index.php/Home/Homepage/js/jQueryRotate.2.2.js
ERR: 非法操作:js

[ 2017-03-01T16:35:58+08:00 ] ::1 /my/ThinkPHPkj/index.php/Home/Homepage/js/jquery.easing.min.js
ERR: 非法操作:js

[ 2017-03-01T16:35:59+08:00 ] ::1 /my/ThinkPHPkj/index.php/Home/Homepage/js/jquery-1.11.2.min.js
ERR: 非法操作:js

[ 2017-03-01T16:35:59+08:00 ] ::1 /my/ThinkPHPkj/index.php/Home/Homepage/CSS_URLxinyun.css
ERR: 非法操作:css_urlxinyun.css

[ 2017-03-01T16:35:59+08:00 ] ::1 /my/ThinkPHPkj/index.php/Home/Homepage/js/jQueryRotate.2.2.js
ERR: 非法操作:js

[ 2017-03-01T16:35:59+08:00 ] ::1 /my/ThinkPHPkj/index.php/Home/Homepage/js/jquery.easing.min.js
ERR: 非法操作:js

[ 2017-03-01T16:37:33+08:00 ] ::1 /my/ThinkPHPkj/index.php/Home/Homepage/js/jquery-1.11.2.min.js
ERR: 非法操作:js

[ 2017-03-01T16:37:33+08:00 ] ::1 /my/ThinkPHPkj/index.php/Home/Homepage/xinyun.css
ERR: 非法操作:xinyun.css

[ 2017-03-01T16:37:33+08:00 ] ::1 /my/ThinkPHPkj/index.php/Home/Homepage/js/jQueryRotate.2.2.js
ERR: 非法操作:js

[ 2017-03-01T16:37:33+08:00 ] ::1 /my/ThinkPHPkj/index.php/Home/Homepage/js/jquery.easing.min.js
ERR: 非法操作:js

[ 2017-03-01T16:37:34+08:00 ] ::1 /my/ThinkPHPkj/index.php/Home/Homepage/xinyun.css
ERR: 非法操作:xinyun.css

[ 2017-03-01T16:37:34+08:00 ] ::1 /my/ThinkPHPkj/index.php/Home/Homepage/js/jquery-1.11.2.min.js
ERR: 非法操作:js

[ 2017-03-01T16:37:34+08:00 ] ::1 /my/ThinkPHPkj/index.php/Home/Homepage/js/jquery.easing.min.js
ERR: 非法操作:js

[ 2017-03-01T16:37:34+08:00 ] ::1 /my/ThinkPHPkj/index.php/Home/Homepage/js/jQueryRotate.2.2.js
ERR: 非法操作:js

[ 2017-03-01T16:37:34+08:00 ] ::1 /my/ThinkPHPkj/index.php/Home/Homepage/js/jquery.easing.min.js
ERR: 非法操作:js

[ 2017-03-01T16:37:34+08:00 ] ::1 /my/ThinkPHPkj/index.php/Home/Homepage/js/jquery-1.11.2.min.js
ERR: 非法操作:js

[ 2017-03-01T16:37:34+08:00 ] ::1 /my/ThinkPHPkj/index.php/Home/Homepage/xinyun.css
ERR: 非法操作:xinyun.css

[ 2017-03-01T16:37:34+08:00 ] ::1 /my/ThinkPHPkj/index.php/Home/Homepage/js/jQueryRotate.2.2.js
ERR: 非法操作:js

[ 2017-03-01T16:37:34+08:00 ] ::1 /my/ThinkPHPkj/index.php/Home/Homepage/js/jquery.easing.min.js
ERR: 非法操作:js

[ 2017-03-01T16:37:34+08:00 ] ::1 /my/ThinkPHPkj/index.php/Home/Homepage/js/jquery-1.11.2.min.js
ERR: 非法操作:js

[ 2017-03-01T16:37:35+08:00 ] ::1 /my/ThinkPHPkj/index.php/Home/Homepage/xinyun.css
ERR: 非法操作:xinyun.css

[ 2017-03-01T16:37:35+08:00 ] ::1 /my/ThinkPHPkj/index.php/Home/Homepage/js/jQueryRotate.2.2.js
ERR: 非法操作:js

[ 2017-03-01T16:37:35+08:00 ] ::1 /my/ThinkPHPkj/index.php/Home/Homepage/js/jquery.easing.min.js
ERR: 非法操作:js

[ 2017-03-01T16:37:35+08:00 ] ::1 /my/ThinkPHPkj/index.php/Home/Homepage/xinyun.css
ERR: 非法操作:xinyun.css

[ 2017-03-01T16:37:35+08:00 ] ::1 /my/ThinkPHPkj/index.php/Home/Homepage/js/jquery-1.11.2.min.js
ERR: 非法操作:js

[ 2017-03-01T16:37:35+08:00 ] ::1 /my/ThinkPHPkj/index.php/Home/Homepage/js/jQueryRotate.2.2.js
ERR: 非法操作:js

[ 2017-03-01T16:37:35+08:00 ] ::1 /my/ThinkPHPkj/index.php/Home/Homepage/js/jquery.easing.min.js
ERR: 非法操作:js

[ 2017-03-01T16:37:35+08:00 ] ::1 /my/ThinkPHPkj/index.php/Home/Homepage/xinyun.css
ERR: 非法操作:xinyun.css

[ 2017-03-01T16:37:35+08:00 ] ::1 /my/ThinkPHPkj/index.php/Home/Homepage/js/jquery-1.11.2.min.js
ERR: 非法操作:js

[ 2017-03-01T16:37:35+08:00 ] ::1 /my/ThinkPHPkj/index.php/Home/Homepage/js/jquery.easing.min.js
ERR: 非法操作:js

[ 2017-03-01T16:37:35+08:00 ] ::1 /my/ThinkPHPkj/index.php/Home/Homepage/js/jQueryRotate.2.2.js
ERR: 非法操作:js

[ 2017-03-01T16:37:35+08:00 ] ::1 /my/ThinkPHPkj/index.php/Home/Homepage/js/jquery.easing.min.js
ERR: 非法操作:js

[ 2017-03-01T16:37:35+08:00 ] ::1 /my/ThinkPHPkj/index.php/Home/Homepage/js/jquery-1.11.2.min.js
ERR: 非法操作:js

[ 2017-03-01T16:37:35+08:00 ] ::1 /my/ThinkPHPkj/index.php/Home/Homepage/xinyun.css
ERR: 非法操作:xinyun.css

[ 2017-03-01T16:37:35+08:00 ] ::1 /my/ThinkPHPkj/index.php/Home/Homepage/js/jQueryRotate.2.2.js
ERR: 非法操作:js

[ 2017-03-01T16:37:35+08:00 ] ::1 /my/ThinkPHPkj/index.php/Home/Homepage/js/jquery.easing.min.js
ERR: 非法操作:js

[ 2017-03-01T16:37:35+08:00 ] ::1 /my/ThinkPHPkj/index.php/Home/Homepage/js/jQueryRotate.2.2.js
ERR: 非法操作:js

[ 2017-03-01T16:37:35+08:00 ] ::1 /my/ThinkPHPkj/index.php/Home/Homepage/js/jquery.easing.min.js
ERR: 非法操作:js

[ 2017-03-01T16:37:35+08:00 ] ::1 /my/ThinkPHPkj/index.php/Home/Homepage/xinyun.css
ERR: 非法操作:xinyun.css

[ 2017-03-01T16:37:35+08:00 ] ::1 /my/ThinkPHPkj/index.php/Home/Homepage/js/jquery-1.11.2.min.js
ERR: 非法操作:js

[ 2017-03-01T16:37:35+08:00 ] ::1 /my/ThinkPHPkj/index.php/Home/Homepage/js/jquery.easing.min.js
ERR: 非法操作:js

[ 2017-03-01T16:37:35+08:00 ] ::1 /my/ThinkPHPkj/index.php/Home/Homepage/js/jQueryRotate.2.2.js
ERR: 非法操作:js

[ 2017-03-01T16:37:35+08:00 ] ::1 /my/ThinkPHPkj/index.php/Home/Homepage/js/jquery.easing.min.js
ERR: 非法操作:js

[ 2017-03-01T16:37:36+08:00 ] ::1 /my/ThinkPHPkj/index.php/Home/Homepage/js/jquery-1.11.2.min.js
ERR: 非法操作:js

[ 2017-03-01T16:37:36+08:00 ] ::1 /my/ThinkPHPkj/index.php/Home/Homepage/xinyun.css
ERR: 非法操作:xinyun.css

[ 2017-03-01T16:37:36+08:00 ] ::1 /my/ThinkPHPkj/index.php/Home/Homepage/js/jQueryRotate.2.2.js
ERR: 非法操作:js

[ 2017-03-01T16:37:36+08:00 ] ::1 /my/ThinkPHPkj/index.php/Home/Homepage/js/jquery.easing.min.js
ERR: 非法操作:js

[ 2017-03-01T16:37:36+08:00 ] ::1 /my/ThinkPHPkj/index.php/Home/Homepage/js/jquery-1.11.2.min.js
ERR: 非法操作:js

[ 2017-03-01T16:37:36+08:00 ] ::1 /my/ThinkPHPkj/index.php/Home/Homepage/xinyun.css
ERR: 非法操作:xinyun.css

[ 2017-03-01T16:37:36+08:00 ] ::1 /my/ThinkPHPkj/index.php/Home/Homepage/js/jQueryRotate.2.2.js
ERR: 非法操作:js

[ 2017-03-01T16:37:36+08:00 ] ::1 /my/ThinkPHPkj/index.php/Home/Homepage/js/jquery.easing.min.js
ERR: 非法操作:js

[ 2017-03-01T16:37:36+08:00 ] ::1 /my/ThinkPHPkj/index.php/Home/Homepage/xinyun.css
ERR: 非法操作:xinyun.css

[ 2017-03-01T16:37:36+08:00 ] ::1 /my/ThinkPHPkj/index.php/Home/Homepage/js/jquery-1.11.2.min.js
ERR: 非法操作:js

[ 2017-03-01T16:37:36+08:00 ] ::1 /my/ThinkPHPkj/index.php/Home/Homepage/js/jQueryRotate.2.2.js
ERR: 非法操作:js

[ 2017-03-01T16:37:36+08:00 ] ::1 /my/ThinkPHPkj/index.php/Home/Homepage/js/jquery.easing.min.js
ERR: 非法操作:js

[ 2017-03-01T16:37:36+08:00 ] ::1 /my/ThinkPHPkj/index.php/Home/Homepage/xinyun.css
ERR: 非法操作:xinyun.css

[ 2017-03-01T16:37:36+08:00 ] ::1 /my/ThinkPHPkj/index.php/Home/Homepage/js/jquery-1.11.2.min.js
ERR: 非法操作:js

[ 2017-03-01T16:37:36+08:00 ] ::1 /my/ThinkPHPkj/index.php/Home/Homepage/js/jQueryRotate.2.2.js
ERR: 非法操作:js

[ 2017-03-01T16:37:36+08:00 ] ::1 /my/ThinkPHPkj/index.php/Home/Homepage/js/jquery.easing.min.js
ERR: 非法操作:js

[ 2017-03-01T16:37:36+08:00 ] ::1 /my/ThinkPHPkj/index.php/Home/Homepage/xinyun.css
ERR: 非法操作:xinyun.css

[ 2017-03-01T16:37:36+08:00 ] ::1 /my/ThinkPHPkj/index.php/Home/Homepage/js/jquery-1.11.2.min.js
ERR: 非法操作:js

[ 2017-03-01T16:37:36+08:00 ] ::1 /my/ThinkPHPkj/index.php/Home/Homepage/js/jQueryRotate.2.2.js
ERR: 非法操作:js

[ 2017-03-01T16:37:36+08:00 ] ::1 /my/ThinkPHPkj/index.php/Home/Homepage/js/jquery.easing.min.js
ERR: 非法操作:js

[ 2017-03-01T16:38:31+08:00 ] ::1 /my/ThinkPHPkj/index.php/Home/Homepage/xinyun.css
ERR: 非法操作:xinyun.css

[ 2017-03-01T16:38:31+08:00 ] ::1 /my/ThinkPHPkj/index.php/Home/Homepage/js/jquery-1.11.2.min.js
ERR: 非法操作:js

[ 2017-03-01T16:38:31+08:00 ] ::1 /my/ThinkPHPkj/index.php/Home/Homepage/js/jquery.easing.min.js
ERR: 非法操作:js

[ 2017-03-01T16:38:31+08:00 ] ::1 /my/ThinkPHPkj/index.php/Home/Homepage/js/jQueryRotate.2.2.js
ERR: 非法操作:js

[ 2017-03-01T16:38:31+08:00 ] ::1 /my/ThinkPHPkj/index.php/Home/Homepage/js/jquery.easing.min.js
ERR: 非法操作:js

[ 2017-03-01T16:38:38+08:00 ] ::1 /my/ThinkPHPkj/index.php/Home/Homepage/js/jquery-1.11.2.min.js
ERR: 非法操作:js

[ 2017-03-01T16:38:38+08:00 ] ::1 /my/ThinkPHPkj/index.php/Home/Homepage/xinyun.css
ERR: 非法操作:xinyun.css

[ 2017-03-01T16:38:38+08:00 ] ::1 /my/ThinkPHPkj/index.php/Home/Homepage/js/jQueryRotate.2.2.js
ERR: 非法操作:js

[ 2017-03-01T16:38:38+08:00 ] ::1 /my/ThinkPHPkj/index.php/Home/Homepage/js/jquery.easing.min.js
ERR: 非法操作:js

[ 2017-03-01T16:39:03+08:00 ] ::1 /my/ThinkPHPkj/index.php/Home/Homepage/xinyun.css
ERR: 非法操作:xinyun.css

[ 2017-03-01T16:39:03+08:00 ] ::1 /my/ThinkPHPkj/index.php/Home/Homepage/js/jQueryRotate.2.2.js
ERR: 非法操作:js

[ 2017-03-01T16:39:03+08:00 ] ::1 /my/ThinkPHPkj/index.php/Home/Homepage/js/jquery.easing.min.js
ERR: 非法操作:js

[ 2017-03-01T16:39:03+08:00 ] ::1 /my/ThinkPHPkj/index.php/Home/Homepage/js/jQueryRotate.2.2.js
ERR: 非法操作:js

[ 2017-03-01T16:39:04+08:00 ] ::1 /my/ThinkPHPkj/index.php/Home/Homepage/js/jquery.easing.min.js
ERR: 非法操作:js

[ 2017-03-01T16:39:04+08:00 ] ::1 /my/ThinkPHPkj/index.php/Home/Homepage/xinyun.css
ERR: 非法操作:xinyun.css

[ 2017-03-01T16:39:04+08:00 ] ::1 /my/ThinkPHPkj/index.php/Home/Homepage/js/jQueryRotate.2.2.js
ERR: 非法操作:js

[ 2017-03-01T16:39:04+08:00 ] ::1 /my/ThinkPHPkj/index.php/Home/Homepage/js/jquery.easing.min.js
ERR: 非法操作:js

[ 2017-03-01T16:39:07+08:00 ] ::1 /my/ThinkPHPkj/index.php/Home/Homepage/xinyun.css
ERR: 非法操作:xinyun.css

[ 2017-03-01T16:39:07+08:00 ] ::1 /my/ThinkPHPkj/index.php/Home/Homepage/js/jQueryRotate.2.2.js
ERR: 非法操作:js

[ 2017-03-01T16:39:07+08:00 ] ::1 /my/ThinkPHPkj/index.php/Home/Homepage/js/jquery.easing.min.js
ERR: 非法操作:js

[ 2017-03-01T16:39:15+08:00 ] ::1 /my/ThinkPHPkj/index.php/Home/Homepage/xinyun.css
ERR: 非法操作:xinyun.css

[ 2017-03-01T16:39:16+08:00 ] ::1 /my/ThinkPHPkj/index.php/Home/Homepage/xinyun.css
ERR: 非法操作:xinyun.css

[ 2017-03-01T16:39:32+08:00 ] ::1 /my/ThinkPHPkj/index.php/Home/Homepage/xinyun.css
ERR: 非法操作:xinyun.css

[ 2017-03-01T16:39:41+08:00 ] ::1 /my/ThinkPHPkj/index.php/Home/Homepage/xinyun.css
ERR: 非法操作:xinyun.css

[ 2017-03-01T16:40:02+08:00 ] ::1 /my/ThinkPHPkj/index.php/Home/Homepage/xinyun.css
ERR: 非法操作:xinyun.css

[ 2017-03-01T16:40:20+08:00 ] ::1 /my/ThinkPHPkj/index.php/Home/Homepage/xinyun.css
ERR: 非法操作:xinyun.css

[ 2017-03-01T16:40:21+08:00 ] ::1 /my/ThinkPHPkj/index.php/Home/Homepage/getDial
INFO: [ app_begin ] --START--
INFO: Run Behavior\ReadHtmlCache [ RunTime:0.001001s ]
INFO: [ app_begin ] --END-- [ RunTime:0.001001s ]
SQL: SHOW COLUMNS FROM `sw_dial` [ RunTime:0.003001s ]
SQL: SHOW COLUMNS FROM `sw_assign_prize` [ RunTime:0.002000s ]
SQL: SHOW COLUMNS FROM `sw_prizeinfo` [ RunTime:0.003000s ]
SQL: SELECT * FROM `sw_assign_prize` WHERE ( user_id = 2 and is_del=1 and prize_num > 0 )  [ RunTime:0.001000s ]
SQL: UPDATE `sw_assign_prize` SET `prize_num`=1,`update_time`=1488357621 WHERE ( id = 6 ) [ RunTime:0.000000s ]
SQL: INSERT INTO `sw_prizeinfo` (`dial_id`,`dial_name`,`user_id`,`user_name`,`creat_time`) VALUES (3,'免分期服务费',2,'2333',1488357621) [ RunTime:0.001000s ]
SQL: SELECT * FROM `sw_dial` WHERE ( id =3 ) LIMIT 1   [ RunTime:0.001000s ]

[ 2017-03-01T16:46:00+08:00 ] ::1 /my/ThinkPHPkj/index.php/Home/Homepage/xinyun.css
ERR: 非法操作:xinyun.css

[ 2017-03-01T16:46:12+08:00 ] ::1 /my/ThinkPHPkj/index.php/Admin/Homepage/index.html
ERR: 无法加载控制器:Homepage

[ 2017-03-01T16:48:43+08:00 ] ::1 /my/ThinkPHPkj/index.php/Admin/Homepage/index.html
ERR: 无法加载控制器:Homepage

[ 2017-03-01T16:49:39+08:00 ] ::1 /my/ThinkPHPkj/index.php/Home/Homepage/xinyun.css
ERR: 非法操作:xinyun.css

[ 2017-03-01T17:04:43+08:00 ] ::1 /my/ThinkPHPkj/index.php/Admin/Finance/dialListAjax
INFO: [ app_begin ] --START--
INFO: Run Behavior\ReadHtmlCache [ RunTime:0.001000s ]
INFO: [ app_begin ] --END-- [ RunTime:0.001000s ]

[ 2017-03-01T17:05:17+08:00 ] ::1 /my/ThinkPHPkj/index.php/Admin/Finance/dialListAjax
INFO: [ app_begin ] --START--
INFO: Run Behavior\ReadHtmlCache [ RunTime:0.000000s ]
INFO: [ app_begin ] --END-- [ RunTime:0.000000s ]

[ 2017-03-01T17:05:37+08:00 ] ::1 /my/ThinkPHPkj/index.php/Admin/Finance/dialListAjax
INFO: [ app_begin ] --START--
INFO: Run Behavior\ReadHtmlCache [ RunTime:0.001000s ]
INFO: [ app_begin ] --END-- [ RunTime:0.001000s ]

[ 2017-03-01T17:06:46+08:00 ] ::1 /my/ThinkPHPkj/index.php/Admin/Finance/dialListAjax
INFO: [ app_begin ] --START--
INFO: Run Behavior\ReadHtmlCache [ RunTime:0.000000s ]
INFO: [ app_begin ] --END-- [ RunTime:0.000000s ]

[ 2017-03-01T17:09:11+08:00 ] ::1 /my/ThinkPHPkj/index.php/Admin/Finance/dialListAjax
INFO: [ app_begin ] --START--
INFO: Run Behavior\ReadHtmlCache [ RunTime:0.000000s ]
INFO: [ app_begin ] --END-- [ RunTime:0.001000s ]
SQL: SHOW COLUMNS FROM `sw_finance` [ RunTime:0.002000s ]
ERR: 1146:Table 'gagahi.sw_finance' doesn't exist
 [ SQL语句 ] : SHOW COLUMNS FROM `sw_finance`
SQL: select *
                from sw_dial
                WHERE 1=1  [ RunTime:0.001000s ]
INFO: [ app_end ] --START--
INFO: Run Behavior\ShowPageTrace [ RunTime:0.000000s ]
INFO: [ app_end ] --END-- [ RunTime:0.000000s ]

[ 2017-03-01T17:10:21+08:00 ] ::1 /my/ThinkPHPkj/index.php/Admin/Finance/dialListAjax
INFO: [ app_begin ] --START--
INFO: Run Behavior\ReadHtmlCache [ RunTime:0.000000s ]
INFO: [ app_begin ] --END-- [ RunTime:0.000000s ]
SQL: SHOW COLUMNS FROM `sw_finance` [ RunTime:0.006000s ]
ERR: 1146:Table 'gagahi.sw_finance' doesn't exist
 [ SQL语句 ] : SHOW COLUMNS FROM `sw_finance`
SQL: select *
                from sw_dial
                WHERE 1=1  [ RunTime:0.001000s ]
INFO: [ app_end ] --START--
INFO: Run Behavior\ShowPageTrace [ RunTime:0.001000s ]
INFO: [ app_end ] --END-- [ RunTime:0.001000s ]

[ 2017-03-01T17:10:23+08:00 ] ::1 /my/ThinkPHPkj/index.php/Admin/Finance/assignPrizeListAjax
INFO: [ app_begin ] --START--
INFO: Run Behavior\ReadHtmlCache [ RunTime:0.000000s ]
INFO: [ app_begin ] --END-- [ RunTime:0.000000s ]
SQL: SHOW COLUMNS FROM `sw_finance` [ RunTime:0.005001s ]
ERR: 1146:Table 'gagahi.sw_finance' doesn't exist
 [ SQL语句 ] : SHOW COLUMNS FROM `sw_finance`
SQL: select *
                from sw_assign_prize
                WHERE 1=1 and is_del =1 and prize_num > 0  and dial_id = 2 [ RunTime:0.001000s ]
INFO: [ app_end ] --START--
INFO: Run Behavior\ShowPageTrace [ RunTime:0.001000s ]
INFO: [ app_end ] --END-- [ RunTime:0.001000s ]

[ 2017-03-01T17:10:25+08:00 ] ::1 /my/ThinkPHPkj/index.php/Admin/Finance/addAssign?dial_id=2&_=1488359420741
INFO: [ app_begin ] --START--
INFO: Run Behavior\ReadHtmlCache [ RunTime:0.001000s ]
INFO: [ app_begin ] --END-- [ RunTime:0.001000s ]
INFO: [ view_parse ] --START--
INFO: [ template_filter ] --START--
INFO: Run Behavior\ContentReplace [ RunTime:0.000000s ]
INFO: [ template_filter ] --END-- [ RunTime:0.001000s ]
NOTIC: [8] Undefined variable: smarty D:\phpStudy\WWW\my\ThinkPHPkj\Application\Runtime\Cache\Admin\aa5108cca90d36feabf3fe62efdac330.php 第 33 行.
INFO: Run Behavior\ParseTemplate [ RunTime:0.008000s ]
INFO: [ view_parse ] --END-- [ RunTime:0.008000s ]
INFO: [ view_filter ] --START--
INFO: Run Behavior\WriteHtmlCache [ RunTime:0.000000s ]
INFO: [ view_filter ] --END-- [ RunTime:0.000000s ]
INFO: [ app_end ] --START--
INFO: Run Behavior\ShowPageTrace [ RunTime:0.001000s ]
INFO: [ app_end ] --END-- [ RunTime:0.001000s ]

[ 2017-03-01T17:11:31+08:00 ] ::1 /my/ThinkPHPkj/index.php/Admin/Finance/addAssign?dial_id=2&_=1488359420742
INFO: [ app_begin ] --START--
INFO: Run Behavior\ReadHtmlCache [ RunTime:0.001000s ]
INFO: [ app_begin ] --END-- [ RunTime:0.001000s ]
INFO: [ view_parse ] --START--
INFO: [ template_filter ] --START--
INFO: Run Behavior\ContentReplace [ RunTime:0.000000s ]
INFO: [ template_filter ] --END-- [ RunTime:0.000000s ]
INFO: Run Behavior\ParseTemplate [ RunTime:0.005000s ]
INFO: [ view_parse ] --END-- [ RunTime:0.005000s ]
INFO: [ view_filter ] --START--
INFO: Run Behavior\WriteHtmlCache [ RunTime:0.000000s ]
INFO: [ view_filter ] --END-- [ RunTime:0.000000s ]
INFO: [ app_end ] --START--
INFO: Run Behavior\ShowPageTrace [ RunTime:0.000000s ]
INFO: [ app_end ] --END-- [ RunTime:0.000000s ]

[ 2017-03-01T17:11:32+08:00 ] ::1 /my/ThinkPHPkj/index.php/Admin/Finance/userListAjax
INFO: [ app_begin ] --START--
INFO: Run Behavior\ReadHtmlCache [ RunTime:0.000000s ]
INFO: [ app_begin ] --END-- [ RunTime:0.000000s ]
SQL: SHOW COLUMNS FROM `sw_finance` [ RunTime:0.003000s ]
ERR: 1146:Table 'gagahi.sw_finance' doesn't exist
 [ SQL语句 ] : SHOW COLUMNS FROM `sw_finance`
SQL: select username as user_name, user_email, user_sex, user_tel,user_id,is_del
                from sw_user
                WHERE 1=1  and is_del = 1  order by user_id desc [ RunTime:0.001000s ]
INFO: [ app_end ] --START--
INFO: Run Behavior\ShowPageTrace [ RunTime:0.001000s ]
INFO: [ app_end ] --END-- [ RunTime:0.001000s ]

[ 2017-03-01T17:11:37+08:00 ] ::1 /my/ThinkPHPkj/index.php/Admin/Finance/saveAssign?dial_id=2&act=2&_=1488359420743
INFO: [ app_begin ] --START--
INFO: Run Behavior\ReadHtmlCache [ RunTime:0.000000s ]
INFO: [ app_begin ] --END-- [ RunTime:0.000000s ]
SQL: SHOW COLUMNS FROM `sw_finance` [ RunTime:0.005000s ]
ERR: 1146:Table 'gagahi.sw_finance' doesn't exist
 [ SQL语句 ] : SHOW COLUMNS FROM `sw_finance`
NOTIC: [2] Missing argument 1 for Admin\Model\FinanceModel::getAssignInfo(), called in D:\phpStudy\WWW\my\ThinkPHPkj\Application\Admin\Controller\FinanceController.class.php on line 65 and defined D:\phpStudy\WWW\my\ThinkPHPkj\Application\Admin\Model\FinanceModel.class.php 第 82 行.
NOTIC: [2] Missing argument 2 for Admin\Model\FinanceModel::getAssignInfo(), called in D:\phpStudy\WWW\my\ThinkPHPkj\Application\Admin\Controller\FinanceController.class.php on line 65 and defined D:\phpStudy\WWW\my\ThinkPHPkj\Application\Admin\Model\FinanceModel.class.php 第 82 行.
SQL: SHOW COLUMNS FROM `sw_user` [ RunTime:0.006001s ]
SQL: SELECT * FROM `sw_user` WHERE ( user_id = 2 ) LIMIT 1   [ RunTime:0.001000s ]
SQL: SHOW COLUMNS FROM `sw_dial` [ RunTime:0.008000s ]
SQL: SELECT * FROM `sw_dial` WHERE ( id = 2 ) LIMIT 1   [ RunTime:0.000000s ]
INFO: [ view_parse ] --START--
INFO: [ template_filter ] --START--
INFO: Run Behavior\ContentReplace [ RunTime:0.000000s ]
INFO: [ template_filter ] --END-- [ RunTime:0.000000s ]
INFO: Run Behavior\ParseTemplate [ RunTime:0.006000s ]
INFO: [ view_parse ] --END-- [ RunTime:0.007000s ]
INFO: [ view_filter ] --START--
INFO: Run Behavior\WriteHtmlCache [ RunTime:0.000000s ]
INFO: [ view_filter ] --END-- [ RunTime:0.000000s ]
INFO: [ app_end ] --START--
INFO: Run Behavior\ShowPageTrace [ RunTime:0.000000s ]
INFO: [ app_end ] --END-- [ RunTime:0.000000s ]

[ 2017-03-01T17:11:42+08:00 ] ::1 /my/ThinkPHPkj/index.php/Admin/Finance/saveAssignSure
INFO: [ app_begin ] --START--
INFO: Run Behavior\ReadHtmlCache [ RunTime:0.000000s ]
INFO: [ app_begin ] --END-- [ RunTime:0.002000s ]
SQL: SHOW COLUMNS FROM `sw_finance` [ RunTime:0.005001s ]
ERR: 1146:Table 'gagahi.sw_finance' doesn't exist
 [ SQL语句 ] : SHOW COLUMNS FROM `sw_finance`
SQL: SHOW COLUMNS FROM `sw_assign_prize` [ RunTime:0.007000s ]
SQL: SELECT * FROM `sw_assign_prize` WHERE (  dial_id = 2 and user_id = 2 and interval_time = 2 ) LIMIT 1   [ RunTime:0.001000s ]
SQL: UPDATE `sw_assign_prize` SET `prize_num`=3 WHERE ( id = 1 ) [ RunTime:0.001000s ]

[ 2017-03-01T17:11:43+08:00 ] ::1 /my/ThinkPHPkj/index.php/Admin/Finance/assignPrizeListAjax
INFO: [ app_begin ] --START--
INFO: Run Behavior\ReadHtmlCache [ RunTime:0.001000s ]
INFO: [ app_begin ] --END-- [ RunTime:0.001000s ]
SQL: SHOW COLUMNS FROM `sw_finance` [ RunTime:0.004000s ]
ERR: 1146:Table 'gagahi.sw_finance' doesn't exist
 [ SQL语句 ] : SHOW COLUMNS FROM `sw_finance`
SQL: select *
                from sw_assign_prize
                WHERE 1=1 and is_del =1 and prize_num > 0  and dial_id = 2 [ RunTime:0.001000s ]
INFO: [ app_end ] --START--
INFO: Run Behavior\ShowPageTrace [ RunTime:0.001000s ]
INFO: [ app_end ] --END-- [ RunTime:0.001000s ]

[ 2017-03-01T17:13:20+08:00 ] ::1 /my/ThinkPHPkj/index.php/Admin/Finance/prizeInfoAjax
INFO: [ app_begin ] --START--
INFO: Run Behavior\ReadHtmlCache [ RunTime:0.000000s ]
INFO: [ app_begin ] --END-- [ RunTime:0.001000s ]
SQL: SHOW COLUMNS FROM `sw_finance` [ RunTime:0.005001s ]
ERR: 1146:Table 'gagahi.sw_finance' doesn't exist
 [ SQL语句 ] : SHOW COLUMNS FROM `sw_finance`
SQL: select *
                from sw_prizeinfo
                WHERE 1=1 and is_del =1   [ RunTime:0.001000s ]
INFO: [ app_end ] --START--
INFO: Run Behavior\ShowPageTrace [ RunTime:0.001000s ]
INFO: [ app_end ] --END-- [ RunTime:0.001000s ]

[ 2017-03-01T17:13:32+08:00 ] ::1 /my/ThinkPHPkj/index.php/Admin/Finance/dialListAjax
INFO: [ app_begin ] --START--
INFO: Run Behavior\ReadHtmlCache [ RunTime:0.000000s ]
INFO: [ app_begin ] --END-- [ RunTime:0.001000s ]
SQL: SHOW COLUMNS FROM `sw_finance` [ RunTime:0.004000s ]
ERR: 1146:Table 'gagahi.sw_finance' doesn't exist
 [ SQL语句 ] : SHOW COLUMNS FROM `sw_finance`
SQL: select *
                from sw_dial
                WHERE 1=1  [ RunTime:0.000000s ]
INFO: [ app_end ] --START--
INFO: Run Behavior\ShowPageTrace [ RunTime:0.001000s ]
INFO: [ app_end ] --END-- [ RunTime:0.001000s ]

[ 2017-03-01T17:13:35+08:00 ] ::1 /my/ThinkPHPkj/index.php/Admin/Finance/updateDial?id=1&_=1488359611650
INFO: [ app_begin ] --START--
INFO: Run Behavior\ReadHtmlCache [ RunTime:0.000000s ]
INFO: [ app_begin ] --END-- [ RunTime:0.000000s ]
SQL: SHOW COLUMNS FROM `sw_dial` [ RunTime:0.004000s ]
SQL: SELECT * FROM `sw_dial` WHERE ( id = 1 ) LIMIT 1   [ RunTime:0.000000s ]
INFO: [ view_parse ] --START--
INFO: [ template_filter ] --START--
INFO: Run Behavior\ContentReplace [ RunTime:0.000000s ]
INFO: [ template_filter ] --END-- [ RunTime:0.001000s ]
INFO: Run Behavior\ParseTemplate [ RunTime:0.009001s ]
INFO: [ view_parse ] --END-- [ RunTime:0.010001s ]
INFO: [ view_filter ] --START--
INFO: Run Behavior\WriteHtmlCache [ RunTime:0.000000s ]
INFO: [ view_filter ] --END-- [ RunTime:0.000000s ]
INFO: [ app_end ] --START--
INFO: Run Behavior\ShowPageTrace [ RunTime:0.001000s ]
INFO: [ app_end ] --END-- [ RunTime:0.001000s ]

[ 2017-03-01T17:13:36+08:00 ] ::1 /my/ThinkPHPkj/index.php/Admin/Finance/assignPrizeListAjax
INFO: [ app_begin ] --START--
INFO: Run Behavior\ReadHtmlCache [ RunTime:0.000000s ]
INFO: [ app_begin ] --END-- [ RunTime:0.001000s ]
SQL: SHOW COLUMNS FROM `sw_finance` [ RunTime:0.003000s ]
ERR: 1146:Table 'gagahi.sw_finance' doesn't exist
 [ SQL语句 ] : SHOW COLUMNS FROM `sw_finance`
SQL: select *
                from sw_assign_prize
                WHERE 1=1 and is_del =1 and prize_num > 0  and dial_id = 1 [ RunTime:0.001000s ]
INFO: [ app_end ] --START--
INFO: Run Behavior\ShowPageTrace [ RunTime:0.001001s ]
INFO: [ app_end ] --END-- [ RunTime:0.001001s ]

[ 2017-03-01T17:13:40+08:00 ] ::1 /my/ThinkPHPkj/index.php/Admin/Finance/verify
INFO: [ app_begin ] --START--
INFO: Run Behavior\ReadHtmlCache [ RunTime:0.001000s ]
INFO: [ app_begin ] --END-- [ RunTime:0.001000s ]
NOTIC: [8] Undefined variable: count D:\phpStudy\WWW\my\ThinkPHPkj\Application\Admin\Controller\FinanceController.class.php 第 158 行.

[ 2017-03-01T17:13:42+08:00 ] ::1 /my/ThinkPHPkj/index.php/Admin/Finance/updateDialSure
INFO: [ app_begin ] --START--
INFO: Run Behavior\ReadHtmlCache [ RunTime:0.000000s ]
INFO: [ app_begin ] --END-- [ RunTime:0.001000s ]
SQL: SHOW COLUMNS FROM `sw_dial` [ RunTime:0.007000s ]
SQL: UPDATE `sw_dial` SET `prize_name`='未中奖',`probability`=33 WHERE ( id = 1 ) [ RunTime:0.001001s ]

[ 2017-03-01T17:13:43+08:00 ] ::1 /my/ThinkPHPkj/index.php/Admin/Finance/dialListAjax
INFO: [ app_begin ] --START--
INFO: Run Behavior\ReadHtmlCache [ RunTime:0.000000s ]
INFO: [ app_begin ] --END-- [ RunTime:0.002001s ]
SQL: SHOW COLUMNS FROM `sw_finance` [ RunTime:0.010001s ]
ERR: 1146:Table 'gagahi.sw_finance' doesn't exist
 [ SQL语句 ] : SHOW COLUMNS FROM `sw_finance`
SQL: select *
                from sw_dial
                WHERE 1=1  [ RunTime:0.001000s ]
INFO: [ app_end ] --START--
INFO: Run Behavior\ShowPageTrace [ RunTime:0.001000s ]
INFO: [ app_end ] --END-- [ RunTime:0.002000s ]

[ 2017-03-01T17:13:45+08:00 ] ::1 /my/ThinkPHPkj/index.php/Admin/Finance/updateDial?id=1&_=1488359611651
INFO: [ app_begin ] --START--
INFO: Run Behavior\ReadHtmlCache [ RunTime:0.000000s ]
INFO: [ app_begin ] --END-- [ RunTime:0.002001s ]
SQL: SHOW COLUMNS FROM `sw_dial` [ RunTime:0.006001s ]
SQL: SELECT * FROM `sw_dial` WHERE ( id = 1 ) LIMIT 1   [ RunTime:0.001000s ]
INFO: [ view_parse ] --START--
INFO: [ template_filter ] --START--
INFO: Run Behavior\ContentReplace [ RunTime:0.000000s ]
INFO: [ template_filter ] --END-- [ RunTime:0.000000s ]
INFO: Run Behavior\ParseTemplate [ RunTime:0.010000s ]
INFO: [ view_parse ] --END-- [ RunTime:0.010000s ]
INFO: [ view_filter ] --START--
INFO: Run Behavior\WriteHtmlCache [ RunTime:0.000000s ]
INFO: [ view_filter ] --END-- [ RunTime:0.001000s ]
INFO: [ app_end ] --START--
INFO: Run Behavior\ShowPageTrace [ RunTime:0.001000s ]
INFO: [ app_end ] --END-- [ RunTime:0.001000s ]

[ 2017-03-01T17:13:46+08:00 ] ::1 /my/ThinkPHPkj/index.php/Admin/Finance/assignPrizeListAjax
INFO: [ app_begin ] --START--
INFO: Run Behavior\ReadHtmlCache [ RunTime:0.001000s ]
INFO: [ app_begin ] --END-- [ RunTime:0.001000s ]
SQL: SHOW COLUMNS FROM `sw_finance` [ RunTime:0.005000s ]
ERR: 1146:Table 'gagahi.sw_finance' doesn't exist
 [ SQL语句 ] : SHOW COLUMNS FROM `sw_finance`
SQL: select *
                from sw_assign_prize
                WHERE 1=1 and is_del =1 and prize_num > 0  and dial_id = 1 [ RunTime:0.000000s ]
INFO: [ app_end ] --START--
INFO: Run Behavior\ShowPageTrace [ RunTime:0.001000s ]
INFO: [ app_end ] --END-- [ RunTime:0.001000s ]

[ 2017-03-01T17:13:48+08:00 ] ::1 /my/ThinkPHPkj/index.php/Admin/Finance/verify
INFO: [ app_begin ] --START--
INFO: Run Behavior\ReadHtmlCache [ RunTime:0.000000s ]
INFO: [ app_begin ] --END-- [ RunTime:0.001000s ]
NOTIC: [8] Undefined variable: count D:\phpStudy\WWW\my\ThinkPHPkj\Application\Admin\Controller\FinanceController.class.php 第 158 行.

[ 2017-03-01T17:13:50+08:00 ] ::1 /my/ThinkPHPkj/index.php/Admin/Finance/updateDialSure
INFO: [ app_begin ] --START--
INFO: Run Behavior\ReadHtmlCache [ RunTime:0.000000s ]
INFO: [ app_begin ] --END-- [ RunTime:0.000000s ]
SQL: SHOW COLUMNS FROM `sw_dial` [ RunTime:0.006000s ]
SQL: UPDATE `sw_dial` SET `prize_name`='未中奖',`probability`=35 WHERE ( id = 1 ) [ RunTime:0.000000s ]

[ 2017-03-01T17:13:51+08:00 ] ::1 /my/ThinkPHPkj/index.php/Admin/Finance/dialListAjax
INFO: [ app_begin ] --START--
INFO: Run Behavior\ReadHtmlCache [ RunTime:0.001000s ]
INFO: [ app_begin ] --END-- [ RunTime:0.002000s ]
SQL: SHOW COLUMNS FROM `sw_finance` [ RunTime:0.004001s ]
ERR: 1146:Table 'gagahi.sw_finance' doesn't exist
 [ SQL语句 ] : SHOW COLUMNS FROM `sw_finance`
SQL: select *
                from sw_dial
                WHERE 1=1  [ RunTime:0.000000s ]
INFO: [ app_end ] --START--
INFO: Run Behavior\ShowPageTrace [ RunTime:0.001000s ]
INFO: [ app_end ] --END-- [ RunTime:0.001000s ]

[ 2017-03-01T17:13:52+08:00 ] ::1 /my/ThinkPHPkj/index.php/Admin/Finance/assignPrizeListAjax
INFO: [ app_begin ] --START--
INFO: Run Behavior\ReadHtmlCache [ RunTime:0.000000s ]
INFO: [ app_begin ] --END-- [ RunTime:0.001000s ]
SQL: SHOW COLUMNS FROM `sw_finance` [ RunTime:0.006001s ]
ERR: 1146:Table 'gagahi.sw_finance' doesn't exist
 [ SQL语句 ] : SHOW COLUMNS FROM `sw_finance`
SQL: select *
                from sw_assign_prize
                WHERE 1=1 and is_del =1 and prize_num > 0  and dial_id = 5 [ RunTime:0.001000s ]
INFO: [ app_end ] --START--
INFO: Run Behavior\ShowPageTrace [ RunTime:0.001000s ]
INFO: [ app_end ] --END-- [ RunTime:0.001000s ]

[ 2017-03-01T17:13:54+08:00 ] ::1 /my/ThinkPHPkj/index.php/Admin/Finance/addAssign?dial_id=5&_=1488359611652
INFO: [ app_begin ] --START--
INFO: Run Behavior\ReadHtmlCache [ RunTime:0.000000s ]
INFO: [ app_begin ] --END-- [ RunTime:0.000000s ]
INFO: [ view_parse ] --START--
INFO: [ template_filter ] --START--
INFO: Run Behavior\ContentReplace [ RunTime:0.000000s ]
INFO: [ template_filter ] --END-- [ RunTime:0.001000s ]
INFO: Run Behavior\ParseTemplate [ RunTime:0.016001s ]
INFO: [ view_parse ] --END-- [ RunTime:0.016001s ]
INFO: [ view_filter ] --START--
INFO: Run Behavior\WriteHtmlCache [ RunTime:0.001000s ]
INFO: [ view_filter ] --END-- [ RunTime:0.001000s ]
INFO: [ app_end ] --START--
INFO: Run Behavior\ShowPageTrace [ RunTime:0.000000s ]
INFO: [ app_end ] --END-- [ RunTime:0.000000s ]

[ 2017-03-01T17:13:55+08:00 ] ::1 /my/ThinkPHPkj/index.php/Admin/Finance/userListAjax
INFO: [ app_begin ] --START--
INFO: Run Behavior\ReadHtmlCache [ RunTime:0.000000s ]
INFO: [ app_begin ] --END-- [ RunTime:0.001000s ]
SQL: SHOW COLUMNS FROM `sw_finance` [ RunTime:0.003001s ]
ERR: 1146:Table 'gagahi.sw_finance' doesn't exist
 [ SQL语句 ] : SHOW COLUMNS FROM `sw_finance`
SQL: select username as user_name, user_email, user_sex, user_tel,user_id,is_del
                from sw_user
                WHERE 1=1  and is_del = 1  order by user_id desc [ RunTime:0.000000s ]
INFO: [ app_end ] --START--
INFO: Run Behavior\ShowPageTrace [ RunTime:0.001000s ]
INFO: [ app_end ] --END-- [ RunTime:0.001000s ]

[ 2017-03-01T17:13:57+08:00 ] ::1 /my/ThinkPHPkj/index.php/Admin/Finance/saveAssign?dial_id=5&act=2&_=1488359611653
INFO: [ app_begin ] --START--
INFO: Run Behavior\ReadHtmlCache [ RunTime:0.000000s ]
INFO: [ app_begin ] --END-- [ RunTime:0.001000s ]
SQL: SHOW COLUMNS FROM `sw_finance` [ RunTime:0.004000s ]
ERR: 1146:Table 'gagahi.sw_finance' doesn't exist
 [ SQL语句 ] : SHOW COLUMNS FROM `sw_finance`
NOTIC: [2] Missing argument 1 for Admin\Model\FinanceModel::getAssignInfo(), called in D:\phpStudy\WWW\my\ThinkPHPkj\Application\Admin\Controller\FinanceController.class.php on line 65 and defined D:\phpStudy\WWW\my\ThinkPHPkj\Application\Admin\Model\FinanceModel.class.php 第 82 行.
NOTIC: [2] Missing argument 2 for Admin\Model\FinanceModel::getAssignInfo(), called in D:\phpStudy\WWW\my\ThinkPHPkj\Application\Admin\Controller\FinanceController.class.php on line 65 and defined D:\phpStudy\WWW\my\ThinkPHPkj\Application\Admin\Model\FinanceModel.class.php 第 82 行.
SQL: SHOW COLUMNS FROM `sw_user` [ RunTime:0.006001s ]
SQL: SELECT * FROM `sw_user` WHERE ( user_id = 2 ) LIMIT 1   [ RunTime:0.001000s ]
SQL: SHOW COLUMNS FROM `sw_dial` [ RunTime:0.005000s ]
SQL: SELECT * FROM `sw_dial` WHERE ( id = 5 ) LIMIT 1   [ RunTime:0.000000s ]
INFO: [ view_parse ] --START--
INFO: [ template_filter ] --START--
INFO: Run Behavior\ContentReplace [ RunTime:0.000000s ]
INFO: [ template_filter ] --END-- [ RunTime:0.000000s ]
INFO: Run Behavior\ParseTemplate [ RunTime:0.011001s ]
INFO: [ view_parse ] --END-- [ RunTime:0.011001s ]
INFO: [ view_filter ] --START--
INFO: Run Behavior\WriteHtmlCache [ RunTime:0.000000s ]
INFO: [ view_filter ] --END-- [ RunTime:0.000000s ]
INFO: [ app_end ] --START--
INFO: Run Behavior\ShowPageTrace [ RunTime:0.000000s ]
INFO: [ app_end ] --END-- [ RunTime:0.000000s ]

[ 2017-03-01T17:14:05+08:00 ] ::1 /my/ThinkPHPkj/index.php/Admin/Finance/saveAssignSure
INFO: [ app_begin ] --START--
INFO: Run Behavior\ReadHtmlCache [ RunTime:0.001000s ]
INFO: [ app_begin ] --END-- [ RunTime:0.001000s ]
SQL: SHOW COLUMNS FROM `sw_finance` [ RunTime:0.007000s ]
ERR: 1146:Table 'gagahi.sw_finance' doesn't exist
 [ SQL语句 ] : SHOW COLUMNS FROM `sw_finance`
SQL: SHOW COLUMNS FROM `sw_assign_prize` [ RunTime:0.007001s ]
SQL: SELECT * FROM `sw_assign_prize` WHERE (  dial_id = 5 and user_id = 2 and interval_time = 0 ) LIMIT 1   [ RunTime:0.001000s ]
SQL: INSERT INTO `sw_assign_prize` (`dial_id`,`dial_name`,`user_id`,`user_name`,`admin_id`,`admin_name`,`creat_time`,`interval_time`,`prize_num`) VALUES (5,'免单10元',2,'2333',1,'admin',1488359645,'0',2) [ RunTime:0.000000s ]

[ 2017-03-01T17:14:06+08:00 ] ::1 /my/ThinkPHPkj/index.php/Admin/Finance/assignPrizeListAjax
INFO: [ app_begin ] --START--
INFO: Run Behavior\ReadHtmlCache [ RunTime:0.000000s ]
INFO: [ app_begin ] --END-- [ RunTime:0.001001s ]
SQL: SHOW COLUMNS FROM `sw_finance` [ RunTime:0.004000s ]
ERR: 1146:Table 'gagahi.sw_finance' doesn't exist
 [ SQL语句 ] : SHOW COLUMNS FROM `sw_finance`
SQL: select *
                from sw_assign_prize
                WHERE 1=1 and is_del =1 and prize_num > 0  and dial_id = 5 [ RunTime:0.001000s ]
INFO: [ app_end ] --START--
INFO: Run Behavior\ShowPageTrace [ RunTime:0.000000s ]
INFO: [ app_end ] --END-- [ RunTime:0.000000s ]

[ 2017-03-01T17:14:09+08:00 ] ::1 /my/ThinkPHPkj/index.php/Home/Homepage/getDial
INFO: [ app_begin ] --START--
INFO: Run Behavior\ReadHtmlCache [ RunTime:0.001001s ]
INFO: [ app_begin ] --END-- [ RunTime:0.001001s ]
SQL: SHOW COLUMNS FROM `sw_dial` [ RunTime:0.007001s ]
SQL: SHOW COLUMNS FROM `sw_assign_prize` [ RunTime:0.006000s ]
SQL: SHOW COLUMNS FROM `sw_prizeinfo` [ RunTime:0.006001s ]
SQL: SELECT * FROM `sw_assign_prize` WHERE ( user_id = 2 and is_del=1 and prize_num > 0 )  [ RunTime:0.001000s ]
SQL: UPDATE `sw_assign_prize` SET `prize_num`=0,`update_time`=1488359649 WHERE ( id = 6 ) [ RunTime:0.001000s ]
SQL: INSERT INTO `sw_prizeinfo` (`dial_id`,`dial_name`,`user_id`,`user_name`,`creat_time`) VALUES (3,'免分期服务费',2,'2333',1488359649) [ RunTime:0.001000s ]
SQL: SELECT * FROM `sw_dial` WHERE ( id =3 ) LIMIT 1   [ RunTime:0.000000s ]

[ 2017-03-01T17:17:21+08:00 ] ::1 /my/ThinkPHPkj/index.php/Admin/Finance/dialListAjax
INFO: [ app_begin ] --START--
INFO: Run Behavior\ReadHtmlCache [ RunTime:0.001000s ]
INFO: [ app_begin ] --END-- [ RunTime:0.001000s ]
SQL: SHOW COLUMNS FROM `sw_finance` [ RunTime:0.004000s ]
ERR: 1146:Table 'gagahi.sw_finance' doesn't exist
 [ SQL语句 ] : SHOW COLUMNS FROM `sw_finance`
SQL: select *
                from sw_dial
                WHERE 1=1  [ RunTime:0.000000s ]
INFO: [ app_end ] --START--
INFO: Run Behavior\ShowPageTrace [ RunTime:0.001000s ]
INFO: [ app_end ] --END-- [ RunTime:0.001000s ]

[ 2017-03-01T17:17:23+08:00 ] ::1 /my/ThinkPHPkj/index.php/Admin/Finance/assignPrizeListAjax
INFO: [ app_begin ] --START--
INFO: Run Behavior\ReadHtmlCache [ RunTime:0.001000s ]
INFO: [ app_begin ] --END-- [ RunTime:0.001000s ]
SQL: SHOW COLUMNS FROM `sw_finance` [ RunTime:0.006000s ]
ERR: 1146:Table 'gagahi.sw_finance' doesn't exist
 [ SQL语句 ] : SHOW COLUMNS FROM `sw_finance`
SQL: select *
                from sw_assign_prize
                WHERE 1=1 and is_del =1 and prize_num > 0  and dial_id = 1 [ RunTime:0.001000s ]
INFO: [ app_end ] --START--
INFO: Run Behavior\ShowPageTrace [ RunTime:0.001000s ]
INFO: [ app_end ] --END-- [ RunTime:0.001000s ]

[ 2017-03-01T17:17:25+08:00 ] ::1 /my/ThinkPHPkj/index.php/Admin/Finance/assignPrizeListAjax
INFO: [ app_begin ] --START--
INFO: Run Behavior\ReadHtmlCache [ RunTime:0.001000s ]
INFO: [ app_begin ] --END-- [ RunTime:0.001000s ]
SQL: SHOW COLUMNS FROM `sw_finance` [ RunTime:0.002000s ]
ERR: 1146:Table 'gagahi.sw_finance' doesn't exist
 [ SQL语句 ] : SHOW COLUMNS FROM `sw_finance`
SQL: select *
                from sw_assign_prize
                WHERE 1=1 and is_del =1 and prize_num > 0  and dial_id = 2 [ RunTime:0.001000s ]
INFO: [ app_end ] --START--
INFO: Run Behavior\ShowPageTrace [ RunTime:0.000000s ]
INFO: [ app_end ] --END-- [ RunTime:0.000000s ]

[ 2017-03-01T17:17:27+08:00 ] ::1 /my/ThinkPHPkj/index.php/Admin/Finance/assignPrizeListAjax
INFO: [ app_begin ] --START--
INFO: Run Behavior\ReadHtmlCache [ RunTime:0.000000s ]
INFO: [ app_begin ] --END-- [ RunTime:0.001001s ]
SQL: SHOW COLUMNS FROM `sw_finance` [ RunTime:0.006001s ]
ERR: 1146:Table 'gagahi.sw_finance' doesn't exist
 [ SQL语句 ] : SHOW COLUMNS FROM `sw_finance`
SQL: select *
                from sw_assign_prize
                WHERE 1=1 and is_del =1 and prize_num > 0  and dial_id = 3 [ RunTime:0.001000s ]
INFO: [ app_end ] --START--
INFO: Run Behavior\ShowPageTrace [ RunTime:0.001000s ]
INFO: [ app_end ] --END-- [ RunTime:0.001000s ]

