[ 2016-06-29T11:57:00+08:00 ] ::1 /thinkphp/index.php/Admin/Index/left
ERR: Think\Controller:assgin方法不存在！

[ 2016-06-29T15:38:08+08:00 ] ::1 /thinkphp/index.php/Admin/Index/loginAction
ERR: 1064:You have an error in your SQL syntax; check the manual that corresponds to your MySQL server version for the right syntax to use near 'LIMIT 1' at line 1
 [ SQL语句 ] : SELECT * FROM `think_buser` INNER JOIN think_role ON think_role.roleid=think_buser.roleid and think_buser.id=  LIMIT 1  

[ 2016-06-29T15:40:47+08:00 ] ::1 /thinkphp/index.php/Admin/Index/loginAction
ERR: 1064:You have an error in your SQL syntax; check the manual that corresponds to your MySQL server version for the right syntax to use near 'LIMIT 1' at line 1
 [ SQL语句 ] : SELECT * FROM `think_buser` INNER JOIN think_role ON think_role.roleid=think_buser.roleid and think_buser.id=  LIMIT 1  

[ 2016-06-29T15:42:21+08:00 ] ::1 /thinkphp/index.php/Admin/Index/index.html
ERR: 1064:You have an error in your SQL syntax; check the manual that corresponds to your MySQL server version for the right syntax to use near 'LIMIT 1' at line 1
 [ SQL语句 ] : SELECT * FROM `think_buser` INNER JOIN think_role ON think_role.roleid=think_buser.roleid and think_buser.id=  LIMIT 1  

[ 2016-06-29T15:42:39+08:00 ] ::1 /thinkphp/index.php/Admin/Index/index
ERR: 1064:You have an error in your SQL syntax; check the manual that corresponds to your MySQL server version for the right syntax to use near 'LIMIT 1' at line 1
 [ SQL语句 ] : SELECT * FROM `think_buser` INNER JOIN think_role ON think_role.roleid=think_buser.roleid and think_buser.id=  LIMIT 1  

[ 2016-06-29T15:43:26+08:00 ] ::1 /thinkphp/index.php/Admin/Index/index
ERR: 1064:You have an error in your SQL syntax; check the manual that corresponds to your MySQL server version for the right syntax to use near '('id')  LIMIT 1' at line 1
 [ SQL语句 ] : SELECT * FROM `think_buser` INNER JOIN think_role ON think_role.roleid=think_buser.roleid and think_buser.id=session('id')  LIMIT 1  

[ 2016-06-29T15:43:59+08:00 ] ::1 /thinkphp/index.php/Admin/Index/index
ERR: 1064:You have an error in your SQL syntax; check the manual that corresponds to your MySQL server version for the right syntax to use near 'LIMIT 1' at line 1
 [ SQL语句 ] : SELECT * FROM `think_buser` INNER JOIN think_role ON think_role.roleid=think_buser.roleid and think_buser.id=  LIMIT 1  

[ 2016-06-29T15:45:37+08:00 ] ::1 /thinkphp/index.php/Admin/Index/index.html
ERR: 1064:You have an error in your SQL syntax; check the manual that corresponds to your MySQL server version for the right syntax to use near 'LIMIT 1' at line 1
 [ SQL语句 ] : SELECT * FROM `think_buser` INNER JOIN think_role ON think_role.roleid=think_buser.roleid and think_buser.id=  LIMIT 1  

[ 2016-06-29T15:45:58+08:00 ] ::1 /thinkphp/index.php/Admin/Index/index.html
ERR: 1064:You have an error in your SQL syntax; check the manual that corresponds to your MySQL server version for the right syntax to use near 'LIMIT 1' at line 1
 [ SQL语句 ] : SELECT * FROM `think_buser` INNER JOIN think_role ON think_role.roleid=think_buser.roleid and think_buser.id=  LIMIT 1  

[ 2016-06-29T15:46:36+08:00 ] ::1 /thinkphp/index.php/Admin/Index/index.html
ERR: 1064:You have an error in your SQL syntax; check the manual that corresponds to your MySQL server version for the right syntax to use near 'LIMIT 1' at line 1
 [ SQL语句 ] : SELECT * FROM `think_buser` INNER JOIN think_role ON think_role.roleid=think_buser.roleid and think_buser.id=  LIMIT 1  

[ 2016-06-29T16:30:44+08:00 ] ::1 /thinkphp/index.php/Admin/Index/left
ERR: 1064:You have an error in your SQL syntax; check the manual that corresponds to your MySQL server version for the right syntax to use near ') LIMIT 1' at line 1
 [ SQL语句 ] : SELECT * FROM `think_role` WHERE ( roleid= ) LIMIT 1  

[ 2016-06-29T16:30:58+08:00 ] ::1 /thinkphp/index.php/Admin/Index/left
ERR: 1064:You have an error in your SQL syntax; check the manual that corresponds to your MySQL server version for the right syntax to use near ') LIMIT 1' at line 1
 [ SQL语句 ] : SELECT * FROM `think_role` WHERE ( roleid= ) LIMIT 1  

[ 2016-06-29T16:34:21+08:00 ] ::1 /thinkphp/index.php/Admin/Index/left
ERR: 1064:You have an error in your SQL syntax; check the manual that corresponds to your MySQL server version for the right syntax to use near ') LIMIT 1' at line 1
 [ SQL语句 ] : SELECT * FROM `think_role` WHERE ( roleid= ) LIMIT 1  

[ 2016-06-29T16:35:07+08:00 ] ::1 /thinkphp/index.php/Admin/Index/left
ERR: 1064:You have an error in your SQL syntax; check the manual that corresponds to your MySQL server version for the right syntax to use near ') LIMIT 1' at line 1
 [ SQL语句 ] : SELECT * FROM `think_role` WHERE ( roleid= ) LIMIT 1  

[ 2016-06-29T17:04:19+08:00 ] ::1 /thinkphp/index.php/Admin/User/inpectUser
INFO: [ app_begin ] --START--
INFO: Run Behavior\ReadHtmlCacheBehavior [ RunTime:0.001000s ]
INFO: [ app_begin ] --END-- [ RunTime:0.002000s ]
SQL: SHOW COLUMNS FROM `think_buser` [ RunTime:0.0090s ]
SQL: SELECT * FROM `think_buser` INNER JOIN think_role ON think_role.roleid=think_buser.roleid and think_buser.id=1  LIMIT 1   [ RunTime:0.0030s ]
SQL: SELECT * FROM `think_buser` WHERE `username` = 'sadasdsad'  [ RunTime:0.0000s ]
INFO: [ app_end ] --START--
INFO: Run Behavior\ShowPageTraceBehavior [ RunTime:0.002000s ]
INFO: [ app_end ] --END-- [ RunTime:0.002000s ]

[ 2016-06-29T17:06:24+08:00 ] ::1 /thinkphp/index.php/Admin/User/inpectUser
INFO: [ app_begin ] --START--
INFO: Run Behavior\ReadHtmlCacheBehavior [ RunTime:0.000000s ]
INFO: [ app_begin ] --END-- [ RunTime:0.001000s ]
SQL: SHOW COLUMNS FROM `think_buser` [ RunTime:0.0080s ]
SQL: SELECT * FROM `think_buser` INNER JOIN think_role ON think_role.roleid=think_buser.roleid and think_buser.id=1  LIMIT 1   [ RunTime:0.0010s ]
SQL: SELECT * FROM `think_buser` WHERE `username` = 'psmingyu01'  [ RunTime:0.0010s ]
INFO: [ app_end ] --START--
INFO: Run Behavior\ShowPageTraceBehavior [ RunTime:0.002000s ]
INFO: [ app_end ] --END-- [ RunTime:0.002000s ]

[ 2016-06-29T17:06:28+08:00 ] ::1 /thinkphp/index.php/Admin/User/inpectUser
INFO: [ app_begin ] --START--
INFO: Run Behavior\ReadHtmlCacheBehavior [ RunTime:0.001001s ]
INFO: [ app_begin ] --END-- [ RunTime:0.002001s ]
SQL: SHOW COLUMNS FROM `think_buser` [ RunTime:0.0080s ]
SQL: SELECT * FROM `think_buser` INNER JOIN think_role ON think_role.roleid=think_buser.roleid and think_buser.id=1  LIMIT 1   [ RunTime:0.0010s ]
SQL: SELECT * FROM `think_buser` WHERE `username` = 'psmingyu'  [ RunTime:0.0010s ]
INFO: [ app_end ] --START--
INFO: Run Behavior\ShowPageTraceBehavior [ RunTime:0.002000s ]
INFO: [ app_end ] --END-- [ RunTime:0.003000s ]

[ 2016-06-29T17:06:33+08:00 ] ::1 /thinkphp/index.php/Admin/User/inpectUser
INFO: [ app_begin ] --START--
INFO: Run Behavior\ReadHtmlCacheBehavior [ RunTime:0.000000s ]
INFO: [ app_begin ] --END-- [ RunTime:0.001000s ]
SQL: SHOW COLUMNS FROM `think_buser` [ RunTime:0.0090s ]
SQL: SELECT * FROM `think_buser` INNER JOIN think_role ON think_role.roleid=think_buser.roleid and think_buser.id=1  LIMIT 1   [ RunTime:0.0010s ]
SQL: SELECT * FROM `think_buser` WHERE `username` = 'psmingyu01'  [ RunTime:0.0000s ]
INFO: [ app_end ] --START--
INFO: Run Behavior\ShowPageTraceBehavior [ RunTime:0.002000s ]
INFO: [ app_end ] --END-- [ RunTime:0.002000s ]

[ 2016-06-29T17:08:33+08:00 ] ::1 /thinkphp/index.php/Admin/User/inpectUser
INFO: [ app_begin ] --START--
INFO: Run Behavior\ReadHtmlCacheBehavior [ RunTime:0.001000s ]
INFO: [ app_begin ] --END-- [ RunTime:0.002000s ]
SQL: SHOW COLUMNS FROM `think_buser` [ RunTime:0.0090s ]
SQL: SELECT * FROM `think_buser` INNER JOIN think_role ON think_role.roleid=think_buser.roleid and think_buser.id=1  LIMIT 1   [ RunTime:0.0020s ]
SQL: SELECT * FROM `think_buser` WHERE `username` = 'psmingyu01'  [ RunTime:0.0010s ]
INFO: [ app_end ] --START--
INFO: Run Behavior\ShowPageTraceBehavior [ RunTime:0.002000s ]
INFO: [ app_end ] --END-- [ RunTime:0.003000s ]

[ 2016-06-29T20:18:25+08:00 ] ::1 /thinkphp/index.php/Admin/Type/addNewcategory
ERR: 模板不存在:./Application/Admin/View/Type/addNewcategory.html

[ 2016-06-29T20:52:05+08:00 ] ::1 /thinkphp/index.php/Admin/Type/advert
ERR: 模板不存在:./Application/Admin/View/Type/advert.html

[ 2016-06-29T23:39:52+08:00 ] ::1 /thinkphp/index.php/Admin/Index/left
ERR: 1064:You have an error in your SQL syntax; check the manual that corresponds to your MySQL server version for the right syntax to use near ') LIMIT 1' at line 1
 [ SQL语句 ] : SELECT * FROM `think_role` WHERE ( roleid= ) LIMIT 1  

