[ 2016-06-13T00:00:51+08:00 ] ::1 /thinkphp/index.php
INFO: [ app_init ] --START--
INFO: Run Behavior\BuildLiteBehavior [ RunTime:0.000000s ]
INFO: [ app_init ] --END-- [ RunTime:0.001000s ]
INFO: [ app_begin ] --START--
INFO: Run Behavior\ReadHtmlCacheBehavior [ RunTime:0.001000s ]
INFO: [ app_begin ] --END-- [ RunTime:0.001000s ]
ERR: 无法加载数据库驱动: Think\Db\Driver\

[ 2016-06-13T00:03:25+08:00 ] ::1 /thinkphp/index.php
INFO: [ app_init ] --START--
INFO: Run Behavior\BuildLiteBehavior [ RunTime:0.000000s ]
INFO: [ app_init ] --END-- [ RunTime:0.002000s ]
INFO: [ app_begin ] --START--
INFO: Run Behavior\ReadHtmlCacheBehavior [ RunTime:0.011001s ]
INFO: [ app_begin ] --END-- [ RunTime:0.011001s ]

[ 2016-06-13T00:03:41+08:00 ] ::1 /thinkphp/index.php
INFO: [ app_init ] --START--
INFO: Run Behavior\BuildLiteBehavior [ RunTime:0.000000s ]
INFO: [ app_init ] --END-- [ RunTime:0.001000s ]
INFO: [ app_begin ] --START--
INFO: Run Behavior\ReadHtmlCacheBehavior [ RunTime:0.001000s ]
INFO: [ app_begin ] --END-- [ RunTime:0.001000s ]

[ 2016-06-13T00:03:48+08:00 ] ::1 /thinkphp/index.php
INFO: [ app_init ] --START--
INFO: Run Behavior\BuildLiteBehavior [ RunTime:0.000000s ]
INFO: [ app_init ] --END-- [ RunTime:0.000000s ]
INFO: [ app_begin ] --START--
INFO: Run Behavior\ReadHtmlCacheBehavior [ RunTime:0.001000s ]
INFO: [ app_begin ] --END-- [ RunTime:0.001000s ]

[ 2016-06-13T00:04:26+08:00 ] ::1 /thinkphp/index.php
INFO: [ app_init ] --START--
INFO: Run Behavior\BuildLiteBehavior [ RunTime:0.000000s ]
INFO: [ app_init ] --END-- [ RunTime:0.001000s ]
INFO: [ app_begin ] --START--
INFO: Run Behavior\ReadHtmlCacheBehavior [ RunTime:0.001000s ]
INFO: [ app_begin ] --END-- [ RunTime:0.001000s ]

[ 2016-06-13T01:09:32+08:00 ] ::1 /thinkphp/index.php
ERR: 1064:You have an error in your SQL syntax; check the manual that corresponds to your MySQL server version for the right syntax to use near ')' at line 1
 [ SQL语句 ] : SELECT * FROM `think_user` WHERE ( age ) AND (  gt ) AND (  ) 

[ 2016-06-13T19:57:33+08:00 ] ::1 /thinkphp/
ERR: 1146:Table 'car.think_user' doesn't exist
 [ SQL语句 ] : SHOW COLUMNS FROM `think_user`

[ 2016-06-13T20:46:56+08:00 ] ::1 /thinkphp/index.php/Home/Form/insert
ERR: 非法操作:insert

[ 2016-06-13T20:48:01+08:00 ] ::1 /thinkphp/index.php/Home/Form/insert
ERR: 1146:Table 'test.think_form' doesn't exist
 [ SQL语句 ] : SHOW COLUMNS FROM `think_form`

[ 2016-06-13T22:50:38+08:00 ] ::1 /thinkphp/index.php/Home/Form/insert
ERR: 1146:Table 'test.think_form' doesn't exist
 [ SQL语句 ] : SHOW COLUMNS FROM `think_form`

[ 2016-06-13T22:51:49+08:00 ] ::1 /thinkphp/index.php/Home/Form/insert
ERR: 1062:Duplicate entry '' for key 'name'
 [ SQL语句 ] : INSERT INTO `think_user` (`name`,`age`,`sex`) VALUES ('','23','1')

[ 2016-06-13T23:12:59+08:00 ] ::1 /thinkphp/index.php/Home/Form/insert
ERR: 1062:Duplicate entry '' for key 'name'
 [ SQL语句 ] : INSERT INTO `think_user` (`name`,`age`,`sex`) VALUES ('','25','1')

[ 2016-06-13T23:13:37+08:00 ] ::1 /thinkphp/index.php/Home/Form/insert
ERR: 1062:Duplicate entry '' for key 'name'
 [ SQL语句 ] : INSERT INTO `think_user` (`name`,`age`,`sex`) VALUES ('','56','0')

[ 2016-06-13T23:35:56+08:00 ] ::1 /thinkphp/index.php/Home/Form/insert
ERR: 1146:Table 'test.think_form' doesn't exist
 [ SQL语句 ] : SHOW COLUMNS FROM `think_form`

[ 2016-06-13T23:42:08+08:00 ] ::1 /thinkphp/index.php/Home/Form/
ERR: 非法操作:index

[ 2016-06-13T23:42:12+08:00 ] ::1 /thinkphp/index.php/Home/Form
ERR: 非法操作:index

[ 2016-06-13T23:58:37+08:00 ] ::1 /thinkphp/index.php/Home/Form/
ERR: 非法操作:index

[ 2016-06-13T23:58:58+08:00 ] ::1 /thinkphp/index.php/Home/Form/edit
ERR: 模板不存在:./Application/Home/View/Form/edit.html

