[ 2016-06-26T10:16:45+08:00 ] ::1 /thinkphp/Public/Uploads/1
ERR: 无法加载模块:Public



[ 2016-06-26T10:16:45+08:00 ] ::1 /thinkphp/Public/Home/images/stage-tab-icons.png
ERR: 无法加载模块:Public

[ 2016-06-26T13:32:11+08:00 ] ::1 /thinkphp/Public/Home/images/stage-tab-icons.png
ERR: 无法加载模块:Public

[ 2016-06-26T13:32:11+08:00 ] ::1 /thinkphp/Public/Uploads/1
ERR: 无法加载模块:Public



[ 2016-06-26T16:08:02+08:00 ] ::1 /thinkphp/Public/Uploads/1
ERR: 无法加载模块:Public



[ 2016-06-26T16:10:27+08:00 ] ::1 /thinkphp/Public/Uploads/1
ERR: 无法加载模块:Public

[ 2016-06-26T16:10:28+08:00 ] ::1 /thinkphp/Public/men_main.gif
ERR: 无法加载模块:Public

[ 2016-06-26T16:10:39+08:00 ] ::1 /thinkphp/Public/men_main.gif
ERR: 无法加载模块:Public

[ 2016-06-26T16:10:39+08:00 ] ::1 /thinkphp/Public/Uploads/1
ERR: 无法加载模块:Public

[ 2016-06-26T16:10:43+08:00 ] ::1 /thinkphp/Public/men_main.gif
ERR: 无法加载模块:Public

[ 2016-06-26T16:10:43+08:00 ] ::1 /thinkphp/Public/Uploads/1
ERR: 无法加载模块:Public

[ 2016-06-26T16:10:51+08:00 ] ::1 /thinkphp/Public/men_main.gif
ERR: 无法加载模块:Public

[ 2016-06-26T16:10:51+08:00 ] ::1 /thinkphp/Public/Uploads/1
ERR: 无法加载模块:Public

[ 2016-06-26T16:10:57+08:00 ] ::1 /thinkphp/Public/men_main.gif
ERR: 无法加载模块:Public

[ 2016-06-26T16:10:57+08:00 ] ::1 /thinkphp/Public/Uploads/1
ERR: 无法加载模块:Public

[ 2016-06-26T16:11:02+08:00 ] ::1 /thinkphp/Public/men_main.gif
ERR: 无法加载模块:Public

[ 2016-06-26T16:11:02+08:00 ] ::1 /thinkphp/Public/Uploads/1
ERR: 无法加载模块:Public

[ 2016-06-26T16:11:06+08:00 ] ::1 /thinkphp/Public/men_main.gif
ERR: 无法加载模块:Public

[ 2016-06-26T16:11:06+08:00 ] ::1 /thinkphp/Public/Uploads/1
ERR: 无法加载模块:Public

[ 2016-06-26T16:11:12+08:00 ] ::1 /thinkphp/Public/Uploads/1
ERR: 无法加载模块:Public

[ 2016-06-26T16:11:12+08:00 ] ::1 /thinkphp/Public/men_main.gif
ERR: 无法加载模块:Public

[ 2016-06-26T16:11:15+08:00 ] ::1 /thinkphp/Public/men_main.gif
ERR: 无法加载模块:Public

[ 2016-06-26T16:11:15+08:00 ] ::1 /thinkphp/Public/Uploads/1
ERR: 无法加载模块:Public

[ 2016-06-26T16:13:56+08:00 ] ::1 /thinkphp/Public/Uploads/1
ERR: 无法加载模块:Public

[ 2016-06-26T16:14:40+08:00 ] ::1 /thinkphp/Public/Uploads/1
ERR: 无法加载模块:Public

[ 2016-06-26T16:15:05+08:00 ] ::1 /thinkphp/Public/Uploads/1
ERR: 无法加载模块:Public

[ 2016-06-26T16:15:41+08:00 ] ::1 /thinkphp/Public/Uploads/1
ERR: 无法加载模块:Public

[ 2016-06-26T16:16:31+08:00 ] ::1 /thinkphp/Public/men_main.gif
ERR: 无法加载模块:Public

[ 2016-06-26T16:16:31+08:00 ] ::1 /thinkphp/Public/Uploads/1
ERR: 无法加载模块:Public

[ 2016-06-26T16:16:59+08:00 ] ::1 /thinkphp/Public/Uploads/1
ERR: 无法加载模块:Public

[ 2016-06-26T16:17:15+08:00 ] ::1 /thinkphp/Public/Uploads/1
ERR: 无法加载模块:Public

[ 2016-06-26T16:18:21+08:00 ] ::1 /thinkphp/Public/Uploads/1
ERR: 无法加载模块:Public

[ 2016-06-26T16:20:11+08:00 ] ::1 /thinkphp/Public/Uploads/1
ERR: 无法加载模块:Public

[ 2016-06-26T16:20:15+08:00 ] ::1 /thinkphp/Public/Uploads/1
ERR: 无法加载模块:Public

[ 2016-06-26T16:21:10+08:00 ] ::1 /thinkphp/Public/Uploads/1
ERR: 无法加载模块:Public

[ 2016-06-26T16:25:22+08:00 ] ::1 /thinkphp/Public/Uploads/1
ERR: 无法加载模块:Public

[ 2016-06-26T16:39:34+08:00 ] ::1 /thinkphp/Public/Uploads/1
ERR: 无法加载模块:Public

[ 2016-06-26T16:44:26+08:00 ] ::1 /thinkphp/Public/Uploads/1
ERR: 无法加载模块:Public

[ 2016-06-26T16:51:36+08:00 ] ::1 /thinkphp/Public/Uploads/1
ERR: 无法加载模块:Public

[ 2016-06-26T16:51:56+08:00 ] ::1 /thinkphp/Public/Uploads/1
ERR: 无法加载模块:Public

[ 2016-06-26T16:53:14+08:00 ] ::1 /thinkphp/Public/Uploads/1
ERR: 无法加载模块:Public

[ 2016-06-26T16:53:33+08:00 ] ::1 /thinkphp/Public/Uploads/1
ERR: 无法加载模块:Public

[ 2016-06-26T16:54:13+08:00 ] ::1 /thinkphp/Public/Uploads/1
ERR: 无法加载模块:Public

[ 2016-06-26T17:06:21+08:00 ] ::1 /thinkphp/Public/Uploads/1
ERR: 无法加载模块:Public

[ 2016-06-26T17:42:47+08:00 ] ::1 /thinkphp/Public/Uploads/1
ERR: 无法加载模块:Public

[ 2016-06-26T17:46:51+08:00 ] ::1 /thinkphp/Public/Uploads/1
ERR: 无法加载模块:Public

[ 2016-06-26T17:53:55+08:00 ] ::1 /thinkphp/Public/Uploads/1
ERR: 无法加载模块:Public

[ 2016-06-26T17:54:16+08:00 ] ::1 /thinkphp/Public/Uploads/1
ERR: 无法加载模块:Public

[ 2016-06-26T17:54:41+08:00 ] ::1 /thinkphp/Public/Uploads/1
ERR: 无法加载模块:Public

[ 2016-06-26T17:55:00+08:00 ] ::1 /thinkphp/Public/Uploads/1
ERR: 无法加载模块:Public

[ 2016-06-26T17:55:49+08:00 ] ::1 /thinkphp/Public/Uploads/1
ERR: 无法加载模块:Public

[ 2016-06-26T17:56:19+08:00 ] ::1 /thinkphp/Public/Uploads/1
ERR: 无法加载模块:Public

[ 2016-06-26T17:57:03+08:00 ] ::1 /thinkphp/Public/Uploads/1
ERR: 无法加载模块:Public

[ 2016-06-26T17:57:21+08:00 ] ::1 /thinkphp/Public/Uploads/1
ERR: 无法加载模块:Public

[ 2016-06-26T17:57:32+08:00 ] ::1 /thinkphp/Public/Uploads/1
ERR: 无法加载模块:Public

[ 2016-06-26T17:57:43+08:00 ] ::1 /thinkphp/Public/Uploads/1
ERR: 无法加载模块:Public

[ 2016-06-26T17:58:01+08:00 ] ::1 /thinkphp/Public/Uploads/1
ERR: 无法加载模块:Public

[ 2016-06-26T18:02:23+08:00 ] ::1 /thinkphp/Public/Uploads/1
ERR: 无法加载模块:Public

[ 2016-06-26T18:07:16+08:00 ] ::1 /thinkphp/Public/Uploads/1
ERR: 无法加载模块:Public

[ 2016-06-26T18:17:22+08:00 ] ::1 /thinkphp/Public/Uploads/1
ERR: 无法加载模块:Public

[ 2016-06-26T18:18:31+08:00 ] ::1 /thinkphp/Public/Uploads/1
ERR: 无法加载模块:Public

[ 2016-06-26T18:53:03+08:00 ] ::1 /thinkphp/Public/Uploads/1
ERR: 无法加载模块:Public

[ 2016-06-26T18:53:48+08:00 ] ::1 /thinkphp/Public/Uploads/1
ERR: 无法加载模块:Public

[ 2016-06-26T18:54:02+08:00 ] ::1 /thinkphp/Public/Uploads/1
ERR: 无法加载模块:Public

[ 2016-06-26T18:54:55+08:00 ] ::1 /thinkphp/Public/Uploads/1
ERR: 无法加载模块:Public

[ 2016-06-26T18:55:16+08:00 ] ::1 /thinkphp/Public/Uploads/1
ERR: 无法加载模块:Public

[ 2016-06-26T19:20:36+08:00 ] ::1 /thinkphp/Public/Uploads/1
ERR: 无法加载模块:Public

[ 2016-06-26T19:28:19+08:00 ] ::1 /thinkphp/Public/Uploads/1
ERR: 无法加载模块:Public

[ 2016-06-26T19:29:18+08:00 ] ::1 /thinkphp/Public/Uploads/1
ERR: 无法加载模块:Public

[ 2016-06-26T19:31:30+08:00 ] ::1 /thinkphp/Public/Uploads/1
ERR: 无法加载模块:Public

[ 2016-06-26T19:32:24+08:00 ] ::1 /thinkphp/Public/Uploads/1
ERR: 无法加载模块:Public

[ 2016-06-26T19:37:27+08:00 ] ::1 /thinkphp/Public/Uploads/1
ERR: 无法加载模块:Public

[ 2016-06-26T19:37:50+08:00 ] ::1 /thinkphp/Public/Uploads/1
ERR: 无法加载模块:Public

[ 2016-06-26T19:38:10+08:00 ] ::1 /thinkphp/Public/Uploads/1
ERR: 无法加载模块:Public

[ 2016-06-26T19:38:37+08:00 ] ::1 /thinkphp/Public/Uploads/1
ERR: 无法加载模块:Public

[ 2016-06-26T19:40:50+08:00 ] ::1 /thinkphp/Public/Uploads/1
ERR: 无法加载模块:Public

[ 2016-06-26T19:41:10+08:00 ] ::1 /thinkphp/Public/Uploads/1
ERR: 无法加载模块:Public

[ 2016-06-26T19:41:22+08:00 ] ::1 /thinkphp/Public/Uploads/1
ERR: 无法加载模块:Public

[ 2016-06-26T19:41:57+08:00 ] ::1 /thinkphp/Public/Uploads/1
ERR: 无法加载模块:Public

[ 2016-06-26T19:42:43+08:00 ] ::1 /thinkphp/Public/Uploads/1
ERR: 无法加载模块:Public

[ 2016-06-26T19:43:08+08:00 ] ::1 /thinkphp/Public/Uploads/1
ERR: 无法加载模块:Public

[ 2016-06-26T19:43:22+08:00 ] ::1 /thinkphp/Public/Uploads/1
ERR: 无法加载模块:Public

[ 2016-06-26T19:45:05+08:00 ] ::1 /thinkphp/Public/Uploads/1
ERR: 无法加载模块:Public

[ 2016-06-26T19:46:29+08:00 ] ::1 /thinkphp/Public/Uploads/1
ERR: 无法加载模块:Public

[ 2016-06-26T19:48:20+08:00 ] ::1 /thinkphp/Public/Uploads/1
ERR: 无法加载模块:Public

[ 2016-06-26T19:48:35+08:00 ] ::1 /thinkphp/Public/Uploads/1
ERR: 无法加载模块:Public

[ 2016-06-26T19:50:21+08:00 ] ::1 /thinkphp/Public/Uploads/1
ERR: 无法加载模块:Public

[ 2016-06-26T19:50:40+08:00 ] ::1 /thinkphp/Public/Uploads/1
ERR: 无法加载模块:Public

[ 2016-06-26T19:51:42+08:00 ] ::1 /thinkphp/Public/Uploads/1
ERR: 无法加载模块:Public

[ 2016-06-26T19:53:37+08:00 ] ::1 /thinkphp/Public/Uploads/1
ERR: 无法加载模块:Public

[ 2016-06-26T19:53:46+08:00 ] ::1 /thinkphp/Public/Uploads/1
ERR: 无法加载模块:Public

[ 2016-06-26T19:56:33+08:00 ] ::1 /thinkphp/Public/Uploads/1
ERR: 无法加载模块:Public

[ 2016-06-26T19:58:43+08:00 ] ::1 /thinkphp/Public/Uploads/1
ERR: 无法加载模块:Public

[ 2016-06-26T19:58:56+08:00 ] ::1 /thinkphp/Public/Uploads/1
ERR: 无法加载模块:Public

[ 2016-06-26T19:59:49+08:00 ] ::1 /thinkphp/Public/Uploads/1
ERR: 无法加载模块:Public

[ 2016-06-26T20:00:16+08:00 ] ::1 /thinkphp/Public/Uploads/1
ERR: 无法加载模块:Public

[ 2016-06-26T20:07:45+08:00 ] ::1 /thinkphp/Public/Uploads/1
ERR: 无法加载模块:Public

[ 2016-06-26T20:08:32+08:00 ] ::1 /thinkphp/Public/Uploads/1
ERR: 无法加载模块:Public

[ 2016-06-26T20:14:01+08:00 ] ::1 /thinkphp/Public/Uploads/1
ERR: 无法加载模块:Public

[ 2016-06-26T20:14:21+08:00 ] ::1 /thinkphp/Public/Uploads/1
ERR: 无法加载模块:Public

[ 2016-06-26T20:20:01+08:00 ] ::1 /thinkphp/Public/Uploads/1
ERR: 无法加载模块:Public

[ 2016-06-26T20:20:01+08:00 ] ::1 /thinkphp/Public/Uploads/1
ERR: 无法加载模块:Public

[ 2016-06-26T20:22:08+08:00 ] ::1 /thinkphp/Public/Uploads/1
ERR: 无法加载模块:Public

[ 2016-06-26T20:22:08+08:00 ] ::1 /thinkphp/Public/Uploads/1
ERR: 无法加载模块:Public

[ 2016-06-26T20:22:45+08:00 ] ::1 /thinkphp/Public/Uploads/1
ERR: 无法加载模块:Public

[ 2016-06-26T20:23:36+08:00 ] ::1 /thinkphp/Public/Uploads/1
ERR: 无法加载模块:Public

[ 2016-06-26T20:23:56+08:00 ] ::1 /thinkphp/Public/Uploads/1
ERR: 无法加载模块:Public

[ 2016-06-26T20:24:11+08:00 ] ::1 /thinkphp/Public/Uploads/1
ERR: 无法加载模块:Public

[ 2016-06-26T20:24:23+08:00 ] ::1 /thinkphp/Public/Uploads/1
ERR: 无法加载模块:Public

[ 2016-06-26T20:25:41+08:00 ] ::1 /thinkphp/Public/Uploads/1
ERR: 无法加载模块:Public

[ 2016-06-26T20:26:10+08:00 ] ::1 /thinkphp/Public/Uploads/1
ERR: 无法加载模块:Public

[ 2016-06-26T20:29:45+08:00 ] ::1 /thinkphp/Public/Uploads/1
ERR: 无法加载模块:Public

[ 2016-06-26T20:29:45+08:00 ] ::1 /thinkphp/Public/Uploads/1
ERR: 无法加载模块:Public

[ 2016-06-26T20:30:22+08:00 ] ::1 /thinkphp/Public/Uploads/1
ERR: 无法加载模块:Public

[ 2016-06-26T20:30:22+08:00 ] ::1 /thinkphp/Public/Uploads/1
ERR: 无法加载模块:Public

[ 2016-06-26T21:24:10+08:00 ] ::1 /thinkphp/Public/Uploads/1
ERR: 无法加载模块:Public

[ 2016-06-26T21:24:12+08:00 ] ::1 /thinkphp/Public/Uploads/1
ERR: 无法加载模块:Public

[ 2016-06-26T22:00:24+08:00 ] ::1 /thinkphp/Public/Uploads/1
ERR: 无法加载模块:Public

[ 2016-06-26T22:00:27+08:00 ] ::1 /thinkphp/Public/Uploads/1
ERR: 无法加载模块:Public

[ 2016-06-26T22:00:57+08:00 ] ::1 /thinkphp/Public/Uploads/1
ERR: 无法加载模块:Public

[ 2016-06-26T22:06:05+08:00 ] ::1 /thinkphp/Public/Uploads/1
ERR: 无法加载模块:Public

[ 2016-06-26T22:07:20+08:00 ] ::1 /thinkphp/Public/Uploads/1
ERR: 无法加载模块:Public

[ 2016-06-26T22:07:20+08:00 ] ::1 /thinkphp/Public/Uploads/1
ERR: 无法加载模块:Public

[ 2016-06-26T22:07:54+08:00 ] ::1 /thinkphp/Public/Uploads/1
ERR: 无法加载模块:Public

[ 2016-06-26T22:07:55+08:00 ] ::1 /thinkphp/Public/Uploads/1
ERR: 无法加载模块:Public

[ 2016-06-26T22:08:46+08:00 ] ::1 /thinkphp/Public/Uploads/1
ERR: 无法加载模块:Public

[ 2016-06-26T22:10:16+08:00 ] ::1 /thinkphp/Public/Uploads/1
ERR: 无法加载模块:Public

[ 2016-06-26T22:11:10+08:00 ] ::1 /thinkphp/Public/Uploads/1
ERR: 无法加载模块:Public

[ 2016-06-26T22:11:10+08:00 ] ::1 /thinkphp/Public/Uploads/1
ERR: 无法加载模块:Public

[ 2016-06-26T22:12:55+08:00 ] ::1 /thinkphp/Public/Uploads/1
ERR: 无法加载模块:Public

[ 2016-06-26T22:13:40+08:00 ] ::1 /thinkphp/Public/Uploads/1
ERR: 无法加载模块:Public

[ 2016-06-26T22:13:40+08:00 ] ::1 /thinkphp/Public/Uploads/1
ERR: 无法加载模块:Public

[ 2016-06-26T22:14:18+08:00 ] ::1 /thinkphp/Public/Uploads/1
ERR: 无法加载模块:Public

[ 2016-06-26T22:14:18+08:00 ] ::1 /thinkphp/Public/Uploads/1
ERR: 无法加载模块:Public

[ 2016-06-26T22:14:32+08:00 ] ::1 /thinkphp/Public/Uploads/1
ERR: 无法加载模块:Public

[ 2016-06-26T22:14:32+08:00 ] ::1 /thinkphp/Public/Uploads/1
ERR: 无法加载模块:Public

[ 2016-06-26T22:14:50+08:00 ] ::1 /thinkphp/Public/Uploads/1
ERR: 无法加载模块:Public

[ 2016-06-26T22:18:39+08:00 ] ::1 /thinkphp/Public/Uploads/1
ERR: 无法加载模块:Public

[ 2016-06-26T22:20:41+08:00 ] ::1 /thinkphp/Public/Uploads/1
ERR: 无法加载模块:Public

[ 2016-06-26T22:20:49+08:00 ] ::1 /thinkphp/Public/Uploads/1
ERR: 无法加载模块:Public

[ 2016-06-26T22:21:16+08:00 ] ::1 /thinkphp/Public/Uploads/1
ERR: 无法加载模块:Public

[ 2016-06-26T22:21:16+08:00 ] ::1 /thinkphp/Public/Uploads/1
ERR: 无法加载模块:Public

[ 2016-06-26T22:23:37+08:00 ] ::1 /thinkphp/Public/Uploads/1
ERR: 无法加载模块:Public

[ 2016-06-26T22:24:17+08:00 ] ::1 /thinkphp/Public/Uploads/1
ERR: 无法加载模块:Public

[ 2016-06-26T22:24:36+08:00 ] ::1 /thinkphp/Public/Uploads/1
ERR: 无法加载模块:Public

[ 2016-06-26T22:25:00+08:00 ] ::1 /thinkphp/Public/Uploads/1
ERR: 无法加载模块:Public

[ 2016-06-26T22:25:00+08:00 ] ::1 /thinkphp/Public/Uploads/1
ERR: 无法加载模块:Public

[ 2016-06-26T22:25:23+08:00 ] ::1 /thinkphp/Public/Uploads/1
ERR: 无法加载模块:Public

[ 2016-06-26T22:25:46+08:00 ] ::1 /thinkphp/Public/Uploads/1
ERR: 无法加载模块:Public

[ 2016-06-26T22:28:09+08:00 ] ::1 /thinkphp/Public/Uploads/1
ERR: 无法加载模块:Public

[ 2016-06-26T22:28:30+08:00 ] ::1 /thinkphp/Public/Uploads/1
ERR: 无法加载模块:Public

[ 2016-06-26T22:28:30+08:00 ] ::1 /thinkphp/Public/Uploads/1
ERR: 无法加载模块:Public

[ 2016-06-26T22:29:39+08:00 ] ::1 /thinkphp/Public/Uploads/1
ERR: 无法加载模块:Public

[ 2016-06-26T22:29:59+08:00 ] ::1 /thinkphp/Public/Uploads/1
ERR: 无法加载模块:Public

[ 2016-06-26T22:38:33+08:00 ] ::1 /thinkphp/Public/Uploads/1
ERR: 无法加载模块:Public

[ 2016-06-26T22:39:33+08:00 ] ::1 /thinkphp/Public/Uploads/1
ERR: 无法加载模块:Public

[ 2016-06-26T22:40:35+08:00 ] ::1 /thinkphp/Public/Uploads/1
ERR: 无法加载模块:Public

[ 2016-06-26T22:44:00+08:00 ] ::1 /thinkphp/Public/Uploads/1
ERR: 无法加载模块:Public

[ 2016-06-26T22:44:28+08:00 ] ::1 /thinkphp/Public/Uploads/1
ERR: 无法加载模块:Public

[ 2016-06-26T22:45:05+08:00 ] ::1 /thinkphp/Public/Uploads/1
ERR: 无法加载模块:Public

[ 2016-06-26T22:46:13+08:00 ] ::1 /thinkphp/Public/Uploads/1
ERR: 无法加载模块:Public

[ 2016-06-26T22:46:13+08:00 ] ::1 /thinkphp/Public/Uploads/1
ERR: 无法加载模块:Public

[ 2016-06-26T22:46:47+08:00 ] ::1 /thinkphp/Public/Uploads/1
ERR: 无法加载模块:Public

[ 2016-06-26T22:48:16+08:00 ] ::1 /thinkphp/Public/Uploads/1
ERR: 无法加载模块:Public

[ 2016-06-26T22:48:41+08:00 ] ::1 /thinkphp/Public/Uploads/1
ERR: 无法加载模块:Public

[ 2016-06-26T22:48:41+08:00 ] ::1 /thinkphp/Public/Uploads/1
ERR: 无法加载模块:Public

[ 2016-06-26T22:49:37+08:00 ] ::1 /thinkphp/Public/Uploads/1
ERR: 无法加载模块:Public

[ 2016-06-26T22:49:46+08:00 ] ::1 /thinkphp/Public/Uploads/1
ERR: 无法加载模块:Public

[ 2016-06-26T22:49:57+08:00 ] ::1 /thinkphp/Public/Uploads/1
ERR: 无法加载模块:Public

[ 2016-06-26T22:50:17+08:00 ] ::1 /thinkphp/Public/Uploads/1
ERR: 无法加载模块:Public

[ 2016-06-26T22:50:33+08:00 ] ::1 /thinkphp/Public/Uploads/1
ERR: 无法加载模块:Public

[ 2016-06-26T22:51:13+08:00 ] ::1 /thinkphp/Public/Uploads/1
ERR: 无法加载模块:Public

[ 2016-06-26T22:51:13+08:00 ] ::1 /thinkphp/Public/Uploads/1
ERR: 无法加载模块:Public

[ 2016-06-26T22:51:31+08:00 ] ::1 /thinkphp/Public/Uploads/1
ERR: 无法加载模块:Public

[ 2016-06-26T22:51:31+08:00 ] ::1 /thinkphp/Public/Uploads/1
ERR: 无法加载模块:Public

[ 2016-06-26T22:51:48+08:00 ] ::1 /thinkphp/Public/Uploads/1
ERR: 无法加载模块:Public

[ 2016-06-26T22:52:18+08:00 ] ::1 /thinkphp/Public/Uploads/1
ERR: 无法加载模块:Public

[ 2016-06-26T22:53:02+08:00 ] ::1 /thinkphp/Public/Uploads/1
ERR: 无法加载模块:Public

[ 2016-06-26T22:54:29+08:00 ] ::1 /thinkphp/Public/Uploads/1
ERR: 无法加载模块:Public

[ 2016-06-26T22:54:50+08:00 ] ::1 /thinkphp/Public/Uploads/1
ERR: 无法加载模块:Public

[ 2016-06-26T22:55:07+08:00 ] ::1 /thinkphp/Public/Uploads/1
ERR: 无法加载模块:Public

[ 2016-06-26T22:56:10+08:00 ] ::1 /thinkphp/Public/Uploads/1
ERR: 无法加载模块:Public

[ 2016-06-26T22:57:34+08:00 ] ::1 /thinkphp/Public/Uploads/1
ERR: 无法加载模块:Public

[ 2016-06-26T22:58:13+08:00 ] ::1 /thinkphp/Public/Uploads/1
ERR: 无法加载模块:Public

[ 2016-06-26T22:58:13+08:00 ] ::1 /thinkphp/Public/Uploads/1
ERR: 无法加载模块:Public

[ 2016-06-26T23:00:51+08:00 ] ::1 /thinkphp/Public/Uploads/1
ERR: 无法加载模块:Public

[ 2016-06-26T23:03:57+08:00 ] ::1 /thinkphp/Public/Uploads/1
ERR: 无法加载模块:Public

[ 2016-06-26T23:04:36+08:00 ] ::1 /thinkphp/Public/Uploads/1
ERR: 无法加载模块:Public

[ 2016-06-26T23:05:32+08:00 ] ::1 /thinkphp/Public/Uploads/1
ERR: 无法加载模块:Public

[ 2016-06-26T23:07:53+08:00 ] ::1 /thinkphp/Public/Uploads/1
ERR: 无法加载模块:Public

[ 2016-06-26T23:08:13+08:00 ] ::1 /thinkphp/Public/Uploads/1
ERR: 无法加载模块:Public

[ 2016-06-26T23:08:26+08:00 ] ::1 /thinkphp/Public/Uploads/1
ERR: 无法加载模块:Public

[ 2016-06-26T23:09:11+08:00 ] ::1 /thinkphp/Public/Uploads/1
ERR: 无法加载模块:Public

[ 2016-06-26T23:09:48+08:00 ] ::1 /thinkphp/Public/Uploads/1
ERR: 无法加载模块:Public

[ 2016-06-26T23:12:33+08:00 ] ::1 /thinkphp/Public/Uploads/1
ERR: 无法加载模块:Public

[ 2016-06-26T23:13:10+08:00 ] ::1 /thinkphp/Public/Uploads/1
ERR: 无法加载模块:Public

[ 2016-06-26T23:18:44+08:00 ] ::1 /thinkphp/Public/Uploads/1
ERR: 无法加载模块:Public

[ 2016-06-26T23:18:45+08:00 ] ::1 /thinkphp/Public/Uploads/men_tiny.gif
ERR: 无法加载模块:Public

[ 2016-06-26T23:20:14+08:00 ] ::1 /thinkphp/Public/Uploads/1
ERR: 无法加载模块:Public

[ 2016-06-26T23:20:38+08:00 ] ::1 /thinkphp/Public/Uploads/1
ERR: 无法加载模块:Public

[ 2016-06-26T23:22:55+08:00 ] ::1 /thinkphp/Public/Uploads/1
ERR: 无法加载模块:Public

[ 2016-06-26T23:25:52+08:00 ] ::1 /thinkphp/Public/Uploads/1
ERR: 无法加载模块:Public

[ 2016-06-26T23:26:30+08:00 ] ::1 /thinkphp/Public/Uploads/1
ERR: 无法加载模块:Public

[ 2016-06-26T23:26:30+08:00 ] ::1 /thinkphp/Public/Uploads/1
ERR: 无法加载模块:Public

[ 2016-06-26T23:28:30+08:00 ] ::1 /thinkphp/Public/Uploads/1
ERR: 无法加载模块:Public

[ 2016-06-26T23:28:30+08:00 ] ::1 /thinkphp/Public/Uploads/1
ERR: 无法加载模块:Public

[ 2016-06-26T23:28:52+08:00 ] ::1 /thinkphp/Public/Uploads/1
ERR: 无法加载模块:Public

[ 2016-06-26T23:29:23+08:00 ] ::1 /thinkphp/Public/Uploads/1
ERR: 无法加载模块:Public

[ 2016-06-26T23:29:46+08:00 ] ::1 /thinkphp/Public/Uploads/1
ERR: 无法加载模块:Public

[ 2016-06-26T23:33:03+08:00 ] ::1 /thinkphp/Public/Uploads/1
ERR: 无法加载模块:Public

[ 2016-06-26T23:34:45+08:00 ] ::1 /thinkphp/Public/Uploads/1
ERR: 无法加载模块:Public

[ 2016-06-26T23:35:30+08:00 ] ::1 /thinkphp/Public/Uploads/1
ERR: 无法加载模块:Public

[ 2016-06-26T23:36:13+08:00 ] ::1 /thinkphp/Public/Uploads/1
ERR: 无法加载模块:Public

[ 2016-06-26T23:37:28+08:00 ] ::1 /thinkphp/Public/Uploads/1
ERR: 无法加载模块:Public

[ 2016-06-26T23:38:23+08:00 ] ::1 /thinkphp/Public/Uploads/1
ERR: 无法加载模块:Public

[ 2016-06-26T23:38:23+08:00 ] ::1 /thinkphp/Public/Uploads/1
ERR: 无法加载模块:Public

[ 2016-06-26T23:38:54+08:00 ] ::1 /thinkphp/Public/Uploads/1
ERR: 无法加载模块:Public

[ 2016-06-26T23:41:30+08:00 ] ::1 /thinkphp/Public/Uploads/1
ERR: 无法加载模块:Public

[ 2016-06-26T23:45:20+08:00 ] ::1 /thinkphp/Public/Uploads/1
ERR: 无法加载模块:Public

[ 2016-06-26T23:45:20+08:00 ] ::1 /thinkphp/Public/Uploads/1
ERR: 无法加载模块:Public

[ 2016-06-26T23:47:07+08:00 ] ::1 /thinkphp/Public/Uploads/1
ERR: 无法加载模块:Public

[ 2016-06-26T23:47:32+08:00 ] ::1 /thinkphp/Public/Uploads/1
ERR: 无法加载模块:Public

[ 2016-06-26T23:48:19+08:00 ] ::1 /thinkphp/Public/Uploads/1
ERR: 无法加载模块:Public

[ 2016-06-26T23:50:12+08:00 ] ::1 /thinkphp/Public/Uploads/1
ERR: 无法加载模块:Public

[ 2016-06-26T23:50:12+08:00 ] ::1 /thinkphp/Public/Uploads/1
ERR: 无法加载模块:Public

[ 2016-06-26T23:50:18+08:00 ] ::1 /thinkphp/Public/Uploads/1
ERR: 无法加载模块:Public

[ 2016-06-26T23:50:45+08:00 ] ::1 /thinkphp/Public/Uploads/1
ERR: 无法加载模块:Public

[ 2016-06-26T23:53:10+08:00 ] ::1 /thinkphp/Public/Uploads/1
ERR: 无法加载模块:Public

[ 2016-06-26T23:53:19+08:00 ] ::1 /thinkphp/Public/Uploads/1
ERR: 无法加载模块:Public

[ 2016-06-26T23:53:37+08:00 ] ::1 /thinkphp/Public/Uploads/1
ERR: 无法加载模块:Public

[ 2016-06-26T23:54:58+08:00 ] ::1 /thinkphp/Public/Uploads/1
ERR: 无法加载模块:Public

[ 2016-06-26T23:54:58+08:00 ] ::1 /thinkphp/Public/Uploads/1
ERR: 无法加载模块:Public

[ 2016-06-26T23:55:05+08:00 ] ::1 /thinkphp/Public/Uploads/1
ERR: 无法加载模块:Public

