[ 2016-07-04T09:01:19+08:00 ] ::1 /thinkphp/Public/Admin/images/favicon.ico
ERR: 无法加载模块:Public

[ 2016-07-04T09:05:13+08:00 ] ::1 /thinkphp/Public/Admin/images/favicon.ico
ERR: 无法加载模块:Public

[ 2016-07-04T09:06:14+08:00 ] ::1 /thinkphp/Public/Admin/images/favicon.ico
ERR: 无法加载模块:Public

[ 2016-07-04T09:13:39+08:00 ] ::1 /thinkphp/Public/Uploads/2016-06-26/1466931114_1912948967.jpg
ERR: 无法加载模块:Public

[ 2016-07-04T09:14:18+08:00 ] ::1 /thinkphp/Public/Uploads/1
ERR: 无法加载模块:Public

[ 2016-07-04T09:21:28+08:00 ] ::1 /thinkphp/Public/Uploads/1
ERR: 无法加载模块:Public

[ 2016-07-04T09:21:28+08:00 ] ::1 /thinkphp/Public/Uploads/1
ERR: 无法加载模块:Public

[ 2016-07-04T09:21:32+08:00 ] ::1 /thinkphp/Public/Uploads/1
ERR: 无法加载模块:Public

[ 2016-07-04T09:21:32+08:00 ] ::1 /thinkphp/Public/Uploads/1
ERR: 无法加载模块:Public

[ 2016-07-04T09:21:46+08:00 ] ::1 /thinkphp/Public/Uploads/1
ERR: 无法加载模块:Public

[ 2016-07-04T09:21:46+08:00 ] ::1 /thinkphp/Public/Uploads/1
ERR: 无法加载模块:Public

[ 2016-07-04T09:22:59+08:00 ] ::1 /thinkphp/Public/Uploads/1
ERR: 无法加载模块:Public

[ 2016-07-04T09:22:59+08:00 ] ::1 /thinkphp/Public/Uploads/1
ERR: 无法加载模块:Public

[ 2016-07-04T09:23:10+08:00 ] ::1 /thinkphp/Public/Uploads/1
ERR: 无法加载模块:Public

[ 2016-07-04T09:23:10+08:00 ] ::1 /thinkphp/Public/Uploads/1
ERR: 无法加载模块:Public

[ 2016-07-04T09:23:56+08:00 ] ::1 /thinkphp/Public/Uploads/1
ERR: 无法加载模块:Public

[ 2016-07-04T09:23:56+08:00 ] ::1 /thinkphp/Public/Uploads/1
ERR: 无法加载模块:Public

[ 2016-07-04T09:24:31+08:00 ] ::1 /thinkphp/Public/Uploads/1
ERR: 无法加载模块:Public

[ 2016-07-04T09:24:31+08:00 ] ::1 /thinkphp/Public/Uploads/1
ERR: 无法加载模块:Public

[ 2016-07-04T09:24:53+08:00 ] ::1 /thinkphp/Public/Uploads/1
ERR: 无法加载模块:Public

[ 2016-07-04T09:24:53+08:00 ] ::1 /thinkphp/Public/Uploads/1
ERR: 无法加载模块:Public

[ 2016-07-04T09:33:16+08:00 ] ::1 /thinkphp/Public/Admin/images/favicon.ico
ERR: 无法加载模块:Public

[ 2016-07-04T09:46:29+08:00 ] ::1 /thinkphp/Public/Admin/images/favicon.ico
ERR: 无法加载模块:Public

[ 2016-07-04T09:51:40+08:00 ] ::1 /thinkphp/Public/Admin/images/favicon.ico
ERR: 无法加载模块:Public

[ 2016-07-04T10:10:13+08:00 ] ::1 /thinkphp/Public/Admin/images/favicon.ico
ERR: 无法加载模块:Public

[ 2016-07-04T10:20:37+08:00 ] ::1 /thinkphp/Public/Admin/images/favicon.ico
ERR: 无法加载模块:Public

[ 2016-07-04T10:20:37+08:00 ] ::1 /thinkphp/Public/Admin/images/favicon.ico
ERR: 无法加载模块:Public

[ 2016-07-04T10:27:57+08:00 ] ::1 /thinkphp/Public/Uploads/1
ERR: 无法加载模块:Public

[ 2016-07-04T14:06:06+08:00 ] ::1 /thinkphp/Public/Uploads/1
ERR: 无法加载模块:Public

[ 2016-07-04T14:08:27+08:00 ] ::1 /thinkphp/Public/Uploads/1
ERR: 无法加载模块:Public

[ 2016-07-04T14:08:27+08:00 ] ::1 /thinkphp/Public/Uploads/1
ERR: 无法加载模块:Public

[ 2016-07-04T14:15:55+08:00 ] ::1 /thinkphp/Public/Uploads/1
ERR: 无法加载模块:Public

[ 2016-07-04T14:15:55+08:00 ] ::1 /thinkphp/Public/Uploads/1
ERR: 无法加载模块:Public

[ 2016-07-04T14:16:20+08:00 ] ::1 /thinkphp/Public/images/vip/small.png
ERR: 无法加载模块:Public

[ 2016-07-04T14:16:50+08:00 ] ::1 /thinkphp/Public/Uploads/1
ERR: 无法加载模块:Public

[ 2016-07-04T14:17:07+08:00 ] ::1 /thinkphp/Public/Uploads/1
ERR: 无法加载模块:Public

[ 2016-07-04T14:19:24+08:00 ] ::1 /thinkphp/Public/Uploads/1
ERR: 无法加载模块:Public

[ 2016-07-04T14:19:24+08:00 ] ::1 /thinkphp/Public/Uploads/1
ERR: 无法加载模块:Public

[ 2016-07-04T14:21:04+08:00 ] ::1 /thinkphp/Public/Uploads/1
ERR: 无法加载模块:Public

[ 2016-07-04T14:21:04+08:00 ] ::1 /thinkphp/Public/Uploads/1
ERR: 无法加载模块:Public

[ 2016-07-04T14:21:17+08:00 ] ::1 /thinkphp/Public/Uploads/1
ERR: 无法加载模块:Public

[ 2016-07-04T14:21:17+08:00 ] ::1 /thinkphp/Public/Uploads/1
ERR: 无法加载模块:Public

[ 2016-07-04T14:21:35+08:00 ] ::1 /thinkphp/Public/Uploads/1
ERR: 无法加载模块:Public

[ 2016-07-04T14:21:35+08:00 ] ::1 /thinkphp/Public/Uploads/1
ERR: 无法加载模块:Public

[ 2016-07-04T14:21:54+08:00 ] ::1 /thinkphp/Public/Uploads/1
ERR: 无法加载模块:Public

[ 2016-07-04T14:21:54+08:00 ] ::1 /thinkphp/Public/Uploads/1
ERR: 无法加载模块:Public

[ 2016-07-04T14:22:03+08:00 ] ::1 /thinkphp/Public/Uploads/1
ERR: 无法加载模块:Public

[ 2016-07-04T14:22:14+08:00 ] ::1 /thinkphp/Public/Uploads/1
ERR: 无法加载模块:Public

[ 2016-07-04T14:22:43+08:00 ] ::1 /thinkphp/Public/Uploads/1
ERR: 无法加载模块:Public

[ 2016-07-04T14:22:43+08:00 ] ::1 /thinkphp/Public/Uploads/1
ERR: 无法加载模块:Public

[ 2016-07-04T14:22:55+08:00 ] ::1 /thinkphp/Public/Uploads/1
ERR: 无法加载模块:Public

[ 2016-07-04T14:22:55+08:00 ] ::1 /thinkphp/Public/Uploads/1
ERR: 无法加载模块:Public

[ 2016-07-04T14:23:06+08:00 ] ::1 /thinkphp/Public/Uploads/1
ERR: 无法加载模块:Public

[ 2016-07-04T14:23:32+08:00 ] ::1 /thinkphp/Public/Uploads/1
ERR: 无法加载模块:Public

[ 2016-07-04T14:23:32+08:00 ] ::1 /thinkphp/Public/Uploads/1
ERR: 无法加载模块:Public

[ 2016-07-04T14:23:42+08:00 ] ::1 /thinkphp/Public/Uploads/1
ERR: 无法加载模块:Public

[ 2016-07-04T14:23:52+08:00 ] ::1 /thinkphp/Public/Uploads/1
ERR: 无法加载模块:Public

[ 2016-07-04T15:04:00+08:00 ] 172.16.5.136 /thinkphp/Public/Uploads/1
ERR: 无法加载模块:Public

[ 2016-07-04T15:05:05+08:00 ] 172.16.5.136 /thinkphp/Public/Uploads/1
ERR: 无法加载模块:Public

[ 2016-07-04T15:05:56+08:00 ] 172.16.5.136 /thinkphp/Public/Uploads/1
ERR: 无法加载模块:Public

[ 2016-07-04T15:06:05+08:00 ] 172.16.5.136 /thinkphp/Public/Uploads/1
ERR: 无法加载模块:Public

[ 2016-07-04T15:07:07+08:00 ] 172.16.5.136 /thinkphp/Public/Uploads/1
ERR: 无法加载模块:Public

[ 2016-07-04T15:07:45+08:00 ] ::1 /thinkphp/Public/Uploads/1
ERR: 无法加载模块:Public

[ 2016-07-04T15:09:37+08:00 ] ::1 /thinkphp/Public/Uploads/1
ERR: 无法加载模块:Public

[ 2016-07-04T15:10:32+08:00 ] ::1 /thinkphp/Public/Uploads/1
ERR: 无法加载模块:Public

[ 2016-07-04T15:10:32+08:00 ] ::1 /thinkphp/Public/Uploads/1
ERR: 无法加载模块:Public

[ 2016-07-04T15:12:02+08:00 ] ::1 /thinkphp/Public/Uploads/1
ERR: 无法加载模块:Public

[ 2016-07-04T15:12:02+08:00 ] ::1 /thinkphp/Public/Uploads/1
ERR: 无法加载模块:Public

[ 2016-07-04T15:12:35+08:00 ] ::1 /thinkphp/Public/Uploads/1
ERR: 无法加载模块:Public

[ 2016-07-04T15:12:35+08:00 ] ::1 /thinkphp/Public/Uploads/1
ERR: 无法加载模块:Public

[ 2016-07-04T15:13:09+08:00 ] ::1 /thinkphp/Public/Uploads/1
ERR: 无法加载模块:Public

[ 2016-07-04T15:13:09+08:00 ] ::1 /thinkphp/Public/Uploads/1
ERR: 无法加载模块:Public

[ 2016-07-04T15:13:28+08:00 ] ::1 /thinkphp/Public/Uploads/1
ERR: 无法加载模块:Public

[ 2016-07-04T15:13:28+08:00 ] ::1 /thinkphp/Public/Uploads/1
ERR: 无法加载模块:Public

[ 2016-07-04T15:13:36+08:00 ] ::1 /thinkphp/Public/Uploads/1
ERR: 无法加载模块:Public

[ 2016-07-04T15:13:36+08:00 ] ::1 /thinkphp/Public/Uploads/1
ERR: 无法加载模块:Public

[ 2016-07-04T15:14:23+08:00 ] ::1 /thinkphp/Public/Uploads/1
ERR: 无法加载模块:Public

[ 2016-07-04T15:14:23+08:00 ] ::1 /thinkphp/Public/Uploads/1
ERR: 无法加载模块:Public

[ 2016-07-04T15:14:41+08:00 ] ::1 /thinkphp/Public/Uploads/1
ERR: 无法加载模块:Public

[ 2016-07-04T15:14:41+08:00 ] ::1 /thinkphp/Public/Uploads/1
ERR: 无法加载模块:Public

[ 2016-07-04T15:14:50+08:00 ] ::1 /thinkphp/Public/Uploads/1
ERR: 无法加载模块:Public

[ 2016-07-04T15:18:08+08:00 ] ::1 /thinkphp/Public/Uploads/1
ERR: 无法加载模块:Public

[ 2016-07-04T15:51:09+08:00 ] 172.16.5.100 /thinkphp/Public/Home/image/favicon-rr.ico
ERR: 无法加载模块:Public

[ 2016-07-04T15:56:55+08:00 ] 172.16.5.100 /thinkphp/Public/Uploads/1
ERR: 无法加载模块:Public

[ 2016-07-04T15:56:56+08:00 ] 172.16.5.100 /thinkphp/Public/Uploads/1
ERR: 无法加载模块:Public

[ 2016-07-04T15:57:22+08:00 ] 172.16.5.100 /thinkphp/Public/images/vip/small.png
ERR: 无法加载模块:Public

[ 2016-07-04T16:00:12+08:00 ] 172.16.5.100 /thinkphp/Public/Uploads/1
ERR: 无法加载模块:Public

[ 2016-07-04T16:00:12+08:00 ] 172.16.5.100 /thinkphp/Public/Uploads/1
ERR: 无法加载模块:Public

[ 2016-07-04T16:00:43+08:00 ] 172.16.5.100 /thinkphp/Public/Uploads/1
ERR: 无法加载模块:Public

[ 2016-07-04T16:00:43+08:00 ] 172.16.5.100 /thinkphp/Public/Uploads/1
ERR: 无法加载模块:Public

[ 2016-07-04T16:00:49+08:00 ] 172.16.5.100 /thinkphp/Public/Uploads/1
ERR: 无法加载模块:Public

[ 2016-07-04T16:00:54+08:00 ] 172.16.5.100 /thinkphp/Public/Uploads/1
ERR: 无法加载模块:Public

[ 2016-07-04T16:00:54+08:00 ] 172.16.5.100 /thinkphp/Public/Uploads/1
ERR: 无法加载模块:Public

[ 2016-07-04T16:00:57+08:00 ] 172.16.5.100 /thinkphp/Public/Uploads/1
ERR: 无法加载模块:Public

[ 2016-07-04T16:00:57+08:00 ] 172.16.5.100 /thinkphp/Public/Uploads/1
ERR: 无法加载模块:Public

[ 2016-07-04T16:01:22+08:00 ] 172.16.5.100 /thinkphp/Public/Uploads/1
ERR: 无法加载模块:Public

[ 2016-07-04T16:01:22+08:00 ] 172.16.5.100 /thinkphp/Public/Uploads/1
ERR: 无法加载模块:Public

[ 2016-07-04T16:03:21+08:00 ] 172.16.5.100 /thinkphp/Public/Uploads/1
ERR: 无法加载模块:Public

[ 2016-07-04T16:03:21+08:00 ] 172.16.5.100 /thinkphp/Public/Uploads/1
ERR: 无法加载模块:Public

[ 2016-07-04T16:05:33+08:00 ] 172.16.5.100 /thinkphp/Public/Uploads/1
ERR: 无法加载模块:Public

[ 2016-07-04T16:05:33+08:00 ] 172.16.5.100 /thinkphp/Public/Uploads/1
ERR: 无法加载模块:Public

[ 2016-07-04T16:05:49+08:00 ] 172.16.5.100 /thinkphp/Public/Uploads/1
ERR: 无法加载模块:Public

[ 2016-07-04T16:05:49+08:00 ] 172.16.5.100 /thinkphp/Public/Uploads/1
ERR: 无法加载模块:Public

[ 2016-07-04T16:07:14+08:00 ] 172.16.5.136 /thinkphp/Public/Home/image/favicon-rr.ico
ERR: 无法加载模块:Public

[ 2016-07-04T17:56:54+08:00 ] ::1 /thinkphp123/Public/Home/image/favicon-rr.ico
ERR: 无法加载模块:Public

[ 2016-07-04T18:01:08+08:00 ] ::1 /thinkphp123/Public/Uploads/1
ERR: 无法加载模块:Public

[ 2016-07-04T18:01:18+08:00 ] ::1 /thinkphp123/Public/Uploads/1
ERR: 无法加载模块:Public

[ 2016-07-04T18:01:18+08:00 ] ::1 /thinkphp123/Public/Uploads/1
ERR: 无法加载模块:Public

[ 2016-07-04T18:01:54+08:00 ] ::1 /thinkphp123/Public/images/vip/small.png
ERR: 无法加载模块:Public

[ 2016-07-04T18:02:10+08:00 ] ::1 /thinkphp123/Public/Uploads/1
ERR: 无法加载模块:Public

[ 2016-07-04T18:02:10+08:00 ] ::1 /thinkphp123/Public/Uploads/1
ERR: 无法加载模块:Public

[ 2016-07-04T18:02:18+08:00 ] ::1 /thinkphp123/Public/Uploads/1
ERR: 无法加载模块:Public

[ 2016-07-04T18:02:18+08:00 ] ::1 /thinkphp123/Public/Uploads/1
ERR: 无法加载模块:Public

[ 2016-07-04T18:07:14+08:00 ] ::1 /thinkphp/Public/Home/image/favicon-rr.ico
ERR: 无法加载模块:Public

[ 2016-07-04T18:07:14+08:00 ] ::1 /thinkphp/Public/Home/image/favicon-rr.ico
ERR: 无法加载模块:Public

[ 2016-07-04T18:08:40+08:00 ] ::1 /thinkphp/Public/Admin/images/favicon.ico
ERR: 无法加载模块:Public

[ 2016-07-04T18:08:40+08:00 ] ::1 /thinkphp/Public/Admin/images/favicon.ico
ERR: 无法加载模块:Public

[ 2016-07-04T19:59:24+08:00 ] ::1 /thinkphp/Public/Uploads/1
ERR: 无法加载模块:Public

[ 2016-07-04T19:59:31+08:00 ] ::1 /thinkphp/Public/Uploads/1
ERR: 无法加载模块:Public

[ 2016-07-04T19:59:31+08:00 ] ::1 /thinkphp/Public/Uploads/1
ERR: 无法加载模块:Public

[ 2016-07-04T20:00:32+08:00 ] ::1 /thinkphp/Public/Uploads/1
ERR: 无法加载模块:Public

[ 2016-07-04T20:01:02+08:00 ] ::1 /thinkphp/Public/images/vip/small.png
ERR: 无法加载模块:Public

[ 2016-07-04T20:01:16+08:00 ] ::1 /thinkphp/Public/Uploads/1
ERR: 无法加载模块:Public

[ 2016-07-04T20:03:06+08:00 ] ::1 /thinkphp/Public/Uploads/1
ERR: 无法加载模块:Public

[ 2016-07-04T20:03:44+08:00 ] ::1 /thinkphp/Public/Uploads/1
ERR: 无法加载模块:Public

[ 2016-07-04T20:06:11+08:00 ] ::1 /thinkphp/Public/Uploads/1
ERR: 无法加载模块:Public

[ 2016-07-04T20:06:11+08:00 ] ::1 /thinkphp/Public/Uploads/1
ERR: 无法加载模块:Public

[ 2016-07-04T20:06:28+08:00 ] ::1 /thinkphp/Public/Uploads/1
ERR: 无法加载模块:Public

[ 2016-07-04T20:06:28+08:00 ] ::1 /thinkphp/Public/Uploads/1
ERR: 无法加载模块:Public

[ 2016-07-04T20:06:56+08:00 ] ::1 /thinkphp/Public/Uploads/1
ERR: 无法加载模块:Public

[ 2016-07-04T20:07:22+08:00 ] ::1 /thinkphp/Public/Uploads/1
ERR: 无法加载模块:Public

[ 2016-07-04T20:07:54+08:00 ] ::1 /thinkphp/Public/Uploads/1
ERR: 无法加载模块:Public

[ 2016-07-04T20:08:10+08:00 ] ::1 /thinkphp/Public/Uploads/1
ERR: 无法加载模块:Public

[ 2016-07-04T20:09:50+08:00 ] ::1 /thinkphp/Public/Uploads/1
ERR: 无法加载模块:Public

[ 2016-07-04T20:09:59+08:00 ] ::1 /thinkphp/Public/Uploads/1
ERR: 无法加载模块:Public

[ 2016-07-04T20:09:59+08:00 ] ::1 /thinkphp/Public/Uploads/1
ERR: 无法加载模块:Public

[ 2016-07-04T20:10:13+08:00 ] ::1 /thinkphp/Public/Uploads/1
ERR: 无法加载模块:Public

[ 2016-07-04T20:10:37+08:00 ] ::1 /thinkphp/Public/Uploads/1
ERR: 无法加载模块:Public

[ 2016-07-04T20:10:37+08:00 ] ::1 /thinkphp/Public/Uploads/1
ERR: 无法加载模块:Public

[ 2016-07-04T20:11:12+08:00 ] ::1 /thinkphp/Public/Uploads/1
ERR: 无法加载模块:Public

[ 2016-07-04T20:11:49+08:00 ] ::1 /thinkphp/Public/Uploads/1
ERR: 无法加载模块:Public

[ 2016-07-04T20:12:04+08:00 ] ::1 /thinkphp/Public/Uploads/1
ERR: 无法加载模块:Public

[ 2016-07-04T20:12:04+08:00 ] ::1 /thinkphp/Public/Uploads/1
ERR: 无法加载模块:Public

[ 2016-07-04T20:13:19+08:00 ] ::1 /thinkphp/Public/Uploads/1
ERR: 无法加载模块:Public

[ 2016-07-04T20:13:42+08:00 ] ::1 /thinkphp/Public/Uploads/1
ERR: 无法加载模块:Public

[ 2016-07-04T20:15:15+08:00 ] ::1 /thinkphp/Public/Uploads/1
ERR: 无法加载模块:Public

[ 2016-07-04T20:15:24+08:00 ] ::1 /thinkphp/Public/Uploads/1
ERR: 无法加载模块:Public

[ 2016-07-04T20:16:06+08:00 ] ::1 /thinkphp/Public/Uploads/1
ERR: 无法加载模块:Public

[ 2016-07-04T20:16:06+08:00 ] ::1 /thinkphp/Public/Uploads/1
ERR: 无法加载模块:Public

[ 2016-07-04T20:16:33+08:00 ] ::1 /thinkphp/Public/Uploads/1
ERR: 无法加载模块:Public

[ 2016-07-04T20:16:33+08:00 ] ::1 /thinkphp/Public/Uploads/1
ERR: 无法加载模块:Public

[ 2016-07-04T20:17:05+08:00 ] ::1 /thinkphp/Public/Uploads/1
ERR: 无法加载模块:Public

[ 2016-07-04T20:17:40+08:00 ] ::1 /thinkphp/Public/Uploads/1
ERR: 无法加载模块:Public

[ 2016-07-04T20:18:05+08:00 ] ::1 /thinkphp/Public/Uploads/1
ERR: 无法加载模块:Public

[ 2016-07-04T20:18:20+08:00 ] ::1 /thinkphp/Public/Uploads/1
ERR: 无法加载模块:Public

[ 2016-07-04T20:18:20+08:00 ] ::1 /thinkphp/Public/Uploads/1
ERR: 无法加载模块:Public

[ 2016-07-04T20:18:32+08:00 ] ::1 /thinkphp/Public/Uploads/1
ERR: 无法加载模块:Public

[ 2016-07-04T20:18:55+08:00 ] ::1 /thinkphp/Public/Uploads/1
ERR: 无法加载模块:Public

[ 2016-07-04T20:19:22+08:00 ] ::1 /thinkphp/Public/Uploads/1
ERR: 无法加载模块:Public

[ 2016-07-04T20:20:37+08:00 ] ::1 /thinkphp/Public/Uploads/1
ERR: 无法加载模块:Public

[ 2016-07-04T20:20:38+08:00 ] ::1 /thinkphp/Public/Uploads/1
ERR: 无法加载模块:Public

[ 2016-07-04T20:21:08+08:00 ] ::1 /thinkphp/Public/Uploads/1
ERR: 无法加载模块:Public

[ 2016-07-04T20:21:09+08:00 ] ::1 /thinkphp/Public/Uploads/1
ERR: 无法加载模块:Public

[ 2016-07-04T20:22:47+08:00 ] ::1 /thinkphp/Public/Uploads/1
ERR: 无法加载模块:Public

[ 2016-07-04T20:22:47+08:00 ] ::1 /thinkphp/Public/Uploads/1
ERR: 无法加载模块:Public

[ 2016-07-04T20:23:35+08:00 ] ::1 /thinkphp/Public/Uploads/1
ERR: 无法加载模块:Public

[ 2016-07-04T20:23:35+08:00 ] ::1 /thinkphp/Public/Uploads/1
ERR: 无法加载模块:Public

[ 2016-07-04T20:23:51+08:00 ] ::1 /thinkphp/Public/Uploads/1
ERR: 无法加载模块:Public

[ 2016-07-04T20:23:51+08:00 ] ::1 /thinkphp/Public/Uploads/1
ERR: 无法加载模块:Public

[ 2016-07-04T20:24:17+08:00 ] ::1 /thinkphp/Public/Uploads/1
ERR: 无法加载模块:Public

[ 2016-07-04T20:24:18+08:00 ] ::1 /thinkphp/Public/Uploads/1
ERR: 无法加载模块:Public

[ 2016-07-04T20:24:31+08:00 ] ::1 /thinkphp/Public/Uploads/1
ERR: 无法加载模块:Public

[ 2016-07-04T20:24:32+08:00 ] ::1 /thinkphp/Public/Uploads/1
ERR: 无法加载模块:Public

[ 2016-07-04T20:25:02+08:00 ] ::1 /thinkphp/Public/Uploads/1
ERR: 无法加载模块:Public

[ 2016-07-04T20:25:02+08:00 ] ::1 /thinkphp/Public/Uploads/1
ERR: 无法加载模块:Public

[ 2016-07-04T20:25:21+08:00 ] ::1 /thinkphp/Public/Uploads/1
ERR: 无法加载模块:Public

[ 2016-07-04T20:25:22+08:00 ] ::1 /thinkphp/Public/Uploads/1
ERR: 无法加载模块:Public

[ 2016-07-04T20:26:18+08:00 ] ::1 /thinkphp/Public/Uploads/1
ERR: 无法加载模块:Public

[ 2016-07-04T20:26:18+08:00 ] ::1 /thinkphp/Public/Uploads/1
ERR: 无法加载模块:Public

[ 2016-07-04T20:27:21+08:00 ] ::1 /thinkphp/Public/Uploads/1
ERR: 无法加载模块:Public

[ 2016-07-04T20:27:22+08:00 ] ::1 /thinkphp/Public/Uploads/1
ERR: 无法加载模块:Public

[ 2016-07-04T20:28:00+08:00 ] ::1 /thinkphp/Public/Uploads/1
ERR: 无法加载模块:Public

[ 2016-07-04T20:28:00+08:00 ] ::1 /thinkphp/Public/Uploads/1
ERR: 无法加载模块:Public

[ 2016-07-04T20:28:37+08:00 ] ::1 /thinkphp/Public/Uploads/1
ERR: 无法加载模块:Public

[ 2016-07-04T20:28:38+08:00 ] ::1 /thinkphp/Public/Uploads/1
ERR: 无法加载模块:Public

[ 2016-07-04T20:29:16+08:00 ] ::1 /thinkphp/Public/Uploads/1
ERR: 无法加载模块:Public

[ 2016-07-04T20:29:16+08:00 ] ::1 /thinkphp/Public/Uploads/1
ERR: 无法加载模块:Public

[ 2016-07-04T21:15:08+08:00 ] ::1 /thinkphp/Public/Home/image/favicon-rr.ico
ERR: 无法加载模块:Public

[ 2016-07-04T21:19:24+08:00 ] ::1 /thinkphp/Public/Uploads/1
ERR: 无法加载模块:Public

[ 2016-07-04T21:19:28+08:00 ] ::1 /thinkphp/Public/Uploads/1
ERR: 无法加载模块:Public

[ 2016-07-04T21:21:43+08:00 ] ::1 /thinkphp/Public/Uploads/1
ERR: 无法加载模块:Public

[ 2016-07-04T21:21:44+08:00 ] ::1 /thinkphp/Public/Uploads/1
ERR: 无法加载模块:Public

[ 2016-07-04T21:22:32+08:00 ] ::1 /thinkphp/Public/Uploads/1
ERR: 无法加载模块:Public

[ 2016-07-04T21:22:32+08:00 ] ::1 /thinkphp/Public/Uploads/1
ERR: 无法加载模块:Public

[ 2016-07-04T21:23:13+08:00 ] ::1 /thinkphp/Public/Uploads/1
ERR: 无法加载模块:Public

[ 2016-07-04T21:23:58+08:00 ] ::1 /thinkphp/Public/Uploads/1
ERR: 无法加载模块:Public

[ 2016-07-04T21:23:58+08:00 ] ::1 /thinkphp/Public/Uploads/1
ERR: 无法加载模块:Public

[ 2016-07-04T21:24:03+08:00 ] ::1 /thinkphp/Public/Uploads/1
ERR: 无法加载模块:Public

[ 2016-07-04T21:24:04+08:00 ] ::1 /thinkphp/Public/Uploads/1
ERR: 无法加载模块:Public

[ 2016-07-04T21:24:09+08:00 ] ::1 /thinkphp/Public/Uploads/1
ERR: 无法加载模块:Public

[ 2016-07-04T21:24:09+08:00 ] ::1 /thinkphp/Public/Uploads/1
ERR: 无法加载模块:Public

[ 2016-07-04T21:24:15+08:00 ] ::1 /thinkphp/Public/Uploads/1
ERR: 无法加载模块:Public

[ 2016-07-04T21:24:15+08:00 ] ::1 /thinkphp/Public/Uploads/1
ERR: 无法加载模块:Public

[ 2016-07-04T21:25:46+08:00 ] ::1 /thinkphp/Public/Uploads/1
ERR: 无法加载模块:Public

[ 2016-07-04T21:26:11+08:00 ] ::1 /thinkphp/Public/Uploads/1
ERR: 无法加载模块:Public

[ 2016-07-04T21:26:14+08:00 ] ::1 /thinkphp/Public/Uploads/1
ERR: 无法加载模块:Public

[ 2016-07-04T21:26:18+08:00 ] ::1 /thinkphp/Public/Uploads/1
ERR: 无法加载模块:Public

[ 2016-07-04T21:26:22+08:00 ] ::1 /thinkphp/Public/Uploads/1
ERR: 无法加载模块:Public

[ 2016-07-04T21:26:25+08:00 ] ::1 /thinkphp/Public/Uploads/1
ERR: 无法加载模块:Public

[ 2016-07-04T21:26:30+08:00 ] ::1 /thinkphp/Public/Uploads/1
ERR: 无法加载模块:Public

[ 2016-07-04T21:29:01+08:00 ] ::1 /thinkphp/Public/Uploads/2016-06-26/1466931114_1912948967.jpg
ERR: 无法加载模块:Public

[ 2016-07-04T21:29:01+08:00 ] ::1 /thinkphp/Public/Uploads/2016-06-26/1466931180_399786269.jpg
ERR: 无法加载模块:Public

[ 2016-07-04T21:29:01+08:00 ] ::1 /thinkphp/Public/Uploads/2016-06-26/1466931113_1275886925.jpg
ERR: 无法加载模块:Public

[ 2016-07-04T21:29:01+08:00 ] ::1 /thinkphp/Public/Uploads/2016-06-26/1466931180_1823408727.jpg
ERR: 无法加载模块:Public

[ 2016-07-04T21:29:03+08:00 ] ::1 /thinkphp/Public/Uploads/2016-06-26/1466931113_1275886925.jpg
ERR: 无法加载模块:Public

[ 2016-07-04T21:29:05+08:00 ] ::1 /thinkphp/Public/Uploads/2016-06-26/1466931180_1823408727.jpg
ERR: 无法加载模块:Public

[ 2016-07-04T21:29:08+08:00 ] ::1 /thinkphp/Public/Uploads/2016-06-26/1466931114_1912948967.jpg
ERR: 无法加载模块:Public

[ 2016-07-04T21:29:08+08:00 ] ::1 /thinkphp/Public/Uploads/2016-06-26/1466931212_434090682.jpg
ERR: 无法加载模块:Public

[ 2016-07-04T21:29:08+08:00 ] ::1 /thinkphp/Public/Uploads/2016-06-26/1466931113_1275886925.jpg
ERR: 无法加载模块:Public

[ 2016-07-04T21:29:08+08:00 ] ::1 /thinkphp/Public/Uploads/2016-06-26/1466931212_497459373.jpg
ERR: 无法加载模块:Public

[ 2016-07-04T21:29:08+08:00 ] ::1 /thinkphp/Public/Uploads/2016-06-26/1466931243_1457501954.jpg
ERR: 无法加载模块:Public

[ 2016-07-04T21:29:08+08:00 ] ::1 /thinkphp/Public/Uploads/2016-06-26/1466931243_1979433869.jpg
ERR: 无法加载模块:Public

[ 2016-07-04T21:29:08+08:00 ] ::1 /thinkphp/Public/Uploads/2016-06-26/576f980b3df63.jpg
ERR: 无法加载模块:Public

[ 2016-07-04T21:29:08+08:00 ] ::1 /thinkphp/Public/Uploads/2016-06-26/576f9829e8ccf.jpg
ERR: 无法加载模块:Public

[ 2016-07-04T21:29:08+08:00 ] ::1 /thinkphp/Public/Uploads/2016-06-26/576f980b3fabb.jpg
ERR: 无法加载模块:Public

[ 2016-07-04T21:29:08+08:00 ] ::1 /thinkphp/Public/Uploads/2016-06-26/576f9829eac0f.jpg
ERR: 无法加载模块:Public

[ 2016-07-04T21:29:14+08:00 ] ::1 /thinkphp/Public/Uploads/2016-06-26/1466931113_1275886925.jpg
ERR: 无法加载模块:Public

[ 2016-07-04T21:29:18+08:00 ] ::1 /thinkphp/Public/Uploads/2016-06-26/1466931243_1979433869.jpg
ERR: 无法加载模块:Public

[ 2016-07-04T21:29:18+08:00 ] ::1 /thinkphp/Public/Uploads/2016-06-26/1466931212_434090682.jpg
ERR: 无法加载模块:Public

[ 2016-07-04T21:29:18+08:00 ] ::1 /thinkphp/Public/Uploads/2016-06-26/576f980b3df63.jpg
ERR: 无法加载模块:Public

[ 2016-07-04T21:29:18+08:00 ] ::1 /thinkphp/Public/Uploads/2016-06-26/576f9829e8ccf.jpg
ERR: 无法加载模块:Public

[ 2016-07-04T21:29:18+08:00 ] ::1 /thinkphp/Public/Uploads/2016-06-26/1466931114_1912948967.jpg
ERR: 无法加载模块:Public

[ 2016-07-04T21:29:18+08:00 ] ::1 /thinkphp/Public/Uploads/2016-06-26/576f9829eac0f.jpg
ERR: 无法加载模块:Public

blic

[ 2016-07-04T21:29:18+08:00 ] ::1 /thinkphp/Public/Uploads/2016-06-26/1466931113_1275886925.jpg
ERR: 无法加载模块:Public

[ 2016-07-04T21:29:22+08:00 ] ::1 /thinkphp/Public/Uploads/2016-06-26/1466931212_434090682.jpg
ERR: 无法加载模块:Public

[ 2016-07-04T21:29:22+08:00 ] ::1 /thinkphp/Public/Uploads/2016-06-26/576f980b3df63.jpg
ERR: 无法加载模块:Public

[ 2016-07-04T21:29:22+08:00 ] ::1 /thinkphp/Public/Uploads/2016-06-26/1466931114_1912948967.jpg
ERR: 无法加载模块:Public

[ 2016-07-04T21:29:22+08:00 ] ::1 /thinkphp/Public/Uploads/2016-06-26/1466931113_1275886925.jpg
ERR: 无法加载模块:Public

[ 2016-07-04T21:29:22+08:00 ] ::1 /thinkphp/Public/Uploads/2016-06-26/1466931243_1979433869.jpg
ERR: 无法加载模块:Public

[ 2016-07-04T21:29:22+08:00 ] ::1 /thinkphp/Public/Uploads/2016-06-26/576f9829eac0f.jpg
ERR: 无法加载模块:Public

[ 2016-07-04T21:29:28+08:00 ] ::1 /thinkphp/Public/Uploads/2016-06-26/1466931113_1275886925.jpg
ERR: 无法加载模块:Public

[ 2016-07-04T21:29:29+08:00 ] ::1 /thinkphp/Public/Uploads/2016-06-26/1466931212_434090682.jpg
ERR: 无法加载模块:Public

[ 2016-07-04T21:29:29+08:00 ] ::1 /thinkphp/Public/Uploads/2016-06-26/1466931243_1979433869.jpg
ERR: 无法加载模块:Public

[ 2016-07-04T21:29:29+08:00 ] ::1 /thinkphp/Public/Uploads/2016-06-26/576f980b3df63.jpg
ERR: 无法加载模块:Public

[ 2016-07-04T21:29:29+08:00 ] ::1 /thinkphp/Public/Uploads/2016-06-26/576f9829eac0f.jpg
ERR: 无法加载模块:Public

[ 2016-07-04T21:29:34+08:00 ] ::1 /thinkphp/Public/Uploads/2016-06-26/1466931212_434090682.jpg
ERR: 无法加载模块:Public

[ 2016-07-04T21:29:34+08:00 ] ::1 /thinkphp/Public/Uploads/2016-06-26/576f980b3df63.jpg
ERR: 无法加载模块:Public

[ 2016-07-04T21:31:44+08:00 ] ::1 /thinkphp/Public/Uploads/1
ERR: 无法加载模块:Public

[ 2016-07-04T21:34:51+08:00 ] ::1 /thinkphp/Public/Uploads/1
ERR: 无法加载模块:Public

[ 2016-07-04T21:34:52+08:00 ] ::1 /thinkphp/Public/Uploads/1
ERR: 无法加载模块:Public

[ 2016-07-04T21:36:28+08:00 ] ::1 /thinkphp/Public/Uploads/1
ERR: 无法加载模块:Public

[ 2016-07-04T21:36:28+08:00 ] ::1 /thinkphp/Public/Uploads/1
ERR: 无法加载模块:Public

[ 2016-07-04T21:36:38+08:00 ] ::1 /thinkphp/Public/Uploads/1
ERR: 无法加载模块:Public

[ 2016-07-04T21:36:49+08:00 ] ::1 /thinkphp/Public/Uploads/1
ERR: 无法加载模块:Public

[ 2016-07-04T21:49:31+08:00 ] ::1 /thinkphp/Public/Uploads/1
ERR: 无法加载模块:Public

[ 2016-07-04T21:49:31+08:00 ] ::1 /thinkphp/Public/Uploads/1
ERR: 无法加载模块:Public

[ 2016-07-04T21:50:02+08:00 ] ::1 /thinkphp/Public/Uploads/1
ERR: 无法加载模块:Public

[ 2016-07-04T21:54:42+08:00 ] ::1 /thinkphp/Public/Uploads/1
ERR: 无法加载模块:Public

[ 2016-07-04T21:55:05+08:00 ] ::1 /thinkphp/Public/Uploads/1
ERR: 无法加载模块:Public

[ 2016-07-04T21:55:11+08:00 ] ::1 /thinkphp/Public/Home/2016-06-30/1467262869_1463702497.jpg
ERR: 无法加载模块:Public

[ 2016-07-04T21:59:48+08:00 ] ::1 /thinkphp/Public/Uploads/1
ERR: 无法加载模块:Public

[ 2016-07-04T22:06:56+08:00 ] ::1 /thinkphp/Public/Uploads/1
ERR: 无法加载模块:Public

[ 2016-07-04T22:13:11+08:00 ] ::1 /thinkphp/Public/Uploads/1
ERR: 无法加载模块:Public

[ 2016-07-04T22:13:11+08:00 ] ::1 /thinkphp/Public/Uploads/2016-06-26/1466935634_532127900.jpg
ERR: 无法加载模块:Public

[ 2016-07-04T22:13:11+08:00 ] ::1 /thinkphp/Public/Uploads/2016-06-25/1466863764_358815343.jpg
ERR: 无法加载模块:Public

[ 2016-07-04T22:13:32+08:00 ] ::1 /thinkphp/Public/Home/images/2016-06-30/1467262869_1463702497.jpg
ERR: 无法加载模块:Public

[ 2016-07-04T22:13:42+08:00 ] ::1 /thinkphp/Public/Uploads/2016-06-25/1466863764_358815343.jpg
ERR: 无法加载模块:Public

[ 2016-07-04T22:13:42+08:00 ] ::1 /thinkphp/Public/Uploads/2016-06-26/1466935634_532127900.jpg
ERR: 无法加载模块:Public

[ 2016-07-04T22:13:42+08:00 ] ::1 /thinkphp/Public/Uploads/1
ERR: 无法加载模块:Public

[ 2016-07-04T22:14:07+08:00 ] ::1 /thinkphp/Public/Home/images/2016-06-30/1467262869_1463702497.jpg
ERR: 无法加载模块:Public

[ 2016-07-04T22:15:10+08:00 ] ::1 /thinkphp/Public/Uploads/2016-06-26/1466935634_532127900.jpg
ERR: 无法加载模块:Public

[ 2016-07-04T22:15:10+08:00 ] ::1 /thinkphp/Public/Uploads/1
ERR: 无法加载模块:Public

[ 2016-07-04T22:15:10+08:00 ] ::1 /thinkphp/Public/Uploads/2016-06-25/1466863764_358815343.jpg
ERR: 无法加载模块:Public

[ 2016-07-04T22:57:45+08:00 ] ::1 /thinkphp/Public/Home/images/2016-06-30/1467262869_1463702497.jpg
ERR: 无法加载模块:Public

[ 2016-07-04T23:00:54+08:00 ] ::1 /thinkphp/Public/Home/Uploads/
ERR: 无法加载模块:Public

[ 2016-07-04T23:00:58+08:00 ] ::1 /thinkphp/Public/Home/Uploads/
ERR: 无法加载模块:Public

[ 2016-07-04T23:01:31+08:00 ] ::1 /thinkphp/Public/Home/Uploads/2016-06-30/1467262869_1463702497.jpg
ERR: 无法加载模块:Public

[ 2016-07-04T23:01:34+08:00 ] ::1 /thinkphp/Public/Home/Uploads/2016-06-30/1467262869_1463702497.jpg
ERR: 无法加载模块:Public

[ 2016-07-04T23:12:47+08:00 ] ::1 /thinkphp/Public/Uploads/2016-06-25/1466863764_358815343.jpg
ERR: 无法加载模块:Public

[ 2016-07-04T23:12:47+08:00 ] ::1 /thinkphp/Public/Uploads/1
ERR: 无法加载模块:Public

[ 2016-07-04T23:12:47+08:00 ] ::1 /thinkphp/Public/Uploads/2016-06-26/1466935634_532127900.jpg
ERR: 无法加载模块:Public

[ 2016-07-04T23:13:11+08:00 ] ::1 /thinkphp/Public/Uploads/1
ERR: 无法加载模块:Public

[ 2016-07-04T23:13:11+08:00 ] ::1 /thinkphp/Public/Uploads/2016-06-26/1466935634_532127900.jpg
ERR: 无法加载模块:Public

[ 2016-07-04T23:13:11+08:00 ] ::1 /thinkphp/Public/Uploads/2016-06-25/1466863764_358815343.jpg
ERR: 无法加载模块:Public

[ 2016-07-04T23:13:22+08:00 ] ::1 /thinkphp/Public/Uploads/1
ERR: 无法加载模块:Public

[ 2016-07-04T23:13:22+08:00 ] ::1 /thinkphp/Public/Uploads/2016-06-25/1466863764_358815343.jpg
ERR: 无法加载模块:Public

[ 2016-07-04T23:13:22+08:00 ] ::1 /thinkphp/Public/Uploads/2016-06-26/1466935634_532127900.jpg
ERR: 无法加载模块:Public

[ 2016-07-04T23:14:03+08:00 ] ::1 /thinkphp/Public/Uploads/2016-06-25/1466863764_358815343.jpg
ERR: 无法加载模块:Public

[ 2016-07-04T23:14:03+08:00 ] ::1 /thinkphp/Public/Uploads/2016-06-26/1466935634_532127900.jpg
ERR: 无法加载模块:Public

[ 2016-07-04T23:14:03+08:00 ] ::1 /thinkphp/Public/Uploads/1
ERR: 无法加载模块:Public

[ 2016-07-04T23:14:03+08:00 ] ::1 /thinkphp/Public/Uploads/2016-06-26/1466935634_532127900.jpg
ERR: 无法加载模块:Public

[ 2016-07-04T23:14:03+08:00 ] ::1 /thinkphp/Public/Uploads/1
ERR: 无法加载模块:Public

[ 2016-07-04T23:14:03+08:00 ] ::1 /thinkphp/Public/Uploads/2016-06-25/1466863764_358815343.jpg
ERR: 无法加载模块:Public

[ 2016-07-04T23:14:19+08:00 ] ::1 /thinkphp/Public/Uploads/2016-06-25/1466863764_358815343.jpg
ERR: 无法加载模块:Public

[ 2016-07-04T23:14:19+08:00 ] ::1 /thinkphp/Public/Uploads/2016-06-26/1466935634_532127900.jpg
ERR: 无法加载模块:Public

[ 2016-07-04T23:14:19+08:00 ] ::1 /thinkphp/Public/Uploads/1
ERR: 无法加载模块:Public

[ 2016-07-04T23:15:33+08:00 ] ::1 /thinkphp/Public/Uploads/1
ERR: 无法加载模块:Public

[ 2016-07-04T23:15:44+08:00 ] ::1 /thinkphp/Public/Uploads/1
ERR: 无法加载模块:Public

[ 2016-07-04T23:16:05+08:00 ] ::1 /thinkphp/Public/Uploads/1
ERR: 无法加载模块:Public

[ 2016-07-04T23:39:23+08:00 ] ::1 /thinkphp/Public/Uploads/2016-07-04/1467641517_1899743410.jpg
ERR: 无法加载模块:Public

