[ 2016-06-14T20:04:05+08:00 ] ::1 /thinkphp/Homeselect/select
ERR: 无法加载模块:Homeselect

[ 2016-06-14T23:19:27+08:00 ] ::1 /thinkphp/test
ERR: 无法加载模块:Test

[ 2016-06-14T23:19:28+08:00 ] ::1 /thinkphp/test
ERR: 无法加载模块:Test

[ 2016-06-14T23:19:55+08:00 ] ::1 /thinkphp/test
ERR: 无法加载模块:Test

[ 2016-06-14T23:19:57+08:00 ] ::1 /thinkphp/test
ERR: 无法加载模块:Test

[ 2016-06-14T23:20:13+08:00 ] ::1 /thinkphp/test
ERR: 无法加载模块:Test

[ 2016-06-14T23:20:15+08:00 ] ::1 /thinkphp/test
ERR: 无法加载模块:Test

[ 2016-06-14T23:20:33+08:00 ] ::1 /thinkphp/test
ERR: 无法加载模块:Test

[ 2016-06-14T23:23:21+08:00 ] ::1 /thinkphp/test
ERR: 无法加载模块:Test

[ 2016-06-14T23:23:23+08:00 ] ::1 /thinkphp/test
ERR: 无法加载模块:Test

[ 2016-06-14T23:24:11+08:00 ] ::1 /thinkphp/test
ERR: 无法加载模块:Test

[ 2016-06-14T23:24:12+08:00 ] ::1 /thinkphp/test
ERR: 无法加载模块:Test

[ 2016-06-14T23:36:15+08:00 ] ::1 /thinkphp/__URL__/test
ERR: 无法加载模块:__URL__

[ 2016-06-14T23:36:28+08:00 ] ::1 /thinkphp/__URL__/test
ERR: 无法加载模块:__URL__

[ 2016-06-14T23:36:30+08:00 ] ::1 /thinkphp/__URL__/test
ERR: 无法加载模块:__URL__

[ 2016-06-14T23:36:34+08:00 ] ::1 /thinkphp/__URL__/test
ERR: 无法加载模块:__URL__

[ 2016-06-14T23:36:44+08:00 ] ::1 /thinkphp/__URL__/test
ERR: 无法加载模块:__URL__

[ 2016-06-14T23:36:48+08:00 ] ::1 /thinkphp/__CONTROLLER__/test
ERR: 无法加载模块:__CONTROLLER__

[ 2016-06-14T23:38:02+08:00 ] ::1 /thinkphp/thinkphp/index.php/home/index/test
ERR: 无法加载模块:ThinkPHP

[ 2016-06-14T23:38:17+08:00 ] ::1 /thinkphp/thinkphp/index.php/home/index/test
ERR: 无法加载模块:ThinkPHP

[ 2016-06-14T23:46:42+08:00 ] ::1 /thinkphp/Public/test
ERR: 无法加载模块:Public

[ 2016-06-14T23:46:56+08:00 ] ::1 /thinkphp/Public/test
ERR: 无法加载模块:Public

