[ 2016-06-24T00:36:40+08:00 ] ::1 /thinkphp/Public/Home/images/stage-tab-icons.png
ERR: 无法加载模块:Public

[ 2016-06-24T09:01:29+08:00 ] ::1 /thinkphp/Public/Home/images/stage-tab-icons.png
ERR: 无法加载模块:Public

[ 2016-06-24T09:11:55+08:00 ] ::1 /thinkphp/Public/Home/images/stage-tab-icons.png
ERR: 无法加载模块:Public

[ 2016-06-24T09:13:30+08:00 ] ::1 /thinkphp/Public/Home/images/stage-tab-icons.png
ERR: 无法加载模块:Public

[ 2016-06-24T09:18:22+08:00 ] ::1 /thinkphp/Public/Home/images/stage-tab-icons.png
ERR: 无法加载模块:Public

[ 2016-06-24T10:02:36+08:00 ] ::1 /thinkphp/Public/Home/images/stage-tab-icons.png
ERR: 无法加载模块:Public

[ 2016-06-24T10:28:35+08:00 ] ::1 /thinkphp/Public/Home/images/stage-tab-icons.png
ERR: 无法加载模块:Public

[ 2016-06-24T10:46:38+08:00 ] ::1 /thinkphp/Public/Home/images/stage-tab-icons.png
ERR: 无法加载模块:Public

[ 2016-06-24T10:55:43+08:00 ] ::1 /thinkphp/Public/Home/images/stage-tab-icons.png
ERR: 无法加载模块:Public

[ 2016-06-24T11:06:19+08:00 ] ::1 /thinkphp/Public/Home/images/stage-tab-icons.png
ERR: 无法加载模块:Public

[ 2016-06-24T11:26:02+08:00 ] ::1 /thinkphp/Public/Home/images/stage-tab-icons.png
ERR: 无法加载模块:Public

[ 2016-06-24T11:40:38+08:00 ] ::1 /thinkphp/Public/Home/images/stage-tab-icons.png
ERR: 无法加载模块:Public

[ 2016-06-24T11:41:24+08:00 ] ::1 /thinkphp/Public/Home/images/stage-tab-icons.png
ERR: 无法加载模块:Public

[ 2016-06-24T11:46:11+08:00 ] ::1 /thinkphp/Public/Home/images/stage-tab-icons.png
ERR: 无法加载模块:Public

[ 2016-06-24T11:46:17+08:00 ] ::1 /thinkphp/Public/Home/images/stage-tab-icons.png
ERR: 无法加载模块:Public

[ 2016-06-24T12:00:12+08:00 ] ::1 /thinkphp/Public/Home/images/stage-tab-icons.png
ERR: 无法加载模块:Public

[ 2016-06-24T14:23:18+08:00 ] ::1 /thinkphp/Public/Home/images/stage-tab-icons.png
ERR: 无法加载模块:Public

[ 2016-06-24T14:29:48+08:00 ] ::1 /thinkphp/Public/Home/images/stage-tab-icons.png
ERR: 无法加载模块:Public

[ 2016-06-24T14:32:27+08:00 ] ::1 /thinkphp/Public/Home/images/stage-tab-icons.png
ERR: 无法加载模块:Public

[ 2016-06-24T14:43:26+08:00 ] ::1 /thinkphp/Public/Home/images/stage-tab-icons.png
ERR: 无法加载模块:Public

[ 2016-06-24T14:45:17+08:00 ] ::1 /thinkphp/Public/Home/images/stage-tab-icons.png
ERR: 无法加载模块:Public

[ 2016-06-24T14:50:31+08:00 ] ::1 /thinkphp/Public/Home/images/stage-tab-icons.png
ERR: 无法加载模块:Public

[ 2016-06-24T14:58:58+08:00 ] ::1 /thinkphp/Public/Home/images/stage-tab-icons.png
ERR: 无法加载模块:Public

[ 2016-06-24T15:08:11+08:00 ] ::1 /thinkphp/Public/Home/images/stage-tab-icons.png
ERR: 无法加载模块:Public

[ 2016-06-24T15:13:55+08:00 ] ::1 /thinkphp/Public/Home/images/stage-tab-icons.png
ERR: 无法加载模块:Public

[ 2016-06-24T15:27:50+08:00 ] ::1 /thinkphp/Public/Home/images/stage-tab-icons.png
ERR: 无法加载模块:Public

[ 2016-06-24T15:28:56+08:00 ] ::1 /thinkphp/Public/Home/images/stage-tab-icons.png
ERR: 无法加载模块:Public

[ 2016-06-24T15:31:59+08:00 ] ::1 /thinkphp/Public/Home/images/stage-tab-icons.png
ERR: 无法加载模块:Public

[ 2016-06-24T15:54:12+08:00 ] ::1 /thinkphp/Public/Home/images/stage-tab-icons.png
ERR: 无法加载模块:Public

[ 2016-06-24T15:57:09+08:00 ] ::1 /thinkphp/Public/Home/images/stage-tab-icons.png
ERR: 无法加载模块:Public

[ 2016-06-24T16:07:34+08:00 ] ::1 /thinkphp/Public/Home/images/stage-tab-icons.png
ERR: 无法加载模块:Public

[ 2016-06-24T16:18:16+08:00 ] ::1 /thinkphp/Public/Home/images/stage-tab-icons.png
ERR: 无法加载模块:Public

[ 2016-06-24T16:23:54+08:00 ] ::1 /thinkphp/Public/Home/images/stage-tab-icons.png
ERR: 无法加载模块:Public

[ 2016-06-24T16:33:21+08:00 ] ::1 /thinkphp/Public/Home/images/stage-tab-icons.png
ERR: 无法加载模块:Public

[ 2016-06-24T18:07:50+08:00 ] ::1 /thinkphp/Public/Home/images/stage-tab-icons.png
ERR: 无法加载模块:Public

[ 2016-06-24T19:32:22+08:00 ] ::1 /thinkphp/Public/Home/images/stage-tab-icons.png
ERR: 无法加载模块:Public

[ 2016-06-24T20:00:25+08:00 ] ::1 /thinkphp/Public/Home/Uploads/
ERR: 无法加载模块:Public

[ 2016-06-24T20:00:36+08:00 ] ::1 /thinkphp/Public/Home/Uploads/
ERR: 无法加载模块:Public

[ 2016-06-24T20:00:41+08:00 ] ::1 /thinkphp/Public/Home/Uploads/
ERR: 无法加载模块:Public

[ 2016-06-24T20:13:29+08:00 ] ::1 /thinkphp/Public/Home/Uploads/
ERR: 无法加载模块:Public

[ 2016-06-24T20:23:38+08:00 ] ::1 /thinkphp/Public/Home/Uploads/
ERR: 无法加载模块:Public

[ 2016-06-24T20:25:04+08:00 ] ::1 /thinkphp/Public/Home/Uploads/
ERR: 无法加载模块:Public

[ 2016-06-24T20:26:56+08:00 ] ::1 /thinkphp/Public/Home/Uploads/
ERR: 无法加载模块:Public

[ 2016-06-24T20:27:00+08:00 ] ::1 /thinkphp/Public/Home/Uploads/
ERR: 无法加载模块:Public

[ 2016-06-24T20:27:05+08:00 ] ::1 /thinkphp/Public/Home/Uploads/
ERR: 无法加载模块:Public

[ 2016-06-24T20:27:09+08:00 ] ::1 /thinkphp/Public/Home/Uploads/
ERR: 无法加载模块:Public

[ 2016-06-24T20:40:15+08:00 ] ::1 /thinkphp/Public/Home/Uploads/
ERR: 无法加载模块:Public

[ 2016-06-24T20:57:00+08:00 ] ::1 /thinkphp/Public/Home/Uploads/1
ERR: 无法加载模块:Public

[ 2016-06-24T20:57:00+08:00 ] ::1 /thinkphp/Public/Home/Uploads/0010.jpg
ERR: 无法加载模块:Public

[ 2016-06-24T21:01:09+08:00 ] ::1 /thinkphp/Public/Home/Uploads/1
ERR: 无法加载模块:Public

[ 2016-06-24T21:01:09+08:00 ] ::1 /thinkphp/Public/Home/Uploads/0010.jpg
ERR: 无法加载模块:Public

[ 2016-06-24T21:01:27+08:00 ] ::1 /thinkphp/Public/Home/Uploads/1
ERR: 无法加载模块:Public

[ 2016-06-24T21:01:27+08:00 ] ::1 /thinkphp/Public/Home/Uploads/0010.jpg
ERR: 无法加载模块:Public

[ 2016-06-24T21:01:33+08:00 ] ::1 /thinkphp/Public/Home/Uploads/0010.jpg
ERR: 无法加载模块:Public

[ 2016-06-24T21:01:33+08:00 ] ::1 /thinkphp/Public/Home/Uploads/1
ERR: 无法加载模块:Public

[ 2016-06-24T21:02:16+08:00 ] ::1 /thinkphp/Public/Home/Uploads/0010.jpg
ERR: 无法加载模块:Public

[ 2016-06-24T21:02:16+08:00 ] ::1 /thinkphp/Public/Home/Uploads/1
ERR: 无法加载模块:Public

[ 2016-06-24T21:06:18+08:00 ] ::1 /thinkphp/Public/Uploads/1
ERR: 无法加载模块:Public

[ 2016-06-24T21:06:54+08:00 ] ::1 /thinkphp/Public/Uploads/1
ERR: 无法加载模块:Public

[ 2016-06-24T21:08:35+08:00 ] ::1 /thinkphp/Public/Uploads/1
ERR: 无法加载模块:Public

[ 2016-06-24T21:08:43+08:00 ] ::1 /thinkphp/Public/Home/Uploads/0010.jpg
ERR: 无法加载模块:Public

[ 2016-06-24T21:08:43+08:00 ] ::1 /thinkphp/Public/Home/Uploads/1
ERR: 无法加载模块:Public

[ 2016-06-24T21:08:56+08:00 ] ::1 /thinkphp/Public/Home/Uploads/1
ERR: 无法加载模块:Public

[ 2016-06-24T21:08:56+08:00 ] ::1 /thinkphp/Public/Home/Uploads/0010.jpg
ERR: 无法加载模块:Public

[ 2016-06-24T21:09:19+08:00 ] ::1 /thinkphp/Public/Uploads/1
ERR: 无法加载模块:Public

[ 2016-06-24T21:09:41+08:00 ] ::1 /thinkphp/Public/Uploads/1
ERR: 无法加载模块:Public

[ 2016-06-24T21:09:47+08:00 ] ::1 /thinkphp/Public/Uploads/1
ERR: 无法加载模块:Public

[ 2016-06-24T21:18:46+08:00 ] ::1 /thinkphp/Public/Admin/images/favicon.ico
ERR: 无法加载模块:Public

[ 2016-06-24T21:18:55+08:00 ] ::1 /thinkphp/Public/Admin/js/layer/layer.js
ERR: 无法加载模块:Public

[ 2016-06-24T21:18:55+08:00 ] ::1 /thinkphp/Public/Admin/js/jquery-1.11.3.js
ERR: 无法加载模块:Public

[ 2016-06-24T21:19:23+08:00 ] ::1 /thinkphp/Public/Admin/js/jquery-1.11.3.js
ERR: 无法加载模块:Public

[ 2016-06-24T21:19:24+08:00 ] ::1 /thinkphp/Public/Admin/js/layer/layer.js
ERR: 无法加载模块:Public

[ 2016-06-24T21:20:14+08:00 ] ::1 /thinkphp/Public/Admin/js/jquery-1.11.3.js
ERR: 无法加载模块:Public

[ 2016-06-24T21:20:14+08:00 ] ::1 /thinkphp/Public/Admin/js/layer/layer.js
ERR: 无法加载模块:Public

[ 2016-06-24T21:20:15+08:00 ] ::1 /thinkphp/Public/Admin/js/jquery-1.11.3.js
ERR: 无法加载模块:Public

[ 2016-06-24T21:20:16+08:00 ] ::1 /thinkphp/Public/Admin/js/layer/layer.js
ERR: 无法加载模块:Public

[ 2016-06-24T21:20:26+08:00 ] ::1 /thinkphp/Public/Admin/js/jquery-1.11.3.js
ERR: 无法加载模块:Public

[ 2016-06-24T21:20:26+08:00 ] ::1 /thinkphp/Public/Admin/js/layer/layer.js
ERR: 无法加载模块:Public

[ 2016-06-24T22:06:53+08:00 ] ::1 /thinkphp/Public/Uploads/1
ERR: 无法加载模块:Public

[ 2016-06-24T22:07:26+08:00 ] ::1 /thinkphp/Public/Uploads/1
ERR: 无法加载模块:Public

[ 2016-06-24T22:07:48+08:00 ] ::1 /thinkphp/Public/Uploads/1
ERR: 无法加载模块:Public

[ 2016-06-24T22:08:14+08:00 ] ::1 /thinkphp/Public/Uploads/1
ERR: 无法加载模块:Public

[ 2016-06-24T22:08:58+08:00 ] ::1 /thinkphp/Public/Uploads/1
ERR: 无法加载模块:Public

[ 2016-06-24T22:09:04+08:00 ] ::1 /thinkphp/Public/Uploads/1
ERR: 无法加载模块:Public

[ 2016-06-24T22:09:11+08:00 ] ::1 /thinkphp/Public/Uploads/1
ERR: 无法加载模块:Public

[ 2016-06-24T22:09:59+08:00 ] ::1 /thinkphp/Public/Uploads/1
ERR: 无法加载模块:Public

[ 2016-06-24T22:11:34+08:00 ] ::1 /thinkphp/Public/Uploads/1
ERR: 无法加载模块:Public

[ 2016-06-24T22:11:34+08:00 ] ::1 /thinkphp/Public/Home/images/stage-tab-icons.png
ERR: 无法加载模块:Public

[ 2016-06-24T22:11:49+08:00 ] ::1 /thinkphp/Public/Uploads/1
ERR: 无法加载模块:Public

[ 2016-06-24T22:11:59+08:00 ] ::1 /thinkphp/Public/Uploads/1
ERR: 无法加载模块:Public

