[ 2016-07-05T00:05:30+08:00 ] ::1 /thinkphp/Public/Uploads/2016-07-04/1467647002_1553155205.jpg
ERR: 无法加载模块:Public

[ 2016-07-05T00:05:30+08:00 ] ::1 /thinkphp/Public/Uploads/2016-07-04/577a8418dcd39.jpg
ERR: 无法加载模块:Public

[ 2016-07-05T00:05:38+08:00 ] ::1 /thinkphp/Public/Uploads/2016-07-04/577a8418dcd39.jpg
ERR: 无法加载模块:Public

[ 2016-07-05T00:05:45+08:00 ] ::1 /thinkphp/Public/Uploads/2016-07-04/1467647002_1553155205.jpg
ERR: 无法加载模块:Public

[ 2016-07-05T00:17:09+08:00 ] ::1 /thinkphp/Public/Uploads/1
ERR: 无法加载模块:Public

[ 2016-07-05T00:52:21+08:00 ] ::1 /thinkphp/Public/Home/image/favicon-rr.ico
ERR: 无法加载模块:Public

[ 2016-07-05T00:54:12+08:00 ] ::1 /thinkphp/Public/Uploads/1
ERR: 无法加载模块:Public

[ 2016-07-05T08:59:20+08:00 ] ::1 /thinkphp/Public/Home/image/favicon-rr.ico
ERR: 无法加载模块:Public

[ 2016-07-05T08:59:50+08:00 ] ::1 /thinkphp/Public/Home/image/favicon-rr.ico
ERR: 无法加载模块:Public

[ 2016-07-05T09:01:45+08:00 ] ::1 /thinkphp/Public/Home/image/favicon-rr.ico
ERR: 无法加载模块:Public

[ 2016-07-05T09:09:44+08:00 ] 172.16.5.131 /thinkphp/Public/Home/image/favicon-rr.ico
ERR: 无法加载模块:Public

[ 2016-07-05T09:16:17+08:00 ] 172.16.5.131 /thinkphp/Public/Home/image/favicon-rr.ico
ERR: 无法加载模块:Public

[ 2016-07-05T09:23:36+08:00 ] 172.16.5.172 /thinkphp/Public/Home/image/favicon-rr.ico
ERR: 无法加载模块:Public

[ 2016-07-05T09:23:36+08:00 ] 172.16.5.172 /thinkphp/Public/Home/image/favicon-rr.ico
ERR: 无法加载模块:Public

[ 2016-07-05T09:28:49+08:00 ] ::1 /thinkphp/Public/Home/image/favicon-rr.ico
ERR: 无法加载模块:Public

[ 2016-07-05T09:32:00+08:00 ] ::1 /thinkphp/Public/Uploads/1
ERR: 无法加载模块:Public

[ 2016-07-05T09:32:00+08:00 ] ::1 /thinkphp/Public/Uploads/1
ERR: 无法加载模块:Public

[ 2016-07-05T09:33:39+08:00 ] 172.16.5.172 /thinkphp/Public/Home/image/favicon-rr.ico
ERR: 无法加载模块:Public

[ 2016-07-05T09:33:39+08:00 ] 172.16.5.172 /thinkphp/Public/Home/image/favicon-rr.ico
ERR: 无法加载模块:Public

[ 2016-07-05T09:35:02+08:00 ] 172.16.5.172 /thinkphp/Public/Uploads/1
ERR: 无法加载模块:Public

[ 2016-07-05T09:35:03+08:00 ] 172.16.5.172 /thinkphp/Public/Uploads/1
ERR: 无法加载模块:Public

[ 2016-07-05T09:35:29+08:00 ] 172.16.5.172 /thinkphp/Public/Uploads/1
ERR: 无法加载模块:Public

[ 2016-07-05T09:35:30+08:00 ] 172.16.5.172 /thinkphp/Public/Uploads/1
ERR: 无法加载模块:Public

[ 2016-07-05T09:36:00+08:00 ] 172.16.5.172 /thinkphp/Public/images/vip/small.png
ERR: 无法加载模块:Public

[ 2016-07-05T09:36:12+08:00 ] 172.16.5.172 /thinkphp/Public/Uploads/1
ERR: 无法加载模块:Public

[ 2016-07-05T09:36:12+08:00 ] 172.16.5.172 /thinkphp/Public/Uploads/1
ERR: 无法加载模块:Public

[ 2016-07-05T09:36:19+08:00 ] 172.16.5.172 /thinkphp/Public/Uploads/1
ERR: 无法加载模块:Public

[ 2016-07-05T09:36:20+08:00 ] 172.16.5.172 /thinkphp/Public/Uploads/1
ERR: 无法加载模块:Public

[ 2016-07-05T09:36:35+08:00 ] 172.16.5.172 /thinkphp/Public/Uploads/1
ERR: 无法加载模块:Public

[ 2016-07-05T09:36:35+08:00 ] 172.16.5.172 /thinkphp/Public/Uploads/1
ERR: 无法加载模块:Public

[ 2016-07-05T09:38:41+08:00 ] 172.16.5.172 /thinkphp/Public/Uploads/1
ERR: 无法加载模块:Public

[ 2016-07-05T09:38:41+08:00 ] 172.16.5.172 /thinkphp/Public/Uploads/2016-06-26/1466935634_532127900.jpg
ERR: 无法加载模块:Public

[ 2016-07-05T09:38:41+08:00 ] 172.16.5.172 /thinkphp/Public/Uploads/2016-06-25/1466863764_358815343.jpg
ERR: 无法加载模块:Public

[ 2016-07-05T09:38:41+08:00 ] 172.16.5.172 /thinkphp/Public/Uploads/1
ERR: 无法加载模块:Public

[ 2016-07-05T09:38:41+08:00 ] 172.16.5.172 /thinkphp/Public/Uploads/2016-06-26/1466935634_532127900.jpg
ERR: 无法加载模块:Public

[ 2016-07-05T09:38:41+08:00 ] 172.16.5.172 /thinkphp/Public/Uploads/2016-06-25/1466863764_358815343.jpg
ERR: 无法加载模块:Public

[ 2016-07-05T09:39:07+08:00 ] 172.16.5.172 /thinkphp/Public/Home/images/2016-06-30/1467262869_1463702497.jpg
ERR: 无法加载模块:Public

[ 2016-07-05T09:39:27+08:00 ] 172.16.5.172 /thinkphp/Public/Uploads/1
ERR: 无法加载模块:Public

[ 2016-07-05T09:39:27+08:00 ] 172.16.5.172 /thinkphp/Public/Uploads/2016-06-25/1466863764_358815343.jpg
ERR: 无法加载模块:Public

[ 2016-07-05T09:39:27+08:00 ] 172.16.5.172 /thinkphp/Public/Uploads/2016-06-26/1466935634_532127900.jpg
ERR: 无法加载模块:Public

[ 2016-07-05T09:39:27+08:00 ] 172.16.5.172 /thinkphp/Public/Uploads/1
ERR: 无法加载模块:Public

[ 2016-07-05T09:39:27+08:00 ] 172.16.5.172 /thinkphp/Public/Uploads/2016-06-25/1466863764_358815343.jpg
ERR: 无法加载模块:Public

[ 2016-07-05T09:39:27+08:00 ] 172.16.5.172 /thinkphp/Public/Uploads/2016-06-26/1466935634_532127900.jpg
ERR: 无法加载模块:Public

[ 2016-07-05T09:39:31+08:00 ] 172.16.5.172 /thinkphp/Public/Uploads/2016-06-25/1466863764_358815343.jpg
ERR: 无法加载模块:Public

[ 2016-07-05T09:39:31+08:00 ] 172.16.5.172 /thinkphp/Public/Uploads/2016-06-26/1466935634_532127900.jpg
ERR: 无法加载模块:Public

[ 2016-07-05T09:39:31+08:00 ] 172.16.5.172 /thinkphp/Public/Uploads/1
ERR: 无法加载模块:Public

[ 2016-07-05T09:39:31+08:00 ] 172.16.5.172 /thinkphp/Public/Uploads/2016-06-25/1466863764_358815343.jpg
ERR: 无法加载模块:Public

[ 2016-07-05T09:39:31+08:00 ] 172.16.5.172 /thinkphp/Public/Uploads/1
ERR: 无法加载模块:Public

[ 2016-07-05T09:39:31+08:00 ] 172.16.5.172 /thinkphp/Public/Uploads/2016-06-26/1466935634_532127900.jpg
ERR: 无法加载模块:Public

[ 2016-07-05T09:39:54+08:00 ] 172.16.5.172 /thinkphp/Public/Home/images/2016-06-30/1467262869_1463702497.jpg
ERR: 无法加载模块:Public

[ 2016-07-05T09:41:32+08:00 ] ::1 /thinkphp/Public/Uploads/1
ERR: 无法加载模块:Public

[ 2016-07-05T09:41:49+08:00 ] ::1 /thinkphp/Public/Uploads/1
ERR: 无法加载模块:Public

[ 2016-07-05T09:41:49+08:00 ] ::1 /thinkphp/Public/Uploads/1
ERR: 无法加载模块:Public

[ 2016-07-05T09:42:02+08:00 ] ::1 /thinkphp/Public/Uploads/1
ERR: 无法加载模块:Public

[ 2016-07-05T09:42:02+08:00 ] ::1 /thinkphp/Public/Uploads/1
ERR: 无法加载模块:Public

[ 2016-07-05T09:42:43+08:00 ] ::1 /thinkphp/Public/Uploads/1
ERR: 无法加载模块:Public

[ 2016-07-05T09:43:53+08:00 ] 127.0.0.1 /thinkphp/Public/Uploads/1
ERR: 无法加载模块:Public

[ 2016-07-05T09:43:54+08:00 ] 127.0.0.1 /thinkphp/Public/Uploads/1
ERR: 无法加载模块:Public

[ 2016-07-05T09:45:19+08:00 ] ::1 /thinkphp/Public/Uploads/1
ERR: 无法加载模块:Public

[ 2016-07-05T09:45:20+08:00 ] ::1 /thinkphp/Public/Uploads/1
ERR: 无法加载模块:Public

[ 2016-07-05T09:52:43+08:00 ] ::1 /thinkphp/Public/Uploads/1
ERR: 无法加载模块:Public

[ 2016-07-05T09:52:44+08:00 ] ::1 /thinkphp/Public/Uploads/1
ERR: 无法加载模块:Public

[ 2016-07-05T10:00:42+08:00 ] ::1 /thinkphp/Public/Uploads/1
ERR: 无法加载模块:Public

[ 2016-07-05T10:05:31+08:00 ] ::1 /thinkphp/Public/Uploads/1
ERR: 无法加载模块:Public

[ 2016-07-05T10:09:55+08:00 ] ::1 /thinkphp/Public/Uploads/1
ERR: 无法加载模块:Public

[ 2016-07-05T10:34:43+08:00 ] ::1 /thinkphp/Public/Uploads/1
ERR: 无法加载模块:Public

[ 2016-07-05T10:36:36+08:00 ] ::1 /thinkphp/Public/Uploads/1
ERR: 无法加载模块:Public

[ 2016-07-05T10:37:18+08:00 ] ::1 /thinkphp/Public/Uploads/1
ERR: 无法加载模块:Public

[ 2016-07-05T10:37:18+08:00 ] ::1 /thinkphp/Public/Uploads/2016-06-26/1466935634_532127900.jpg
ERR: 无法加载模块:Public

[ 2016-07-05T10:37:18+08:00 ] ::1 /thinkphp/Public/Uploads/2016-06-25/1466863764_358815343.jpg
ERR: 无法加载模块:Public

[ 2016-07-05T10:37:51+08:00 ] ::1 /thinkphp/Public/Uploads/1
ERR: 无法加载模块:Public

[ 2016-07-05T10:37:51+08:00 ] ::1 /thinkphp/Public/Uploads/2016-06-26/1466935634_532127900.jpg
ERR: 无法加载模块:Public

[ 2016-07-05T10:37:51+08:00 ] ::1 /thinkphp/Public/Uploads/2016-06-25/1466863764_358815343.jpg
ERR: 无法加载模块:Public

[ 2016-07-05T13:56:27+08:00 ] 172.16.5.100 /thinkphp/Public/Home/image/favicon-rr.ico
ERR: 无法加载模块:Public

[ 2016-07-05T13:59:04+08:00 ] 172.16.5.100 /thinkphp/Public/Uploads/1
ERR: 无法加载模块:Public

[ 2016-07-05T13:59:16+08:00 ] 172.16.5.100 /thinkphp/Public/Uploads/1
ERR: 无法加载模块:Public

[ 2016-07-05T13:59:16+08:00 ] 172.16.5.100 /thinkphp/Public/Uploads/2016-06-25/1466863764_358815343.jpg
ERR: 无法加载模块:Public

[ 2016-07-05T13:59:16+08:00 ] 172.16.5.100 /thinkphp/Public/Uploads/2016-06-26/1466935634_532127900.jpg
ERR: 无法加载模块:Public

[ 2016-07-05T13:59:16+08:00 ] 172.16.5.100 /thinkphp/Public/Uploads/1
ERR: 无法加载模块:Public

[ 2016-07-05T13:59:28+08:00 ] 172.16.5.100 /thinkphp/Public/Uploads/1
ERR: 无法加载模块:Public

[ 2016-07-05T13:59:28+08:00 ] 172.16.5.100 /thinkphp/Public/Uploads/2016-06-25/1466863764_358815343.jpg
ERR: 无法加载模块:Public

[ 2016-07-05T13:59:28+08:00 ] 172.16.5.100 /thinkphp/Public/Uploads/2016-06-26/1466935634_532127900.jpg
ERR: 无法加载模块:Public

[ 2016-07-05T13:59:29+08:00 ] 172.16.5.100 /thinkphp/Public/Uploads/1
ERR: 无法加载模块:Public

[ 2016-07-05T13:59:29+08:00 ] 172.16.5.100 /thinkphp/Public/Uploads/2016-06-25/1466863764_358815343.jpg
ERR: 无法加载模块:Public

[ 2016-07-05T13:59:29+08:00 ] 172.16.5.100 /thinkphp/Public/Uploads/2016-06-26/1466935634_532127900.jpg
ERR: 无法加载模块:Public

[ 2016-07-05T13:59:50+08:00 ] 172.16.5.100 /thinkphp/Public/Home/images/2016-06-30/1467262869_1463702497.jpg
ERR: 无法加载模块:Public

[ 2016-07-05T13:59:58+08:00 ] 172.16.5.100 /thinkphp/Public/Home/images/2016-06-30/1467262869_1463702497.jpg
ERR: 无法加载模块:Public

[ 2016-07-05T14:00:08+08:00 ] 172.16.5.100 /thinkphp/Public/Home/images/2016-06-30/1467262869_1463702497.jpg
ERR: 无法加载模块:Public

[ 2016-07-05T14:00:20+08:00 ] 172.16.5.100 /thinkphp/Public/Uploads/1
ERR: 无法加载模块:Public

[ 2016-07-05T14:00:21+08:00 ] 172.16.5.100 /thinkphp/Public/Uploads/2016-06-25/1466863764_358815343.jpg
ERR: 无法加载模块:Public

[ 2016-07-05T14:00:21+08:00 ] 172.16.5.100 /thinkphp/Public/Uploads/1
ERR: 无法加载模块:Public

[ 2016-07-05T14:00:21+08:00 ] 172.16.5.100 /thinkphp/Public/Uploads/2016-06-26/1466935634_532127900.jpg
ERR: 无法加载模块:Public

[ 2016-07-05T14:00:21+08:00 ] 172.16.5.100 /thinkphp/Public/Uploads/2016-06-25/1466863764_358815343.jpg
ERR: 无法加载模块:Public

[ 2016-07-05T14:01:38+08:00 ] ::1 /thinkphp/Public/Uploads/1
ERR: 无法加载模块:Public

[ 2016-07-05T14:01:38+08:00 ] ::1 /thinkphp/Public/Uploads/2016-06-25/1466863764_358815343.jpg
ERR: 无法加载模块:Public

[ 2016-07-05T14:01:38+08:00 ] ::1 /thinkphp/Public/Uploads/2016-06-26/1466935634_532127900.jpg
ERR: 无法加载模块:Public

[ 2016-07-05T14:02:07+08:00 ] ::1 /thinkphp/Public/Home/images/2016-06-30/1467262869_1463702497.jpg
ERR: 无法加载模块:Public

[ 2016-07-05T14:03:01+08:00 ] ::1 /thinkphp/Public/Uploads/1
ERR: 无法加载模块:Public

[ 2016-07-05T14:03:01+08:00 ] ::1 /thinkphp/Public/Uploads/1
ERR: 无法加载模块:Public

[ 2016-07-05T14:05:47+08:00 ] 172.16.5.136 /thinkphp/Public/Home/image/favicon-rr.ico
ERR: 无法加载模块:Public

[ 2016-07-05T14:08:40+08:00 ] 172.16.5.136 /thinkphp/Public/Uploads/1
ERR: 无法加载模块:Public

[ 2016-07-05T14:08:40+08:00 ] 172.16.5.136 /thinkphp/Public/Uploads/1
ERR: 无法加载模块:Public

[ 2016-07-05T14:08:49+08:00 ] 172.16.5.136 /thinkphp/Public/Uploads/1
ERR: 无法加载模块:Public

[ 2016-07-05T14:08:52+08:00 ] 172.16.5.136 /thinkphp/Public/Uploads/1
ERR: 无法加载模块:Public

[ 2016-07-05T14:09:19+08:00 ] 172.16.5.136 /thinkphp/Public/Uploads/1
ERR: 无法加载模块:Public

[ 2016-07-05T14:09:19+08:00 ] 172.16.5.136 /thinkphp/Public/Uploads/2016-06-26/1466935634_532127900.jpg
ERR: 无法加载模块:Public

[ 2016-07-05T14:09:19+08:00 ] 172.16.5.136 /thinkphp/Public/Uploads/2016-06-25/1466863764_358815343.jpg
ERR: 无法加载模块:Public

[ 2016-07-05T14:10:14+08:00 ] 172.16.5.136 /thinkphp/Public/Uploads/1
ERR: 无法加载模块:Public

[ 2016-07-05T14:10:14+08:00 ] 172.16.5.136 /thinkphp/Public/Uploads/2016-06-25/1466863764_358815343.jpg
ERR: 无法加载模块:Public

[ 2016-07-05T14:10:14+08:00 ] 172.16.5.136 /thinkphp/Public/Uploads/2016-06-26/1466935634_532127900.jpg
ERR: 无法加载模块:Public

[ 2016-07-05T14:10:15+08:00 ] 172.16.5.136 /thinkphp/Public/Uploads/1
ERR: 无法加载模块:Public

[ 2016-07-05T14:10:15+08:00 ] 172.16.5.136 /thinkphp/Public/Uploads/2016-06-25/1466863764_358815343.jpg
ERR: 无法加载模块:Public

[ 2016-07-05T14:10:15+08:00 ] 172.16.5.136 /thinkphp/Public/Uploads/2016-06-26/1466935634_532127900.jpg
ERR: 无法加载模块:Public

[ 2016-07-05T14:11:23+08:00 ] 172.16.5.136 /thinkphp/Public/Uploads/1
ERR: 无法加载模块:Public

[ 2016-07-05T14:11:23+08:00 ] 172.16.5.136 /thinkphp/Public/Uploads/2016-06-26/1466935634_532127900.jpg
ERR: 无法加载模块:Public

[ 2016-07-05T14:11:23+08:00 ] 172.16.5.136 /thinkphp/Public/Uploads/2016-06-25/1466863764_358815343.jpg
ERR: 无法加载模块:Public

[ 2016-07-05T14:11:23+08:00 ] 172.16.5.136 /thinkphp/Public/Uploads/1
ERR: 无法加载模块:Public

[ 2016-07-05T14:11:23+08:00 ] 172.16.5.136 /thinkphp/Public/Uploads/2016-06-25/1466863764_358815343.jpg
ERR: 无法加载模块:Public

[ 2016-07-05T14:11:24+08:00 ] 172.16.5.136 /thinkphp/Public/Uploads/2016-06-26/1466935634_532127900.jpg
ERR: 无法加载模块:Public

[ 2016-07-05T14:11:49+08:00 ] 172.16.5.136 /thinkphp/Public/Uploads/1
ERR: 无法加载模块:Public

[ 2016-07-05T14:11:49+08:00 ] 172.16.5.136 /thinkphp/Public/Uploads/2016-06-25/1466863764_358815343.jpg
ERR: 无法加载模块:Public

[ 2016-07-05T14:11:49+08:00 ] 172.16.5.136 /thinkphp/Public/Uploads/2016-06-26/1466935634_532127900.jpg
ERR: 无法加载模块:Public

[ 2016-07-05T14:11:49+08:00 ] 172.16.5.136 /thinkphp/Public/Uploads/1
ERR: 无法加载模块:Public

[ 2016-07-05T14:11:49+08:00 ] 172.16.5.136 /thinkphp/Public/Uploads/2016-06-25/1466863764_358815343.jpg
ERR: 无法加载模块:Public

[ 2016-07-05T14:11:49+08:00 ] 172.16.5.136 /thinkphp/Public/Uploads/2016-06-26/1466935634_532127900.jpg
ERR: 无法加载模块:Public

[ 2016-07-05T14:11:54+08:00 ] 172.16.5.136 /thinkphp/Public/Uploads/1
ERR: 无法加载模块:Public

[ 2016-07-05T14:11:54+08:00 ] 172.16.5.136 /thinkphp/Public/Uploads/2016-06-25/1466863764_358815343.jpg
ERR: 无法加载模块:Public

[ 2016-07-05T14:11:54+08:00 ] 172.16.5.136 /thinkphp/Public/Uploads/2016-06-26/1466935634_532127900.jpg
ERR: 无法加载模块:Public

[ 2016-07-05T14:11:54+08:00 ] 172.16.5.136 /thinkphp/Public/Uploads/1
ERR: 无法加载模块:Public

[ 2016-07-05T14:11:54+08:00 ] 172.16.5.136 /thinkphp/Public/Uploads/2016-06-25/1466863764_358815343.jpg
ERR: 无法加载模块:Public

[ 2016-07-05T14:11:54+08:00 ] 172.16.5.136 /thinkphp/Public/Uploads/2016-06-26/1466935634_532127900.jpg
ERR: 无法加载模块:Public

[ 2016-07-05T14:12:43+08:00 ] 172.16.5.136 /thinkphp/Public/Home/image/favicon-rr.ico
ERR: 无法加载模块:Public

[ 2016-07-05T14:14:35+08:00 ] 172.16.5.136 /thinkphp/Public/Uploads/1
ERR: 无法加载模块:Public

[ 2016-07-05T14:14:35+08:00 ] 172.16.5.136 /thinkphp/Public/Uploads/1
ERR: 无法加载模块:Public

[ 2016-07-05T14:14:54+08:00 ] 172.16.5.136 /thinkphp/Public/Uploads/1
ERR: 无法加载模块:Public

[ 2016-07-05T14:14:54+08:00 ] 172.16.5.136 /thinkphp/Public/Uploads/2016-06-26/1466935634_532127900.jpg
ERR: 无法加载模块:Public

[ 2016-07-05T14:14:54+08:00 ] 172.16.5.136 /thinkphp/Public/Uploads/2016-06-25/1466863764_358815343.jpg
ERR: 无法加载模块:Public

[ 2016-07-05T14:14:54+08:00 ] 172.16.5.136 /thinkphp/Public/Uploads/1
ERR: 无法加载模块:Public

[ 2016-07-05T14:14:54+08:00 ] 172.16.5.136 /thinkphp/Public/Uploads/2016-06-26/1466935634_532127900.jpg
ERR: 无法加载模块:Public

[ 2016-07-05T14:16:32+08:00 ] 172.16.5.136 /thinkphp/Public/Uploads/1
ERR: 无法加载模块:Public

[ 2016-07-05T14:16:32+08:00 ] 172.16.5.136 /thinkphp/Public/Uploads/2016-06-25/1466863764_358815343.jpg
ERR: 无法加载模块:Public

[ 2016-07-05T14:16:32+08:00 ] 172.16.5.136 /thinkphp/Public/Uploads/2016-06-26/1466935634_532127900.jpg
ERR: 无法加载模块:Public

[ 2016-07-05T14:16:33+08:00 ] 172.16.5.136 /thinkphp/Public/Uploads/1
ERR: 无法加载模块:Public

[ 2016-07-05T14:17:07+08:00 ] 172.16.5.136 /thinkphp/Public/Uploads/1
ERR: 无法加载模块:Public

[ 2016-07-05T14:17:07+08:00 ] 172.16.5.136 /thinkphp/Public/Uploads/2016-06-25/1466863764_358815343.jpg
ERR: 无法加载模块:Public

[ 2016-07-05T14:17:07+08:00 ] 172.16.5.136 /thinkphp/Public/Uploads/2016-06-26/1466935634_532127900.jpg
ERR: 无法加载模块:Public

[ 2016-07-05T14:17:07+08:00 ] 172.16.5.136 /thinkphp/Public/Uploads/1
ERR: 无法加载模块:Public

[ 2016-07-05T14:17:07+08:00 ] 172.16.5.136 /thinkphp/Public/Uploads/2016-06-25/1466863764_358815343.jpg
ERR: 无法加载模块:Public

[ 2016-07-05T14:17:07+08:00 ] 172.16.5.136 /thinkphp/Public/Uploads/2016-06-26/1466935634_532127900.jpg
ERR: 无法加载模块:Public

[ 2016-07-05T14:19:15+08:00 ] ::1 /thinkphp/Public/Uploads/1
ERR: 无法加载模块:Public

[ 2016-07-05T14:19:15+08:00 ] ::1 /thinkphp/Public/Uploads/1
ERR: 无法加载模块:Public

[ 2016-07-05T14:19:29+08:00 ] ::1 /thinkphp/Public/Uploads/1
ERR: 无法加载模块:Public

[ 2016-07-05T14:19:34+08:00 ] 172.16.5.136 /thinkphp/Public/Uploads/1
ERR: 无法加载模块:Public

[ 2016-07-05T14:19:34+08:00 ] 172.16.5.136 /thinkphp/Public/Uploads/2016-06-25/1466863764_358815343.jpg
ERR: 无法加载模块:Public

[ 2016-07-05T14:19:34+08:00 ] 172.16.5.136 /thinkphp/Public/Uploads/2016-06-26/1466935634_532127900.jpg
ERR: 无法加载模块:Public

[ 2016-07-05T14:23:54+08:00 ] ::1 /thinkphp/Public/Uploads/1
ERR: 无法加载模块:Public

[ 2016-07-05T14:23:54+08:00 ] ::1 /thinkphp/Public/Uploads/1
ERR: 无法加载模块:Public

[ 2016-07-05T14:25:07+08:00 ] ::1 /thinkphp/Public/Uploads/1
ERR: 无法加载模块:Public

[ 2016-07-05T14:26:24+08:00 ] ::1 /thinkphp/Public/Uploads/1
ERR: 无法加载模块:Public

[ 2016-07-05T14:28:12+08:00 ] ::1 /thinkphp/Public/Uploads/1
ERR: 无法加载模块:Public

[ 2016-07-05T14:28:12+08:00 ] ::1 /thinkphp/Public/Uploads/2016-07-05/1467699074_68834941.gif
ERR: 无法加载模块:Public

[ 2016-07-05T14:28:12+08:00 ] ::1 /thinkphp/Public/Uploads/2016-06-26/1466935634_532127900.jpg
ERR: 无法加载模块:Public

[ 2016-07-05T14:28:12+08:00 ] ::1 /thinkphp/Public/Uploads/2016-06-25/1466863764_358815343.jpg
ERR: 无法加载模块:Public

[ 2016-07-05T14:28:12+08:00 ] ::1 /thinkphp/Public/Uploads/2016-06-26/1466935634_532127900.jpg
ERR: 无法加载模块:Public

[ 2016-07-05T14:28:12+08:00 ] ::1 /thinkphp/Public/Uploads/2016-06-25/1466863764_358815343.jpg
ERR: 无法加载模块:Public

[ 2016-07-05T14:28:12+08:00 ] ::1 /thinkphp/Public/Uploads/1
ERR: 无法加载模块:Public

[ 2016-07-05T14:28:12+08:00 ] ::1 /thinkphp/Public/Uploads/2016-07-05/1467699074_68834941.gif
ERR: 无法加载模块:Public

[ 2016-07-05T14:30:27+08:00 ] ::1 /thinkphp/Public/Uploads/1
ERR: 无法加载模块:Public

[ 2016-07-05T14:30:27+08:00 ] ::1 /thinkphp/Public/Uploads/2016-07-05/1467699074_68834941.gif
ERR: 无法加载模块:Public

[ 2016-07-05T14:30:27+08:00 ] ::1 /thinkphp/Public/Uploads/2016-07-05/1467699074_68834941.gif
ERR: 无法加载模块:Public

[ 2016-07-05T14:30:27+08:00 ] ::1 /thinkphp/Public/Uploads/1
ERR: 无法加载模块:Public

[ 2016-07-05T14:30:46+08:00 ] ::1 /thinkphp/Public/Home/images/2016-07-05/1467699859_505806691.jpg
ERR: 无法加载模块:Public

[ 2016-07-05T14:40:31+08:00 ] ::1 /thinkphp/Public/Uploads/1
ERR: 无法加载模块:Public

[ 2016-07-05T14:40:31+08:00 ] ::1 /thinkphp/Public/Uploads/2016-07-05/1467699074_68834941.gif
ERR: 无法加载模块:Public

[ 2016-07-05T14:40:31+08:00 ] ::1 /thinkphp/Public/Uploads/1
ERR: 无法加载模块:Public

[ 2016-07-05T14:40:31+08:00 ] ::1 /thinkphp/Public/Uploads/2016-07-05/1467699074_68834941.gif
ERR: 无法加载模块:Public

[ 2016-07-05T14:40:52+08:00 ] ::1 /thinkphp/Public/Uploads/1
ERR: 无法加载模块:Public

[ 2016-07-05T14:47:38+08:00 ] ::1 /thinkphp/Public/Uploads/1
ERR: 无法加载模块:Public

[ 2016-07-05T14:47:38+08:00 ] ::1 /thinkphp/Public/Uploads/2016-07-05/1467699074_68834941.gif
ERR: 无法加载模块:Public

[ 2016-07-05T14:48:30+08:00 ] ::1 /thinkphp/Public/Uploads/1
ERR: 无法加载模块:Public

[ 2016-07-05T14:48:30+08:00 ] ::1 /thinkphp/Public/Uploads/1
ERR: 无法加载模块:Public

[ 2016-07-05T14:53:45+08:00 ] ::1 /thinkphp/Public/Uploads/1
ERR: 无法加载模块:Public

[ 2016-07-05T14:54:35+08:00 ] ::1 /thinkphp/Public/Uploads/1
ERR: 无法加载模块:Public

[ 2016-07-05T14:54:35+08:00 ] ::1 /thinkphp/Public/Uploads/2016-07-05/1467699859_505806691.jpg
ERR: 无法加载模块:Public

[ 2016-07-05T14:54:35+08:00 ] ::1 /thinkphp/Public/Uploads/1
ERR: 无法加载模块:Public

[ 2016-07-05T14:54:35+08:00 ] ::1 /thinkphp/Public/Uploads/2016-07-05/1467699859_505806691.jpg
ERR: 无法加载模块:Public

[ 2016-07-05T14:54:44+08:00 ] ::1 /thinkphp/Public/Uploads/1
ERR: 无法加载模块:Public

[ 2016-07-05T14:54:45+08:00 ] ::1 /thinkphp/Public/Uploads/2016-07-05/1467699859_505806691.jpg
ERR: 无法加载模块:Public

[ 2016-07-05T14:54:45+08:00 ] ::1 /thinkphp/Public/Uploads/1
ERR: 无法加载模块:Public

[ 2016-07-05T14:54:45+08:00 ] ::1 /thinkphp/Public/Uploads/2016-07-05/1467699859_505806691.jpg
ERR: 无法加载模块:Public

[ 2016-07-05T14:55:36+08:00 ] ::1 /thinkphp/Public/Uploads/1
ERR: 无法加载模块:Public

[ 2016-07-05T14:55:57+08:00 ] ::1 /thinkphp/Public/Uploads/1
ERR: 无法加载模块:Public

[ 2016-07-05T14:55:57+08:00 ] ::1 /thinkphp/Public/Uploads/1
ERR: 无法加载模块:Public

[ 2016-07-05T14:56:47+08:00 ] ::1 /thinkphp/Public/Uploads/1
ERR: 无法加载模块:Public

[ 2016-07-05T15:08:34+08:00 ] 172.16.5.131 /thinkphp/Public/Admin/images/favicon.ico
ERR: 无法加载模块:Public

[ 2016-07-05T15:13:06+08:00 ] ::1 /thinkphp/Public/Admin/images/favicon.ico
ERR: 无法加载模块:Public

[ 2016-07-05T16:42:40+08:00 ] ::1 /thinkphp/Public/Home/image/favicon-rr.ico
ERR: 无法加载模块:Public

[ 2016-07-05T18:19:02+08:00 ] ::1 /thinkphp/Public/Admin/images/favicon.ico
ERR: 无法加载模块:Public

[ 2016-07-05T18:24:49+08:00 ] ::1 /thinkphp/Public/Admin/images/favicon.ico
ERR: 无法加载模块:Public

[ 2016-07-05T18:34:48+08:00 ] ::1 /thinkphp/Public/Admin/images/favicon.ico
ERR: 无法加载模块:Public

[ 2016-07-05T18:42:45+08:00 ] ::1 /thinkphp/Public/Admin/images/favicon.ico
ERR: 无法加载模块:Public

[ 2016-07-05T18:47:06+08:00 ] ::1 /thinkphp/Public/Admin/images/favicon.ico
ERR: 无法加载模块:Public

[ 2016-07-05T18:48:18+08:00 ] ::1 /thinkphp/Public/Admin/images/favicon.ico
ERR: 无法加载模块:Public

[ 2016-07-05T18:49:45+08:00 ] ::1 /thinkphp/Public/Admin/images/favicon.ico
ERR: 无法加载模块:Public

[ 2016-07-05T18:51:49+08:00 ] ::1 /thinkphp/Public/Admin/images/favicon.ico
ERR: 无法加载模块:Public

[ 2016-07-05T18:55:51+08:00 ] ::1 /thinkphp/Public/Admin/images/favicon.ico
ERR: 无法加载模块:Public

[ 2016-07-05T18:59:46+08:00 ] ::1 /thinkphp/Public/Admin/images/favicon.ico
ERR: 无法加载模块:Public

[ 2016-07-05T19:00:38+08:00 ] ::1 /thinkphp/Public/Admin/images/favicon.ico
ERR: 无法加载模块:Public

[ 2016-07-05T19:04:34+08:00 ] ::1 /thinkphp/Public/Admin/images/favicon.ico
ERR: 无法加载模块:Public

[ 2016-07-05T19:44:59+08:00 ] ::1 /thinkphp/Public/Uploads/1
ERR: 无法加载模块:Public

[ 2016-07-05T19:58:17+08:00 ] ::1 /thinkphp/Public/Uploads/1
ERR: 无法加载模块:Public

[ 2016-07-05T20:04:29+08:00 ] ::1 /thinkphp/Public/Home/image/favicon-rr.ico
ERR: 无法加载模块:Public

[ 2016-07-05T20:06:35+08:00 ] ::1 /thinkphp/Public/Uploads/1
ERR: 无法加载模块:Public

[ 2016-07-05T20:07:41+08:00 ] ::1 /thinkphp/Public/Uploads/1
ERR: 无法加载模块:Public

[ 2016-07-05T20:07:50+08:00 ] ::1 /thinkphp/Public/Uploads/1
ERR: 无法加载模块:Public

[ 2016-07-05T20:08:03+08:00 ] ::1 /thinkphp/Public/Uploads/1
ERR: 无法加载模块:Public

[ 2016-07-05T20:08:04+08:00 ] ::1 /thinkphp/Public/Uploads/1
ERR: 无法加载模块:Public

