[ 2016-06-17T15:11:53+08:00 ] ::1 /thinkphp/css/alogin.css
ERR: 无法加载模块:Css

[ 2016-06-17T15:11:53+08:00 ] ::1 /thinkphp/images/login/logo.gif
ERR: 无法加载模块:Images

[ 2016-06-17T15:11:53+08:00 ] ::1 /thinkphp/images/login/btnlogin.gif
ERR: 无法加载模块:Images

[ 2016-06-17T15:11:53+08:00 ] ::1 /thinkphp/images/login/btnlogin.gif
ERR: 无法加载模块:Images

[ 2016-06-17T15:47:57+08:00 ] ::1 /thinkphp/Public/Home/images/login/logo.gif
ERR: 无法加载模块:Public

[ 2016-06-17T15:47:57+08:00 ] ::1 /thinkphp/Public/Home/images/login/btnlogin.gif
ERR: 无法加载模块:Public

[ 2016-06-17T15:47:58+08:00 ] ::1 /thinkphp/Public/Home/images/login/btnlogin.gif
ERR: 无法加载模块:Public

[ 2016-06-17T15:47:59+08:00 ] ::1 /thinkphp/Public/Home/css/alogin.css
ERR: 无法加载模块:Public

[ 2016-06-17T15:47:59+08:00 ] ::1 /thinkphp/Public/Home/images/login/logo.gif
ERR: 无法加载模块:Public

[ 2016-06-17T15:47:59+08:00 ] ::1 /thinkphp/Public/Home/images/login/btnlogin.gif
ERR: 无法加载模块:Public

[ 2016-06-17T15:48:00+08:00 ] ::1 /thinkphp/Public/Home/images/login/btnlogin.gif
ERR: 无法加载模块:Public

[ 2016-06-17T17:57:10+08:00 ] ::1 /thinkphp/index.php/__MODULE__/view/index.html
ERR: 无法加载模块:__MODULE__

[ 2016-06-17T17:58:20+08:00 ] ::1 /thinkphp/index.php/__MODULE__/view/index.html
ERR: 无法加载模块:__MODULE__

[ 2016-06-17T18:01:51+08:00 ] ::1 /thinkphp/index.php/__MODULE__/view/index.html
ERR: 无法加载模块:__MODULE__

[ 2016-06-17T18:02:14+08:00 ] ::1 /thinkphp/index.php/__MODULE__/view/index.html
ERR: 无法加载模块:__MODULE__

[ 2016-06-17T18:02:19+08:00 ] ::1 /thinkphp/index.php/thinkphp/index.php/Admin/view/Index.html
ERR: 无法加载模块:Thinkphp

[ 2016-06-17T18:02:49+08:00 ] ::1 /thinkphp/index.php/thinkphp/index.php/Admin/view/Index.html
ERR: 无法加载模块:Thinkphp

[ 2016-06-17T19:48:48+08:00 ] ::1 /thinkphp/Public/Admin/images/favicon.ico
ERR: 无法加载模块:Public

[ 2016-06-17T19:58:03+08:00 ] ::1 /thinkphp/Public/css/css.css
ERR: 无法加载模块:Public

[ 2016-06-17T19:58:03+08:00 ] ::1 /thinkphp/Public/images/main/logo.jpg
ERR: 无法加载模块:Public

[ 2016-06-17T19:58:53+08:00 ] ::1 /thinkphp/Public/images/main/logo.jpg
ERR: 无法加载模块:Public

[ 2016-06-17T20:28:46+08:00 ] ::1 /thinkphp/Public/Admin/css/images/main/bottombg.jpg
ERR: 无法加载模块:Public

