[ 2016-06-30T00:34:20+08:00 ] ::1 /thinkphp/Public/Admin/images/favicon.ico
ERR: 无法加载模块:Public

[ 2016-06-30T00:57:47+08:00 ] ::1 /thinkphp/Public/Admin/images/favicon.ico
ERR: 无法加载模块:Public

[ 2016-06-30T01:46:39+08:00 ] ::1 /thinkphp/Public/Admin/images/favicon.ico
ERR: 无法加载模块:Public

[ 2016-06-30T01:50:20+08:00 ] ::1 /thinkphp/Public/Admin/images/favicon.ico
ERR: 无法加载模块:Public

[ 2016-06-30T01:55:22+08:00 ] ::1 /thinkphp/Public/Admin/images/favicon.ico
ERR: 无法加载模块:Public

[ 2016-06-30T01:56:37+08:00 ] ::1 /thinkphp/Public/Admin/images/favicon.ico
ERR: 无法加载模块:Public

[ 2016-06-30T09:45:41+08:00 ] ::1 /thinkphp/Public/Admin/images/favicon.ico
ERR: 无法加载模块:Public

[ 2016-06-30T11:48:14+08:00 ] ::1 /thinkphp/index.php/autheditor/roleid/%7B$res%7D/authname/%7B$data['rolename']%7D.html
ERR: 无法加载模块:Autheditor

[ 2016-06-30T11:49:18+08:00 ] ::1 /thinkphp/index.php/autheditor/roleid/%7B$res%7D/authname/%7B$data['rolename']%7D.html
ERR: 无法加载模块:Autheditor

[ 2016-06-30T12:43:42+08:00 ] ::1 /thinkphp/Public/Admin/images/favicon.ico
ERR: 无法加载模块:Public

[ 2016-06-30T12:45:09+08:00 ] ::1 /thinkphp/Public/Uploads/1
ERR: 无法加载模块:Public

[ 2016-06-30T12:45:10+08:00 ] ::1 /thinkphp/Public/Uploads/1
ERR: 无法加载模块:Public

[ 2016-06-30T12:46:57+08:00 ] ::1 /thinkphp/Public/Uploads/1
ERR: 无法加载模块:Public

[ 2016-06-30T12:47:24+08:00 ] ::1 /thinkphp/Public/Uploads/1
ERR: 无法加载模块:Public

[ 2016-06-30T12:50:56+08:00 ] ::1 /thinkphp/Public/Uploads/1
ERR: 无法加载模块:Public

[ 2016-06-30T12:51:40+08:00 ] ::1 /thinkphp/Public/Uploads/1
ERR: 无法加载模块:Public

[ 2016-06-30T12:51:41+08:00 ] ::1 /thinkphp/Public/Uploads/1
ERR: 无法加载模块:Public

[ 2016-06-30T12:51:57+08:00 ] ::1 /thinkphp/Public/Uploads/1
ERR: 无法加载模块:Public

[ 2016-06-30T12:51:57+08:00 ] ::1 /thinkphp/Public/Uploads/1
ERR: 无法加载模块:Public

[ 2016-06-30T12:52:21+08:00 ] ::1 /thinkphp/Public/Uploads/1
ERR: 无法加载模块:Public

[ 2016-06-30T12:52:21+08:00 ] ::1 /thinkphp/Public/Uploads/1
ERR: 无法加载模块:Public

[ 2016-06-30T12:54:33+08:00 ] ::1 /thinkphp/Public/Uploads/1
ERR: 无法加载模块:Public

[ 2016-06-30T22:22:44+08:00 ] ::1 /thinkphp/Public/Uploads/1
ERR: 无法加载模块:Public

[ 2016-06-30T22:22:45+08:00 ] ::1 /thinkphp/Public/Uploads/1
ERR: 无法加载模块:Public

[ 2016-06-30T22:23:17+08:00 ] ::1 /thinkphp/Public/Uploads/1
ERR: 无法加载模块:Public

[ 2016-06-30T22:23:38+08:00 ] ::1 /thinkphp/Public/Uploads/1
ERR: 无法加载模块:Public

[ 2016-06-30T22:28:06+08:00 ] ::1 /thinkphp/Public/Uploads/1
ERR: 无法加载模块:Public

[ 2016-06-30T22:28:06+08:00 ] ::1 /thinkphp/Public/Uploads/1
ERR: 无法加载模块:Public

[ 2016-06-30T22:28:58+08:00 ] ::1 /thinkphp/Public/Admin/images/favicon.ico
ERR: 无法加载模块:Public

[ 2016-06-30T22:29:57+08:00 ] ::1 /thinkphp/Public/Admin/images/favicon.ico
ERR: 无法加载模块:Public

[ 2016-06-30T22:31:20+08:00 ] ::1 /thinkphp/Public/Uploads/1
ERR: 无法加载模块:Public

[ 2016-06-30T22:31:20+08:00 ] ::1 /thinkphp/Public/Uploads/1
ERR: 无法加载模块:Public

[ 2016-06-30T22:36:33+08:00 ] ::1 /thinkphp/Public/Home/Uploads/01.jpg
ERR: 无法加载模块:Public

[ 2016-06-30T22:36:35+08:00 ] ::1 /thinkphp/Public/Home/Uploads/02.jpg
ERR: 无法加载模块:Public

[ 2016-06-30T22:36:36+08:00 ] ::1 /thinkphp/Public/Home/Uploads/03.jpg
ERR: 无法加载模块:Public

[ 2016-06-30T22:36:38+08:00 ] ::1 /thinkphp/Public/Home/Uploads/04.jpg
ERR: 无法加载模块:Public

[ 2016-06-30T22:36:39+08:00 ] ::1 /thinkphp/Public/Home/Uploads/01.jpg
ERR: 无法加载模块:Public

[ 2016-06-30T22:36:41+08:00 ] ::1 /thinkphp/Public/Home/Uploads/02.jpg
ERR: 无法加载模块:Public

[ 2016-06-30T22:36:42+08:00 ] ::1 /thinkphp/Public/Home/Uploads/03.jpg
ERR: 无法加载模块:Public

[ 2016-06-30T22:36:44+08:00 ] ::1 /thinkphp/Public/Home/Uploads/04.jpg
ERR: 无法加载模块:Public

[ 2016-06-30T22:36:45+08:00 ] ::1 /thinkphp/Public/Home/Uploads/01.jpg
ERR: 无法加载模块:Public

[ 2016-06-30T22:36:47+08:00 ] ::1 /thinkphp/Public/Home/Uploads/02.jpg
ERR: 无法加载模块:Public

[ 2016-06-30T22:36:48+08:00 ] ::1 /thinkphp/Public/Home/Uploads/03.jpg
ERR: 无法加载模块:Public

[ 2016-06-30T22:36:50+08:00 ] ::1 /thinkphp/Public/Home/Uploads/04.jpg
ERR: 无法加载模块:Public

[ 2016-06-30T22:36:51+08:00 ] ::1 /thinkphp/Public/Home/Uploads/01.jpg
ERR: 无法加载模块:Public

[ 2016-06-30T22:36:53+08:00 ] ::1 /thinkphp/Public/Home/Uploads/02.jpg
ERR: 无法加载模块:Public

[ 2016-06-30T22:36:54+08:00 ] ::1 /thinkphp/Public/Home/Uploads/03.jpg
ERR: 无法加载模块:Public

[ 2016-06-30T22:36:56+08:00 ] ::1 /thinkphp/Public/Home/Uploads/04.jpg
ERR: 无法加载模块:Public

[ 2016-06-30T22:36:57+08:00 ] ::1 /thinkphp/Public/Home/Uploads/01.jpg
ERR: 无法加载模块:Public

[ 2016-06-30T22:36:59+08:00 ] ::1 /thinkphp/Public/Home/Uploads/02.jpg
ERR: 无法加载模块:Public

[ 2016-06-30T22:37:00+08:00 ] ::1 /thinkphp/Public/Home/Uploads/03.jpg
ERR: 无法加载模块:Public

[ 2016-06-30T22:37:02+08:00 ] ::1 /thinkphp/Public/Home/Uploads/04.jpg
ERR: 无法加载模块:Public

[ 2016-06-30T22:37:03+08:00 ] ::1 /thinkphp/Public/Home/Uploads/01.jpg
ERR: 无法加载模块:Public

[ 2016-06-30T22:37:05+08:00 ] ::1 /thinkphp/Public/Home/Uploads/02.jpg
ERR: 无法加载模块:Public

[ 2016-06-30T22:37:06+08:00 ] ::1 /thinkphp/Public/Home/Uploads/03.jpg
ERR: 无法加载模块:Public

[ 2016-06-30T22:37:08+08:00 ] ::1 /thinkphp/Public/Home/Uploads/04.jpg
ERR: 无法加载模块:Public

[ 2016-06-30T22:37:09+08:00 ] ::1 /thinkphp/Public/Home/Uploads/01.jpg
ERR: 无法加载模块:Public

[ 2016-06-30T22:37:11+08:00 ] ::1 /thinkphp/Public/Home/Uploads/02.jpg
ERR: 无法加载模块:Public

[ 2016-06-30T22:37:12+08:00 ] ::1 /thinkphp/Public/Home/Uploads/03.jpg
ERR: 无法加载模块:Public

[ 2016-06-30T22:37:14+08:00 ] ::1 /thinkphp/Public/Home/Uploads/04.jpg
ERR: 无法加载模块:Public

[ 2016-06-30T22:37:15+08:00 ] ::1 /thinkphp/Public/Home/Uploads/01.jpg
ERR: 无法加载模块:Public

[ 2016-06-30T22:37:17+08:00 ] ::1 /thinkphp/Public/Home/Uploads/02.jpg
ERR: 无法加载模块:Public

[ 2016-06-30T22:37:18+08:00 ] ::1 /thinkphp/Public/Home/Uploads/03.jpg
ERR: 无法加载模块:Public

[ 2016-06-30T22:37:20+08:00 ] ::1 /thinkphp/Public/Home/Uploads/04.jpg
ERR: 无法加载模块:Public

[ 2016-06-30T22:37:21+08:00 ] ::1 /thinkphp/Public/Home/Uploads/01.jpg
ERR: 无法加载模块:Public

[ 2016-06-30T22:37:23+08:00 ] ::1 /thinkphp/Public/Home/Uploads/02.jpg
ERR: 无法加载模块:Public

[ 2016-06-30T22:45:39+08:00 ] ::1 /thinkphp/Public/Uploads/1
ERR: 无法加载模块:Public

[ 2016-06-30T22:47:15+08:00 ] ::1 /thinkphp/Public/Home/image/favicon-rr.ico
ERR: 无法加载模块:Public

