[ 2016-06-22T00:14:00+08:00 ] ::1 /thinkphp/Public/Home/images/stage-tab-icons.png
ERR: 无法加载模块:Public

[ 2016-06-22T00:19:50+08:00 ] ::1 /thinkphp/Public/Home/images/stage-tab-icons.png
ERR: 无法加载模块:Public

[ 2016-06-22T00:48:25+08:00 ] ::1 /thinkphp/Public/Uploads/2016-06-22/1466526882_140360750.jpg
ERR: 无法加载模块:Public

[ 2016-06-22T00:48:34+08:00 ] ::1 /thinkphp/Public/Uploads/2016-06-22/1466526882_140360750.jpg
ERR: 无法加载模块:Public

[ 2016-06-22T00:51:17+08:00 ] ::1 /thinkphp/Public/Uploads/2016-06-22/1466527768_1372773780.jpg
ERR: 无法加载模块:Public

[ 2016-06-22T00:51:17+08:00 ] ::1 /thinkphp/Public/Uploads/2016-06-22/1466527768_557318624.jpg
ERR: 无法加载模块:Public

[ 2016-06-22T00:51:17+08:00 ] ::1 /thinkphp/Public/Uploads/2016-06-22/1466527768_1954597323.jpg
ERR: 无法加载模块:Public

[ 2016-06-22T02:19:40+08:00 ] ::1 /thinkphp/Public/Uploads/005.jpg
ERR: 无法加载模块:Public

[ 2016-06-22T02:19:52+08:00 ] ::1 /thinkphp/Public/Uploads/005.jpg
ERR: 无法加载模块:Public

[ 2016-06-22T02:20:04+08:00 ] ::1 /thinkphp/Public/Uploads/005.jpg
ERR: 无法加载模块:Public

[ 2016-06-22T02:20:16+08:00 ] ::1 /thinkphp/Public/Uploads/005.jpg
ERR: 无法加载模块:Public

[ 2016-06-22T02:20:29+08:00 ] ::1 /thinkphp/Public/Uploads/005.jpg
ERR: 无法加载模块:Public

[ 2016-06-22T02:20:43+08:00 ] ::1 /thinkphp/Public/Uploads/005.jpg
ERR: 无法加载模块:Public

[ 2016-06-22T02:20:55+08:00 ] ::1 /thinkphp/Public/Uploads/005.jpg
ERR: 无法加载模块:Public

[ 2016-06-22T09:10:52+08:00 ] ::1 /thinkphp/Public/Home/images/stage-tab-icons.png
ERR: 无法加载模块:Public

[ 2016-06-22T10:57:50+08:00 ] ::1 /thinkphp/Public/Uploads/del.png
ERR: 无法加载模块:Public

[ 2016-06-22T14:33:08+08:00 ] ::1 /thinkphp/Public/Home/images/stage-tab-icons.png
ERR: 无法加载模块:Public

[ 2016-06-22T16:08:16+08:00 ] ::1 /thinkphp/Public/Home/images/stage-tab-icons.png
ERR: 无法加载模块:Public

[ 2016-06-22T16:08:30+08:00 ] ::1 /thinkphp/Public/Home/images/stage-tab-icons.png
ERR: 无法加载模块:Public

[ 2016-06-22T19:46:01+08:00 ] ::1 /thinkphp/Public/Home/images/stage-tab-icons.png
ERR: 无法加载模块:Public

[ 2016-06-22T23:09:30+08:00 ] ::1 /thinkphp/Public/Home/images/stage-tab-icons.png
ERR: 无法加载模块:Public

