[ 2016-06-26T16:10:38+08:00 ] ::1 /thinkphp/index.php/Home/Home/sendsession
INFO: [ app_begin ] --START--
INFO: Run Behavior\ReadHtmlCacheBehavior [ RunTime:0.001000s ]
INFO: [ app_begin ] --END-- [ RunTime:0.002000s ]
INFO: [ app_end ] --START--
INFO: Run Behavior\ShowPageTraceBehavior [ RunTime:0.000000s ]
INFO: [ app_end ] --END-- [ RunTime:0.000000s ]

[ 2016-06-26T16:10:42+08:00 ] ::1 /thinkphp/index.php/Home/Home/sendsession
INFO: [ app_begin ] --START--
INFO: Run Behavior\ReadHtmlCacheBehavior [ RunTime:0.001000s ]
INFO: [ app_begin ] --END-- [ RunTime:0.002000s ]
INFO: [ app_end ] --START--
INFO: Run Behavior\ShowPageTraceBehavior [ RunTime:0.000000s ]
INFO: [ app_end ] --END-- [ RunTime:0.001000s ]

[ 2016-06-26T16:10:50+08:00 ] ::1 /thinkphp/index.php/Home/Home/sendsession
INFO: [ app_begin ] --START--
INFO: Run Behavior\ReadHtmlCacheBehavior [ RunTime:0.001000s ]
INFO: [ app_begin ] --END-- [ RunTime:0.002000s ]
INFO: [ app_end ] --START--
INFO: Run Behavior\ShowPageTraceBehavior [ RunTime:0.001000s ]
INFO: [ app_end ] --END-- [ RunTime:0.001000s ]

[ 2016-06-26T16:10:56+08:00 ] ::1 /thinkphp/index.php/Home/Home/sendsession
INFO: [ app_begin ] --START--
INFO: Run Behavior\ReadHtmlCacheBehavior [ RunTime:0.001001s ]
INFO: [ app_begin ] --END-- [ RunTime:0.002001s ]
INFO: [ app_end ] --START--
INFO: Run Behavior\ShowPageTraceBehavior [ RunTime:0.001000s ]
INFO: [ app_end ] --END-- [ RunTime:0.001000s ]

[ 2016-06-26T16:11:01+08:00 ] ::1 /thinkphp/index.php/Home/Home/sendsession
INFO: [ app_begin ] --START--
INFO: Run Behavior\ReadHtmlCacheBehavior [ RunTime:0.001000s ]
INFO: [ app_begin ] --END-- [ RunTime:0.001000s ]
INFO: [ app_end ] --START--
INFO: Run Behavior\ShowPageTraceBehavior [ RunTime:0.001000s ]
INFO: [ app_end ] --END-- [ RunTime:0.001000s ]

[ 2016-06-26T16:11:05+08:00 ] ::1 /thinkphp/index.php/Home/Home/sendsession
INFO: [ app_begin ] --START--
INFO: Run Behavior\ReadHtmlCacheBehavior [ RunTime:0.001000s ]
INFO: [ app_begin ] --END-- [ RunTime:0.002000s ]
INFO: [ app_end ] --START--
INFO: Run Behavior\ShowPageTraceBehavior [ RunTime:0.001000s ]
INFO: [ app_end ] --END-- [ RunTime:0.001000s ]

[ 2016-06-26T16:11:10+08:00 ] ::1 /thinkphp/index.php/Home/Home/sendsession
INFO: [ app_begin ] --START--
INFO: Run Behavior\ReadHtmlCacheBehavior [ RunTime:0.001000s ]
INFO: [ app_begin ] --END-- [ RunTime:0.002000s ]
INFO: [ app_end ] --START--
INFO: Run Behavior\ShowPageTraceBehavior [ RunTime:0.001000s ]
INFO: [ app_end ] --END-- [ RunTime:0.001000s ]

[ 2016-06-26T16:11:14+08:00 ] ::1 /thinkphp/index.php/Home/Home/sendsession
INFO: [ app_begin ] --START--
INFO: Run Behavior\ReadHtmlCacheBehavior [ RunTime:0.000000s ]
INFO: [ app_begin ] --END-- [ RunTime:0.002000s ]
INFO: [ app_end ] --START--
INFO: Run Behavior\ShowPageTraceBehavior [ RunTime:0.001000s ]
INFO: [ app_end ] --END-- [ RunTime:0.001000s ]

[ 2016-06-26T18:51:51+08:00 ] ::1 /thinkphp/index.php/Home/Home/readmsg
INFO: [ app_begin ] --START--
INFO: Run Behavior\ReadHtmlCacheBehavior [ RunTime:0.001000s ]
INFO: [ app_begin ] --END-- [ RunTime:0.002000s ]
INFO: [ app_end ] --START--
INFO: Run Behavior\ShowPageTraceBehavior [ RunTime:0.001000s ]
INFO: [ app_end ] --END-- [ RunTime:0.001000s ]

[ 2016-06-26T22:06:07+08:00 ] ::1 /thinkphp/index.php/Home/Home/relative
ERR: 1054:Unknown column '河南师范大学' in 'where clause'
 [ SQL语句 ] : SELECT * FROM `think_user` WHERE ( school=河南师范大学 ) 

[ 2016-06-26T22:07:56+08:00 ] ::1 /thinkphp/index.php/Home/Home/relative
ERR: 1054:Unknown column '河南师范大学' in 'where clause'
 [ SQL语句 ] : SELECT * FROM `think_user` WHERE ( school=河南师范大学 ) 

[ 2016-06-26T22:08:47+08:00 ] ::1 /thinkphp/index.php/Home/Home/relative
ERR: 1054:Unknown column '河南师范大学' in 'where clause'
 [ SQL语句 ] : SELECT * FROM `think_user` WHERE ( school=河南师范大学 ) 

[ 2016-06-26T22:10:17+08:00 ] ::1 /thinkphp/index.php/Home/Home/relative
ERR: 1054:Unknown column '河南师范大学' in 'where clause'
 [ SQL语句 ] : SELECT * FROM `think_user` WHERE ( school=河南师范大学 ) 

[ 2016-06-26T22:11:11+08:00 ] ::1 /thinkphp/index.php/Home/Home/relative
ERR: 1054:Unknown column '河南师范大学' in 'where clause'
 [ SQL语句 ] : SELECT * FROM `think_user` WHERE ( school=河南师范大学 ) 

[ 2016-06-26T22:13:41+08:00 ] ::1 /thinkphp/index.php/Home/Home/relative
ERR: 1054:Unknown column '河南师范大学' in 'where clause'
 [ SQL语句 ] : SELECT * FROM `think_user` WHERE ( school=河南师范大学 ) 

[ 2016-06-26T22:14:19+08:00 ] ::1 /thinkphp/index.php/Home/Home/relative
ERR: 1054:Unknown column '河南师范大学' in 'where clause'
 [ SQL语句 ] : SELECT * FROM `think_user` WHERE ( 河南师范大学 ) 

[ 2016-06-26T23:41:37+08:00 ] ::1 /thinkphp/index.php/Home/Home/addfriend
INFO: [ app_begin ] --START--
INFO: Run Behavior\ReadHtmlCacheBehavior [ RunTime:0.001000s ]
INFO: [ app_begin ] --END-- [ RunTime:0.003000s ]
INFO: [ app_end ] --START--
INFO: Run Behavior\ShowPageTraceBehavior [ RunTime:0.001000s ]
INFO: [ app_end ] --END-- [ RunTime:0.001000s ]

[ 2016-06-26T23:45:24+08:00 ] ::1 /thinkphp/index.php/Home/Home/addfriend
INFO: [ app_begin ] --START--
INFO: Run Behavior\ReadHtmlCacheBehavior [ RunTime:0.002000s ]
INFO: [ app_begin ] --END-- [ RunTime:0.002000s ]
SQL: SHOW COLUMNS FROM `think_user` [ RunTime:0.0080s ]
SQL: SELECT `friendid` FROM `think_user` WHERE `id` = 59 LIMIT 1   [ RunTime:0.0010s ]
NOTIC: [2] Invalid argument supplied for foreach() E:\WWW\thinkphp\ThinkPHP\Library\Think\Model.class.php 第 267 行.
NOTIC: [2] Invalid argument supplied for foreach() E:\WWW\thinkphp\ThinkPHP\Library\Think\Db\Driver.class.php 第 373 行.
NOTIC: [8] Undefined variable: set E:\WWW\thinkphp\ThinkPHP\Library\Think\Db\Driver.class.php 第 388 行.
NOTIC: [2] implode() [<a href='function.implode'>function.implode</a>]: Invalid arguments passed E:\WWW\thinkphp\ThinkPHP\Library\Think\Db\Driver.class.php 第 388 行.
ERR: 1064:You have an error in your SQL syntax; check the manual that corresponds to your MySQL server version for the right syntax to use near 'WHERE `id` = 59' at line 1
 [ SQL语句 ] : UPDATE `think_user` SET  WHERE `id` = 59
ERR: 1064:You have an error in your SQL syntax; check the manual that corresponds to your MySQL server version for the right syntax to use near 'WHERE `id` = 59' at line 1
 [ SQL语句 ] : UPDATE `think_user` SET  WHERE `id` = 59

[ 2016-06-26T23:47:11+08:00 ] ::1 /thinkphp/index.php/Home/Home/addfriend
INFO: [ app_begin ] --START--
INFO: Run Behavior\ReadHtmlCacheBehavior [ RunTime:0.000000s ]
INFO: [ app_begin ] --END-- [ RunTime:0.002001s ]
SQL: SHOW COLUMNS FROM `think_user` [ RunTime:0.0070s ]
SQL: SELECT `friendid` FROM `think_user` WHERE `id` = 59 LIMIT 1   [ RunTime:0.0010s ]
NOTIC: [2] Invalid argument supplied for foreach() E:\WWW\thinkphp\ThinkPHP\Library\Think\Model.class.php 第 267 行.
NOTIC: [2] Invalid argument supplied for foreach() E:\WWW\thinkphp\ThinkPHP\Library\Think\Db\Driver.class.php 第 373 行.
NOTIC: [8] Undefined variable: set E:\WWW\thinkphp\ThinkPHP\Library\Think\Db\Driver.class.php 第 388 行.
NOTIC: [2] implode() [<a href='function.implode'>function.implode</a>]: Invalid arguments passed E:\WWW\thinkphp\ThinkPHP\Library\Think\Db\Driver.class.php 第 388 行.
ERR: 1064:You have an error in your SQL syntax; check the manual that corresponds to your MySQL server version for the right syntax to use near 'WHERE `id` = 59' at line 1
 [ SQL语句 ] : UPDATE `think_user` SET  WHERE `id` = 59
ERR: 1064:You have an error in your SQL syntax; check the manual that corresponds to your MySQL server version for the right syntax to use near 'WHERE `id` = 59' at line 1
 [ SQL语句 ] : UPDATE `think_user` SET  WHERE `id` = 59

[ 2016-06-26T23:48:23+08:00 ] ::1 /thinkphp/index.php/Home/Home/addfriend
INFO: [ app_begin ] --START--
INFO: Run Behavior\ReadHtmlCacheBehavior [ RunTime:0.001000s ]
INFO: [ app_begin ] --END-- [ RunTime:0.002000s ]
SQL: SHOW COLUMNS FROM `think_user` [ RunTime:0.0090s ]
SQL: SELECT `friendid` FROM `think_user` WHERE `id` = 59 LIMIT 1   [ RunTime:0.0000s ]
NOTIC: [2] Invalid argument supplied for foreach() E:\WWW\thinkphp\ThinkPHP\Library\Think\Model.class.php 第 267 行.
NOTIC: [2] Invalid argument supplied for foreach() E:\WWW\thinkphp\ThinkPHP\Library\Think\Db\Driver.class.php 第 373 行.
NOTIC: [8] Undefined variable: set E:\WWW\thinkphp\ThinkPHP\Library\Think\Db\Driver.class.php 第 388 行.
NOTIC: [2] implode() [<a href='function.implode'>function.implode</a>]: Invalid arguments passed E:\WWW\thinkphp\ThinkPHP\Library\Think\Db\Driver.class.php 第 388 行.
ERR: 1064:You have an error in your SQL syntax; check the manual that corresponds to your MySQL server version for the right syntax to use near 'WHERE `id` = 59' at line 1
 [ SQL语句 ] : UPDATE `think_user` SET  WHERE `id` = 59
ERR: 1064:You have an error in your SQL syntax; check the manual that corresponds to your MySQL server version for the right syntax to use near 'WHERE `id` = 59' at line 1
 [ SQL语句 ] : UPDATE `think_user` SET  WHERE `id` = 59

[ 2016-06-26T23:50:15+08:00 ] ::1 /thinkphp/index.php/Home/Home/addfriend
INFO: [ app_begin ] --START--
INFO: Run Behavior\ReadHtmlCacheBehavior [ RunTime:0.001001s ]
INFO: [ app_begin ] --END-- [ RunTime:0.001001s ]
SQL: SHOW COLUMNS FROM `think_user` [ RunTime:0.0130s ]
SQL: SELECT `friendid` FROM `think_user` WHERE `id` = 59 LIMIT 1   [ RunTime:0.0010s ]
SQL: UPDATE `think_user` SET `friendid`='60@61@62@65@' WHERE `id` = 59 [ RunTime:0.0010s ]
INFO: [ app_end ] --START--
INFO: Run Behavior\ShowPageTraceBehavior [ RunTime:0.002000s ]
INFO: [ app_end ] --END-- [ RunTime:0.002000s ]

[ 2016-06-26T23:53:14+08:00 ] ::1 /thinkphp/index.php/Home/Home/addfriend
INFO: [ app_begin ] --START--
INFO: Run Behavior\ReadHtmlCacheBehavior [ RunTime:0.001000s ]
INFO: [ app_begin ] --END-- [ RunTime:0.002001s ]
SQL: SHOW COLUMNS FROM `think_user` [ RunTime:0.0110s ]
SQL: SELECT `friendid` FROM `think_user` WHERE `id` = 59 LIMIT 1   [ RunTime:0.0010s ]
SQL: UPDATE `think_user` SET `friendid`='60@61@62@65@' WHERE `id` = 59 [ RunTime:0.0010s ]

[ 2016-06-26T23:53:15+08:00 ] ::1 /thinkphp/index.php/Home/Home/relative.html
INFO: [ app_begin ] --START--
INFO: Run Behavior\ReadHtmlCacheBehavior [ RunTime:0.001000s ]
INFO: [ app_begin ] --END-- [ RunTime:0.002000s ]
SQL: SHOW COLUMNS FROM `think_user` [ RunTime:0.0080s ]
SQL: SELECT `school` FROM `think_user` WHERE ( id=59 ) LIMIT 1   [ RunTime:0.0010s ]
SQL: SELECT `friendid` FROM `think_user` WHERE ( id=59 ) LIMIT 1   [ RunTime:0.0000s ]
SQL: SELECT * FROM `think_user` WHERE `school` = '河南师范大学'  [ RunTime:0.0010s ]
INFO: [ view_parse ] --START--
INFO: [ template_filter ] --START--
INFO: Run Behavior\ContentReplaceBehavior [ RunTime:0.001000s ]
INFO: [ template_filter ] --END-- [ RunTime:0.001000s ]
INFO: Run Behavior\ParseTemplateBehavior [ RunTime:0.016001s ]
INFO: [ view_parse ] --END-- [ RunTime:0.016001s ]
INFO: [ view_filter ] --START--
INFO: Run Behavior\WriteHtmlCacheBehavior [ RunTime:0.001000s ]
INFO: [ view_filter ] --END-- [ RunTime:0.001000s ]
INFO: [ app_end ] --START--
INFO: Run Behavior\ShowPageTraceBehavior [ RunTime:0.002000s ]
INFO: [ app_end ] --END-- [ RunTime:0.002000s ]

[ 2016-06-26T23:55:02+08:00 ] ::1 /thinkphp/index.php/Home/Home/addfriend
INFO: [ app_begin ] --START--
INFO: Run Behavior\ReadHtmlCacheBehavior [ RunTime:0.001000s ]
INFO: [ app_begin ] --END-- [ RunTime:0.001000s ]
SQL: SHOW COLUMNS FROM `think_user` [ RunTime:0.0090s ]
SQL: SELECT `friendid` FROM `think_user` WHERE `id` = 59 LIMIT 1   [ RunTime:0.0000s ]
SQL: UPDATE `think_user` SET `friendid`='60@61@62@65@' WHERE `id` = 59 [ RunTime:0.0000s ]

[ 2016-06-26T23:55:03+08:00 ] ::1 /thinkphp/index.php/Home/Home/relative.html
INFO: [ app_begin ] --START--
INFO: Run Behavior\ReadHtmlCacheBehavior [ RunTime:0.001000s ]
INFO: [ app_begin ] --END-- [ RunTime:0.002000s ]
SQL: SHOW COLUMNS FROM `think_user` [ RunTime:0.0090s ]
SQL: SELECT `school` FROM `think_user` WHERE ( id=59 ) LIMIT 1   [ RunTime:0.0010s ]
SQL: SELECT `friendid` FROM `think_user` WHERE ( id=59 ) LIMIT 1   [ RunTime:0.0010s ]
SQL: SELECT * FROM `think_user` WHERE `school` = '河南师范大学'  [ RunTime:0.0010s ]
INFO: [ view_parse ] --START--
INFO: [ template_filter ] --START--
INFO: Run Behavior\ContentReplaceBehavior [ RunTime:0.000000s ]
INFO: [ template_filter ] --END-- [ RunTime:0.000000s ]
INFO: Run Behavior\ParseTemplateBehavior [ RunTime:0.015000s ]
INFO: [ view_parse ] --END-- [ RunTime:0.015000s ]
INFO: [ view_filter ] --START--
INFO: Run Behavior\WriteHtmlCacheBehavior [ RunTime:0.001001s ]
INFO: [ view_filter ] --END-- [ RunTime:0.001001s ]
INFO: [ app_end ] --START--
INFO: Run Behavior\ShowPageTraceBehavior [ RunTime:0.001000s ]
INFO: [ app_end ] --END-- [ RunTime:0.001000s ]

