[ 2016-07-07T09:50:18+08:00 ] ::1 /thinkphp/index.php/Home/Home/explevel
INFO: [ app_begin ] --START--
INFO: Run Behavior\ReadHtmlCacheBehavior [ RunTime:0.001000s ]
INFO: [ app_begin ] --END-- [ RunTime:0.002000s ]
SQL: SHOW COLUMNS FROM `think_user` [ RunTime:0.0050s ]
SQL: SELECT * FROM `think_user` WHERE ( id=59 ) LIMIT 1   [ RunTime:0.0010s ]
SQL: UPDATE `think_user` SET `time`='1467856218',`exp`='5',`num`='1',`judge`='2' WHERE ( id=59 ) [ RunTime:0.0000s ]
INFO: [ app_end ] --START--
INFO: Run Behavior\ShowPageTraceBehavior [ RunTime:0.002000s ]
INFO: [ app_end ] --END-- [ RunTime:0.002000s ]

[ 2016-07-07T12:39:04+08:00 ] ::1 /thinkphp/index.php/Home/Home/addfriend
INFO: [ app_begin ] --START--
INFO: Run Behavior\ReadHtmlCacheBehavior [ RunTime:0.001000s ]
INFO: [ app_begin ] --END-- [ RunTime:0.002000s ]
SQL: SHOW COLUMNS FROM `think_user` [ RunTime:0.0050s ]
SQL: SELECT `friendid` FROM `think_user` WHERE `id` = 59 LIMIT 1   [ RunTime:0.0000s ]
SQL: UPDATE `think_user` SET `friendid`='80@' WHERE `id` = 59 [ RunTime:0.0000s ]
INFO: [ app_end ] --START--
INFO: Run Behavior\ShowPageTraceBehavior [ RunTime:0.002000s ]
INFO: [ app_end ] --END-- [ RunTime:0.002000s ]

[ 2016-07-07T12:39:09+08:00 ] 172.16.5.136 /thinkphp/index.php/Home/Home/sessionfriend
INFO: [ app_begin ] --START--
INFO: Run Behavior\ReadHtmlCacheBehavior [ RunTime:0.001000s ]
INFO: [ app_begin ] --END-- [ RunTime:0.002000s ]
INFO: [ app_end ] --START--
INFO: Run Behavior\ShowPageTraceBehavior [ RunTime:0.000000s ]
INFO: [ app_end ] --END-- [ RunTime:0.000000s ]

[ 2016-07-07T12:39:11+08:00 ] ::1 /thinkphp/index.php/Home/Home/readmsg
INFO: [ app_begin ] --START--
INFO: Run Behavior\ReadHtmlCacheBehavior [ RunTime:0.001000s ]
INFO: [ app_begin ] --END-- [ RunTime:0.001000s ]
INFO: [ app_end ] --START--
INFO: Run Behavior\ShowPageTraceBehavior [ RunTime:0.001000s ]
INFO: [ app_end ] --END-- [ RunTime:0.001000s ]

[ 2016-07-07T12:39:11+08:00 ] 172.16.5.136 /thinkphp/index.php/Home/Home/addfriend
INFO: [ app_begin ] --START--
INFO: Run Behavior\ReadHtmlCacheBehavior [ RunTime:0.001000s ]
INFO: [ app_begin ] --END-- [ RunTime:0.002000s ]
SQL: SHOW COLUMNS FROM `think_user` [ RunTime:0.0050s ]
SQL: SELECT `friendid` FROM `think_user` WHERE `id` = 80 LIMIT 1   [ RunTime:0.0010s ]
SQL: UPDATE `think_user` SET `friendid`='59@' WHERE `id` = 80 [ RunTime:0.0010s ]
INFO: [ app_end ] --START--
INFO: Run Behavior\ShowPageTraceBehavior [ RunTime:0.001000s ]
INFO: [ app_end ] --END-- [ RunTime:0.001000s ]

[ 2016-07-07T12:39:48+08:00 ] 172.16.5.131 /thinkphp/index.php/Home/Home/explevel
INFO: [ app_begin ] --START--
INFO: Run Behavior\ReadHtmlCacheBehavior [ RunTime:0.002001s ]
INFO: [ app_begin ] --END-- [ RunTime:0.002001s ]
SQL: SHOW COLUMNS FROM `think_user` [ RunTime:0.0050s ]
SQL: SELECT * FROM `think_user` WHERE ( id=79 ) LIMIT 1   [ RunTime:0.0010s ]
SQL: UPDATE `think_user` SET `time`='1467866388',`exp`='2',`num`='1',`judge`='2' WHERE ( id=79 ) [ RunTime:0.0000s ]
INFO: [ app_end ] --START--
INFO: Run Behavior\ShowPageTraceBehavior [ RunTime:0.002000s ]
INFO: [ app_end ] --END-- [ RunTime:0.002000s ]

[ 2016-07-07T12:39:51+08:00 ] 172.16.5.131 /thinkphp/index.php/Home/Home/addfriend
INFO: [ app_begin ] --START--
INFO: Run Behavior\ReadHtmlCacheBehavior [ RunTime:0.001000s ]
INFO: [ app_begin ] --END-- [ RunTime:0.002000s ]
SQL: SHOW COLUMNS FROM `think_user` [ RunTime:0.0050s ]
SQL: SELECT `friendid` FROM `think_user` WHERE `id` = 79 LIMIT 1   [ RunTime:0.0010s ]
SQL: UPDATE `think_user` SET `friendid`='59@80@' WHERE `id` = 79 [ RunTime:0.0010s ]
INFO: [ app_end ] --START--
INFO: Run Behavior\ShowPageTraceBehavior [ RunTime:0.001000s ]
INFO: [ app_end ] --END-- [ RunTime:0.001000s ]

[ 2016-07-07T12:39:56+08:00 ] 172.16.5.136 /thinkphp/index.php/Home/Home/addfriend
INFO: [ app_begin ] --START--
INFO: Run Behavior\ReadHtmlCacheBehavior [ RunTime:0.001000s ]
INFO: [ app_begin ] --END-- [ RunTime:0.002000s ]
SQL: SHOW COLUMNS FROM `think_user` [ RunTime:0.0050s ]
SQL: SELECT `friendid` FROM `think_user` WHERE `id` = 80 LIMIT 1   [ RunTime:0.0000s ]
SQL: UPDATE `think_user` SET `friendid`='59@79@' WHERE `id` = 80 [ RunTime:0.0010s ]
INFO: [ app_end ] --START--
INFO: Run Behavior\ShowPageTraceBehavior [ RunTime:0.001000s ]
INFO: [ app_end ] --END-- [ RunTime:0.001000s ]

[ 2016-07-07T12:40:11+08:00 ] 172.16.5.136 /thinkphp/index.php/Home/Home/sendmsg
INFO: [ app_begin ] --START--
INFO: Run Behavior\ReadHtmlCacheBehavior [ RunTime:0.002000s ]
INFO: [ app_begin ] --END-- [ RunTime:0.003000s ]
SQL: SHOW COLUMNS FROM `think_message` [ RunTime:0.0060s ]
SQL: INSERT INTO `think_message` (`sendername`,`recipientid`,`senderid`,`content`,`addtime`) VALUES ('胖子','79','80','傻逼你在干什么？','2016-07-07 12:40:10') [ RunTime:0.0000s ]
INFO: [ app_end ] --START--
INFO: Run Behavior\ShowPageTraceBehavior [ RunTime:0.002000s ]
INFO: [ app_end ] --END-- [ RunTime:0.002000s ]

[ 2016-07-07T12:42:08+08:00 ] 172.16.5.136 /thinkphp/index.php/Home/Home/sessionfriend
INFO: [ app_begin ] --START--
INFO: Run Behavior\ReadHtmlCacheBehavior [ RunTime:0.001000s ]
INFO: [ app_begin ] --END-- [ RunTime:0.002000s ]
INFO: [ app_end ] --START--
INFO: Run Behavior\ShowPageTraceBehavior [ RunTime:0.001000s ]
INFO: [ app_end ] --END-- [ RunTime:0.001000s ]

[ 2016-07-07T12:45:04+08:00 ] 172.16.5.136 /thinkphp/index.php/Home/Home/sendmsg
INFO: [ app_begin ] --START--
INFO: Run Behavior\ReadHtmlCacheBehavior [ RunTime:0.001000s ]
INFO: [ app_begin ] --END-- [ RunTime:0.002000s ]
SQL: SHOW COLUMNS FROM `think_message` [ RunTime:0.0050s ]
SQL: INSERT INTO `think_message` (`sendername`,`recipientid`,`senderid`,`content`,`addtime`) VALUES ('胖子','79','80','叫一声佛祖回头无岸','2016-07-07 12:45:03') [ RunTime:0.0010s ]
INFO: [ app_end ] --START--
INFO: Run Behavior\ShowPageTraceBehavior [ RunTime:0.001000s ]
INFO: [ app_end ] --END-- [ RunTime:0.001000s ]

[ 2016-07-07T12:45:08+08:00 ] ::1 /thinkphp/index.php/Home/Home/addfriend
INFO: [ app_begin ] --START--
INFO: Run Behavior\ReadHtmlCacheBehavior [ RunTime:0.000000s ]
INFO: [ app_begin ] --END-- [ RunTime:0.001000s ]
SQL: SHOW COLUMNS FROM `think_user` [ RunTime:0.0060s ]
SQL: SELECT `friendid` FROM `think_user` WHERE `id` = 59 LIMIT 1   [ RunTime:0.0000s ]
SQL: UPDATE `think_user` SET `friendid`='80@79@' WHERE `id` = 59 [ RunTime:0.0000s ]
INFO: [ app_end ] --START--
INFO: Run Behavior\ShowPageTraceBehavior [ RunTime:0.001000s ]
INFO: [ app_end ] --END-- [ RunTime:0.001000s ]

[ 2016-07-07T12:45:27+08:00 ] 172.16.5.136 /thinkphp/index.php/Home/Home/sendmsg
INFO: [ app_begin ] --START--
INFO: Run Behavior\ReadHtmlCacheBehavior [ RunTime:0.001000s ]
INFO: [ app_begin ] --END-- [ RunTime:0.001000s ]
SQL: SHOW COLUMNS FROM `think_message` [ RunTime:0.0050s ]
SQL: INSERT INTO `think_message` (`sendername`,`recipientid`,`senderid`,`content`,`addtime`) VALUES ('胖子','59','80','跪一人为师生死无关','2016-07-07 12:45:26') [ RunTime:0.0010s ]
INFO: [ app_end ] --START--
INFO: Run Behavior\ShowPageTraceBehavior [ RunTime:0.001000s ]
INFO: [ app_end ] --END-- [ RunTime:0.002000s ]

[ 2016-07-07T12:49:10+08:00 ] 172.16.5.131 /thinkphp/index.php/Home/Home/readmsg
INFO: [ app_begin ] --START--
INFO: Run Behavior\ReadHtmlCacheBehavior [ RunTime:0.001001s ]
INFO: [ app_begin ] --END-- [ RunTime:0.001001s ]
SQL: SHOW COLUMNS FROM `think_message` [ RunTime:0.0050s ]
SQL: UPDATE `think_message` SET `status`='2' WHERE `recipientid` = 79 [ RunTime:0.0010s ]

[ 2016-07-07T12:49:11+08:00 ] 172.16.5.131 /thinkphp/index.php/Home/Home/homepage.html
INFO: [ app_begin ] --START--
INFO: Run Behavior\ReadHtmlCacheBehavior [ RunTime:0.001000s ]
INFO: [ app_begin ] --END-- [ RunTime:0.001000s ]
SQL: SHOW COLUMNS FROM `think_user` [ RunTime:0.0050s ]
SQL: SELECT * FROM `think_user` WHERE ( id=79 ) LIMIT 1   [ RunTime:0.0010s ]
SQL: SHOW COLUMNS FROM `think_vip` [ RunTime:0.0050s ]
SQL: SELECT * FROM `think_vip` WHERE `uid` = 79 LIMIT 1   [ RunTime:0.0000s ]
SQL: SELECT `status`,`headphoto` FROM `think_user` WHERE ( id=79 ) LIMIT 1   [ RunTime:0.0000s ]
SQL: SELECT `friendid` FROM `think_user` WHERE ( id=79 ) LIMIT 1   [ RunTime:0.0010s ]
SQL: SELECT `id`,`headphoto`,`name` FROM `think_user` WHERE ( id=59 ) LIMIT 1   [ RunTime:0.0000s ]
SQL: SELECT `id`,`headphoto`,`name` FROM `think_user` WHERE ( id=80 ) LIMIT 1   [ RunTime:0.0010s ]
SQL: SHOW COLUMNS FROM `think_mood` [ RunTime:0.0060s ]
SQL: SELECT * FROM `think_mood` WHERE ( uid=59 )  [ RunTime:0.0010s ]
SQL: SELECT * FROM `think_mood` WHERE ( uid=80 )  [ RunTime:0.0010s ]
SQL: SELECT `visitid` FROM `think_user` WHERE ( id=79 ) LIMIT 1   [ RunTime:0.0010s ]
SQL: SELECT `name`,`headphoto` FROM `think_user` WHERE ( id=80 ) LIMIT 1   [ RunTime:0.0000s ]
SQL: SHOW COLUMNS FROM `think_message` [ RunTime:0.0050s ]
SQL: SELECT `status`,`senderid`,`content`,`sendername`,`addtime` FROM `think_message` WHERE ( recipientid=79 )  [ RunTime:0.0000s ]
NOTIC: [8] Undefined variable: msgstatus D:\WWW\thinkphp\Application\Home\Controller\HomeController.class.php 第 83 行.
SQL: SHOW COLUMNS FROM `think_newcategory` [ RunTime:0.0030s ]
SQL: SELECT * FROM `think_newcategory` WHERE ( pid=1 )  [ RunTime:0.0000s ]
SQL: SELECT * FROM `think_newcategory` WHERE ( pid=2 )  [ RunTime:0.0000s ]
SQL: SELECT * FROM `think_newcategory` WHERE ( pid=3 )  [ RunTime:0.0000s ]
SQL: SHOW COLUMNS FROM `think_news` [ RunTime:0.0020s ]
SQL: SELECT * FROM `think_news`  [ RunTime:0.0000s ]
SQL: SHOW COLUMNS FROM `think_album` [ RunTime:0.0040s ]
SQL: SELECT `id`,`name` FROM `think_album` WHERE ( uid=79 )  [ RunTime:0.0000s ]
SQL: SHOW COLUMNS FROM `think_advert` [ RunTime:0.0030s ]
SQL: SELECT * FROM `think_advert` WHERE ( id=1 ) LIMIT 1   [ RunTime:0.0000s ]
SQL: SHOW COLUMNS FROM `think_comment` [ RunTime:0.0030s ]
SQL: SELECT * FROM `think_comment` INNER JOIN think_user ON think_comment.comment_uid = think_user.id   [ RunTime:0.0000s ]
INFO: [ view_parse ] --START--
INFO: [ template_filter ] --START--
INFO: Run Behavior\ContentReplaceBehavior [ RunTime:0.000000s ]
INFO: [ template_filter ] --END-- [ RunTime:0.000000s ]
NOTIC: [8] Undefined variable: arr081 D:\WWW\thinkphp\Application\Runtime\Cache\Home\0e8c4936e5fb949dee994f6c001596ea.php 第 309 行.
NOTIC: [8] Undefined index: addtime D:\WWW\thinkphp\Application\Runtime\Cache\Home\0e8c4936e5fb949dee994f6c001596ea.php 第 338 行.
NOTIC: [8] Undefined variable: arr11 D:\WWW\thinkphp\Application\Runtime\Cache\Home\0e8c4936e5fb949dee994f6c001596ea.php 第 347 行.
INFO: Run Behavior\ParseTemplateBehavior [ RunTime:0.028002s ]
INFO: [ view_parse ] --END-- [ RunTime:0.028002s ]
INFO: [ view_filter ] --START--
INFO: Run Behavior\WriteHtmlCacheBehavior [ RunTime:0.000000s ]
INFO: [ view_filter ] --END-- [ RunTime:0.000000s ]
INFO: [ app_end ] --START--
INFO: Run Behavior\ShowPageTraceBehavior [ RunTime:0.001000s ]
INFO: [ app_end ] --END-- [ RunTime:0.001000s ]

[ 2016-07-07T12:50:11+08:00 ] 172.16.5.131 /thinkphp/index.php/Home/Home/readmsg
INFO: [ app_begin ] --START--
INFO: Run Behavior\ReadHtmlCacheBehavior [ RunTime:0.000000s ]
INFO: [ app_begin ] --END-- [ RunTime:0.001000s ]
SQL: SHOW COLUMNS FROM `think_message` [ RunTime:0.0050s ]
SQL: UPDATE `think_message` SET `status`='2' WHERE `recipientid` = 79 [ RunTime:0.0000s ]

[ 2016-07-07T12:50:12+08:00 ] 172.16.5.131 /thinkphp/index.php/Home/Home/homepage.html
INFO: [ app_begin ] --START--
INFO: Run Behavior\ReadHtmlCacheBehavior [ RunTime:0.001000s ]
INFO: [ app_begin ] --END-- [ RunTime:0.001000s ]
SQL: SHOW COLUMNS FROM `think_user` [ RunTime:0.0070s ]
SQL: SELECT * FROM `think_user` WHERE ( id=79 ) LIMIT 1   [ RunTime:0.0010s ]
SQL: SHOW COLUMNS FROM `think_vip` [ RunTime:0.0060s ]
SQL: SELECT * FROM `think_vip` WHERE `uid` = 79 LIMIT 1   [ RunTime:0.0010s ]
SQL: SELECT `status`,`headphoto` FROM `think_user` WHERE ( id=79 ) LIMIT 1   [ RunTime:0.0010s ]
SQL: SELECT `friendid` FROM `think_user` WHERE ( id=79 ) LIMIT 1   [ RunTime:0.0000s ]
SQL: SELECT `id`,`headphoto`,`name` FROM `think_user` WHERE ( id=59 ) LIMIT 1   [ RunTime:0.0000s ]
SQL: SELECT `id`,`headphoto`,`name` FROM `think_user` WHERE ( id=80 ) LIMIT 1   [ RunTime:0.0000s ]
SQL: SHOW COLUMNS FROM `think_mood` [ RunTime:0.0060s ]
SQL: SELECT * FROM `think_mood` WHERE ( uid=59 )  [ RunTime:0.0000s ]
SQL: SELECT * FROM `think_mood` WHERE ( uid=80 )  [ RunTime:0.0000s ]
SQL: SELECT `visitid` FROM `think_user` WHERE ( id=79 ) LIMIT 1   [ RunTime:0.0010s ]
SQL: SELECT `name`,`headphoto` FROM `think_user` WHERE ( id=80 ) LIMIT 1   [ RunTime:0.0010s ]
SQL: SHOW COLUMNS FROM `think_message` [ RunTime:0.0040s ]
SQL: SELECT `status`,`senderid`,`content`,`sendername`,`addtime` FROM `think_message` WHERE ( recipientid=79 )  [ RunTime:0.0010s ]
NOTIC: [8] Undefined variable: msgstatus D:\WWW\thinkphp\Application\Home\Controller\HomeController.class.php 第 83 行.
SQL: SHOW COLUMNS FROM `think_newcategory` [ RunTime:0.0020s ]
SQL: SELECT * FROM `think_newcategory` WHERE ( pid=1 )  [ RunTime:0.0000s ]
SQL: SELECT * FROM `think_newcategory` WHERE ( pid=2 )  [ RunTime:0.0000s ]
SQL: SELECT * FROM `think_newcategory` WHERE ( pid=3 )  [ RunTime:0.0000s ]
SQL: SHOW COLUMNS FROM `think_news` [ RunTime:0.0050s ]
SQL: SELECT * FROM `think_news`  [ RunTime:0.0000s ]
SQL: SHOW COLUMNS FROM `think_album` [ RunTime:0.0030s ]
SQL: SELECT `id`,`name` FROM `think_album` WHERE ( uid=79 )  [ RunTime:0.0000s ]
SQL: SHOW COLUMNS FROM `think_advert` [ RunTime:0.0020s ]
SQL: SELECT * FROM `think_advert` WHERE ( id=1 ) LIMIT 1   [ RunTime:0.0000s ]
SQL: SHOW COLUMNS FROM `think_comment` [ RunTime:0.0030s ]
SQL: SELECT * FROM `think_comment` INNER JOIN think_user ON think_comment.comment_uid = think_user.id   [ RunTime:0.0010s ]
INFO: [ view_parse ] --START--
INFO: [ template_filter ] --START--
INFO: Run Behavior\ContentReplaceBehavior [ RunTime:0.001000s ]
INFO: [ template_filter ] --END-- [ RunTime:0.001000s ]
NOTIC: [8] Undefined variable: arr081 D:\WWW\thinkphp\Application\Runtime\Cache\Home\0e8c4936e5fb949dee994f6c001596ea.php 第 309 行.
NOTIC: [8] Undefined index: addtime D:\WWW\thinkphp\Application\Runtime\Cache\Home\0e8c4936e5fb949dee994f6c001596ea.php 第 338 行.
NOTIC: [8] Undefined variable: arr11 D:\WWW\thinkphp\Application\Runtime\Cache\Home\0e8c4936e5fb949dee994f6c001596ea.php 第 347 行.
INFO: Run Behavior\ParseTemplateBehavior [ RunTime:0.027001s ]
INFO: [ view_parse ] --END-- [ RunTime:0.027001s ]
INFO: [ view_filter ] --START--
INFO: Run Behavior\WriteHtmlCacheBehavior [ RunTime:0.000000s ]
INFO: [ view_filter ] --END-- [ RunTime:0.000000s ]
INFO: [ app_end ] --START--
INFO: Run Behavior\ShowPageTraceBehavior [ RunTime:0.001000s ]
INFO: [ app_end ] --END-- [ RunTime:0.001000s ]

[ 2016-07-07T12:51:22+08:00 ] 172.16.5.136 /thinkphp/index.php/Home/Home/sessionfriend
INFO: [ app_begin ] --START--
INFO: Run Behavior\ReadHtmlCacheBehavior [ RunTime:0.001000s ]
INFO: [ app_begin ] --END-- [ RunTime:0.002000s ]
INFO: [ app_end ] --START--
INFO: Run Behavior\ShowPageTraceBehavior [ RunTime:0.001000s ]
INFO: [ app_end ] --END-- [ RunTime:0.001000s ]

[ 2016-07-07T12:52:17+08:00 ] 172.16.5.136 /thinkphp/index.php/Home/Home/sendmsg
INFO: [ app_begin ] --START--
INFO: Run Behavior\ReadHtmlCacheBehavior [ RunTime:0.001000s ]
INFO: [ app_begin ] --END-- [ RunTime:0.002000s ]
SQL: SHOW COLUMNS FROM `think_message` [ RunTime:0.0040s ]
SQL: INSERT INTO `think_message` (`sendername`,`recipientid`,`senderid`,`content`,`addtime`) VALUES ('胖子','79','80','go to other home','2016-07-07 12:52:16') [ RunTime:0.0000s ]
INFO: [ app_end ] --START--
INFO: Run Behavior\ShowPageTraceBehavior [ RunTime:0.001000s ]
INFO: [ app_end ] --END-- [ RunTime:0.001000s ]

[ 2016-07-07T12:52:40+08:00 ] 172.16.5.131 /thinkphp/index.php/Home/Home/readmsg
INFO: [ app_begin ] --START--
INFO: Run Behavior\ReadHtmlCacheBehavior [ RunTime:0.002000s ]
INFO: [ app_begin ] --END-- [ RunTime:0.003000s ]
SQL: SHOW COLUMNS FROM `think_message` [ RunTime:0.0050s ]
SQL: UPDATE `think_message` SET `status`='2' WHERE `recipientid` = 79 [ RunTime:0.0010s ]

[ 2016-07-07T12:52:41+08:00 ] 172.16.5.131 /thinkphp/index.php/Home/Home/homepage.html
INFO: [ app_begin ] --START--
INFO: Run Behavior\ReadHtmlCacheBehavior [ RunTime:0.001000s ]
INFO: [ app_begin ] --END-- [ RunTime:0.001000s ]
SQL: SHOW COLUMNS FROM `think_user` [ RunTime:0.0050s ]
SQL: SELECT * FROM `think_user` WHERE ( id=79 ) LIMIT 1   [ RunTime:0.0010s ]
SQL: SHOW COLUMNS FROM `think_vip` [ RunTime:0.0050s ]
SQL: SELECT * FROM `think_vip` WHERE `uid` = 79 LIMIT 1   [ RunTime:0.0000s ]
SQL: SELECT `status`,`headphoto` FROM `think_user` WHERE ( id=79 ) LIMIT 1   [ RunTime:0.0000s ]
SQL: SELECT `friendid` FROM `think_user` WHERE ( id=79 ) LIMIT 1   [ RunTime:0.0010s ]
SQL: SELECT `id`,`headphoto`,`name` FROM `think_user` WHERE ( id=59 ) LIMIT 1   [ RunTime:0.0000s ]
SQL: SELECT `id`,`headphoto`,`name` FROM `think_user` WHERE ( id=80 ) LIMIT 1   [ RunTime:0.0000s ]
SQL: SHOW COLUMNS FROM `think_mood` [ RunTime:0.0060s ]
SQL: SELECT * FROM `think_mood` WHERE ( uid=59 )  [ RunTime:0.0010s ]
SQL: SELECT * FROM `think_mood` WHERE ( uid=80 )  [ RunTime:0.0010s ]
SQL: SELECT `visitid` FROM `think_user` WHERE ( id=79 ) LIMIT 1   [ RunTime:0.0000s ]
SQL: SELECT `name`,`headphoto` FROM `think_user` WHERE ( id=80 ) LIMIT 1   [ RunTime:0.0000s ]
SQL: SHOW COLUMNS FROM `think_message` [ RunTime:0.0050s ]
SQL: SELECT `status`,`senderid`,`content`,`sendername`,`addtime` FROM `think_message` WHERE ( recipientid=79 )  [ RunTime:0.0010s ]
NOTIC: [8] Undefined variable: msgstatus D:\WWW\thinkphp\Application\Home\Controller\HomeController.class.php 第 83 行.
SQL: SHOW COLUMNS FROM `think_newcategory` [ RunTime:0.0050s ]
SQL: SELECT * FROM `think_newcategory` WHERE ( pid=1 )  [ RunTime:0.0000s ]
SQL: SELECT * FROM `think_newcategory` WHERE ( pid=2 )  [ RunTime:0.0010s ]
SQL: SELECT * FROM `think_newcategory` WHERE ( pid=3 )  [ RunTime:0.0010s ]
SQL: SHOW COLUMNS FROM `think_news` [ RunTime:0.0060s ]
SQL: SELECT * FROM `think_news`  [ RunTime:0.0000s ]
SQL: SHOW COLUMNS FROM `think_album` [ RunTime:0.0020s ]
SQL: SELECT `id`,`name` FROM `think_album` WHERE ( uid=79 )  [ RunTime:0.0010s ]
SQL: SHOW COLUMNS FROM `think_advert` [ RunTime:0.0030s ]
SQL: SELECT * FROM `think_advert` WHERE ( id=1 ) LIMIT 1   [ RunTime:0.0010s ]
SQL: SHOW COLUMNS FROM `think_comment` [ RunTime:0.0020s ]
SQL: SELECT * FROM `think_comment` INNER JOIN think_user ON think_comment.comment_uid = think_user.id   [ RunTime:0.0010s ]
INFO: [ view_parse ] --START--
INFO: [ template_filter ] --START--
INFO: Run Behavior\ContentReplaceBehavior [ RunTime:0.000000s ]
INFO: [ template_filter ] --END-- [ RunTime:0.000000s ]
NOTIC: [8] Undefined variable: arr081 D:\WWW\thinkphp\Application\Runtime\Cache\Home\0e8c4936e5fb949dee994f6c001596ea.php 第 309 行.
NOTIC: [8] Undefined index: addtime D:\WWW\thinkphp\Application\Runtime\Cache\Home\0e8c4936e5fb949dee994f6c001596ea.php 第 338 行.
NOTIC: [8] Undefined variable: arr11 D:\WWW\thinkphp\Application\Runtime\Cache\Home\0e8c4936e5fb949dee994f6c001596ea.php 第 347 行.
INFO: Run Behavior\ParseTemplateBehavior [ RunTime:0.029002s ]
INFO: [ view_parse ] --END-- [ RunTime:0.029002s ]
INFO: [ view_filter ] --START--
INFO: Run Behavior\WriteHtmlCacheBehavior [ RunTime:0.001000s ]
INFO: [ view_filter ] --END-- [ RunTime:0.001000s ]
INFO: [ app_end ] --START--
INFO: Run Behavior\ShowPageTraceBehavior [ RunTime:0.001000s ]
INFO: [ app_end ] --END-- [ RunTime:0.001000s ]

[ 2016-07-07T12:52:57+08:00 ] 172.16.5.131 /thinkphp/index.php/Home/Home/sendmsg
INFO: [ app_begin ] --START--
INFO: Run Behavior\ReadHtmlCacheBehavior [ RunTime:0.001000s ]
INFO: [ app_begin ] --END-- [ RunTime:0.002000s ]
SQL: SHOW COLUMNS FROM `think_message` [ RunTime:0.0050s ]
SQL: INSERT INTO `think_message` (`sendername`,`recipientid`,`senderid`,`content`,`addtime`) VALUES ('舜科','80','79','go die!!!','2016-07-07 12:52:56') [ RunTime:0.0010s ]
INFO: [ app_end ] --START--
INFO: Run Behavior\ShowPageTraceBehavior [ RunTime:0.001000s ]
INFO: [ app_end ] --END-- [ RunTime:0.001000s ]

[ 2016-07-07T12:53:07+08:00 ] 172.16.5.131 /thinkphp/index.php/Home/Home/readmsg
INFO: [ app_begin ] --START--
INFO: Run Behavior\ReadHtmlCacheBehavior [ RunTime:0.001000s ]
INFO: [ app_begin ] --END-- [ RunTime:0.002000s ]
INFO: [ app_end ] --START--
INFO: Run Behavior\ShowPageTraceBehavior [ RunTime:0.001000s ]
INFO: [ app_end ] --END-- [ RunTime:0.001000s ]

[ 2016-07-07T12:53:17+08:00 ] 172.16.5.131 /thinkphp/index.php/Home/Home/sessionfriend
INFO: [ app_begin ] --START--
INFO: Run Behavior\ReadHtmlCacheBehavior [ RunTime:0.001000s ]
INFO: [ app_begin ] --END-- [ RunTime:0.001000s ]
INFO: [ app_end ] --START--
INFO: Run Behavior\ShowPageTraceBehavior [ RunTime:0.001000s ]
INFO: [ app_end ] --END-- [ RunTime:0.002000s ]

[ 2016-07-07T12:54:33+08:00 ] 172.16.5.136 /thinkphp/index.php/Home/Home/readmsg
INFO: [ app_begin ] --START--
INFO: Run Behavior\ReadHtmlCacheBehavior [ RunTime:0.001000s ]
INFO: [ app_begin ] --END-- [ RunTime:0.002000s ]
SQL: SHOW COLUMNS FROM `think_message` [ RunTime:0.0040s ]
SQL: UPDATE `think_message` SET `status`='2' WHERE `recipientid` = 80 [ RunTime:0.0000s ]

[ 2016-07-07T12:54:34+08:00 ] 172.16.5.136 /thinkphp/index.php/Home/Home/homepage.html
INFO: [ app_begin ] --START--
INFO: Run Behavior\ReadHtmlCacheBehavior [ RunTime:0.000000s ]
INFO: [ app_begin ] --END-- [ RunTime:0.001000s ]
SQL: SHOW COLUMNS FROM `think_user` [ RunTime:0.0060s ]
SQL: SELECT * FROM `think_user` WHERE ( id=80 ) LIMIT 1   [ RunTime:0.0010s ]
SQL: UPDATE `think_user` SET `num`='0' WHERE ( id=80 ) [ RunTime:0.0000s ]
SQL: SHOW COLUMNS FROM `think_vip` [ RunTime:0.0040s ]
SQL: SELECT * FROM `think_vip` WHERE `uid` = 80 LIMIT 1   [ RunTime:0.0000s ]
SQL: SELECT `status`,`headphoto` FROM `think_user` WHERE ( id=80 ) LIMIT 1   [ RunTime:0.0000s ]
SQL: SELECT `friendid` FROM `think_user` WHERE ( id=80 ) LIMIT 1   [ RunTime:0.0010s ]
SQL: SELECT `id`,`headphoto`,`name` FROM `think_user` WHERE ( id=59 ) LIMIT 1   [ RunTime:0.0000s ]
SQL: SELECT `id`,`headphoto`,`name` FROM `think_user` WHERE ( id=79 ) LIMIT 1   [ RunTime:0.0000s ]
SQL: SHOW COLUMNS FROM `think_mood` [ RunTime:0.0040s ]
SQL: SELECT * FROM `think_mood` WHERE ( uid=59 )  [ RunTime:0.0000s ]
SQL: SELECT * FROM `think_mood` WHERE ( uid=79 )  [ RunTime:0.0000s ]
NOTIC: [8] Undefined variable: fmod D:\WWW\thinkphp\Application\Home\Controller\HomeController.class.php 第 55 行.
NOTIC: [2] Invalid argument supplied for foreach() D:\WWW\thinkphp\Application\Home\Controller\HomeController.class.php 第 55 行.
NOTIC: [2] array_multisort() [<a href='function.array-multisort'>function.array-multisort</a>]: Argument #1 is expected to be an array or a sort flag D:\WWW\thinkphp\Application\Home\Controller\HomeController.class.php 第 61 行.
SQL: SELECT `visitid` FROM `think_user` WHERE ( id=80 ) LIMIT 1   [ RunTime:0.0010s ]
SQL: SHOW COLUMNS FROM `think_message` [ RunTime:0.0050s ]
SQL: SELECT `status`,`senderid`,`content`,`sendername`,`addtime` FROM `think_message` WHERE ( recipientid=80 )  [ RunTime:0.0000s ]
NOTIC: [8] Undefined variable: msgstatus D:\WWW\thinkphp\Application\Home\Controller\HomeController.class.php 第 83 行.
SQL: SHOW COLUMNS FROM `think_newcategory` [ RunTime:0.0030s ]
SQL: SELECT * FROM `think_newcategory` WHERE ( pid=1 )  [ RunTime:0.0010s ]
SQL: SELECT * FROM `think_newcategory` WHERE ( pid=2 )  [ RunTime:0.0000s ]
SQL: SELECT * FROM `think_newcategory` WHERE ( pid=3 )  [ RunTime:0.0010s ]
SQL: SHOW COLUMNS FROM `think_news` [ RunTime:0.0030s ]
SQL: SELECT * FROM `think_news`  [ RunTime:0.0000s ]
SQL: SHOW COLUMNS FROM `think_album` [ RunTime:0.0030s ]
SQL: SELECT `id`,`name` FROM `think_album` WHERE ( uid=80 )  [ RunTime:0.0000s ]
SQL: SHOW COLUMNS FROM `think_advert` [ RunTime:0.0030s ]
SQL: SELECT * FROM `think_advert` WHERE ( id=1 ) LIMIT 1   [ RunTime:0.0010s ]
SQL: SHOW COLUMNS FROM `think_comment` [ RunTime:0.0030s ]
SQL: SELECT * FROM `think_comment` INNER JOIN think_user ON think_comment.comment_uid = think_user.id   [ RunTime:0.0010s ]
INFO: [ view_parse ] --START--
INFO: [ template_filter ] --START--
INFO: Run Behavior\ContentReplaceBehavior [ RunTime:0.000000s ]
INFO: [ template_filter ] --END-- [ RunTime:0.000000s ]
NOTIC: [8] Undefined variable: arr081 D:\WWW\thinkphp\Application\Runtime\Cache\Home\0e8c4936e5fb949dee994f6c001596ea.php 第 309 行.
NOTIC: [8] Undefined index: addtime D:\WWW\thinkphp\Application\Runtime\Cache\Home\0e8c4936e5fb949dee994f6c001596ea.php 第 338 行.
NOTIC: [8] Undefined variable: arr11 D:\WWW\thinkphp\Application\Runtime\Cache\Home\0e8c4936e5fb949dee994f6c001596ea.php 第 347 行.
INFO: Run Behavior\ParseTemplateBehavior [ RunTime:0.029002s ]
INFO: [ view_parse ] --END-- [ RunTime:0.029002s ]
INFO: [ view_filter ] --START--
INFO: Run Behavior\WriteHtmlCacheBehavior [ RunTime:0.001000s ]
INFO: [ view_filter ] --END-- [ RunTime:0.001000s ]
INFO: [ app_end ] --START--
INFO: Run Behavior\ShowPageTraceBehavior [ RunTime:0.001000s ]
INFO: [ app_end ] --END-- [ RunTime:0.001000s ]

[ 2016-07-07T12:55:44+08:00 ] 172.16.5.136 /thinkphp/index.php/Home/Home/readmsg
INFO: [ app_begin ] --START--
INFO: Run Behavior\ReadHtmlCacheBehavior [ RunTime:0.001000s ]
INFO: [ app_begin ] --END-- [ RunTime:0.001000s ]
SQL: SHOW COLUMNS FROM `think_message` [ RunTime:0.0040s ]
SQL: UPDATE `think_message` SET `status`='2' WHERE `recipientid` = 80 [ RunTime:0.0010s ]

[ 2016-07-07T12:55:45+08:00 ] 172.16.5.136 /thinkphp/index.php/Home/Home/homepage.html
INFO: [ app_begin ] --START--
INFO: Run Behavior\ReadHtmlCacheBehavior [ RunTime:0.001000s ]
INFO: [ app_begin ] --END-- [ RunTime:0.001000s ]
SQL: SHOW COLUMNS FROM `think_user` [ RunTime:0.0040s ]
SQL: SELECT * FROM `think_user` WHERE ( id=80 ) LIMIT 1   [ RunTime:0.0010s ]
SQL: UPDATE `think_user` SET `num`='0' WHERE ( id=80 ) [ RunTime:0.0000s ]
SQL: SHOW COLUMNS FROM `think_vip` [ RunTime:0.0030s ]
SQL: SELECT * FROM `think_vip` WHERE `uid` = 80 LIMIT 1   [ RunTime:0.0010s ]
SQL: SELECT `status`,`headphoto` FROM `think_user` WHERE ( id=80 ) LIMIT 1   [ RunTime:0.0000s ]
SQL: SELECT `friendid` FROM `think_user` WHERE ( id=80 ) LIMIT 1   [ RunTime:0.0000s ]
SQL: SELECT `id`,`headphoto`,`name` FROM `think_user` WHERE ( id=59 ) LIMIT 1   [ RunTime:0.0010s ]
SQL: SELECT `id`,`headphoto`,`name` FROM `think_user` WHERE ( id=79 ) LIMIT 1   [ RunTime:0.0000s ]
SQL: SHOW COLUMNS FROM `think_mood` [ RunTime:0.0030s ]
SQL: SELECT * FROM `think_mood` WHERE ( uid=59 )  [ RunTime:0.0010s ]
SQL: SELECT * FROM `think_mood` WHERE ( uid=79 )  [ RunTime:0.0000s ]
SQL: SELECT `visitid` FROM `think_user` WHERE ( id=80 ) LIMIT 1   [ RunTime:0.0010s ]
SQL: SHOW COLUMNS FROM `think_message` [ RunTime:0.0020s ]
SQL: SELECT `status`,`senderid`,`content`,`sendername`,`addtime` FROM `think_message` WHERE ( recipientid=80 )  [ RunTime:0.0000s ]
NOTIC: [8] Undefined variable: msgstatus D:\WWW\thinkphp\Application\Home\Controller\HomeController.class.php 第 83 行.
SQL: SHOW COLUMNS FROM `think_newcategory` [ RunTime:0.0030s ]
SQL: SELECT * FROM `think_newcategory` WHERE ( pid=1 )  [ RunTime:0.0000s ]
SQL: SELECT * FROM `think_newcategory` WHERE ( pid=2 )  [ RunTime:0.0000s ]
SQL: SELECT * FROM `think_newcategory` WHERE ( pid=3 )  [ RunTime:0.0000s ]
SQL: SHOW COLUMNS FROM `think_news` [ RunTime:0.0030s ]
SQL: SELECT * FROM `think_news`  [ RunTime:0.0000s ]
SQL: SHOW COLUMNS FROM `think_album` [ RunTime:0.0030s ]
SQL: SELECT `id`,`name` FROM `think_album` WHERE ( uid=80 )  [ RunTime:0.0000s ]
SQL: SHOW COLUMNS FROM `think_advert` [ RunTime:0.0020s ]
SQL: SELECT * FROM `think_advert` WHERE ( id=1 ) LIMIT 1   [ RunTime:0.0010s ]
SQL: SHOW COLUMNS FROM `think_comment` [ RunTime:0.0020s ]
SQL: SELECT * FROM `think_comment` INNER JOIN think_user ON think_comment.comment_uid = think_user.id   [ RunTime:0.0010s ]
INFO: [ view_parse ] --START--
INFO: [ template_filter ] --START--
INFO: Run Behavior\ContentReplaceBehavior [ RunTime:0.000000s ]
INFO: [ template_filter ] --END-- [ RunTime:0.000000s ]
NOTIC: [8] Undefined variable: arr081 D:\WWW\thinkphp\Application\Runtime\Cache\Home\0e8c4936e5fb949dee994f6c001596ea.php 第 309 行.
NOTIC: [8] Undefined index: addtime D:\WWW\thinkphp\Application\Runtime\Cache\Home\0e8c4936e5fb949dee994f6c001596ea.php 第 338 行.
NOTIC: [8] Undefined variable: arr11 D:\WWW\thinkphp\Application\Runtime\Cache\Home\0e8c4936e5fb949dee994f6c001596ea.php 第 347 行.
INFO: Run Behavior\ParseTemplateBehavior [ RunTime:0.027001s ]
INFO: [ view_parse ] --END-- [ RunTime:0.027001s ]
INFO: [ view_filter ] --START--
INFO: Run Behavior\WriteHtmlCacheBehavior [ RunTime:0.001000s ]
INFO: [ view_filter ] --END-- [ RunTime:0.001000s ]
INFO: [ app_end ] --START--
INFO: Run Behavior\ShowPageTraceBehavior [ RunTime:0.001000s ]
INFO: [ app_end ] --END-- [ RunTime:0.001000s ]

[ 2016-07-07T12:55:58+08:00 ] 172.16.5.136 /thinkphp/index.php/Home/Home/sendmsg
INFO: [ app_begin ] --START--
INFO: Run Behavior\ReadHtmlCacheBehavior [ RunTime:0.001000s ]
INFO: [ app_begin ] --END-- [ RunTime:0.002000s ]
SQL: SHOW COLUMNS FROM `think_message` [ RunTime:0.0040s ]
SQL: INSERT INTO `think_message` (`sendername`,`recipientid`,`senderid`,`content`,`addtime`) VALUES ('胖子','79','80','you is SB','2016-07-07 12:55:57') [ RunTime:0.0000s ]
INFO: [ app_end ] --START--
INFO: Run Behavior\ShowPageTraceBehavior [ RunTime:0.001000s ]
INFO: [ app_end ] --END-- [ RunTime:0.002000s ]

[ 2016-07-07T13:39:53+08:00 ] 172.16.5.136 /thinkphp/index.php/Home/Home/sessionfriend
INFO: [ app_begin ] --START--
INFO: Run Behavior\ReadHtmlCacheBehavior [ RunTime:0.001000s ]
INFO: [ app_begin ] --END-- [ RunTime:0.001000s ]
INFO: [ app_end ] --START--
INFO: Run Behavior\ShowPageTraceBehavior [ RunTime:0.001000s ]
INFO: [ app_end ] --END-- [ RunTime:0.001000s ]

[ 2016-07-07T13:41:44+08:00 ] ::1 /thinkphp/index.php/Home/Home/sessionfriend
INFO: [ app_begin ] --START--
INFO: Run Behavior\ReadHtmlCacheBehavior [ RunTime:0.001000s ]
INFO: [ app_begin ] --END-- [ RunTime:0.001000s ]
INFO: [ app_end ] --START--
INFO: Run Behavior\ShowPageTraceBehavior [ RunTime:0.000000s ]
INFO: [ app_end ] --END-- [ RunTime:0.001000s ]

[ 2016-07-07T13:42:09+08:00 ] ::1 /thinkphp/index.php/Home/Index/registerAction
INFO: [ app_begin ] --START--
INFO: Run Behavior\ReadHtmlCacheBehavior [ RunTime:0.001000s ]
INFO: [ app_begin ] --END-- [ RunTime:0.001000s ]
SQL: SHOW COLUMNS FROM `think_user` [ RunTime:0.0050s ]
SQL: SELECT * FROM `think_user` WHERE `tel` = '18695930940'  [ RunTime:0.0000s ]
INFO: [ app_end ] --START--
INFO: Run Behavior\ShowPageTraceBehavior [ RunTime:0.001000s ]
INFO: [ app_end ] --END-- [ RunTime:0.002000s ]

[ 2016-07-07T13:42:11+08:00 ] ::1 /thinkphp/index.php/Home/Index/registerAction
INFO: [ app_begin ] --START--
INFO: Run Behavior\ReadHtmlCacheBehavior [ RunTime:0.000000s ]
INFO: [ app_begin ] --END-- [ RunTime:0.001001s ]
SQL: SHOW COLUMNS FROM `think_user` [ RunTime:0.0050s ]
SQL: SELECT * FROM `think_user` WHERE `tel` = '18695930940'  [ RunTime:0.0010s ]
INFO: [ app_end ] --START--
INFO: Run Behavior\ShowPageTraceBehavior [ RunTime:0.001000s ]
INFO: [ app_end ] --END-- [ RunTime:0.002000s ]

[ 2016-07-07T13:42:54+08:00 ] ::1 /thinkphp/index.php/Home/Index/registerAction
INFO: [ app_begin ] --START--
INFO: Run Behavior\ReadHtmlCacheBehavior [ RunTime:0.001000s ]
INFO: [ app_begin ] --END-- [ RunTime:0.002000s ]
SQL: SHOW COLUMNS FROM `think_user` [ RunTime:0.0060s ]
SQL: SELECT * FROM `think_user` WHERE `tel` = '18695930940'  [ RunTime:0.0010s ]
INFO: [ app_end ] --START--
INFO: Run Behavior\ShowPageTraceBehavior [ RunTime:0.001000s ]
INFO: [ app_end ] --END-- [ RunTime:0.001000s ]

[ 2016-07-07T13:43:01+08:00 ] ::1 /thinkphp/index.php/Home/Index/registerAction
INFO: [ app_begin ] --START--
INFO: Run Behavior\ReadHtmlCacheBehavior [ RunTime:0.001000s ]
INFO: [ app_begin ] --END-- [ RunTime:0.001000s ]
SQL: SHOW COLUMNS FROM `think_user` [ RunTime:0.0050s ]
SQL: SELECT * FROM `think_user` WHERE `tel` = '18695930940'  [ RunTime:0.0010s ]
INFO: [ app_end ] --START--
INFO: Run Behavior\ShowPageTraceBehavior [ RunTime:0.002000s ]
INFO: [ app_end ] --END-- [ RunTime:0.002000s ]

[ 2016-07-07T13:43:08+08:00 ] ::1 /thinkphp/index.php/Home/Index/registerAction?mobile=18695930940&mcode=8239
INFO: [ app_begin ] --START--
INFO: Run Behavior\ReadHtmlCacheBehavior [ RunTime:0.002000s ]
INFO: [ app_begin ] --END-- [ RunTime:0.003000s ]
SQL: SHOW COLUMNS FROM `think_user` [ RunTime:0.0050s ]
INFO: [ app_end ] --START--
INFO: Run Behavior\ShowPageTraceBehavior [ RunTime:0.001000s ]
INFO: [ app_end ] --END-- [ RunTime:0.001000s ]

[ 2016-07-07T13:43:19+08:00 ] ::1 /thinkphp/index.php/Home/Index/registerAction?code=8239&mobile1=18695930940&mcode1=8239&pwd=123456789
INFO: [ app_begin ] --START--
INFO: Run Behavior\ReadHtmlCacheBehavior [ RunTime:0.001000s ]
INFO: [ app_begin ] --END-- [ RunTime:0.001000s ]
SQL: SHOW COLUMNS FROM `think_user` [ RunTime:0.0050s ]
SQL: INSERT INTO `think_user` (`tel`,`password`,`addtime`) VALUES ('18695930940','25f9e794323b453885f5181f1b624d0b','2016-07-07 13:43:19') [ RunTime:0.0010s ]
INFO: [ app_end ] --START--
INFO: Run Behavior\ShowPageTraceBehavior [ RunTime:0.001001s ]
INFO: [ app_end ] --END-- [ RunTime:0.002001s ]

[ 2016-07-07T13:44:22+08:00 ] ::1 /thinkphp/index.php/Home/Home/readmsg
INFO: [ app_begin ] --START--
INFO: Run Behavior\ReadHtmlCacheBehavior [ RunTime:0.001000s ]
INFO: [ app_begin ] --END-- [ RunTime:0.001000s ]
SQL: SHOW COLUMNS FROM `think_message` [ RunTime:0.0050s ]
SQL: UPDATE `think_message` SET `status`='2' WHERE `recipientid` = 59 [ RunTime:0.0000s ]

[ 2016-07-07T13:44:23+08:00 ] ::1 /thinkphp/index.php/Home/Home/homepage.html
INFO: [ app_begin ] --START--
INFO: Run Behavior\ReadHtmlCacheBehavior [ RunTime:0.002000s ]
INFO: [ app_begin ] --END-- [ RunTime:0.002000s ]
SQL: SHOW COLUMNS FROM `think_user` [ RunTime:0.0060s ]
SQL: SELECT * FROM `think_user` WHERE ( id=59 ) LIMIT 1   [ RunTime:0.0010s ]
SQL: SHOW COLUMNS FROM `think_vip` [ RunTime:0.0040s ]
SQL: SELECT * FROM `think_vip` WHERE `uid` = 59 LIMIT 1   [ RunTime:0.0000s ]
SQL: SELECT `status`,`headphoto` FROM `think_user` WHERE ( id=59 ) LIMIT 1   [ RunTime:0.0000s ]
SQL: SELECT `friendid` FROM `think_user` WHERE ( id=59 ) LIMIT 1   [ RunTime:0.0010s ]
SQL: SELECT `id`,`headphoto`,`name` FROM `think_user` WHERE ( id=80 ) LIMIT 1   [ RunTime:0.0010s ]
SQL: SELECT `id`,`headphoto`,`name` FROM `think_user` WHERE ( id=79 ) LIMIT 1   [ RunTime:0.0010s ]
SQL: SHOW COLUMNS FROM `think_mood` [ RunTime:0.0050s ]
SQL: SELECT * FROM `think_mood` WHERE ( uid=80 )  [ RunTime:0.0010s ]
SQL: SELECT * FROM `think_mood` WHERE ( uid=79 )  [ RunTime:0.0010s ]
SQL: SELECT `visitid` FROM `think_user` WHERE ( id=59 ) LIMIT 1   [ RunTime:0.0000s ]
SQL: SELECT `name`,`headphoto` FROM `think_user` WHERE ( id=80 ) LIMIT 1   [ RunTime:0.0000s ]
SQL: SHOW COLUMNS FROM `think_message` [ RunTime:0.0050s ]
SQL: SELECT `status`,`senderid`,`content`,`sendername`,`addtime` FROM `think_message` WHERE ( recipientid=59 )  [ RunTime:0.0010s ]
NOTIC: [8] Undefined variable: msgstatus D:\WWW\thinkphp\Application\Home\Controller\HomeController.class.php 第 83 行.
SQL: SHOW COLUMNS FROM `think_newcategory` [ RunTime:0.0040s ]
SQL: SELECT * FROM `think_newcategory` WHERE ( pid=1 )  [ RunTime:0.0000s ]
SQL: SELECT * FROM `think_newcategory` WHERE ( pid=2 )  [ RunTime:0.0000s ]
SQL: SELECT * FROM `think_newcategory` WHERE ( pid=3 )  [ RunTime:0.0010s ]
SQL: SHOW COLUMNS FROM `think_news` [ RunTime:0.0040s ]
SQL: SELECT * FROM `think_news`  [ RunTime:0.0000s ]
SQL: SHOW COLUMNS FROM `think_album` [ RunTime:0.0030s ]
SQL: SELECT `id`,`name` FROM `think_album` WHERE ( uid=59 )  [ RunTime:0.0010s ]
SQL: SHOW COLUMNS FROM `think_advert` [ RunTime:0.0030s ]
SQL: SELECT * FROM `think_advert` WHERE ( id=1 ) LIMIT 1   [ RunTime:0.0000s ]
SQL: SHOW COLUMNS FROM `think_comment` [ RunTime:0.0020s ]
SQL: SELECT * FROM `think_comment` INNER JOIN think_user ON think_comment.comment_uid = think_user.id   [ RunTime:0.0000s ]
INFO: [ view_parse ] --START--
INFO: [ template_filter ] --START--
INFO: Run Behavior\ContentReplaceBehavior [ RunTime:0.000000s ]
INFO: [ template_filter ] --END-- [ RunTime:0.000000s ]
NOTIC: [8] Undefined variable: arr081 D:\WWW\thinkphp\Application\Runtime\Cache\Home\0e8c4936e5fb949dee994f6c001596ea.php 第 309 行.
NOTIC: [8] Undefined index: addtime D:\WWW\thinkphp\Application\Runtime\Cache\Home\0e8c4936e5fb949dee994f6c001596ea.php 第 338 行.
NOTIC: [8] Undefined variable: arr11 D:\WWW\thinkphp\Application\Runtime\Cache\Home\0e8c4936e5fb949dee994f6c001596ea.php 第 347 行.
INFO: Run Behavior\ParseTemplateBehavior [ RunTime:0.030002s ]
INFO: [ view_parse ] --END-- [ RunTime:0.030002s ]
INFO: [ view_filter ] --START--
INFO: Run Behavior\WriteHtmlCacheBehavior [ RunTime:0.000000s ]
INFO: [ view_filter ] --END-- [ RunTime:0.000000s ]
INFO: [ app_end ] --START--
INFO: Run Behavior\ShowPageTraceBehavior [ RunTime:0.001000s ]
INFO: [ app_end ] --END-- [ RunTime:0.001000s ]

[ 2016-07-07T13:50:33+08:00 ] ::1 /thinkphp/index.php/Home/Home/sessionfriend
INFO: [ app_begin ] --START--
INFO: Run Behavior\ReadHtmlCacheBehavior [ RunTime:0.000000s ]
INFO: [ app_begin ] --END-- [ RunTime:0.001000s ]
INFO: [ app_end ] --START--
INFO: Run Behavior\ShowPageTraceBehavior [ RunTime:0.001000s ]
INFO: [ app_end ] --END-- [ RunTime:0.001000s ]

[ 2016-07-07T13:53:19+08:00 ] 172.16.5.136 /thinkphp/index.php/Home/Home/sendmsg
INFO: [ app_begin ] --START--
INFO: Run Behavior\ReadHtmlCacheBehavior [ RunTime:0.001000s ]
INFO: [ app_begin ] --END-- [ RunTime:0.001000s ]
SQL: SHOW COLUMNS FROM `think_message` [ RunTime:0.0040s ]
SQL: INSERT INTO `think_message` (`sendername`,`recipientid`,`senderid`,`content`,`addtime`) VALUES ('胖子','59','80','你吃饭了吗？','2016-07-07 13:53:18') [ RunTime:0.0000s ]
INFO: [ app_end ] --START--
INFO: Run Behavior\ShowPageTraceBehavior [ RunTime:0.002000s ]
INFO: [ app_end ] --END-- [ RunTime:0.002000s ]

[ 2016-07-07T13:53:30+08:00 ] 172.16.5.136 /thinkphp/index.php/Home/Home/sendmsg
INFO: [ app_begin ] --START--
INFO: Run Behavior\ReadHtmlCacheBehavior [ RunTime:0.001000s ]
INFO: [ app_begin ] --END-- [ RunTime:0.001000s ]
SQL: SHOW COLUMNS FROM `think_message` [ RunTime:0.0040s ]
SQL: INSERT INTO `think_message` (`sendername`,`recipientid`,`senderid`,`content`,`addtime`) VALUES ('胖子','59','80','我请你去看电影吧','2016-07-07 13:53:29') [ RunTime:0.0010s ]
INFO: [ app_end ] --START--
INFO: Run Behavior\ShowPageTraceBehavior [ RunTime:0.001000s ]
INFO: [ app_end ] --END-- [ RunTime:0.001000s ]

[ 2016-07-07T13:53:49+08:00 ] 172.16.5.136 /thinkphp/index.php/Home/Home/sendmsg
INFO: [ app_begin ] --START--
INFO: Run Behavior\ReadHtmlCacheBehavior [ RunTime:0.001000s ]
INFO: [ app_begin ] --END-- [ RunTime:0.002000s ]
SQL: SHOW COLUMNS FROM `think_message` [ RunTime:0.0050s ]
SQL: INSERT INTO `think_message` (`sendername`,`recipientid`,`senderid`,`content`,`addtime`) VALUES ('胖子','59','80','要不咱们去上海外滩玩吧','2016-07-07 13:53:48') [ RunTime:0.0010s ]
INFO: [ app_end ] --START--
INFO: Run Behavior\ShowPageTraceBehavior [ RunTime:0.001000s ]
INFO: [ app_end ] --END-- [ RunTime:0.001000s ]

[ 2016-07-07T13:53:55+08:00 ] ::1 /thinkphp/index.php/Home/Home/readmsg
INFO: [ app_begin ] --START--
INFO: Run Behavior\ReadHtmlCacheBehavior [ RunTime:0.001000s ]
INFO: [ app_begin ] --END-- [ RunTime:0.002000s ]
SQL: SHOW COLUMNS FROM `think_message` [ RunTime:0.0050s ]
SQL: UPDATE `think_message` SET `status`='2' WHERE `recipientid` = 59 [ RunTime:0.0000s ]

[ 2016-07-07T13:53:56+08:00 ] ::1 /thinkphp/index.php/Home/Home/homepage.html
INFO: [ app_begin ] --START--
INFO: Run Behavior\ReadHtmlCacheBehavior [ RunTime:0.000000s ]
INFO: [ app_begin ] --END-- [ RunTime:0.001000s ]
SQL: SHOW COLUMNS FROM `think_user` [ RunTime:0.0050s ]
SQL: SELECT * FROM `think_user` WHERE ( id=59 ) LIMIT 1   [ RunTime:0.0000s ]
SQL: SHOW COLUMNS FROM `think_vip` [ RunTime:0.0040s ]
SQL: SELECT * FROM `think_vip` WHERE `uid` = 59 LIMIT 1   [ RunTime:0.0000s ]
SQL: SELECT `status`,`headphoto` FROM `think_user` WHERE ( id=59 ) LIMIT 1   [ RunTime:0.0000s ]
SQL: SELECT `friendid` FROM `think_user` WHERE ( id=59 ) LIMIT 1   [ RunTime:0.0010s ]
SQL: SELECT `id`,`headphoto`,`name` FROM `think_user` WHERE ( id=80 ) LIMIT 1   [ RunTime:0.0000s ]
SQL: SELECT `id`,`headphoto`,`name` FROM `think_user` WHERE ( id=79 ) LIMIT 1   [ RunTime:0.0000s ]
SQL: SHOW COLUMNS FROM `think_mood` [ RunTime:0.0060s ]
SQL: SELECT * FROM `think_mood` WHERE ( uid=80 )  [ RunTime:0.0010s ]
SQL: SELECT * FROM `think_mood` WHERE ( uid=79 )  [ RunTime:0.0000s ]
SQL: SELECT `visitid` FROM `think_user` WHERE ( id=59 ) LIMIT 1   [ RunTime:0.0000s ]
SQL: SELECT `name`,`headphoto` FROM `think_user` WHERE ( id=80 ) LIMIT 1   [ RunTime:0.0000s ]
SQL: SHOW COLUMNS FROM `think_message` [ RunTime:0.0050s ]
SQL: SELECT `status`,`senderid`,`content`,`sendername`,`addtime` FROM `think_message` WHERE ( recipientid=59 ) ORDER BY addtime  [ RunTime:0.0010s ]
NOTIC: [8] Undefined variable: msgstatus D:\WWW\thinkphp\Application\Home\Controller\HomeController.class.php 第 83 行.
SQL: SHOW COLUMNS FROM `think_newcategory` [ RunTime:0.0050s ]
SQL: SELECT * FROM `think_newcategory` WHERE ( pid=1 )  [ RunTime:0.0010s ]
SQL: SELECT * FROM `think_newcategory` WHERE ( pid=2 )  [ RunTime:0.0000s ]
SQL: SELECT * FROM `think_newcategory` WHERE ( pid=3 )  [ RunTime:0.0000s ]
SQL: SHOW COLUMNS FROM `think_news` [ RunTime:0.0030s ]
SQL: SELECT * FROM `think_news`  [ RunTime:0.0000s ]
SQL: SHOW COLUMNS FROM `think_album` [ RunTime:0.0020s ]
SQL: SELECT `id`,`name` FROM `think_album` WHERE ( uid=59 )  [ RunTime:0.0000s ]
SQL: SHOW COLUMNS FROM `think_advert` [ RunTime:0.0030s ]
SQL: SELECT * FROM `think_advert` WHERE ( id=1 ) LIMIT 1   [ RunTime:0.0000s ]
SQL: SHOW COLUMNS FROM `think_comment` [ RunTime:0.0020s ]
SQL: SELECT * FROM `think_comment` INNER JOIN think_user ON think_comment.comment_uid = think_user.id   [ RunTime:0.0010s ]
INFO: [ view_parse ] --START--
INFO: [ template_filter ] --START--
INFO: Run Behavior\ContentReplaceBehavior [ RunTime:0.001000s ]
INFO: [ template_filter ] --END-- [ RunTime:0.001000s ]
NOTIC: [8] Undefined variable: arr081 D:\WWW\thinkphp\Application\Runtime\Cache\Home\0e8c4936e5fb949dee994f6c001596ea.php 第 309 行.
NOTIC: [8] Undefined index: addtime D:\WWW\thinkphp\Application\Runtime\Cache\Home\0e8c4936e5fb949dee994f6c001596ea.php 第 338 行.
NOTIC: [8] Undefined variable: arr11 D:\WWW\thinkphp\Application\Runtime\Cache\Home\0e8c4936e5fb949dee994f6c001596ea.php 第 347 行.
INFO: Run Behavior\ParseTemplateBehavior [ RunTime:0.029001s ]
INFO: [ view_parse ] --END-- [ RunTime:0.029001s ]
INFO: [ view_filter ] --START--
INFO: Run Behavior\WriteHtmlCacheBehavior [ RunTime:0.000000s ]
INFO: [ view_filter ] --END-- [ RunTime:0.000000s ]
INFO: [ app_end ] --START--
INFO: Run Behavior\ShowPageTraceBehavior [ RunTime:0.001000s ]
INFO: [ app_end ] --END-- [ RunTime:0.001000s ]

[ 2016-07-07T13:54:46+08:00 ] ::1 /thinkphp/index.php/Home/Home/readmsg
INFO: [ app_begin ] --START--
INFO: Run Behavior\ReadHtmlCacheBehavior [ RunTime:0.000000s ]
INFO: [ app_begin ] --END-- [ RunTime:0.001000s ]
INFO: [ app_end ] --START--
INFO: Run Behavior\ShowPageTraceBehavior [ RunTime:0.001000s ]
INFO: [ app_end ] --END-- [ RunTime:0.001000s ]

[ 2016-07-07T13:56:31+08:00 ] ::1 /thinkphp/index.php/Home/Home/readmsg
INFO: [ app_begin ] --START--
INFO: Run Behavior\ReadHtmlCacheBehavior [ RunTime:0.002000s ]
INFO: [ app_begin ] --END-- [ RunTime:0.003000s ]
INFO: [ app_end ] --START--
INFO: Run Behavior\ShowPageTraceBehavior [ RunTime:0.001000s ]
INFO: [ app_end ] --END-- [ RunTime:0.001000s ]

[ 2016-07-07T13:56:59+08:00 ] ::1 /thinkphp/index.php/Home/Home/sessionfriend
INFO: [ app_begin ] --START--
INFO: Run Behavior\ReadHtmlCacheBehavior [ RunTime:0.001000s ]
INFO: [ app_begin ] --END-- [ RunTime:0.001000s ]
INFO: [ app_end ] --START--
INFO: Run Behavior\ShowPageTraceBehavior [ RunTime:0.001000s ]
INFO: [ app_end ] --END-- [ RunTime:0.001000s ]

[ 2016-07-07T13:56:59+08:00 ] ::1 /thinkphp/index.php/Home/Home/sessionfriend
INFO: [ app_begin ] --START--
INFO: Run Behavior\ReadHtmlCacheBehavior [ RunTime:0.001000s ]
INFO: [ app_begin ] --END-- [ RunTime:0.001000s ]
INFO: [ app_end ] --START--
INFO: Run Behavior\ShowPageTraceBehavior [ RunTime:0.001000s ]
INFO: [ app_end ] --END-- [ RunTime:0.001000s ]

[ 2016-07-07T13:57:07+08:00 ] ::1 /thinkphp/index.php/Home/Home/sessionfriend
INFO: [ app_begin ] --START--
INFO: Run Behavior\ReadHtmlCacheBehavior [ RunTime:0.000000s ]
INFO: [ app_begin ] --END-- [ RunTime:0.001000s ]
INFO: [ app_end ] --START--
INFO: Run Behavior\ShowPageTraceBehavior [ RunTime:0.001000s ]
INFO: [ app_end ] --END-- [ RunTime:0.001000s ]

[ 2016-07-07T13:57:15+08:00 ] ::1 /thinkphp/index.php/Home/Home/sessionfriend
INFO: [ app_begin ] --START--
INFO: Run Behavior\ReadHtmlCacheBehavior [ RunTime:0.001000s ]
INFO: [ app_begin ] --END-- [ RunTime:0.001000s ]
INFO: [ app_end ] --START--
INFO: Run Behavior\ShowPageTraceBehavior [ RunTime:0.000000s ]
INFO: [ app_end ] --END-- [ RunTime:0.000000s ]

[ 2016-07-07T13:57:15+08:00 ] ::1 /thinkphp/index.php/Home/Home/sessionfriend
INFO: [ app_begin ] --START--
INFO: Run Behavior\ReadHtmlCacheBehavior [ RunTime:0.001000s ]
INFO: [ app_begin ] --END-- [ RunTime:0.002000s ]
INFO: [ app_end ] --START--
INFO: Run Behavior\ShowPageTraceBehavior [ RunTime:0.001000s ]
INFO: [ app_end ] --END-- [ RunTime:0.001000s ]

[ 2016-07-07T13:57:19+08:00 ] ::1 /thinkphp/index.php/Home/Home/sessionfriend
INFO: [ app_begin ] --START--
INFO: Run Behavior\ReadHtmlCacheBehavior [ RunTime:0.001001s ]
INFO: [ app_begin ] --END-- [ RunTime:0.001001s ]
INFO: [ app_end ] --START--
INFO: Run Behavior\ShowPageTraceBehavior [ RunTime:0.001000s ]
INFO: [ app_end ] --END-- [ RunTime:0.001000s ]

[ 2016-07-07T13:57:23+08:00 ] ::1 /thinkphp/index.php/Home/Home/sessionfriend
INFO: [ app_begin ] --START--
INFO: Run Behavior\ReadHtmlCacheBehavior [ RunTime:0.000000s ]
INFO: [ app_begin ] --END-- [ RunTime:0.001000s ]
INFO: [ app_end ] --START--
INFO: Run Behavior\ShowPageTraceBehavior [ RunTime:0.001000s ]
INFO: [ app_end ] --END-- [ RunTime:0.001000s ]

[ 2016-07-07T13:57:44+08:00 ] ::1 /thinkphp/index.php/Home/Home/sessionfriend
INFO: [ app_begin ] --START--
INFO: Run Behavior\ReadHtmlCacheBehavior [ RunTime:0.001000s ]
INFO: [ app_begin ] --END-- [ RunTime:0.002000s ]
INFO: [ app_end ] --START--
INFO: Run Behavior\ShowPageTraceBehavior [ RunTime:0.000000s ]
INFO: [ app_end ] --END-- [ RunTime:0.000000s ]

[ 2016-07-07T13:57:49+08:00 ] ::1 /thinkphp/index.php/Home/Home/sessionfriend
INFO: [ app_begin ] --START--
INFO: Run Behavior\ReadHtmlCacheBehavior [ RunTime:0.001000s ]
INFO: [ app_begin ] --END-- [ RunTime:0.001000s ]
INFO: [ app_end ] --START--
INFO: Run Behavior\ShowPageTraceBehavior [ RunTime:0.001000s ]
INFO: [ app_end ] --END-- [ RunTime:0.001000s ]

[ 2016-07-07T14:02:18+08:00 ] 172.16.5.136 /thinkphp/index.php/Home/Home/sendsession
INFO: [ app_begin ] --START--
INFO: Run Behavior\ReadHtmlCacheBehavior [ RunTime:0.001001s ]
INFO: [ app_begin ] --END-- [ RunTime:0.001001s ]
INFO: [ app_end ] --START--
INFO: Run Behavior\ShowPageTraceBehavior [ RunTime:0.000000s ]
INFO: [ app_end ] --END-- [ RunTime:0.000000s ]

[ 2016-07-07T14:02:29+08:00 ] 172.16.5.136 /thinkphp/index.php/Home/Home/sendsession
INFO: [ app_begin ] --START--
INFO: Run Behavior\ReadHtmlCacheBehavior [ RunTime:0.001000s ]
INFO: [ app_begin ] --END-- [ RunTime:0.001000s ]
INFO: [ app_end ] --START--
INFO: Run Behavior\ShowPageTraceBehavior [ RunTime:0.001000s ]
INFO: [ app_end ] --END-- [ RunTime:0.001000s ]

[ 2016-07-07T14:59:20+08:00 ] 172.16.5.131 /thinkphp/index.php/Home/Home/readmsg
INFO: [ app_begin ] --START--
INFO: Run Behavior\ReadHtmlCacheBehavior [ RunTime:0.001000s ]
INFO: [ app_begin ] --END-- [ RunTime:0.001000s ]
SQL: SHOW COLUMNS FROM `think_message` [ RunTime:0.0040s ]
SQL: UPDATE `think_message` SET `status`='2' WHERE `recipientid` = 79 [ RunTime:0.0000s ]

[ 2016-07-07T14:59:21+08:00 ] 172.16.5.131 /thinkphp/index.php/Home/Home/homepage.html
INFO: [ app_begin ] --START--
INFO: Run Behavior\ReadHtmlCacheBehavior [ RunTime:0.001000s ]
INFO: [ app_begin ] --END-- [ RunTime:0.001000s ]
SQL: SHOW COLUMNS FROM `think_user` [ RunTime:0.0050s ]
SQL: SELECT * FROM `think_user` WHERE ( id=79 ) LIMIT 1   [ RunTime:0.0000s ]
SQL: SHOW COLUMNS FROM `think_vip` [ RunTime:0.0050s ]
SQL: SELECT * FROM `think_vip` WHERE `uid` = 79 LIMIT 1   [ RunTime:0.0010s ]
SQL: SELECT `status`,`headphoto` FROM `think_user` WHERE ( id=79 ) LIMIT 1   [ RunTime:0.0010s ]
SQL: SELECT `friendid` FROM `think_user` WHERE ( id=79 ) LIMIT 1   [ RunTime:0.0000s ]
SQL: SELECT `id`,`headphoto`,`name` FROM `think_user` WHERE ( id=59 ) LIMIT 1   [ RunTime:0.0000s ]
SQL: SELECT `id`,`headphoto`,`name` FROM `think_user` WHERE ( id=80 ) LIMIT 1   [ RunTime:0.0000s ]
SQL: SHOW COLUMNS FROM `think_mood` [ RunTime:0.0040s ]
SQL: SELECT * FROM `think_mood` WHERE ( uid=59 )  [ RunTime:0.0000s ]
SQL: SELECT * FROM `think_mood` WHERE ( uid=80 )  [ RunTime:0.0000s ]
SQL: SELECT `visitid` FROM `think_user` WHERE ( id=79 ) LIMIT 1   [ RunTime:0.0000s ]
SQL: SELECT `name`,`headphoto` FROM `think_user` WHERE ( id=80 ) LIMIT 1   [ RunTime:0.0010s ]
SQL: SHOW COLUMNS FROM `think_message` [ RunTime:0.0060s ]
SQL: SELECT `status`,`senderid`,`content`,`sendername`,`addtime` FROM `think_message` WHERE ( recipientid=79 ) ORDER BY addtime DESC  [ RunTime:0.0010s ]
NOTIC: [8] Undefined variable: msgstatus D:\WWW\thinkphp\Application\Home\Controller\HomeController.class.php 第 83 行.
SQL: SHOW COLUMNS FROM `think_newcategory` [ RunTime:0.0050s ]
SQL: SELECT * FROM `think_newcategory` WHERE ( pid=1 )  [ RunTime:0.0010s ]
SQL: SELECT * FROM `think_newcategory` WHERE ( pid=2 )  [ RunTime:0.0000s ]
SQL: SELECT * FROM `think_newcategory` WHERE ( pid=3 )  [ RunTime:0.0000s ]
SQL: SHOW COLUMNS FROM `think_news` [ RunTime:0.0030s ]
SQL: SELECT * FROM `think_news`  [ RunTime:0.0000s ]
SQL: SHOW COLUMNS FROM `think_album` [ RunTime:0.0030s ]
SQL: SELECT `id`,`name` FROM `think_album` WHERE ( uid=79 )  [ RunTime:0.0000s ]
SQL: SHOW COLUMNS FROM `think_advert` [ RunTime:0.0040s ]
SQL: SELECT * FROM `think_advert` WHERE ( id=1 ) LIMIT 1   [ RunTime:0.0010s ]
SQL: SHOW COLUMNS FROM `think_comment` [ RunTime:0.0020s ]
SQL: SELECT * FROM `think_comment` INNER JOIN think_user ON think_comment.comment_uid = think_user.id   [ RunTime:0.0010s ]
INFO: [ view_parse ] --START--
INFO: [ template_filter ] --START--
INFO: Run Behavior\ContentReplaceBehavior [ RunTime:0.000000s ]
INFO: [ template_filter ] --END-- [ RunTime:0.000000s ]
NOTIC: [8] Undefined variable: arr081 D:\WWW\thinkphp\Application\Runtime\Cache\Home\0e8c4936e5fb949dee994f6c001596ea.php 第 309 行.
NOTIC: [8] Undefined index: addtime D:\WWW\thinkphp\Application\Runtime\Cache\Home\0e8c4936e5fb949dee994f6c001596ea.php 第 338 行.
NOTIC: [8] Undefined index: addtime D:\WWW\thinkphp\Application\Runtime\Cache\Home\0e8c4936e5fb949dee994f6c001596ea.php 第 338 行.
NOTIC: [8] Undefined variable: arr11 D:\WWW\thinkphp\Application\Runtime\Cache\Home\0e8c4936e5fb949dee994f6c001596ea.php 第 347 行.
INFO: Run Behavior\ParseTemplateBehavior [ RunTime:0.026001s ]
INFO: [ view_parse ] --END-- [ RunTime:0.026001s ]
INFO: [ view_filter ] --START--
INFO: Run Behavior\WriteHtmlCacheBehavior [ RunTime:0.000000s ]
INFO: [ view_filter ] --END-- [ RunTime:0.001000s ]
INFO: [ app_end ] --START--
INFO: Run Behavior\ShowPageTraceBehavior [ RunTime:0.000000s ]
INFO: [ app_end ] --END-- [ RunTime:0.000000s ]

[ 2016-07-07T15:53:19+08:00 ] 172.16.5.136 /thinkphp/index.php/Home/Home/sendsession
INFO: [ app_begin ] --START--
INFO: Run Behavior\ReadHtmlCacheBehavior [ RunTime:0.002000s ]
INFO: [ app_begin ] --END-- [ RunTime:0.003000s ]
INFO: [ app_end ] --START--
INFO: Run Behavior\ShowPageTraceBehavior [ RunTime:0.001000s ]
INFO: [ app_end ] --END-- [ RunTime:0.001000s ]

[ 2016-07-07T15:53:25+08:00 ] 172.16.5.136 /thinkphp/index.php/Home/Home/sendsession
INFO: [ app_begin ] --START--
INFO: Run Behavior\ReadHtmlCacheBehavior [ RunTime:0.001000s ]
INFO: [ app_begin ] --END-- [ RunTime:0.002000s ]
INFO: [ app_end ] --START--
INFO: Run Behavior\ShowPageTraceBehavior [ RunTime:0.001000s ]
INFO: [ app_end ] --END-- [ RunTime:0.001000s ]

[ 2016-07-07T15:53:31+08:00 ] 172.16.5.136 /thinkphp/index.php/Home/Home/sendsession
INFO: [ app_begin ] --START--
INFO: Run Behavior\ReadHtmlCacheBehavior [ RunTime:0.001000s ]
INFO: [ app_begin ] --END-- [ RunTime:0.001000s ]
INFO: [ app_end ] --START--
INFO: Run Behavior\ShowPageTraceBehavior [ RunTime:0.001000s ]
INFO: [ app_end ] --END-- [ RunTime:0.001000s ]

[ 2016-07-07T15:53:42+08:00 ] 172.16.5.136 /thinkphp/index.php/Home/Home/sendsession
INFO: [ app_begin ] --START--
INFO: Run Behavior\ReadHtmlCacheBehavior [ RunTime:0.002000s ]
INFO: [ app_begin ] --END-- [ RunTime:0.002000s ]
INFO: [ app_end ] --START--
INFO: Run Behavior\ShowPageTraceBehavior [ RunTime:0.001000s ]
INFO: [ app_end ] --END-- [ RunTime:0.001000s ]

[ 2016-07-07T15:53:57+08:00 ] 172.16.5.136 /thinkphp/index.php/Home/Home/sendsession
INFO: [ app_begin ] --START--
INFO: Run Behavior\ReadHtmlCacheBehavior [ RunTime:0.001000s ]
INFO: [ app_begin ] --END-- [ RunTime:0.002000s ]
INFO: [ app_end ] --START--
INFO: Run Behavior\ShowPageTraceBehavior [ RunTime:0.001000s ]
INFO: [ app_end ] --END-- [ RunTime:0.001000s ]

[ 2016-07-07T15:54:45+08:00 ] 172.16.5.136 /thinkphp/index.php/Home/Home/addfriend
INFO: [ app_begin ] --START--
INFO: Run Behavior\ReadHtmlCacheBehavior [ RunTime:0.001000s ]
INFO: [ app_begin ] --END-- [ RunTime:0.002000s ]
SQL: SHOW COLUMNS FROM `think_user` [ RunTime:0.0050s ]
SQL: SELECT `friendid` FROM `think_user` WHERE `id` = 1 LIMIT 1   [ RunTime:0.0010s ]
SQL: UPDATE `think_user` SET `friendid`='80@' WHERE `id` = 1 [ RunTime:0.0010s ]
INFO: [ app_end ] --START--
INFO: Run Behavior\ShowPageTraceBehavior [ RunTime:0.001000s ]
INFO: [ app_end ] --END-- [ RunTime:0.001000s ]

