[ 2016-06-21T01:22:49+08:00 ] ::1 /thinkphp/index.php/Home/Index/registerAction
INFO: [ app_begin ] --START--
INFO: Run Behavior\ReadHtmlCacheBehavior [ RunTime:0.002000s ]
INFO: [ app_begin ] --END-- [ RunTime:0.096006s ]
SQL: SHOW COLUMNS FROM `think_user` [ RunTime:2.2501s ]
SQL: SELECT * FROM `think_user` WHERE `tel` = '18695930940'  [ RunTime:0.0810s ]
INFO: [ app_end ] --START--
INFO: Run Behavior\ShowPageTraceBehavior [ RunTime:0.002000s ]
INFO: [ app_end ] --END-- [ RunTime:0.002000s ]

[ 2016-06-21T01:25:21+08:00 ] ::1 /thinkphp/index.php/Home/Index/registerAction
INFO: [ app_begin ] --START--
INFO: Run Behavior\ReadHtmlCacheBehavior [ RunTime:0.001000s ]
INFO: [ app_begin ] --END-- [ RunTime:0.002000s ]
SQL: SHOW COLUMNS FROM `think_user` [ RunTime:0.0480s ]
SQL: SELECT * FROM `think_user` WHERE `tel` = '18695930940'  [ RunTime:0.0000s ]
INFO: [ app_end ] --START--
INFO: Run Behavior\ShowPageTraceBehavior [ RunTime:0.001000s ]
INFO: [ app_end ] --END-- [ RunTime:0.002000s ]

[ 2016-06-21T01:25:22+08:00 ] ::1 /thinkphp/index.php/Home/Index/registerAction
INFO: [ app_begin ] --START--
INFO: Run Behavior\ReadHtmlCacheBehavior [ RunTime:0.001000s ]
INFO: [ app_begin ] --END-- [ RunTime:0.001000s ]
SQL: SHOW COLUMNS FROM `think_user` [ RunTime:0.0080s ]
SQL: SELECT * FROM `think_user` WHERE `tel` = '18695930940'  [ RunTime:0.0010s ]
INFO: [ app_end ] --START--
INFO: Run Behavior\ShowPageTraceBehavior [ RunTime:0.002000s ]
INFO: [ app_end ] --END-- [ RunTime:0.002000s ]

[ 2016-06-21T18:07:34+08:00 ] ::1 /thinkphp/index.php/Home/Home/upload
ERR: 不存在的图像文件

[ 2016-06-21T18:12:30+08:00 ] ::1 /thinkphp/index.php/Home/Home/upload
ERR: 不存在的图像文件

[ 2016-06-21T18:13:53+08:00 ] ::1 /thinkphp/index.php/Home/Home/upload
ERR: 不存在的图像文件

[ 2016-06-21T18:15:37+08:00 ] ::1 /thinkphp/index.php/Home/Home/upload
ERR: 不存在的图像文件

[ 2016-06-21T22:35:01+08:00 ] ::1 /thinkphp/index.php/Home/Home/setup
ERR: 1064:You have an error in your SQL syntax; check the manual that corresponds to your MySQL server version for the right syntax to use near 'WHERE `id` = 35' at line 1
 [ SQL语句 ] : UPDATE `think_album` SET  WHERE `id` = 35

