[ 2016-07-06T09:57:37+08:00 ] 172.16.5.100 /thinkphp/index.php/Admin/User/inpectUser
INFO: [ app_begin ] --START--
INFO: Run Behavior\ReadHtmlCacheBehavior [ RunTime:0.001000s ]
INFO: [ app_begin ] --END-- [ RunTime:0.002000s ]
SQL: SHOW COLUMNS FROM `think_buser` [ RunTime:0.0050s ]
SQL: SELECT * FROM `think_buser` INNER JOIN think_role ON think_role.roleid=think_buser.roleid and think_buser.id=6  LIMIT 1   [ RunTime:0.0010s ]
SQL: SELECT * FROM `think_buser` WHERE `username` = 'aaa54411'  [ RunTime:0.0010s ]
INFO: [ app_end ] --START--
INFO: Run Behavior\ShowPageTraceBehavior [ RunTime:0.001000s ]
INFO: [ app_end ] --END-- [ RunTime:0.001000s ]

[ 2016-07-06T09:57:43+08:00 ] 172.16.5.100 /thinkphp/index.php/Admin/User/inpectUser
INFO: [ app_begin ] --START--
INFO: Run Behavior\ReadHtmlCacheBehavior [ RunTime:0.001000s ]
INFO: [ app_begin ] --END-- [ RunTime:0.002000s ]
SQL: SHOW COLUMNS FROM `think_buser` [ RunTime:0.0050s ]
SQL: SELECT * FROM `think_buser` INNER JOIN think_role ON think_role.roleid=think_buser.roleid and think_buser.id=6  LIMIT 1   [ RunTime:0.0010s ]
SQL: SELECT * FROM `think_buser` WHERE `username` = 'aaa54411'  [ RunTime:0.0010s ]
INFO: [ app_end ] --START--
INFO: Run Behavior\ShowPageTraceBehavior [ RunTime:0.001000s ]
INFO: [ app_end ] --END-- [ RunTime:0.001000s ]

[ 2016-07-06T09:57:46+08:00 ] 172.16.5.100 /thinkphp/index.php/Admin/User/inpectUser
INFO: [ app_begin ] --START--
INFO: Run Behavior\ReadHtmlCacheBehavior [ RunTime:0.001000s ]
INFO: [ app_begin ] --END-- [ RunTime:0.001000s ]
SQL: SHOW COLUMNS FROM `think_buser` [ RunTime:0.0040s ]
SQL: SELECT * FROM `think_buser` INNER JOIN think_role ON think_role.roleid=think_buser.roleid and think_buser.id=6  LIMIT 1   [ RunTime:0.0010s ]
SQL: SELECT * FROM `think_buser` WHERE `username` = 'aaa54411'  [ RunTime:0.0000s ]
INFO: [ app_end ] --START--
INFO: Run Behavior\ShowPageTraceBehavior [ RunTime:0.001000s ]
INFO: [ app_end ] --END-- [ RunTime:0.001000s ]

